[0.234s] Invoking command in '/mnt/hdd/autonomy/ws/Carla-autoware_interface/deps_ws/build/autoware_utils_pcl': AMENT_PREFIX_PATH=/mnt/hdd/autonomy/ws/Carla-autoware_interface/deps_ws/install/autoware_utils_tf:/mnt/hdd/autonomy/ws/Carla-autoware_interface/deps_ws/install/autoware_utils_geometry:/mnt/hdd/autonomy/ws/Carla-autoware_interface/deps_ws/install/autoware_utils_system:/mnt/hdd/autonomy/ws/Carla-autoware_interface/deps_ws/install/autoware_utils_math:/mnt/hdd/autonomy/ws/Carla-autoware_interface/deps_ws/install/autoware_internal_planning_msgs:/mnt/hdd/autonomy/ws/Carla-autoware_interface/deps_ws/install/autoware_planning_msgs:/mnt/hdd/autonomy/ws/Carla-autoware_interface/deps_ws/install/autoware_cmake:/mnt/hdd/autonomy/ws/Carla-autoware_interface/deps_ws/install/autoware_perception_msgs:/mnt/hdd/autonomy/ws/Carla-autoware_interface/deps_ws/install/autoware_lint_common:/mnt/hdd/autonomy/ws/Carla-autoware_interface/deps_ws/install/autoware_common_msgs:${AMENT_PREFIX_PATH} CMAKE_PREFIX_PATH=/mnt/hdd/autonomy/ws/Carla-autoware_interface/deps_ws/install/autoware_utils_tf:/mnt/hdd/autonomy/ws/Carla-autoware_interface/deps_ws/install/autoware_utils_geometry:/mnt/hdd/autonomy/ws/Carla-autoware_interface/deps_ws/install/autoware_utils_system:/mnt/hdd/autonomy/ws/Carla-autoware_interface/deps_ws/install/autoware_utils_math:/mnt/hdd/autonomy/ws/Carla-autoware_interface/deps_ws/install/autoware_internal_planning_msgs:/mnt/hdd/autonomy/ws/Carla-autoware_interface/deps_ws/install/autoware_planning_msgs:/mnt/hdd/autonomy/ws/Carla-autoware_interface/deps_ws/install/autoware_cmake:/mnt/hdd/autonomy/ws/Carla-autoware_interface/deps_ws/install/autoware_perception_msgs:/mnt/hdd/autonomy/ws/Carla-autoware_interface/deps_ws/install/autoware_lint_common:/mnt/hdd/autonomy/ws/Carla-autoware_interface/deps_ws/install/autoware_common_msgs:/mnt/hdd/autonomy/ws/Carla-autoware_interface/msg_ws/install/autoware_auto_msgs:/mnt/hdd/autonomy/ws/Carla-autoware_interface/msg_ws/install/autoware_auto_vehicle_msgs:/mnt/hdd/autonomy/ws/Carla-autoware_interface/msg_ws/install/autoware_auto_system_msgs:/mnt/hdd/autonomy/ws/Carla-autoware_interface/msg_ws/install/autoware_auto_planning_msgs:/mnt/hdd/autonomy/ws/Carla-autoware_interface/msg_ws/install/autoware_auto_perception_msgs:/mnt/hdd/autonomy/ws/Carla-autoware_interface/msg_ws/install/autoware_auto_mapping_msgs:/mnt/hdd/autonomy/ws/Carla-autoware_interface/msg_ws/install/autoware_auto_geometry_msgs:/mnt/hdd/autonomy/ws/Carla-autoware_interface/msg_ws/install/autoware_auto_control_msgs:/opt/ros/humble LD_LIBRARY_PATH=/mnt/hdd/autonomy/ws/Carla-autoware_interface/deps_ws/install/autoware_utils_geometry/lib:/mnt/hdd/autonomy/ws/Carla-autoware_interface/deps_ws/install/autoware_utils_system/lib:/mnt/hdd/autonomy/ws/Carla-autoware_interface/deps_ws/install/autoware_utils_math/lib:/mnt/hdd/autonomy/ws/Carla-autoware_interface/deps_ws/install/autoware_internal_planning_msgs/lib:/mnt/hdd/autonomy/ws/Carla-autoware_interface/deps_ws/install/autoware_planning_msgs/lib:/mnt/hdd/autonomy/ws/Carla-autoware_interface/deps_ws/install/autoware_perception_msgs/lib:/mnt/hdd/autonomy/ws/Carla-autoware_interface/deps_ws/install/autoware_common_msgs/lib:${LD_LIBRARY_PATH} PYTHONPATH=/mnt/hdd/autonomy/ws/Carla-autoware_interface/deps_ws/install/autoware_internal_planning_msgs/local/lib/python3.10/dist-packages:/mnt/hdd/autonomy/ws/Carla-autoware_interface/deps_ws/install/autoware_planning_msgs/local/lib/python3.10/dist-packages:/mnt/hdd/autonomy/ws/Carla-autoware_interface/deps_ws/install/autoware_perception_msgs/local/lib/python3.10/dist-packages:/mnt/hdd/autonomy/ws/Carla-autoware_interface/deps_ws/install/autoware_common_msgs/local/lib/python3.10/dist-packages:${PYTHONPATH} /usr/bin/cmake /mnt/hdd/autonomy/ws/Carla-autoware_interface/deps_ws/src/autoware_utils/autoware_utils_pcl -DAMENT_CMAKE_SYMLINK_INSTALL=1 -DCMAKE_INSTALL_PREFIX=/mnt/hdd/autonomy/ws/Carla-autoware_interface/deps_ws/install/autoware_utils_pcl
[0.509s] -- The C compiler identification is GNU 11.4.0
[0.699s] -- The CXX compiler identification is GNU 11.4.0
[0.731s] -- Detecting C compiler ABI info
[1.169s] -- Detecting C compiler ABI info - done
[1.180s] -- Check for working C compiler: /usr/lib/ccache/gcc - skipped
[1.180s] -- Detecting C compile features
[1.181s] -- Detecting C compile features - done
[1.185s] -- Detecting CXX compiler ABI info
[1.601s] -- Detecting CXX compiler ABI info - done
[1.620s] -- Check for working CXX compiler: /usr/lib/ccache/g++ - skipped
[1.628s] -- Detecting CXX compile features
[1.628s] -- Detecting CXX compile features - done
[1.628s] -- Found autoware_cmake: 1.1.0 (/mnt/hdd/autonomy/ws/Carla-autoware_interface/deps_ws/install/autoware_cmake/share/autoware_cmake/cmake)
[2.107s] -- Found Python3: /usr/bin/python3 (found version "3.10.12") found components: Interpreter 
[2.279s] -- Override CMake install command with custom implementation using symlinks instead of copying resources
[2.406s] -- Found TinyXML2: /usr/lib/x86_64-linux-gnu/libtinyxml2.so  
[2.669s] -- Found rosidl_generator_c: 3.1.8 (/opt/ros/humble/share/rosidl_generator_c/cmake)
[2.682s] -- Found rosidl_adapter: 3.1.8 (/opt/ros/humble/share/rosidl_adapter/cmake)
[2.697s] -- Found rosidl_generator_cpp: 3.1.8 (/opt/ros/humble/share/rosidl_generator_cpp/cmake)
[2.717s] -- Using all available rosidl_typesupport_c: rosidl_typesupport_fastrtps_c;rosidl_typesupport_introspection_c
[2.768s] -- Using all available rosidl_typesupport_cpp: rosidl_typesupport_fastrtps_cpp;rosidl_typesupport_introspection_cpp
[3.161s] -- Found rmw_implementation_cmake: 6.1.2 (/opt/ros/humble/share/rmw_implementation_cmake/cmake)
[3.165s] -- Found rmw_cyclonedds_cpp: 1.3.4 (/opt/ros/humble/share/rmw_cyclonedds_cpp/cmake)
[3.196s] -- Using RMW implementation 'rmw_cyclonedds_cpp' as default
[3.210s] -- Looking for pthread.h
[3.623s] -- Looking for pthread.h - found
[3.623s] -- Performing Test CMAKE_HAVE_LIBC_PTHREAD
[4.085s] -- Performing Test CMAKE_HAVE_LIBC_PTHREAD - Success
[4.087s] -- Found Threads: TRUE  
[4.257s] -- Found eigen3_cmake_module: 0.1.1 (/opt/ros/humble/share/eigen3_cmake_module/cmake)
[4.262s] -- Found Eigen3: TRUE (found version "3.4.0") 
[4.263s] -- Ensuring Eigen3 include directory is part of orocos-kdl CMake target
[4.423s] -- Checking for module 'eigen3'
[4.485s] --   Found eigen3, version 3.4.0
[4.772s] -- Found Eigen: /usr/include/eigen3 (Required is at least version "3.1") 
[4.772s] -- Eigen found (include: /usr/include/eigen3, version: 3.4.0)
[4.851s] -- Checking for module 'flann'
[4.942s] --   Found flann, version 1.9.1
[5.245s] -- Found FLANN: /usr/lib/x86_64-linux-gnu/libflann_cpp.so  
[5.245s] -- FLANN found (include: /usr/include, lib: /usr/lib/x86_64-linux-gnu/libflann_cpp.so)
[9.807s] -- Checking for module 'libusb-1.0'
[9.889s] --   Found libusb-1.0, version 1.0.25
[10.123s] -- Found libusb: /usr/lib/x86_64-linux-gnu/libusb-1.0.so  
[10.124s] -- OpenNI found (version: 1.5.4.0, include: /usr/include/ni, lib: /usr/lib/libOpenNI.so;libusb::libusb)
[10.537s] -- OpenNI2 found (version: 2.2.0.33, include: /usr/include/openni2, lib: /usr/lib/x86_64-linux-gnu/libOpenNI2.so;libusb::libusb)
[11.094s] -- Eigen found (include: /usr/include/eigen3, version: 3.4.0)
[11.122s] -- OpenNI found (version: 1.5.4.0, include: /usr/include/ni, lib: /usr/lib/libOpenNI.so;libusb::libusb)
[11.150s] -- OpenNI2 found (version: 2.2.0.33, include: /usr/include/openni2, lib: /usr/lib/x86_64-linux-gnu/libOpenNI2.so;libusb::libusb)
[11.651s] -- Found Qhull version 8.0.2
[12.223s] -- OpenNI found (version: 1.5.4.0, include: /usr/include/ni, lib: /usr/lib/libOpenNI.so;libusb::libusb)
[12.752s] -- Found PCL_COMMON: /usr/lib/x86_64-linux-gnu/libpcl_common.so  
[12.754s] -- Found PCL_KDTREE: /usr/lib/x86_64-linux-gnu/libpcl_kdtree.so  
[12.759s] -- Found PCL_OCTREE: /usr/lib/x86_64-linux-gnu/libpcl_octree.so  
[12.762s] -- Found PCL_SEARCH: /usr/lib/x86_64-linux-gnu/libpcl_search.so  
[12.764s] -- Found PCL_SAMPLE_CONSENSUS: /usr/lib/x86_64-linux-gnu/libpcl_sample_consensus.so  
[12.766s] -- Found PCL_FILTERS: /usr/lib/x86_64-linux-gnu/libpcl_filters.so  
[12.766s] -- Found PCL_2D: /usr/include/pcl-1.12  
[12.767s] -- Found PCL_GEOMETRY: /usr/include/pcl-1.12  
[12.770s] -- Found PCL_IO: /usr/lib/x86_64-linux-gnu/libpcl_io.so  
[12.772s] -- Found PCL_FEATURES: /usr/lib/x86_64-linux-gnu/libpcl_features.so  
[12.776s] -- Found PCL_ML: /usr/lib/x86_64-linux-gnu/libpcl_ml.so  
[12.778s] -- Found PCL_SEGMENTATION: /usr/lib/x86_64-linux-gnu/libpcl_segmentation.so  
[12.780s] -- Found PCL_VISUALIZATION: /usr/lib/x86_64-linux-gnu/libpcl_visualization.so  
[12.781s] -- Found PCL_SURFACE: /usr/lib/x86_64-linux-gnu/libpcl_surface.so  
[12.783s] -- Found PCL_REGISTRATION: /usr/lib/x86_64-linux-gnu/libpcl_registration.so  
[12.786s] -- Found PCL_KEYPOINTS: /usr/lib/x86_64-linux-gnu/libpcl_keypoints.so  
[12.787s] -- Found PCL_TRACKING: /usr/lib/x86_64-linux-gnu/libpcl_tracking.so  
[12.790s] -- Found PCL_RECOGNITION: /usr/lib/x86_64-linux-gnu/libpcl_recognition.so  
[12.791s] -- Found PCL_STEREO: /usr/lib/x86_64-linux-gnu/libpcl_stereo.so  
[12.793s] -- Found PCL_APPS: /usr/lib/x86_64-linux-gnu/libpcl_apps.so  
[12.793s] -- Found PCL_IN_HAND_SCANNER: /usr/include/pcl-1.12  
[12.794s] -- Found PCL_MODELER: /usr/include/pcl-1.12  
[12.794s] -- Found PCL_POINT_CLOUD_EDITOR: /usr/include/pcl-1.12  
[12.795s] -- Found PCL_OUTOFCORE: /usr/lib/x86_64-linux-gnu/libpcl_outofcore.so  
[12.795s] -- Found PCL_PEOPLE: /usr/lib/x86_64-linux-gnu/libpcl_people.so  
[12.819s] -- Found ament_lint_auto: 0.12.14 (/opt/ros/humble/share/ament_lint_auto/cmake)
[12.852s] -- Found gtest sources under '/opt/ros/humble/src/gtest_vendor': C++ tests using 'Google Test' will be built
[12.928s] In this package, headers install destination is set to `include` by ament_auto_package. It is recommended to install `include/autoware_utils_pcl` instead and will be the default behavior of ament_auto_package from ROS 2 Kilted Kaiju. On distributions before Kilted, ament_auto_package behaves the same way when you use USE_SCOPED_HEADER_INSTALL_DIR option.
[12.933s] -- Added test 'copyright' to check source files copyright and LICENSE
[12.936s] -- Added test 'cppcheck' to perform static code analysis on C / C++ code
[12.937s] -- Configured cppcheck include dirs: /mnt/hdd/autonomy/ws/Carla-autoware_interface/deps_ws/src/autoware_utils/autoware_utils_pcl/include
[12.937s] -- Configured cppcheck exclude dirs and/or files: 
[12.938s] -- Added test 'lint_cmake' to check CMake code style
[12.939s] -- Added test 'xmllint' to check XML markup files
[12.944s] -- Configuring done
[13.091s] -- Generating done
[13.107s] -- Build files have been written to: /mnt/hdd/autonomy/ws/Carla-autoware_interface/deps_ws/build/autoware_utils_pcl
[13.154s] Invoked command in '/mnt/hdd/autonomy/ws/Carla-autoware_interface/deps_ws/build/autoware_utils_pcl' returned '0': AMENT_PREFIX_PATH=/mnt/hdd/autonomy/ws/Carla-autoware_interface/deps_ws/install/autoware_utils_tf:/mnt/hdd/autonomy/ws/Carla-autoware_interface/deps_ws/install/autoware_utils_geometry:/mnt/hdd/autonomy/ws/Carla-autoware_interface/deps_ws/install/autoware_utils_system:/mnt/hdd/autonomy/ws/Carla-autoware_interface/deps_ws/install/autoware_utils_math:/mnt/hdd/autonomy/ws/Carla-autoware_interface/deps_ws/install/autoware_internal_planning_msgs:/mnt/hdd/autonomy/ws/Carla-autoware_interface/deps_ws/install/autoware_planning_msgs:/mnt/hdd/autonomy/ws/Carla-autoware_interface/deps_ws/install/autoware_cmake:/mnt/hdd/autonomy/ws/Carla-autoware_interface/deps_ws/install/autoware_perception_msgs:/mnt/hdd/autonomy/ws/Carla-autoware_interface/deps_ws/install/autoware_lint_common:/mnt/hdd/autonomy/ws/Carla-autoware_interface/deps_ws/install/autoware_common_msgs:${AMENT_PREFIX_PATH} CMAKE_PREFIX_PATH=/mnt/hdd/autonomy/ws/Carla-autoware_interface/deps_ws/install/autoware_utils_tf:/mnt/hdd/autonomy/ws/Carla-autoware_interface/deps_ws/install/autoware_utils_geometry:/mnt/hdd/autonomy/ws/Carla-autoware_interface/deps_ws/install/autoware_utils_system:/mnt/hdd/autonomy/ws/Carla-autoware_interface/deps_ws/install/autoware_utils_math:/mnt/hdd/autonomy/ws/Carla-autoware_interface/deps_ws/install/autoware_internal_planning_msgs:/mnt/hdd/autonomy/ws/Carla-autoware_interface/deps_ws/install/autoware_planning_msgs:/mnt/hdd/autonomy/ws/Carla-autoware_interface/deps_ws/install/autoware_cmake:/mnt/hdd/autonomy/ws/Carla-autoware_interface/deps_ws/install/autoware_perception_msgs:/mnt/hdd/autonomy/ws/Carla-autoware_interface/deps_ws/install/autoware_lint_common:/mnt/hdd/autonomy/ws/Carla-autoware_interface/deps_ws/install/autoware_common_msgs:/mnt/hdd/autonomy/ws/Carla-autoware_interface/msg_ws/install/autoware_auto_msgs:/mnt/hdd/autonomy/ws/Carla-autoware_interface/msg_ws/install/autoware_auto_vehicle_msgs:/mnt/hdd/autonomy/ws/Carla-autoware_interface/msg_ws/install/autoware_auto_system_msgs:/mnt/hdd/autonomy/ws/Carla-autoware_interface/msg_ws/install/autoware_auto_planning_msgs:/mnt/hdd/autonomy/ws/Carla-autoware_interface/msg_ws/install/autoware_auto_perception_msgs:/mnt/hdd/autonomy/ws/Carla-autoware_interface/msg_ws/install/autoware_auto_mapping_msgs:/mnt/hdd/autonomy/ws/Carla-autoware_interface/msg_ws/install/autoware_auto_geometry_msgs:/mnt/hdd/autonomy/ws/Carla-autoware_interface/msg_ws/install/autoware_auto_control_msgs:/opt/ros/humble LD_LIBRARY_PATH=/mnt/hdd/autonomy/ws/Carla-autoware_interface/deps_ws/install/autoware_utils_geometry/lib:/mnt/hdd/autonomy/ws/Carla-autoware_interface/deps_ws/install/autoware_utils_system/lib:/mnt/hdd/autonomy/ws/Carla-autoware_interface/deps_ws/install/autoware_utils_math/lib:/mnt/hdd/autonomy/ws/Carla-autoware_interface/deps_ws/install/autoware_internal_planning_msgs/lib:/mnt/hdd/autonomy/ws/Carla-autoware_interface/deps_ws/install/autoware_planning_msgs/lib:/mnt/hdd/autonomy/ws/Carla-autoware_interface/deps_ws/install/autoware_perception_msgs/lib:/mnt/hdd/autonomy/ws/Carla-autoware_interface/deps_ws/install/autoware_common_msgs/lib:${LD_LIBRARY_PATH} PYTHONPATH=/mnt/hdd/autonomy/ws/Carla-autoware_interface/deps_ws/install/autoware_internal_planning_msgs/local/lib/python3.10/dist-packages:/mnt/hdd/autonomy/ws/Carla-autoware_interface/deps_ws/install/autoware_planning_msgs/local/lib/python3.10/dist-packages:/mnt/hdd/autonomy/ws/Carla-autoware_interface/deps_ws/install/autoware_perception_msgs/local/lib/python3.10/dist-packages:/mnt/hdd/autonomy/ws/Carla-autoware_interface/deps_ws/install/autoware_common_msgs/local/lib/python3.10/dist-packages:${PYTHONPATH} /usr/bin/cmake /mnt/hdd/autonomy/ws/Carla-autoware_interface/deps_ws/src/autoware_utils/autoware_utils_pcl -DAMENT_CMAKE_SYMLINK_INSTALL=1 -DCMAKE_INSTALL_PREFIX=/mnt/hdd/autonomy/ws/Carla-autoware_interface/deps_ws/install/autoware_utils_pcl
[13.164s] Invoking command in '/mnt/hdd/autonomy/ws/Carla-autoware_interface/deps_ws/build/autoware_utils_pcl': AMENT_PREFIX_PATH=/mnt/hdd/autonomy/ws/Carla-autoware_interface/deps_ws/install/autoware_utils_tf:/mnt/hdd/autonomy/ws/Carla-autoware_interface/deps_ws/install/autoware_utils_geometry:/mnt/hdd/autonomy/ws/Carla-autoware_interface/deps_ws/install/autoware_utils_system:/mnt/hdd/autonomy/ws/Carla-autoware_interface/deps_ws/install/autoware_utils_math:/mnt/hdd/autonomy/ws/Carla-autoware_interface/deps_ws/install/autoware_internal_planning_msgs:/mnt/hdd/autonomy/ws/Carla-autoware_interface/deps_ws/install/autoware_planning_msgs:/mnt/hdd/autonomy/ws/Carla-autoware_interface/deps_ws/install/autoware_cmake:/mnt/hdd/autonomy/ws/Carla-autoware_interface/deps_ws/install/autoware_perception_msgs:/mnt/hdd/autonomy/ws/Carla-autoware_interface/deps_ws/install/autoware_lint_common:/mnt/hdd/autonomy/ws/Carla-autoware_interface/deps_ws/install/autoware_common_msgs:${AMENT_PREFIX_PATH} CMAKE_PREFIX_PATH=/mnt/hdd/autonomy/ws/Carla-autoware_interface/deps_ws/install/autoware_utils_tf:/mnt/hdd/autonomy/ws/Carla-autoware_interface/deps_ws/install/autoware_utils_geometry:/mnt/hdd/autonomy/ws/Carla-autoware_interface/deps_ws/install/autoware_utils_system:/mnt/hdd/autonomy/ws/Carla-autoware_interface/deps_ws/install/autoware_utils_math:/mnt/hdd/autonomy/ws/Carla-autoware_interface/deps_ws/install/autoware_internal_planning_msgs:/mnt/hdd/autonomy/ws/Carla-autoware_interface/deps_ws/install/autoware_planning_msgs:/mnt/hdd/autonomy/ws/Carla-autoware_interface/deps_ws/install/autoware_cmake:/mnt/hdd/autonomy/ws/Carla-autoware_interface/deps_ws/install/autoware_perception_msgs:/mnt/hdd/autonomy/ws/Carla-autoware_interface/deps_ws/install/autoware_lint_common:/mnt/hdd/autonomy/ws/Carla-autoware_interface/deps_ws/install/autoware_common_msgs:/mnt/hdd/autonomy/ws/Carla-autoware_interface/msg_ws/install/autoware_auto_msgs:/mnt/hdd/autonomy/ws/Carla-autoware_interface/msg_ws/install/autoware_auto_vehicle_msgs:/mnt/hdd/autonomy/ws/Carla-autoware_interface/msg_ws/install/autoware_auto_system_msgs:/mnt/hdd/autonomy/ws/Carla-autoware_interface/msg_ws/install/autoware_auto_planning_msgs:/mnt/hdd/autonomy/ws/Carla-autoware_interface/msg_ws/install/autoware_auto_perception_msgs:/mnt/hdd/autonomy/ws/Carla-autoware_interface/msg_ws/install/autoware_auto_mapping_msgs:/mnt/hdd/autonomy/ws/Carla-autoware_interface/msg_ws/install/autoware_auto_geometry_msgs:/mnt/hdd/autonomy/ws/Carla-autoware_interface/msg_ws/install/autoware_auto_control_msgs:/opt/ros/humble LD_LIBRARY_PATH=/mnt/hdd/autonomy/ws/Carla-autoware_interface/deps_ws/install/autoware_utils_geometry/lib:/mnt/hdd/autonomy/ws/Carla-autoware_interface/deps_ws/install/autoware_utils_system/lib:/mnt/hdd/autonomy/ws/Carla-autoware_interface/deps_ws/install/autoware_utils_math/lib:/mnt/hdd/autonomy/ws/Carla-autoware_interface/deps_ws/install/autoware_internal_planning_msgs/lib:/mnt/hdd/autonomy/ws/Carla-autoware_interface/deps_ws/install/autoware_planning_msgs/lib:/mnt/hdd/autonomy/ws/Carla-autoware_interface/deps_ws/install/autoware_perception_msgs/lib:/mnt/hdd/autonomy/ws/Carla-autoware_interface/deps_ws/install/autoware_common_msgs/lib:${LD_LIBRARY_PATH} PYTHONPATH=/mnt/hdd/autonomy/ws/Carla-autoware_interface/deps_ws/install/autoware_internal_planning_msgs/local/lib/python3.10/dist-packages:/mnt/hdd/autonomy/ws/Carla-autoware_interface/deps_ws/install/autoware_planning_msgs/local/lib/python3.10/dist-packages:/mnt/hdd/autonomy/ws/Carla-autoware_interface/deps_ws/install/autoware_perception_msgs/local/lib/python3.10/dist-packages:/mnt/hdd/autonomy/ws/Carla-autoware_interface/deps_ws/install/autoware_common_msgs/local/lib/python3.10/dist-packages:${PYTHONPATH} /usr/bin/cmake --build /mnt/hdd/autonomy/ws/Carla-autoware_interface/deps_ws/build/autoware_utils_pcl -- -j16 -l16
[13.584s] [ 16%] Building CXX object gtest/CMakeFiles/gtest_main.dir/src/gtest_main.cc.o
[15.019s] [ 33%] Linking CXX static library libgtest_main.a
[15.339s] [ 33%] Built target gtest_main
[15.507s] [ 50%] Building CXX object gtest/CMakeFiles/gtest.dir/src/gtest-all.cc.o
[20.718s] [ 66%] Linking CXX static library libgtest.a
[20.994s] [ 66%] Built target gtest
[21.155s] [ 83%] Building CXX object CMakeFiles/test_autoware_utils_pcl.dir/test/cases/transform.cpp.o
[32.455s] [100%] Linking CXX executable test_autoware_utils_pcl
[34.369s] [100%] Built target test_autoware_utils_pcl
[34.429s] Invoked command in '/mnt/hdd/autonomy/ws/Carla-autoware_interface/deps_ws/build/autoware_utils_pcl' returned '0': AMENT_PREFIX_PATH=/mnt/hdd/autonomy/ws/Carla-autoware_interface/deps_ws/install/autoware_utils_tf:/mnt/hdd/autonomy/ws/Carla-autoware_interface/deps_ws/install/autoware_utils_geometry:/mnt/hdd/autonomy/ws/Carla-autoware_interface/deps_ws/install/autoware_utils_system:/mnt/hdd/autonomy/ws/Carla-autoware_interface/deps_ws/install/autoware_utils_math:/mnt/hdd/autonomy/ws/Carla-autoware_interface/deps_ws/install/autoware_internal_planning_msgs:/mnt/hdd/autonomy/ws/Carla-autoware_interface/deps_ws/install/autoware_planning_msgs:/mnt/hdd/autonomy/ws/Carla-autoware_interface/deps_ws/install/autoware_cmake:/mnt/hdd/autonomy/ws/Carla-autoware_interface/deps_ws/install/autoware_perception_msgs:/mnt/hdd/autonomy/ws/Carla-autoware_interface/deps_ws/install/autoware_lint_common:/mnt/hdd/autonomy/ws/Carla-autoware_interface/deps_ws/install/autoware_common_msgs:${AMENT_PREFIX_PATH} CMAKE_PREFIX_PATH=/mnt/hdd/autonomy/ws/Carla-autoware_interface/deps_ws/install/autoware_utils_tf:/mnt/hdd/autonomy/ws/Carla-autoware_interface/deps_ws/install/autoware_utils_geometry:/mnt/hdd/autonomy/ws/Carla-autoware_interface/deps_ws/install/autoware_utils_system:/mnt/hdd/autonomy/ws/Carla-autoware_interface/deps_ws/install/autoware_utils_math:/mnt/hdd/autonomy/ws/Carla-autoware_interface/deps_ws/install/autoware_internal_planning_msgs:/mnt/hdd/autonomy/ws/Carla-autoware_interface/deps_ws/install/autoware_planning_msgs:/mnt/hdd/autonomy/ws/Carla-autoware_interface/deps_ws/install/autoware_cmake:/mnt/hdd/autonomy/ws/Carla-autoware_interface/deps_ws/install/autoware_perception_msgs:/mnt/hdd/autonomy/ws/Carla-autoware_interface/deps_ws/install/autoware_lint_common:/mnt/hdd/autonomy/ws/Carla-autoware_interface/deps_ws/install/autoware_common_msgs:/mnt/hdd/autonomy/ws/Carla-autoware_interface/msg_ws/install/autoware_auto_msgs:/mnt/hdd/autonomy/ws/Carla-autoware_interface/msg_ws/install/autoware_auto_vehicle_msgs:/mnt/hdd/autonomy/ws/Carla-autoware_interface/msg_ws/install/autoware_auto_system_msgs:/mnt/hdd/autonomy/ws/Carla-autoware_interface/msg_ws/install/autoware_auto_planning_msgs:/mnt/hdd/autonomy/ws/Carla-autoware_interface/msg_ws/install/autoware_auto_perception_msgs:/mnt/hdd/autonomy/ws/Carla-autoware_interface/msg_ws/install/autoware_auto_mapping_msgs:/mnt/hdd/autonomy/ws/Carla-autoware_interface/msg_ws/install/autoware_auto_geometry_msgs:/mnt/hdd/autonomy/ws/Carla-autoware_interface/msg_ws/install/autoware_auto_control_msgs:/opt/ros/humble LD_LIBRARY_PATH=/mnt/hdd/autonomy/ws/Carla-autoware_interface/deps_ws/install/autoware_utils_geometry/lib:/mnt/hdd/autonomy/ws/Carla-autoware_interface/deps_ws/install/autoware_utils_system/lib:/mnt/hdd/autonomy/ws/Carla-autoware_interface/deps_ws/install/autoware_utils_math/lib:/mnt/hdd/autonomy/ws/Carla-autoware_interface/deps_ws/install/autoware_internal_planning_msgs/lib:/mnt/hdd/autonomy/ws/Carla-autoware_interface/deps_ws/install/autoware_planning_msgs/lib:/mnt/hdd/autonomy/ws/Carla-autoware_interface/deps_ws/install/autoware_perception_msgs/lib:/mnt/hdd/autonomy/ws/Carla-autoware_interface/deps_ws/install/autoware_common_msgs/lib:${LD_LIBRARY_PATH} PYTHONPATH=/mnt/hdd/autonomy/ws/Carla-autoware_interface/deps_ws/install/autoware_internal_planning_msgs/local/lib/python3.10/dist-packages:/mnt/hdd/autonomy/ws/Carla-autoware_interface/deps_ws/install/autoware_planning_msgs/local/lib/python3.10/dist-packages:/mnt/hdd/autonomy/ws/Carla-autoware_interface/deps_ws/install/autoware_perception_msgs/local/lib/python3.10/dist-packages:/mnt/hdd/autonomy/ws/Carla-autoware_interface/deps_ws/install/autoware_common_msgs/local/lib/python3.10/dist-packages:${PYTHONPATH} /usr/bin/cmake --build /mnt/hdd/autonomy/ws/Carla-autoware_interface/deps_ws/build/autoware_utils_pcl -- -j16 -l16
[34.431s] Invoking command in '/mnt/hdd/autonomy/ws/Carla-autoware_interface/deps_ws/build/autoware_utils_pcl': AMENT_PREFIX_PATH=/mnt/hdd/autonomy/ws/Carla-autoware_interface/deps_ws/install/autoware_utils_tf:/mnt/hdd/autonomy/ws/Carla-autoware_interface/deps_ws/install/autoware_utils_geometry:/mnt/hdd/autonomy/ws/Carla-autoware_interface/deps_ws/install/autoware_utils_system:/mnt/hdd/autonomy/ws/Carla-autoware_interface/deps_ws/install/autoware_utils_math:/mnt/hdd/autonomy/ws/Carla-autoware_interface/deps_ws/install/autoware_internal_planning_msgs:/mnt/hdd/autonomy/ws/Carla-autoware_interface/deps_ws/install/autoware_planning_msgs:/mnt/hdd/autonomy/ws/Carla-autoware_interface/deps_ws/install/autoware_cmake:/mnt/hdd/autonomy/ws/Carla-autoware_interface/deps_ws/install/autoware_perception_msgs:/mnt/hdd/autonomy/ws/Carla-autoware_interface/deps_ws/install/autoware_lint_common:/mnt/hdd/autonomy/ws/Carla-autoware_interface/deps_ws/install/autoware_common_msgs:${AMENT_PREFIX_PATH} CMAKE_PREFIX_PATH=/mnt/hdd/autonomy/ws/Carla-autoware_interface/deps_ws/install/autoware_utils_tf:/mnt/hdd/autonomy/ws/Carla-autoware_interface/deps_ws/install/autoware_utils_geometry:/mnt/hdd/autonomy/ws/Carla-autoware_interface/deps_ws/install/autoware_utils_system:/mnt/hdd/autonomy/ws/Carla-autoware_interface/deps_ws/install/autoware_utils_math:/mnt/hdd/autonomy/ws/Carla-autoware_interface/deps_ws/install/autoware_internal_planning_msgs:/mnt/hdd/autonomy/ws/Carla-autoware_interface/deps_ws/install/autoware_planning_msgs:/mnt/hdd/autonomy/ws/Carla-autoware_interface/deps_ws/install/autoware_cmake:/mnt/hdd/autonomy/ws/Carla-autoware_interface/deps_ws/install/autoware_perception_msgs:/mnt/hdd/autonomy/ws/Carla-autoware_interface/deps_ws/install/autoware_lint_common:/mnt/hdd/autonomy/ws/Carla-autoware_interface/deps_ws/install/autoware_common_msgs:/mnt/hdd/autonomy/ws/Carla-autoware_interface/msg_ws/install/autoware_auto_msgs:/mnt/hdd/autonomy/ws/Carla-autoware_interface/msg_ws/install/autoware_auto_vehicle_msgs:/mnt/hdd/autonomy/ws/Carla-autoware_interface/msg_ws/install/autoware_auto_system_msgs:/mnt/hdd/autonomy/ws/Carla-autoware_interface/msg_ws/install/autoware_auto_planning_msgs:/mnt/hdd/autonomy/ws/Carla-autoware_interface/msg_ws/install/autoware_auto_perception_msgs:/mnt/hdd/autonomy/ws/Carla-autoware_interface/msg_ws/install/autoware_auto_mapping_msgs:/mnt/hdd/autonomy/ws/Carla-autoware_interface/msg_ws/install/autoware_auto_geometry_msgs:/mnt/hdd/autonomy/ws/Carla-autoware_interface/msg_ws/install/autoware_auto_control_msgs:/opt/ros/humble LD_LIBRARY_PATH=/mnt/hdd/autonomy/ws/Carla-autoware_interface/deps_ws/install/autoware_utils_geometry/lib:/mnt/hdd/autonomy/ws/Carla-autoware_interface/deps_ws/install/autoware_utils_system/lib:/mnt/hdd/autonomy/ws/Carla-autoware_interface/deps_ws/install/autoware_utils_math/lib:/mnt/hdd/autonomy/ws/Carla-autoware_interface/deps_ws/install/autoware_internal_planning_msgs/lib:/mnt/hdd/autonomy/ws/Carla-autoware_interface/deps_ws/install/autoware_planning_msgs/lib:/mnt/hdd/autonomy/ws/Carla-autoware_interface/deps_ws/install/autoware_perception_msgs/lib:/mnt/hdd/autonomy/ws/Carla-autoware_interface/deps_ws/install/autoware_common_msgs/lib:${LD_LIBRARY_PATH} PYTHONPATH=/mnt/hdd/autonomy/ws/Carla-autoware_interface/deps_ws/install/autoware_internal_planning_msgs/local/lib/python3.10/dist-packages:/mnt/hdd/autonomy/ws/Carla-autoware_interface/deps_ws/install/autoware_planning_msgs/local/lib/python3.10/dist-packages:/mnt/hdd/autonomy/ws/Carla-autoware_interface/deps_ws/install/autoware_perception_msgs/local/lib/python3.10/dist-packages:/mnt/hdd/autonomy/ws/Carla-autoware_interface/deps_ws/install/autoware_common_msgs/local/lib/python3.10/dist-packages:${PYTHONPATH} /usr/bin/cmake --install /mnt/hdd/autonomy/ws/Carla-autoware_interface/deps_ws/build/autoware_utils_pcl
[34.482s] -- Install configuration: ""
[34.482s] -- Execute custom install script
[34.482s] -- Symlinking: /mnt/hdd/autonomy/ws/Carla-autoware_interface/deps_ws/install/autoware_utils_pcl/include/autoware_utils_pcl/pcl_conversion.hpp
[34.572s] -- Symlinking: /mnt/hdd/autonomy/ws/Carla-autoware_interface/deps_ws/install/autoware_utils_pcl/include/autoware_utils_pcl/transforms.hpp
[34.632s] -- Symlinking: /mnt/hdd/autonomy/ws/Carla-autoware_interface/deps_ws/install/autoware_utils_pcl/share/ament_index/resource_index/package_run_dependencies/autoware_utils_pcl
[34.707s] -- Symlinking: /mnt/hdd/autonomy/ws/Carla-autoware_interface/deps_ws/install/autoware_utils_pcl/share/ament_index/resource_index/parent_prefix_path/autoware_utils_pcl
[34.762s] -- Symlinking: /mnt/hdd/autonomy/ws/Carla-autoware_interface/deps_ws/install/autoware_utils_pcl/share/autoware_utils_pcl/environment/ament_prefix_path.sh
[34.843s] -- Symlinking: /mnt/hdd/autonomy/ws/Carla-autoware_interface/deps_ws/install/autoware_utils_pcl/share/autoware_utils_pcl/environment/ament_prefix_path.dsv
[34.888s] -- Symlinking: /mnt/hdd/autonomy/ws/Carla-autoware_interface/deps_ws/install/autoware_utils_pcl/share/autoware_utils_pcl/environment/path.sh
[34.967s] -- Symlinking: /mnt/hdd/autonomy/ws/Carla-autoware_interface/deps_ws/install/autoware_utils_pcl/share/autoware_utils_pcl/environment/path.dsv
[35.004s] -- Symlinking: /mnt/hdd/autonomy/ws/Carla-autoware_interface/deps_ws/install/autoware_utils_pcl/share/autoware_utils_pcl/local_setup.bash
[35.045s] -- Symlinking: /mnt/hdd/autonomy/ws/Carla-autoware_interface/deps_ws/install/autoware_utils_pcl/share/autoware_utils_pcl/local_setup.sh
[35.119s] -- Symlinking: /mnt/hdd/autonomy/ws/Carla-autoware_interface/deps_ws/install/autoware_utils_pcl/share/autoware_utils_pcl/local_setup.zsh
[35.161s] -- Symlinking: /mnt/hdd/autonomy/ws/Carla-autoware_interface/deps_ws/install/autoware_utils_pcl/share/autoware_utils_pcl/local_setup.dsv
[35.219s] -- Symlinking: /mnt/hdd/autonomy/ws/Carla-autoware_interface/deps_ws/install/autoware_utils_pcl/share/autoware_utils_pcl/package.dsv
[35.286s] -- Symlinking: /mnt/hdd/autonomy/ws/Carla-autoware_interface/deps_ws/install/autoware_utils_pcl/share/ament_index/resource_index/packages/autoware_utils_pcl
[35.333s] -- Symlinking: /mnt/hdd/autonomy/ws/Carla-autoware_interface/deps_ws/install/autoware_utils_pcl/share/autoware_utils_pcl/cmake/ament_cmake_export_dependencies-extras.cmake
[35.427s] -- Symlinking: /mnt/hdd/autonomy/ws/Carla-autoware_interface/deps_ws/install/autoware_utils_pcl/share/autoware_utils_pcl/cmake/ament_cmake_export_include_directories-extras.cmake
[35.513s] -- Symlinking: /mnt/hdd/autonomy/ws/Carla-autoware_interface/deps_ws/install/autoware_utils_pcl/share/autoware_utils_pcl/cmake/autoware_utils_pclConfig.cmake
[35.575s] -- Symlinking: /mnt/hdd/autonomy/ws/Carla-autoware_interface/deps_ws/install/autoware_utils_pcl/share/autoware_utils_pcl/cmake/autoware_utils_pclConfig-version.cmake
[35.626s] -- Symlinking: /mnt/hdd/autonomy/ws/Carla-autoware_interface/deps_ws/install/autoware_utils_pcl/share/autoware_utils_pcl/package.xml
[35.732s] Invoked command in '/mnt/hdd/autonomy/ws/Carla-autoware_interface/deps_ws/build/autoware_utils_pcl' returned '0': AMENT_PREFIX_PATH=/mnt/hdd/autonomy/ws/Carla-autoware_interface/deps_ws/install/autoware_utils_tf:/mnt/hdd/autonomy/ws/Carla-autoware_interface/deps_ws/install/autoware_utils_geometry:/mnt/hdd/autonomy/ws/Carla-autoware_interface/deps_ws/install/autoware_utils_system:/mnt/hdd/autonomy/ws/Carla-autoware_interface/deps_ws/install/autoware_utils_math:/mnt/hdd/autonomy/ws/Carla-autoware_interface/deps_ws/install/autoware_internal_planning_msgs:/mnt/hdd/autonomy/ws/Carla-autoware_interface/deps_ws/install/autoware_planning_msgs:/mnt/hdd/autonomy/ws/Carla-autoware_interface/deps_ws/install/autoware_cmake:/mnt/hdd/autonomy/ws/Carla-autoware_interface/deps_ws/install/autoware_perception_msgs:/mnt/hdd/autonomy/ws/Carla-autoware_interface/deps_ws/install/autoware_lint_common:/mnt/hdd/autonomy/ws/Carla-autoware_interface/deps_ws/install/autoware_common_msgs:${AMENT_PREFIX_PATH} CMAKE_PREFIX_PATH=/mnt/hdd/autonomy/ws/Carla-autoware_interface/deps_ws/install/autoware_utils_tf:/mnt/hdd/autonomy/ws/Carla-autoware_interface/deps_ws/install/autoware_utils_geometry:/mnt/hdd/autonomy/ws/Carla-autoware_interface/deps_ws/install/autoware_utils_system:/mnt/hdd/autonomy/ws/Carla-autoware_interface/deps_ws/install/autoware_utils_math:/mnt/hdd/autonomy/ws/Carla-autoware_interface/deps_ws/install/autoware_internal_planning_msgs:/mnt/hdd/autonomy/ws/Carla-autoware_interface/deps_ws/install/autoware_planning_msgs:/mnt/hdd/autonomy/ws/Carla-autoware_interface/deps_ws/install/autoware_cmake:/mnt/hdd/autonomy/ws/Carla-autoware_interface/deps_ws/install/autoware_perception_msgs:/mnt/hdd/autonomy/ws/Carla-autoware_interface/deps_ws/install/autoware_lint_common:/mnt/hdd/autonomy/ws/Carla-autoware_interface/deps_ws/install/autoware_common_msgs:/mnt/hdd/autonomy/ws/Carla-autoware_interface/msg_ws/install/autoware_auto_msgs:/mnt/hdd/autonomy/ws/Carla-autoware_interface/msg_ws/install/autoware_auto_vehicle_msgs:/mnt/hdd/autonomy/ws/Carla-autoware_interface/msg_ws/install/autoware_auto_system_msgs:/mnt/hdd/autonomy/ws/Carla-autoware_interface/msg_ws/install/autoware_auto_planning_msgs:/mnt/hdd/autonomy/ws/Carla-autoware_interface/msg_ws/install/autoware_auto_perception_msgs:/mnt/hdd/autonomy/ws/Carla-autoware_interface/msg_ws/install/autoware_auto_mapping_msgs:/mnt/hdd/autonomy/ws/Carla-autoware_interface/msg_ws/install/autoware_auto_geometry_msgs:/mnt/hdd/autonomy/ws/Carla-autoware_interface/msg_ws/install/autoware_auto_control_msgs:/opt/ros/humble LD_LIBRARY_PATH=/mnt/hdd/autonomy/ws/Carla-autoware_interface/deps_ws/install/autoware_utils_geometry/lib:/mnt/hdd/autonomy/ws/Carla-autoware_interface/deps_ws/install/autoware_utils_system/lib:/mnt/hdd/autonomy/ws/Carla-autoware_interface/deps_ws/install/autoware_utils_math/lib:/mnt/hdd/autonomy/ws/Carla-autoware_interface/deps_ws/install/autoware_internal_planning_msgs/lib:/mnt/hdd/autonomy/ws/Carla-autoware_interface/deps_ws/install/autoware_planning_msgs/lib:/mnt/hdd/autonomy/ws/Carla-autoware_interface/deps_ws/install/autoware_perception_msgs/lib:/mnt/hdd/autonomy/ws/Carla-autoware_interface/deps_ws/install/autoware_common_msgs/lib:${LD_LIBRARY_PATH} PYTHONPATH=/mnt/hdd/autonomy/ws/Carla-autoware_interface/deps_ws/install/autoware_internal_planning_msgs/local/lib/python3.10/dist-packages:/mnt/hdd/autonomy/ws/Carla-autoware_interface/deps_ws/install/autoware_planning_msgs/local/lib/python3.10/dist-packages:/mnt/hdd/autonomy/ws/Carla-autoware_interface/deps_ws/install/autoware_perception_msgs/local/lib/python3.10/dist-packages:/mnt/hdd/autonomy/ws/Carla-autoware_interface/deps_ws/install/autoware_common_msgs/local/lib/python3.10/dist-packages:${PYTHONPATH} /usr/bin/cmake --install /mnt/hdd/autonomy/ws/Carla-autoware_interface/deps_ws/build/autoware_utils_pcl
