[0.168s] DEBUG:colcon:Command line arguments: ['/usr/bin/colcon', 'build', '--symlink-install', '--packages-select', 'autoware_carla_interface']
[0.169s] DEBUG:colcon:Parsed command line arguments: Namespace(log_base=None, log_level=None, verb_name='build', build_base='build', install_base='install', merge_install=False, symlink_install=True, test_result_base=None, continue_on_error=False, executor='parallel', parallel_workers=16, event_handlers=None, ignore_user_meta=False, metas=['./colcon.meta'], base_paths=['.'], packages_ignore=None, packages_ignore_regex=None, paths=None, packages_up_to=None, packages_up_to_regex=None, packages_above=None, packages_above_and_dependencies=None, packages_above_depth=None, packages_select_by_dep=None, packages_skip_by_dep=None, packages_skip_up_to=None, packages_select_build_failed=False, packages_skip_build_finished=False, packages_select_test_failures=False, packages_skip_test_passed=False, packages_select=['autoware_carla_interface'], packages_skip=None, packages_select_regex=None, packages_skip_regex=None, packages_start=None, packages_end=None, allow_overriding=[], cmake_args=None, cmake_target=None, cmake_target_skip_unavailable=False, cmake_clean_cache=False, cmake_clean_first=False, cmake_force_configure=False, ament_cmake_args=None, catkin_cmake_args=None, catkin_skip_building_tests=False, mixin_files=None, mixin=None, verb_parser=<colcon_mixin.mixin.mixin_argument.MixinArgumentDecorator object at 0x7fc44d7b4850>, verb_extension=<colcon_core.verb.build.BuildVerb object at 0x7fc44d8c5d80>, main=<bound method BuildVerb.main of <colcon_core.verb.build.BuildVerb object at 0x7fc44d8c5d80>>, mixin_verb=('build',))
[0.493s] Level 1:colcon.colcon_core.package_discovery:discover_packages(colcon_meta) check parameters
[0.495s] Level 1:colcon.colcon_core.package_discovery:discover_packages(recursive) check parameters
[0.499s] Level 1:colcon.colcon_core.package_discovery:discover_packages(ignore) check parameters
[0.499s] Level 1:colcon.colcon_core.package_discovery:discover_packages(path) check parameters
[0.499s] Level 1:colcon.colcon_core.package_discovery:discover_packages(colcon_meta) discover
[0.499s] Level 1:colcon.colcon_core.package_discovery:discover_packages(recursive) discover
[0.499s] INFO:colcon.colcon_core.package_discovery:Crawling recursively for packages in '/mnt/hdd/autonomy/ws/Carla-autoware_interface/autoware_carla_interface'
[0.499s] Level 1:colcon.colcon_core.package_identification:_identify(.) by extensions ['ignore', 'ignore_ament_install']
[0.499s] Level 1:colcon.colcon_core.package_identification:_identify(.) by extension 'ignore'
[0.499s] Level 1:colcon.colcon_core.package_identification:_identify(.) by extension 'ignore_ament_install'
[0.500s] Level 1:colcon.colcon_core.package_identification:_identify(.) by extensions ['colcon_pkg']
[0.500s] Level 1:colcon.colcon_core.package_identification:_identify(.) by extension 'colcon_pkg'
[0.500s] Level 1:colcon.colcon_core.package_identification:_identify(.) by extensions ['colcon_meta']
[0.500s] Level 1:colcon.colcon_core.package_identification:_identify(.) by extension 'colcon_meta'
[0.500s] Level 1:colcon.colcon_core.package_identification:_identify(.) by extensions ['ros']
[0.500s] Level 1:colcon.colcon_core.package_identification:_identify(.) by extension 'ros'
[0.540s] DEBUG:colcon.colcon_core.package_identification:Package '.' with type 'ros.ament_python' and name 'autoware_carla_interface'
[0.540s] Level 1:colcon.colcon_core.package_discovery:discover_packages(recursive) using defaults
[0.540s] Level 1:colcon.colcon_core.package_discovery:discover_packages(ignore) discover
[0.540s] Level 1:colcon.colcon_core.package_discovery:discover_packages(ignore) using defaults
[0.540s] Level 1:colcon.colcon_core.package_discovery:discover_packages(path) discover
[0.540s] Level 1:colcon.colcon_core.package_discovery:discover_packages(path) using defaults
[0.568s] Level 1:colcon.colcon_core.package_discovery:discover_packages(prefix_path) check parameters
[0.568s] Level 1:colcon.colcon_core.package_discovery:discover_packages(prefix_path) discover
[0.570s] DEBUG:colcon.colcon_installed_package_information.package_discovery:Found 2 installed packages in /mnt/hdd/autonomy/ws/Carla-autoware_interface/bridge_ws/install
[0.571s] DEBUG:colcon.colcon_installed_package_information.package_discovery:Found 31 installed packages in /mnt/hdd/autonomy/ws/Carla-autoware_interface/deps_ws/install
[0.572s] DEBUG:colcon.colcon_installed_package_information.package_discovery:Found 8 installed packages in /mnt/hdd/autonomy/ws/Carla-autoware_interface/msg_ws/install
[0.573s] DEBUG:colcon.colcon_installed_package_information.package_discovery:Found 361 installed packages in /opt/ros/humble
[0.574s] Level 1:colcon.colcon_core.package_discovery:discover_packages(prefix_path) using defaults
[0.657s] Level 5:colcon.colcon_core.verb:set package 'autoware_carla_interface' build argument 'cmake_args' from command line to 'None'
[0.657s] Level 5:colcon.colcon_core.verb:set package 'autoware_carla_interface' build argument 'cmake_target' from command line to 'None'
[0.657s] Level 5:colcon.colcon_core.verb:set package 'autoware_carla_interface' build argument 'cmake_target_skip_unavailable' from command line to 'False'
[0.657s] Level 5:colcon.colcon_core.verb:set package 'autoware_carla_interface' build argument 'cmake_clean_cache' from command line to 'False'
[0.657s] Level 5:colcon.colcon_core.verb:set package 'autoware_carla_interface' build argument 'cmake_clean_first' from command line to 'False'
[0.657s] Level 5:colcon.colcon_core.verb:set package 'autoware_carla_interface' build argument 'cmake_force_configure' from command line to 'False'
[0.657s] Level 5:colcon.colcon_core.verb:set package 'autoware_carla_interface' build argument 'ament_cmake_args' from command line to 'None'
[0.658s] Level 5:colcon.colcon_core.verb:set package 'autoware_carla_interface' build argument 'catkin_cmake_args' from command line to 'None'
[0.658s] Level 5:colcon.colcon_core.verb:set package 'autoware_carla_interface' build argument 'catkin_skip_building_tests' from command line to 'False'
[0.658s] DEBUG:colcon.colcon_core.verb:Building package 'autoware_carla_interface' with the following arguments: {'ament_cmake_args': None, 'build_base': '/mnt/hdd/autonomy/ws/Carla-autoware_interface/autoware_carla_interface/build/autoware_carla_interface', 'catkin_cmake_args': None, 'catkin_skip_building_tests': False, 'cmake_args': None, 'cmake_clean_cache': False, 'cmake_clean_first': False, 'cmake_force_configure': False, 'cmake_target': None, 'cmake_target_skip_unavailable': False, 'install_base': '/mnt/hdd/autonomy/ws/Carla-autoware_interface/autoware_carla_interface/install/autoware_carla_interface', 'merge_install': False, 'path': '/mnt/hdd/autonomy/ws/Carla-autoware_interface/autoware_carla_interface', 'symlink_install': True, 'test_result_base': None}
[0.658s] INFO:colcon.colcon_core.executor:Executing jobs using 'parallel' executor
[0.659s] DEBUG:colcon.colcon_parallel_executor.executor.parallel:run_until_complete
[0.660s] INFO:colcon.colcon_ros.task.ament_python.build:Building ROS package in '/mnt/hdd/autonomy/ws/Carla-autoware_interface/autoware_carla_interface' with build type 'ament_python'
[0.660s] Level 1:colcon.colcon_core.shell:create_environment_hook('autoware_carla_interface', 'ament_prefix_path')
[0.662s] INFO:colcon.colcon_core.plugin_system:Skipping extension 'colcon_core.shell.bat': Not used on non-Windows systems
[0.663s] INFO:colcon.colcon_core.shell:Creating environment hook '/mnt/hdd/autonomy/ws/Carla-autoware_interface/autoware_carla_interface/install/autoware_carla_interface/share/autoware_carla_interface/hook/ament_prefix_path.ps1'
[0.664s] INFO:colcon.colcon_core.shell:Creating environment descriptor '/mnt/hdd/autonomy/ws/Carla-autoware_interface/autoware_carla_interface/install/autoware_carla_interface/share/autoware_carla_interface/hook/ament_prefix_path.dsv'
[0.664s] INFO:colcon.colcon_core.shell:Creating environment hook '/mnt/hdd/autonomy/ws/Carla-autoware_interface/autoware_carla_interface/install/autoware_carla_interface/share/autoware_carla_interface/hook/ament_prefix_path.sh'
[0.665s] INFO:colcon.colcon_core.shell:Skip shell extension 'powershell' for command environment: Not usable outside of PowerShell
[0.665s] DEBUG:colcon.colcon_core.shell:Skip shell extension 'dsv' for command environment
[1.315s] INFO:colcon.colcon_core.task.python.build:Building Python package in '/mnt/hdd/autonomy/ws/Carla-autoware_interface/autoware_carla_interface'
[1.315s] INFO:colcon.colcon_core.shell:Skip shell extension 'powershell' for command environment: Not usable outside of PowerShell
[1.315s] DEBUG:colcon.colcon_core.shell:Skip shell extension 'dsv' for command environment
[2.190s] DEBUG:colcon.colcon_core.event_handler.log_command:Invoking command in '/mnt/hdd/autonomy/ws/Carla-autoware_interface/autoware_carla_interface/build/autoware_carla_interface': PYTHONPATH=/mnt/hdd/autonomy/ws/Carla-autoware_interface/autoware_carla_interface/build/autoware_carla_interface/prefix_override:/usr/lib/python3/dist-packages/colcon_core/task/python/colcon_distutils_commands:/mnt/hdd/autonomy/ws/Carla-autoware_interface/autoware_carla_interface/install/autoware_carla_interface/lib/python3.10/site-packages:${PYTHONPATH} /usr/bin/python3 -W ignore:setup.py install is deprecated -W ignore:easy_install command is deprecated setup.py develop --editable --build-directory /mnt/hdd/autonomy/ws/Carla-autoware_interface/autoware_carla_interface/build/autoware_carla_interface/build --no-deps symlink_data
[30.678s] Level 1:colcon.colcon_core.shell:create_environment_hook('autoware_carla_interface', 'pythonpath_develop')
[30.678s] INFO:colcon.colcon_core.shell:Creating environment hook '/mnt/hdd/autonomy/ws/Carla-autoware_interface/autoware_carla_interface/build/autoware_carla_interface/src/share/autoware_carla_interface/hook/pythonpath_develop.ps1'
[30.678s] DEBUG:colcon.colcon_core.event_handler.log_command:Invoked command in '/mnt/hdd/autonomy/ws/Carla-autoware_interface/autoware_carla_interface/build/autoware_carla_interface' returned '0': PYTHONPATH=/mnt/hdd/autonomy/ws/Carla-autoware_interface/autoware_carla_interface/build/autoware_carla_interface/prefix_override:/usr/lib/python3/dist-packages/colcon_core/task/python/colcon_distutils_commands:/mnt/hdd/autonomy/ws/Carla-autoware_interface/autoware_carla_interface/install/autoware_carla_interface/lib/python3.10/site-packages:${PYTHONPATH} /usr/bin/python3 -W ignore:setup.py install is deprecated -W ignore:easy_install command is deprecated setup.py develop --editable --build-directory /mnt/hdd/autonomy/ws/Carla-autoware_interface/autoware_carla_interface/build/autoware_carla_interface/build --no-deps symlink_data
[30.679s] INFO:colcon.colcon_core.shell:Creating environment descriptor '/mnt/hdd/autonomy/ws/Carla-autoware_interface/autoware_carla_interface/build/autoware_carla_interface/src/share/autoware_carla_interface/hook/pythonpath_develop.dsv'
[30.679s] INFO:colcon.colcon_core.shell:Creating environment hook '/mnt/hdd/autonomy/ws/Carla-autoware_interface/autoware_carla_interface/build/autoware_carla_interface/src/share/autoware_carla_interface/hook/pythonpath_develop.sh'
[30.682s] Level 1:colcon.colcon_core.environment:checking '/mnt/hdd/autonomy/ws/Carla-autoware_interface/autoware_carla_interface/install/autoware_carla_interface' for CMake module files
[30.682s] Level 1:colcon.colcon_core.environment:checking '/mnt/hdd/autonomy/ws/Carla-autoware_interface/autoware_carla_interface/install/autoware_carla_interface' for CMake config files
[30.683s] Level 1:colcon.colcon_core.environment:checking '/mnt/hdd/autonomy/ws/Carla-autoware_interface/autoware_carla_interface/install/autoware_carla_interface/lib'
[30.683s] Level 1:colcon.colcon_core.environment:checking '/mnt/hdd/autonomy/ws/Carla-autoware_interface/autoware_carla_interface/install/autoware_carla_interface/bin'
[30.683s] Level 1:colcon.colcon_core.environment:checking '/mnt/hdd/autonomy/ws/Carla-autoware_interface/autoware_carla_interface/install/autoware_carla_interface/lib/pkgconfig/autoware_carla_interface.pc'
[30.683s] Level 1:colcon.colcon_core.environment:checking '/mnt/hdd/autonomy/ws/Carla-autoware_interface/autoware_carla_interface/install/autoware_carla_interface/lib/python3.10/site-packages'
[30.683s] Level 1:colcon.colcon_core.shell:create_environment_hook('autoware_carla_interface', 'pythonpath')
[30.683s] INFO:colcon.colcon_core.shell:Creating environment hook '/mnt/hdd/autonomy/ws/Carla-autoware_interface/autoware_carla_interface/install/autoware_carla_interface/share/autoware_carla_interface/hook/pythonpath.ps1'
[30.684s] INFO:colcon.colcon_core.shell:Creating environment descriptor '/mnt/hdd/autonomy/ws/Carla-autoware_interface/autoware_carla_interface/install/autoware_carla_interface/share/autoware_carla_interface/hook/pythonpath.dsv'
[30.684s] INFO:colcon.colcon_core.shell:Creating environment hook '/mnt/hdd/autonomy/ws/Carla-autoware_interface/autoware_carla_interface/install/autoware_carla_interface/share/autoware_carla_interface/hook/pythonpath.sh'
[30.685s] Level 1:colcon.colcon_core.environment:checking '/mnt/hdd/autonomy/ws/Carla-autoware_interface/autoware_carla_interface/install/autoware_carla_interface/bin'
[30.685s] Level 1:colcon.colcon_core.environment:create_environment_scripts_only(autoware_carla_interface)
[30.685s] INFO:colcon.colcon_core.shell:Creating package script '/mnt/hdd/autonomy/ws/Carla-autoware_interface/autoware_carla_interface/install/autoware_carla_interface/share/autoware_carla_interface/package.ps1'
[30.686s] INFO:colcon.colcon_core.shell:Creating package descriptor '/mnt/hdd/autonomy/ws/Carla-autoware_interface/autoware_carla_interface/install/autoware_carla_interface/share/autoware_carla_interface/package.dsv'
[30.686s] INFO:colcon.colcon_core.shell:Creating package script '/mnt/hdd/autonomy/ws/Carla-autoware_interface/autoware_carla_interface/install/autoware_carla_interface/share/autoware_carla_interface/package.sh'
[30.687s] INFO:colcon.colcon_core.shell:Creating package script '/mnt/hdd/autonomy/ws/Carla-autoware_interface/autoware_carla_interface/install/autoware_carla_interface/share/autoware_carla_interface/package.bash'
[30.687s] INFO:colcon.colcon_core.shell:Creating package script '/mnt/hdd/autonomy/ws/Carla-autoware_interface/autoware_carla_interface/install/autoware_carla_interface/share/autoware_carla_interface/package.zsh'
[30.688s] Level 1:colcon.colcon_core.environment:create_file_with_runtime_dependencies(/mnt/hdd/autonomy/ws/Carla-autoware_interface/autoware_carla_interface/install/autoware_carla_interface/share/colcon-core/packages/autoware_carla_interface)
[30.688s] DEBUG:colcon.colcon_parallel_executor.executor.parallel:closing loop
[30.689s] DEBUG:colcon.colcon_parallel_executor.executor.parallel:loop closed
[30.689s] DEBUG:colcon.colcon_parallel_executor.executor.parallel:run_until_complete finished with '0'
[30.689s] DEBUG:colcon.colcon_core.event_reactor:joining thread
[30.696s] INFO:colcon.colcon_core.plugin_system:Skipping extension 'colcon_notification.desktop_notification.terminal_notifier': Not used on non-Darwin systems
[30.697s] INFO:colcon.colcon_core.plugin_system:Skipping extension 'colcon_notification.desktop_notification.win32': Not used on non-Windows systems
[30.697s] INFO:colcon.colcon_notification.desktop_notification:Sending desktop notification using 'notify2'
[30.697s] DEBUG:colcon.colcon_notification.desktop_notification.notify2:Failed to initialize notify2: org.freedesktop.DBus.Error.AccessDenied: Failed to connect to socket /run/user/1000/bus: Operation not permitted
[30.697s] DEBUG:colcon.colcon_core.event_reactor:joined thread
[30.697s] INFO:colcon.colcon_core.shell:Creating prefix script '/mnt/hdd/autonomy/ws/Carla-autoware_interface/autoware_carla_interface/install/local_setup.ps1'
[30.698s] INFO:colcon.colcon_core.shell:Creating prefix util module '/mnt/hdd/autonomy/ws/Carla-autoware_interface/autoware_carla_interface/install/_local_setup_util_ps1.py'
[30.700s] INFO:colcon.colcon_core.shell:Creating prefix chain script '/mnt/hdd/autonomy/ws/Carla-autoware_interface/autoware_carla_interface/install/setup.ps1'
[30.704s] INFO:colcon.colcon_core.shell:Creating prefix script '/mnt/hdd/autonomy/ws/Carla-autoware_interface/autoware_carla_interface/install/local_setup.sh'
[30.705s] INFO:colcon.colcon_core.shell:Creating prefix util module '/mnt/hdd/autonomy/ws/Carla-autoware_interface/autoware_carla_interface/install/_local_setup_util_sh.py'
[30.705s] INFO:colcon.colcon_core.shell:Creating prefix chain script '/mnt/hdd/autonomy/ws/Carla-autoware_interface/autoware_carla_interface/install/setup.sh'
[30.711s] INFO:colcon.colcon_core.shell:Creating prefix script '/mnt/hdd/autonomy/ws/Carla-autoware_interface/autoware_carla_interface/install/local_setup.bash'
[30.711s] INFO:colcon.colcon_core.shell:Creating prefix chain script '/mnt/hdd/autonomy/ws/Carla-autoware_interface/autoware_carla_interface/install/setup.bash'
[30.713s] INFO:colcon.colcon_core.shell:Creating prefix script '/mnt/hdd/autonomy/ws/Carla-autoware_interface/autoware_carla_interface/install/local_setup.zsh'
[30.714s] INFO:colcon.colcon_core.shell:Creating prefix chain script '/mnt/hdd/autonomy/ws/Carla-autoware_interface/autoware_carla_interface/install/setup.zsh'
