-- The C compiler identification is GNU 11.4.0
-- The CXX compiler identification is GNU 11.4.0
-- Detecting C compiler ABI info
-- Detecting C compiler ABI info - done
-- Check for working C compiler: /usr/lib/ccache/gcc - skipped
-- Detecting C compile features
-- Detecting C compile features - done
-- Detecting CXX compiler ABI info
-- Detecting CXX compiler ABI info - done
-- Check for working CXX compiler: /usr/lib/ccache/g++ - skipped
-- Detecting CXX compile features
-- Detecting CXX compile features - done
-- Found autoware_cmake: 1.1.0 (/mnt/hdd/autonomy/ws/Carla-autoware_interface/deps_ws/install/autoware_cmake/share/autoware_cmake/cmake)
-- Found Python3: /usr/bin/python3 (found version "3.10.12") found components: Interpreter 
-- Override CMake install command with custom implementation using symlinks instead of copying resources
-- Found TinyXML2: /usr/lib/x86_64-linux-gnu/libtinyxml2.so  
-- Found ament_lint_auto: 0.12.14 (/opt/ros/humble/share/ament_lint_auto/cmake)
-- Found gtest sources under '/opt/ros/humble/src/gtest_vendor': C++ tests using 'Google Test' will be built
-- Looking for pthread.h
-- Looking for pthread.h - found
-- Performing Test CMAKE_HAVE_LIBC_PTHREAD
-- Performing Test CMAKE_HAVE_LIBC_PTHREAD - Success
-- Found Threads: TRUE  
-- Added test 'copyright' to check source files copyright and LICENSE
-- Added test 'cppcheck' to perform static code analysis on C / C++ code
-- Configured cppcheck include dirs: /mnt/hdd/autonomy/ws/Carla-autoware_interface/deps_ws/src/autoware_utils/autoware_utils_math/include
-- Configured cppcheck exclude dirs and/or files: 
-- Added test 'lint_cmake' to check CMake code style
-- Added test 'xmllint' to check XML markup files
-- Configuring done
-- Generating done
-- Build files have been written to: /mnt/hdd/autonomy/ws/Carla-autoware_interface/deps_ws/build/autoware_utils_math
[  5%] Building CXX object CMakeFiles/autoware_utils_math.dir/src/sin_table.cpp.o
[ 11%] Building CXX object CMakeFiles/autoware_utils_math.dir/src/trigonometry.cpp.o
[ 17%] Linking CXX shared library libautoware_utils_math.so
[ 17%] Built target autoware_utils_math
[ 23%] Building CXX object gtest/CMakeFiles/gtest_main.dir/src/gtest_main.cc.o
[ 29%] Linking CXX static library libgtest_main.a
[ 29%] Built target gtest_main
[ 35%] Building CXX object gtest/CMakeFiles/gtest.dir/src/gtest-all.cc.o
[ 41%] Linking CXX static library libgtest.a
[ 41%] Built target gtest
[ 47%] Building CXX object CMakeFiles/test_autoware_utils_math.dir/test/cases/accumulator.cpp.o
[ 52%] Building CXX object CMakeFiles/test_autoware_utils_math.dir/test/main.cpp.o
[ 58%] Building CXX object CMakeFiles/test_autoware_utils_math.dir/test/cases/unit_conversion.cpp.o
[ 64%] Building CXX object CMakeFiles/test_autoware_utils_math.dir/test/cases/trigonometry.cpp.o
[ 70%] Building CXX object CMakeFiles/test_autoware_utils_math.dir/test/cases/range_linspace.cpp.o
[ 76%] Building CXX object CMakeFiles/test_autoware_utils_math.dir/test/cases/range_arange.cpp.o
[ 82%] Building CXX object CMakeFiles/test_autoware_utils_math.dir/test/cases/range.cpp.o
[ 88%] Building CXX object CMakeFiles/test_autoware_utils_math.dir/test/cases/normalization.cpp.o
[ 94%] Building CXX object CMakeFiles/test_autoware_utils_math.dir/test/cases/constants.cpp.o
[100%] Linking CXX executable test_autoware_utils_math
[100%] Built target test_autoware_utils_math
-- Install configuration: ""
-- Execute custom install script
-- Symlinking: /mnt/hdd/autonomy/ws/Carla-autoware_interface/deps_ws/install/autoware_utils_math/include/autoware_utils_math/accumulator.hpp
-- Symlinking: /mnt/hdd/autonomy/ws/Carla-autoware_interface/deps_ws/install/autoware_utils_math/include/autoware_utils_math/constants.hpp
-- Symlinking: /mnt/hdd/autonomy/ws/Carla-autoware_interface/deps_ws/install/autoware_utils_math/include/autoware_utils_math/normalization.hpp
-- Symlinking: /mnt/hdd/autonomy/ws/Carla-autoware_interface/deps_ws/install/autoware_utils_math/include/autoware_utils_math/range.hpp
-- Symlinking: /mnt/hdd/autonomy/ws/Carla-autoware_interface/deps_ws/install/autoware_utils_math/include/autoware_utils_math/sin_table.hpp
-- Symlinking: /mnt/hdd/autonomy/ws/Carla-autoware_interface/deps_ws/install/autoware_utils_math/include/autoware_utils_math/trigonometry.hpp
-- Symlinking: /mnt/hdd/autonomy/ws/Carla-autoware_interface/deps_ws/install/autoware_utils_math/include/autoware_utils_math/unit_conversion.hpp
-- Symlinking: /mnt/hdd/autonomy/ws/Carla-autoware_interface/deps_ws/install/autoware_utils_math/share/autoware_utils_math/environment/library_path.sh
-- Symlinking: /mnt/hdd/autonomy/ws/Carla-autoware_interface/deps_ws/install/autoware_utils_math/share/autoware_utils_math/environment/library_path.dsv
-- Symlinking: /mnt/hdd/autonomy/ws/Carla-autoware_interface/deps_ws/install/autoware_utils_math/lib/libautoware_utils_math.so
-- Symlinking: /mnt/hdd/autonomy/ws/Carla-autoware_interface/deps_ws/install/autoware_utils_math/share/ament_index/resource_index/package_run_dependencies/autoware_utils_math
-- Symlinking: /mnt/hdd/autonomy/ws/Carla-autoware_interface/deps_ws/install/autoware_utils_math/share/ament_index/resource_index/parent_prefix_path/autoware_utils_math
-- Symlinking: /mnt/hdd/autonomy/ws/Carla-autoware_interface/deps_ws/install/autoware_utils_math/share/autoware_utils_math/environment/ament_prefix_path.sh
-- Symlinking: /mnt/hdd/autonomy/ws/Carla-autoware_interface/deps_ws/install/autoware_utils_math/share/autoware_utils_math/environment/ament_prefix_path.dsv
-- Symlinking: /mnt/hdd/autonomy/ws/Carla-autoware_interface/deps_ws/install/autoware_utils_math/share/autoware_utils_math/environment/path.sh
-- Symlinking: /mnt/hdd/autonomy/ws/Carla-autoware_interface/deps_ws/install/autoware_utils_math/share/autoware_utils_math/environment/path.dsv
-- Symlinking: /mnt/hdd/autonomy/ws/Carla-autoware_interface/deps_ws/install/autoware_utils_math/share/autoware_utils_math/local_setup.bash
-- Symlinking: /mnt/hdd/autonomy/ws/Carla-autoware_interface/deps_ws/install/autoware_utils_math/share/autoware_utils_math/local_setup.sh
-- Symlinking: /mnt/hdd/autonomy/ws/Carla-autoware_interface/deps_ws/install/autoware_utils_math/share/autoware_utils_math/local_setup.zsh
-- Symlinking: /mnt/hdd/autonomy/ws/Carla-autoware_interface/deps_ws/install/autoware_utils_math/share/autoware_utils_math/local_setup.dsv
-- Symlinking: /mnt/hdd/autonomy/ws/Carla-autoware_interface/deps_ws/install/autoware_utils_math/share/autoware_utils_math/package.dsv
-- Symlinking: /mnt/hdd/autonomy/ws/Carla-autoware_interface/deps_ws/install/autoware_utils_math/share/ament_index/resource_index/packages/autoware_utils_math
-- Symlinking: /mnt/hdd/autonomy/ws/Carla-autoware_interface/deps_ws/install/autoware_utils_math/share/autoware_utils_math/cmake/ament_cmake_export_include_directories-extras.cmake
-- Symlinking: /mnt/hdd/autonomy/ws/Carla-autoware_interface/deps_ws/install/autoware_utils_math/share/autoware_utils_math/cmake/ament_cmake_export_libraries-extras.cmake
-- Symlinking: /mnt/hdd/autonomy/ws/Carla-autoware_interface/deps_ws/install/autoware_utils_math/share/autoware_utils_math/cmake/autoware_utils_mathConfig.cmake
-- Symlinking: /mnt/hdd/autonomy/ws/Carla-autoware_interface/deps_ws/install/autoware_utils_math/share/autoware_utils_math/cmake/autoware_utils_mathConfig-version.cmake
-- Symlinking: /mnt/hdd/autonomy/ws/Carla-autoware_interface/deps_ws/install/autoware_utils_math/share/autoware_utils_math/package.xml
