[0.123s] Invoking command in '/mnt/hdd/autonomy/ws/Carla-autoware_interface/deps_ws/build/autoware_utils_math': AMENT_PREFIX_PATH=/mnt/hdd/autonomy/ws/Carla-autoware_interface/deps_ws/install/autoware_cmake:/mnt/hdd/autonomy/ws/Carla-autoware_interface/deps_ws/install/autoware_lint_common:${AMENT_PREFIX_PATH} CMAKE_PREFIX_PATH=/mnt/hdd/autonomy/ws/Carla-autoware_interface/deps_ws/install/autoware_cmake:/mnt/hdd/autonomy/ws/Carla-autoware_interface/deps_ws/install/autoware_lint_common:/mnt/hdd/autonomy/ws/Carla-autoware_interface/msg_ws/install/autoware_auto_msgs:/mnt/hdd/autonomy/ws/Carla-autoware_interface/msg_ws/install/autoware_auto_vehicle_msgs:/mnt/hdd/autonomy/ws/Carla-autoware_interface/msg_ws/install/autoware_auto_system_msgs:/mnt/hdd/autonomy/ws/Carla-autoware_interface/msg_ws/install/autoware_auto_planning_msgs:/mnt/hdd/autonomy/ws/Carla-autoware_interface/msg_ws/install/autoware_auto_perception_msgs:/mnt/hdd/autonomy/ws/Carla-autoware_interface/msg_ws/install/autoware_auto_mapping_msgs:/mnt/hdd/autonomy/ws/Carla-autoware_interface/msg_ws/install/autoware_auto_geometry_msgs:/mnt/hdd/autonomy/ws/Carla-autoware_interface/msg_ws/install/autoware_auto_control_msgs:/opt/ros/humble /usr/bin/cmake /mnt/hdd/autonomy/ws/Carla-autoware_interface/deps_ws/src/autoware_utils/autoware_utils_math -DAMENT_CMAKE_SYMLINK_INSTALL=1 -DCMAKE_INSTALL_PREFIX=/mnt/hdd/autonomy/ws/Carla-autoware_interface/deps_ws/install/autoware_utils_math
[0.537s] -- The C compiler identification is GNU 11.4.0
[0.785s] -- The CXX compiler identification is GNU 11.4.0
[0.865s] -- Detecting C compiler ABI info
[1.561s] -- Detecting C compiler ABI info - done
[1.582s] -- Check for working C compiler: /usr/lib/ccache/gcc - skipped
[1.583s] -- Detecting C compile features
[1.596s] -- Detecting C compile features - done
[1.603s] -- Detecting CXX compiler ABI info
[2.250s] -- Detecting CXX compiler ABI info - done
[2.286s] -- Check for working CXX compiler: /usr/lib/ccache/g++ - skipped
[2.286s] -- Detecting CXX compile features
[2.287s] -- Detecting CXX compile features - done
[2.293s] -- Found autoware_cmake: 1.1.0 (/mnt/hdd/autonomy/ws/Carla-autoware_interface/deps_ws/install/autoware_cmake/share/autoware_cmake/cmake)
[2.984s] -- Found Python3: /usr/bin/python3 (found version "3.10.12") found components: Interpreter 
[3.196s] -- Override CMake install command with custom implementation using symlinks instead of copying resources
[3.319s] -- Found TinyXML2: /usr/lib/x86_64-linux-gnu/libtinyxml2.so  
[3.519s] -- Found ament_lint_auto: 0.12.14 (/opt/ros/humble/share/ament_lint_auto/cmake)
[3.571s] -- Found gtest sources under '/opt/ros/humble/src/gtest_vendor': C++ tests using 'Google Test' will be built
[3.583s] -- Looking for pthread.h
[4.089s] -- Looking for pthread.h - found
[4.093s] -- Performing Test CMAKE_HAVE_LIBC_PTHREAD
[4.659s] -- Performing Test CMAKE_HAVE_LIBC_PTHREAD - Success
[4.665s] -- Found Threads: TRUE  
[4.680s] In this package, headers install destination is set to `include` by ament_auto_package. It is recommended to install `include/autoware_utils_math` instead and will be the default behavior of ament_auto_package from ROS 2 Kilted Kaiju. On distributions before Kilted, ament_auto_package behaves the same way when you use USE_SCOPED_HEADER_INSTALL_DIR option.
[4.705s] -- Added test 'copyright' to check source files copyright and LICENSE
[4.719s] -- Added test 'cppcheck' to perform static code analysis on C / C++ code
[4.719s] -- Configured cppcheck include dirs: /mnt/hdd/autonomy/ws/Carla-autoware_interface/deps_ws/src/autoware_utils/autoware_utils_math/include
[4.719s] -- Configured cppcheck exclude dirs and/or files: 
[4.719s] -- Added test 'lint_cmake' to check CMake code style
[4.726s] -- Added test 'xmllint' to check XML markup files
[4.732s] -- Configuring done
[4.755s] -- Generating done
[4.762s] -- Build files have been written to: /mnt/hdd/autonomy/ws/Carla-autoware_interface/deps_ws/build/autoware_utils_math
[4.768s] Invoked command in '/mnt/hdd/autonomy/ws/Carla-autoware_interface/deps_ws/build/autoware_utils_math' returned '0': AMENT_PREFIX_PATH=/mnt/hdd/autonomy/ws/Carla-autoware_interface/deps_ws/install/autoware_cmake:/mnt/hdd/autonomy/ws/Carla-autoware_interface/deps_ws/install/autoware_lint_common:${AMENT_PREFIX_PATH} CMAKE_PREFIX_PATH=/mnt/hdd/autonomy/ws/Carla-autoware_interface/deps_ws/install/autoware_cmake:/mnt/hdd/autonomy/ws/Carla-autoware_interface/deps_ws/install/autoware_lint_common:/mnt/hdd/autonomy/ws/Carla-autoware_interface/msg_ws/install/autoware_auto_msgs:/mnt/hdd/autonomy/ws/Carla-autoware_interface/msg_ws/install/autoware_auto_vehicle_msgs:/mnt/hdd/autonomy/ws/Carla-autoware_interface/msg_ws/install/autoware_auto_system_msgs:/mnt/hdd/autonomy/ws/Carla-autoware_interface/msg_ws/install/autoware_auto_planning_msgs:/mnt/hdd/autonomy/ws/Carla-autoware_interface/msg_ws/install/autoware_auto_perception_msgs:/mnt/hdd/autonomy/ws/Carla-autoware_interface/msg_ws/install/autoware_auto_mapping_msgs:/mnt/hdd/autonomy/ws/Carla-autoware_interface/msg_ws/install/autoware_auto_geometry_msgs:/mnt/hdd/autonomy/ws/Carla-autoware_interface/msg_ws/install/autoware_auto_control_msgs:/opt/ros/humble /usr/bin/cmake /mnt/hdd/autonomy/ws/Carla-autoware_interface/deps_ws/src/autoware_utils/autoware_utils_math -DAMENT_CMAKE_SYMLINK_INSTALL=1 -DCMAKE_INSTALL_PREFIX=/mnt/hdd/autonomy/ws/Carla-autoware_interface/deps_ws/install/autoware_utils_math
[4.769s] Invoking command in '/mnt/hdd/autonomy/ws/Carla-autoware_interface/deps_ws/build/autoware_utils_math': AMENT_PREFIX_PATH=/mnt/hdd/autonomy/ws/Carla-autoware_interface/deps_ws/install/autoware_cmake:/mnt/hdd/autonomy/ws/Carla-autoware_interface/deps_ws/install/autoware_lint_common:${AMENT_PREFIX_PATH} CMAKE_PREFIX_PATH=/mnt/hdd/autonomy/ws/Carla-autoware_interface/deps_ws/install/autoware_cmake:/mnt/hdd/autonomy/ws/Carla-autoware_interface/deps_ws/install/autoware_lint_common:/mnt/hdd/autonomy/ws/Carla-autoware_interface/msg_ws/install/autoware_auto_msgs:/mnt/hdd/autonomy/ws/Carla-autoware_interface/msg_ws/install/autoware_auto_vehicle_msgs:/mnt/hdd/autonomy/ws/Carla-autoware_interface/msg_ws/install/autoware_auto_system_msgs:/mnt/hdd/autonomy/ws/Carla-autoware_interface/msg_ws/install/autoware_auto_planning_msgs:/mnt/hdd/autonomy/ws/Carla-autoware_interface/msg_ws/install/autoware_auto_perception_msgs:/mnt/hdd/autonomy/ws/Carla-autoware_interface/msg_ws/install/autoware_auto_mapping_msgs:/mnt/hdd/autonomy/ws/Carla-autoware_interface/msg_ws/install/autoware_auto_geometry_msgs:/mnt/hdd/autonomy/ws/Carla-autoware_interface/msg_ws/install/autoware_auto_control_msgs:/opt/ros/humble /usr/bin/cmake --build /mnt/hdd/autonomy/ws/Carla-autoware_interface/deps_ws/build/autoware_utils_math -- -j16 -l16
[5.547s] [  5%] Building CXX object CMakeFiles/autoware_utils_math.dir/src/sin_table.cpp.o
[6.057s] [ 11%] Building CXX object CMakeFiles/autoware_utils_math.dir/src/trigonometry.cpp.o
[6.702s] [ 17%] Linking CXX shared library libautoware_utils_math.so
[7.173s] [ 17%] Built target autoware_utils_math
[7.462s] [ 23%] Building CXX object gtest/CMakeFiles/gtest_main.dir/src/gtest_main.cc.o
[10.209s] [ 29%] Linking CXX static library libgtest_main.a
[10.627s] [ 29%] Built target gtest_main
[10.855s] [ 35%] Building CXX object gtest/CMakeFiles/gtest.dir/src/gtest-all.cc.o
[18.116s] [ 41%] Linking CXX static library libgtest.a
[18.588s] [ 41%] Built target gtest
[18.868s] [ 47%] Building CXX object CMakeFiles/test_autoware_utils_math.dir/test/cases/accumulator.cpp.o
[21.241s] [ 52%] Building CXX object CMakeFiles/test_autoware_utils_math.dir/test/main.cpp.o
[23.402s] [ 58%] Building CXX object CMakeFiles/test_autoware_utils_math.dir/test/cases/unit_conversion.cpp.o
[25.865s] [ 64%] Building CXX object CMakeFiles/test_autoware_utils_math.dir/test/cases/trigonometry.cpp.o
[28.534s] [ 70%] Building CXX object CMakeFiles/test_autoware_utils_math.dir/test/cases/range_linspace.cpp.o
[32.211s] [ 76%] Building CXX object CMakeFiles/test_autoware_utils_math.dir/test/cases/range_arange.cpp.o
[35.702s] [ 82%] Building CXX object CMakeFiles/test_autoware_utils_math.dir/test/cases/range.cpp.o
[38.877s] [ 88%] Building CXX object CMakeFiles/test_autoware_utils_math.dir/test/cases/normalization.cpp.o
[41.344s] [ 94%] Building CXX object CMakeFiles/test_autoware_utils_math.dir/test/cases/constants.cpp.o
[43.225s] [100%] Linking CXX executable test_autoware_utils_math
[44.029s] [100%] Built target test_autoware_utils_math
[44.434s] Invoked command in '/mnt/hdd/autonomy/ws/Carla-autoware_interface/deps_ws/build/autoware_utils_math' returned '0': AMENT_PREFIX_PATH=/mnt/hdd/autonomy/ws/Carla-autoware_interface/deps_ws/install/autoware_cmake:/mnt/hdd/autonomy/ws/Carla-autoware_interface/deps_ws/install/autoware_lint_common:${AMENT_PREFIX_PATH} CMAKE_PREFIX_PATH=/mnt/hdd/autonomy/ws/Carla-autoware_interface/deps_ws/install/autoware_cmake:/mnt/hdd/autonomy/ws/Carla-autoware_interface/deps_ws/install/autoware_lint_common:/mnt/hdd/autonomy/ws/Carla-autoware_interface/msg_ws/install/autoware_auto_msgs:/mnt/hdd/autonomy/ws/Carla-autoware_interface/msg_ws/install/autoware_auto_vehicle_msgs:/mnt/hdd/autonomy/ws/Carla-autoware_interface/msg_ws/install/autoware_auto_system_msgs:/mnt/hdd/autonomy/ws/Carla-autoware_interface/msg_ws/install/autoware_auto_planning_msgs:/mnt/hdd/autonomy/ws/Carla-autoware_interface/msg_ws/install/autoware_auto_perception_msgs:/mnt/hdd/autonomy/ws/Carla-autoware_interface/msg_ws/install/autoware_auto_mapping_msgs:/mnt/hdd/autonomy/ws/Carla-autoware_interface/msg_ws/install/autoware_auto_geometry_msgs:/mnt/hdd/autonomy/ws/Carla-autoware_interface/msg_ws/install/autoware_auto_control_msgs:/opt/ros/humble /usr/bin/cmake --build /mnt/hdd/autonomy/ws/Carla-autoware_interface/deps_ws/build/autoware_utils_math -- -j16 -l16
[44.435s] Invoking command in '/mnt/hdd/autonomy/ws/Carla-autoware_interface/deps_ws/build/autoware_utils_math': AMENT_PREFIX_PATH=/mnt/hdd/autonomy/ws/Carla-autoware_interface/deps_ws/install/autoware_cmake:/mnt/hdd/autonomy/ws/Carla-autoware_interface/deps_ws/install/autoware_lint_common:${AMENT_PREFIX_PATH} CMAKE_PREFIX_PATH=/mnt/hdd/autonomy/ws/Carla-autoware_interface/deps_ws/install/autoware_cmake:/mnt/hdd/autonomy/ws/Carla-autoware_interface/deps_ws/install/autoware_lint_common:/mnt/hdd/autonomy/ws/Carla-autoware_interface/msg_ws/install/autoware_auto_msgs:/mnt/hdd/autonomy/ws/Carla-autoware_interface/msg_ws/install/autoware_auto_vehicle_msgs:/mnt/hdd/autonomy/ws/Carla-autoware_interface/msg_ws/install/autoware_auto_system_msgs:/mnt/hdd/autonomy/ws/Carla-autoware_interface/msg_ws/install/autoware_auto_planning_msgs:/mnt/hdd/autonomy/ws/Carla-autoware_interface/msg_ws/install/autoware_auto_perception_msgs:/mnt/hdd/autonomy/ws/Carla-autoware_interface/msg_ws/install/autoware_auto_mapping_msgs:/mnt/hdd/autonomy/ws/Carla-autoware_interface/msg_ws/install/autoware_auto_geometry_msgs:/mnt/hdd/autonomy/ws/Carla-autoware_interface/msg_ws/install/autoware_auto_control_msgs:/opt/ros/humble /usr/bin/cmake --install /mnt/hdd/autonomy/ws/Carla-autoware_interface/deps_ws/build/autoware_utils_math
[44.483s] -- Install configuration: ""
[44.484s] -- Execute custom install script
[44.484s] -- Symlinking: /mnt/hdd/autonomy/ws/Carla-autoware_interface/deps_ws/install/autoware_utils_math/include/autoware_utils_math/accumulator.hpp
[44.533s] -- Symlinking: /mnt/hdd/autonomy/ws/Carla-autoware_interface/deps_ws/install/autoware_utils_math/include/autoware_utils_math/constants.hpp
[44.635s] -- Symlinking: /mnt/hdd/autonomy/ws/Carla-autoware_interface/deps_ws/install/autoware_utils_math/include/autoware_utils_math/normalization.hpp
[44.696s] -- Symlinking: /mnt/hdd/autonomy/ws/Carla-autoware_interface/deps_ws/install/autoware_utils_math/include/autoware_utils_math/range.hpp
[44.806s] -- Symlinking: /mnt/hdd/autonomy/ws/Carla-autoware_interface/deps_ws/install/autoware_utils_math/include/autoware_utils_math/sin_table.hpp
[44.863s] -- Symlinking: /mnt/hdd/autonomy/ws/Carla-autoware_interface/deps_ws/install/autoware_utils_math/include/autoware_utils_math/trigonometry.hpp
[44.944s] -- Symlinking: /mnt/hdd/autonomy/ws/Carla-autoware_interface/deps_ws/install/autoware_utils_math/include/autoware_utils_math/unit_conversion.hpp
[45.070s] -- Symlinking: /mnt/hdd/autonomy/ws/Carla-autoware_interface/deps_ws/install/autoware_utils_math/share/autoware_utils_math/environment/library_path.sh
[45.144s] -- Symlinking: /mnt/hdd/autonomy/ws/Carla-autoware_interface/deps_ws/install/autoware_utils_math/share/autoware_utils_math/environment/library_path.dsv
[45.236s] -- Symlinking: /mnt/hdd/autonomy/ws/Carla-autoware_interface/deps_ws/install/autoware_utils_math/lib/libautoware_utils_math.so
[45.320s] -- Symlinking: /mnt/hdd/autonomy/ws/Carla-autoware_interface/deps_ws/install/autoware_utils_math/share/ament_index/resource_index/package_run_dependencies/autoware_utils_math
[45.380s] -- Symlinking: /mnt/hdd/autonomy/ws/Carla-autoware_interface/deps_ws/install/autoware_utils_math/share/ament_index/resource_index/parent_prefix_path/autoware_utils_math
[45.450s] -- Symlinking: /mnt/hdd/autonomy/ws/Carla-autoware_interface/deps_ws/install/autoware_utils_math/share/autoware_utils_math/environment/ament_prefix_path.sh
[45.513s] -- Symlinking: /mnt/hdd/autonomy/ws/Carla-autoware_interface/deps_ws/install/autoware_utils_math/share/autoware_utils_math/environment/ament_prefix_path.dsv
[45.576s] -- Symlinking: /mnt/hdd/autonomy/ws/Carla-autoware_interface/deps_ws/install/autoware_utils_math/share/autoware_utils_math/environment/path.sh
[45.680s] -- Symlinking: /mnt/hdd/autonomy/ws/Carla-autoware_interface/deps_ws/install/autoware_utils_math/share/autoware_utils_math/environment/path.dsv
[45.763s] -- Symlinking: /mnt/hdd/autonomy/ws/Carla-autoware_interface/deps_ws/install/autoware_utils_math/share/autoware_utils_math/local_setup.bash
[45.807s] -- Symlinking: /mnt/hdd/autonomy/ws/Carla-autoware_interface/deps_ws/install/autoware_utils_math/share/autoware_utils_math/local_setup.sh
[45.917s] -- Symlinking: /mnt/hdd/autonomy/ws/Carla-autoware_interface/deps_ws/install/autoware_utils_math/share/autoware_utils_math/local_setup.zsh
[45.983s] -- Symlinking: /mnt/hdd/autonomy/ws/Carla-autoware_interface/deps_ws/install/autoware_utils_math/share/autoware_utils_math/local_setup.dsv
[46.081s] -- Symlinking: /mnt/hdd/autonomy/ws/Carla-autoware_interface/deps_ws/install/autoware_utils_math/share/autoware_utils_math/package.dsv
[46.152s] -- Symlinking: /mnt/hdd/autonomy/ws/Carla-autoware_interface/deps_ws/install/autoware_utils_math/share/ament_index/resource_index/packages/autoware_utils_math
[46.231s] -- Symlinking: /mnt/hdd/autonomy/ws/Carla-autoware_interface/deps_ws/install/autoware_utils_math/share/autoware_utils_math/cmake/ament_cmake_export_include_directories-extras.cmake
[46.313s] -- Symlinking: /mnt/hdd/autonomy/ws/Carla-autoware_interface/deps_ws/install/autoware_utils_math/share/autoware_utils_math/cmake/ament_cmake_export_libraries-extras.cmake
[46.381s] -- Symlinking: /mnt/hdd/autonomy/ws/Carla-autoware_interface/deps_ws/install/autoware_utils_math/share/autoware_utils_math/cmake/autoware_utils_mathConfig.cmake
[46.490s] -- Symlinking: /mnt/hdd/autonomy/ws/Carla-autoware_interface/deps_ws/install/autoware_utils_math/share/autoware_utils_math/cmake/autoware_utils_mathConfig-version.cmake
[46.546s] -- Symlinking: /mnt/hdd/autonomy/ws/Carla-autoware_interface/deps_ws/install/autoware_utils_math/share/autoware_utils_math/package.xml
[46.672s] Invoked command in '/mnt/hdd/autonomy/ws/Carla-autoware_interface/deps_ws/build/autoware_utils_math' returned '0': AMENT_PREFIX_PATH=/mnt/hdd/autonomy/ws/Carla-autoware_interface/deps_ws/install/autoware_cmake:/mnt/hdd/autonomy/ws/Carla-autoware_interface/deps_ws/install/autoware_lint_common:${AMENT_PREFIX_PATH} CMAKE_PREFIX_PATH=/mnt/hdd/autonomy/ws/Carla-autoware_interface/deps_ws/install/autoware_cmake:/mnt/hdd/autonomy/ws/Carla-autoware_interface/deps_ws/install/autoware_lint_common:/mnt/hdd/autonomy/ws/Carla-autoware_interface/msg_ws/install/autoware_auto_msgs:/mnt/hdd/autonomy/ws/Carla-autoware_interface/msg_ws/install/autoware_auto_vehicle_msgs:/mnt/hdd/autonomy/ws/Carla-autoware_interface/msg_ws/install/autoware_auto_system_msgs:/mnt/hdd/autonomy/ws/Carla-autoware_interface/msg_ws/install/autoware_auto_planning_msgs:/mnt/hdd/autonomy/ws/Carla-autoware_interface/msg_ws/install/autoware_auto_perception_msgs:/mnt/hdd/autonomy/ws/Carla-autoware_interface/msg_ws/install/autoware_auto_mapping_msgs:/mnt/hdd/autonomy/ws/Carla-autoware_interface/msg_ws/install/autoware_auto_geometry_msgs:/mnt/hdd/autonomy/ws/Carla-autoware_interface/msg_ws/install/autoware_auto_control_msgs:/opt/ros/humble /usr/bin/cmake --install /mnt/hdd/autonomy/ws/Carla-autoware_interface/deps_ws/build/autoware_utils_math
