-- Found ament_cmake: 1.3.12 (/opt/ros/humble/share/ament_cmake/cmake)
-- Override CMake install command with custom implementation using symlinks instead of copying resources
-- Found rclcpp: 16.0.17 (/opt/ros/humble/share/rclcpp/cmake)
-- Found rosidl_generator_c: 3.1.8 (/opt/ros/humble/share/rosidl_generator_c/cmake)
-- Found rosidl_adapter: 3.1.8 (/opt/ros/humble/share/rosidl_adapter/cmake)
-- Found rosidl_generator_cpp: 3.1.8 (/opt/ros/humble/share/rosidl_generator_cpp/cmake)
-- Using all available rosidl_typesupport_c: rosidl_typesupport_fastrtps_c;rosidl_typesupport_introspection_c
-- Using all available rosidl_typesupport_cpp: rosidl_typesupport_fastrtps_cpp;rosidl_typesupport_introspection_cpp
-- Found rmw_implementation_cmake: 6.1.2 (/opt/ros/humble/share/rmw_implementation_cmake/cmake)
-- Found rmw_cyclonedds_cpp: 1.3.4 (/opt/ros/humble/share/rmw_cyclonedds_cpp/cmake)
-- Using RMW implementation 'rmw_cyclonedds_cpp' as default
-- Found autoware_auto_control_msgs: 1.0.0 (/mnt/hdd/autonomy/ws/Carla-autoware_interface/msg_ws/install/autoware_auto_control_msgs/share/autoware_auto_control_msgs/cmake)
-- Found autoware_control_msgs: 1.11.0 (/mnt/hdd/autonomy/ws/Carla-autoware_interface/deps_ws/install/autoware_control_msgs/share/autoware_control_msgs/cmake)
-- Found autoware_auto_vehicle_msgs: 1.0.0 (/mnt/hdd/autonomy/ws/Carla-autoware_interface/msg_ws/install/autoware_auto_vehicle_msgs/share/autoware_auto_vehicle_msgs/cmake)
-- Found autoware_vehicle_msgs: 1.11.0 (/mnt/hdd/autonomy/ws/Carla-autoware_interface/deps_ws/install/autoware_vehicle_msgs/share/autoware_vehicle_msgs/cmake)
-- Configuring done
-- Generating done
-- Build files have been written to: /mnt/hdd/autonomy/ws/Carla-autoware_interface/bridge_ws/build/carla_autoware_type_bridge
Consolidate compiler generated dependencies of target vehicle_status_bridge_node
Consolidate compiler generated dependencies of target control_cmd_bridge_node
[100%] Built target vehicle_status_bridge_node
[100%] Built target control_cmd_bridge_node
-- Install configuration: ""
-- Execute custom install script
-- Up-to-date symlink: /mnt/hdd/autonomy/ws/Carla-autoware_interface/bridge_ws/install/carla_autoware_type_bridge/lib/carla_autoware_type_bridge/vehicle_status_bridge_node
-- Up-to-date symlink: /mnt/hdd/autonomy/ws/Carla-autoware_interface/bridge_ws/install/carla_autoware_type_bridge/lib/carla_autoware_type_bridge/control_cmd_bridge_node
-- Up-to-date symlink: /mnt/hdd/autonomy/ws/Carla-autoware_interface/bridge_ws/install/carla_autoware_type_bridge/share/carla_autoware_type_bridge/launch/bridges.launch.py
-- Up-to-date symlink: /mnt/hdd/autonomy/ws/Carla-autoware_interface/bridge_ws/install/carla_autoware_type_bridge/share/ament_index/resource_index/package_run_dependencies/carla_autoware_type_bridge
-- Up-to-date symlink: /mnt/hdd/autonomy/ws/Carla-autoware_interface/bridge_ws/install/carla_autoware_type_bridge/share/ament_index/resource_index/parent_prefix_path/carla_autoware_type_bridge
-- Up-to-date symlink: /mnt/hdd/autonomy/ws/Carla-autoware_interface/bridge_ws/install/carla_autoware_type_bridge/share/carla_autoware_type_bridge/environment/ament_prefix_path.sh
-- Up-to-date symlink: /mnt/hdd/autonomy/ws/Carla-autoware_interface/bridge_ws/install/carla_autoware_type_bridge/share/carla_autoware_type_bridge/environment/ament_prefix_path.dsv
-- Up-to-date symlink: /mnt/hdd/autonomy/ws/Carla-autoware_interface/bridge_ws/install/carla_autoware_type_bridge/share/carla_autoware_type_bridge/environment/path.sh
-- Up-to-date symlink: /mnt/hdd/autonomy/ws/Carla-autoware_interface/bridge_ws/install/carla_autoware_type_bridge/share/carla_autoware_type_bridge/environment/path.dsv
-- Up-to-date symlink: /mnt/hdd/autonomy/ws/Carla-autoware_interface/bridge_ws/install/carla_autoware_type_bridge/share/carla_autoware_type_bridge/local_setup.bash
-- Up-to-date symlink: /mnt/hdd/autonomy/ws/Carla-autoware_interface/bridge_ws/install/carla_autoware_type_bridge/share/carla_autoware_type_bridge/local_setup.sh
-- Up-to-date symlink: /mnt/hdd/autonomy/ws/Carla-autoware_interface/bridge_ws/install/carla_autoware_type_bridge/share/carla_autoware_type_bridge/local_setup.zsh
-- Up-to-date symlink: /mnt/hdd/autonomy/ws/Carla-autoware_interface/bridge_ws/install/carla_autoware_type_bridge/share/carla_autoware_type_bridge/local_setup.dsv
-- Symlinking: /mnt/hdd/autonomy/ws/Carla-autoware_interface/bridge_ws/install/carla_autoware_type_bridge/share/carla_autoware_type_bridge/package.dsv
-- Up-to-date symlink: /mnt/hdd/autonomy/ws/Carla-autoware_interface/bridge_ws/install/carla_autoware_type_bridge/share/ament_index/resource_index/packages/carla_autoware_type_bridge
-- Up-to-date symlink: /mnt/hdd/autonomy/ws/Carla-autoware_interface/bridge_ws/install/carla_autoware_type_bridge/share/carla_autoware_type_bridge/cmake/carla_autoware_type_bridgeConfig.cmake
-- Up-to-date symlink: /mnt/hdd/autonomy/ws/Carla-autoware_interface/bridge_ws/install/carla_autoware_type_bridge/share/carla_autoware_type_bridge/cmake/carla_autoware_type_bridgeConfig-version.cmake
-- Up-to-date symlink: /mnt/hdd/autonomy/ws/Carla-autoware_interface/bridge_ws/install/carla_autoware_type_bridge/share/carla_autoware_type_bridge/package.xml
