[0.275s] Invoking command in '/mnt/hdd/autonomy/ws/Carla-autoware_interface/bridge_ws/build/carla_autoware_type_bridge': CMAKE_PREFIX_PATH=${CMAKE_PREFIX_PATH}:/opt/ros/humble /usr/bin/cmake /mnt/hdd/autonomy/ws/Carla-autoware_interface/bridge_ws/src/carla_autoware_type_bridge -DAMENT_CMAKE_SYMLINK_INSTALL=1 -DCMAKE_INSTALL_PREFIX=/mnt/hdd/autonomy/ws/Carla-autoware_interface/bridge_ws/install/carla_autoware_type_bridge
[0.286s] -- Found ament_cmake: 1.3.12 (/opt/ros/humble/share/ament_cmake/cmake)
[0.407s] -- Override CMake install command with custom implementation using symlinks instead of copying resources
[0.412s] -- Found rclcpp: 16.0.17 (/opt/ros/humble/share/rclcpp/cmake)
[0.436s] -- Found rosidl_generator_c: 3.1.8 (/opt/ros/humble/share/rosidl_generator_c/cmake)
[0.437s] -- Found rosidl_adapter: 3.1.8 (/opt/ros/humble/share/rosidl_adapter/cmake)
[0.442s] -- Found rosidl_generator_cpp: 3.1.8 (/opt/ros/humble/share/rosidl_generator_cpp/cmake)
[0.450s] -- Using all available rosidl_typesupport_c: rosidl_typesupport_fastrtps_c;rosidl_typesupport_introspection_c
[0.461s] -- Using all available rosidl_typesupport_cpp: rosidl_typesupport_fastrtps_cpp;rosidl_typesupport_introspection_cpp
[0.488s] -- Found rmw_implementation_cmake: 6.1.2 (/opt/ros/humble/share/rmw_implementation_cmake/cmake)
[0.491s] -- Found rmw_cyclonedds_cpp: 1.3.4 (/opt/ros/humble/share/rmw_cyclonedds_cpp/cmake)
[0.512s] -- Using RMW implementation 'rmw_cyclonedds_cpp' as default
[0.549s] -- Found autoware_auto_control_msgs: 1.0.0 (/mnt/hdd/autonomy/ws/Carla-autoware_interface/msg_ws/install/autoware_auto_control_msgs/share/autoware_auto_control_msgs/cmake)
[0.559s] -- Found autoware_control_msgs: 1.11.0 (/mnt/hdd/autonomy/ws/Carla-autoware_interface/deps_ws/install/autoware_control_msgs/share/autoware_control_msgs/cmake)
[0.586s] -- Found autoware_auto_vehicle_msgs: 1.0.0 (/mnt/hdd/autonomy/ws/Carla-autoware_interface/msg_ws/install/autoware_auto_vehicle_msgs/share/autoware_auto_vehicle_msgs/cmake)
[0.703s] -- Found autoware_vehicle_msgs: 1.11.0 (/mnt/hdd/autonomy/ws/Carla-autoware_interface/deps_ws/install/autoware_vehicle_msgs/share/autoware_vehicle_msgs/cmake)
[0.829s] -- Configuring done
[0.843s] -- Generating done
[0.848s] -- Build files have been written to: /mnt/hdd/autonomy/ws/Carla-autoware_interface/bridge_ws/build/carla_autoware_type_bridge
[0.854s] Invoked command in '/mnt/hdd/autonomy/ws/Carla-autoware_interface/bridge_ws/build/carla_autoware_type_bridge' returned '0': CMAKE_PREFIX_PATH=${CMAKE_PREFIX_PATH}:/opt/ros/humble /usr/bin/cmake /mnt/hdd/autonomy/ws/Carla-autoware_interface/bridge_ws/src/carla_autoware_type_bridge -DAMENT_CMAKE_SYMLINK_INSTALL=1 -DCMAKE_INSTALL_PREFIX=/mnt/hdd/autonomy/ws/Carla-autoware_interface/bridge_ws/install/carla_autoware_type_bridge
[0.855s] Invoking command in '/mnt/hdd/autonomy/ws/Carla-autoware_interface/bridge_ws/build/carla_autoware_type_bridge': CMAKE_PREFIX_PATH=${CMAKE_PREFIX_PATH}:/opt/ros/humble /usr/bin/cmake --build /mnt/hdd/autonomy/ws/Carla-autoware_interface/bridge_ws/build/carla_autoware_type_bridge -- -j16 -l16
[0.895s] Consolidate compiler generated dependencies of target vehicle_status_bridge_node
[0.895s] Consolidate compiler generated dependencies of target control_cmd_bridge_node
[0.907s] [100%] Built target vehicle_status_bridge_node
[0.907s] [100%] Built target control_cmd_bridge_node
[0.917s] Invoked command in '/mnt/hdd/autonomy/ws/Carla-autoware_interface/bridge_ws/build/carla_autoware_type_bridge' returned '0': CMAKE_PREFIX_PATH=${CMAKE_PREFIX_PATH}:/opt/ros/humble /usr/bin/cmake --build /mnt/hdd/autonomy/ws/Carla-autoware_interface/bridge_ws/build/carla_autoware_type_bridge -- -j16 -l16
[0.925s] Invoking command in '/mnt/hdd/autonomy/ws/Carla-autoware_interface/bridge_ws/build/carla_autoware_type_bridge': CMAKE_PREFIX_PATH=${CMAKE_PREFIX_PATH}:/opt/ros/humble /usr/bin/cmake --install /mnt/hdd/autonomy/ws/Carla-autoware_interface/bridge_ws/build/carla_autoware_type_bridge
[0.932s] -- Install configuration: ""
[0.933s] -- Execute custom install script
[0.933s] -- Up-to-date symlink: /mnt/hdd/autonomy/ws/Carla-autoware_interface/bridge_ws/install/carla_autoware_type_bridge/lib/carla_autoware_type_bridge/vehicle_status_bridge_node
[0.933s] -- Up-to-date symlink: /mnt/hdd/autonomy/ws/Carla-autoware_interface/bridge_ws/install/carla_autoware_type_bridge/lib/carla_autoware_type_bridge/control_cmd_bridge_node
[0.933s] -- Up-to-date symlink: /mnt/hdd/autonomy/ws/Carla-autoware_interface/bridge_ws/install/carla_autoware_type_bridge/share/carla_autoware_type_bridge/launch/bridges.launch.py
[0.933s] -- Up-to-date symlink: /mnt/hdd/autonomy/ws/Carla-autoware_interface/bridge_ws/install/carla_autoware_type_bridge/share/ament_index/resource_index/package_run_dependencies/carla_autoware_type_bridge
[0.933s] -- Up-to-date symlink: /mnt/hdd/autonomy/ws/Carla-autoware_interface/bridge_ws/install/carla_autoware_type_bridge/share/ament_index/resource_index/parent_prefix_path/carla_autoware_type_bridge
[0.934s] -- Up-to-date symlink: /mnt/hdd/autonomy/ws/Carla-autoware_interface/bridge_ws/install/carla_autoware_type_bridge/share/carla_autoware_type_bridge/environment/ament_prefix_path.sh
[0.934s] -- Up-to-date symlink: /mnt/hdd/autonomy/ws/Carla-autoware_interface/bridge_ws/install/carla_autoware_type_bridge/share/carla_autoware_type_bridge/environment/ament_prefix_path.dsv
[0.934s] -- Up-to-date symlink: /mnt/hdd/autonomy/ws/Carla-autoware_interface/bridge_ws/install/carla_autoware_type_bridge/share/carla_autoware_type_bridge/environment/path.sh
[0.934s] -- Up-to-date symlink: /mnt/hdd/autonomy/ws/Carla-autoware_interface/bridge_ws/install/carla_autoware_type_bridge/share/carla_autoware_type_bridge/environment/path.dsv
[0.934s] -- Up-to-date symlink: /mnt/hdd/autonomy/ws/Carla-autoware_interface/bridge_ws/install/carla_autoware_type_bridge/share/carla_autoware_type_bridge/local_setup.bash
[0.934s] -- Up-to-date symlink: /mnt/hdd/autonomy/ws/Carla-autoware_interface/bridge_ws/install/carla_autoware_type_bridge/share/carla_autoware_type_bridge/local_setup.sh
[0.934s] -- Up-to-date symlink: /mnt/hdd/autonomy/ws/Carla-autoware_interface/bridge_ws/install/carla_autoware_type_bridge/share/carla_autoware_type_bridge/local_setup.zsh
[0.934s] -- Up-to-date symlink: /mnt/hdd/autonomy/ws/Carla-autoware_interface/bridge_ws/install/carla_autoware_type_bridge/share/carla_autoware_type_bridge/local_setup.dsv
[0.934s] -- Symlinking: /mnt/hdd/autonomy/ws/Carla-autoware_interface/bridge_ws/install/carla_autoware_type_bridge/share/carla_autoware_type_bridge/package.dsv
[0.943s] -- Up-to-date symlink: /mnt/hdd/autonomy/ws/Carla-autoware_interface/bridge_ws/install/carla_autoware_type_bridge/share/ament_index/resource_index/packages/carla_autoware_type_bridge
[0.943s] -- Up-to-date symlink: /mnt/hdd/autonomy/ws/Carla-autoware_interface/bridge_ws/install/carla_autoware_type_bridge/share/carla_autoware_type_bridge/cmake/carla_autoware_type_bridgeConfig.cmake
[0.943s] -- Up-to-date symlink: /mnt/hdd/autonomy/ws/Carla-autoware_interface/bridge_ws/install/carla_autoware_type_bridge/share/carla_autoware_type_bridge/cmake/carla_autoware_type_bridgeConfig-version.cmake
[0.943s] -- Up-to-date symlink: /mnt/hdd/autonomy/ws/Carla-autoware_interface/bridge_ws/install/carla_autoware_type_bridge/share/carla_autoware_type_bridge/package.xml
[0.944s] Invoked command in '/mnt/hdd/autonomy/ws/Carla-autoware_interface/bridge_ws/build/carla_autoware_type_bridge' returned '0': CMAKE_PREFIX_PATH=${CMAKE_PREFIX_PATH}:/opt/ros/humble /usr/bin/cmake --install /mnt/hdd/autonomy/ws/Carla-autoware_interface/bridge_ws/build/carla_autoware_type_bridge
