running develop
running egg_info
creating carla_autonomy_bridge.egg-info
writing carla_autonomy_bridge.egg-info/PKG-INFO
writing dependency_links to carla_autonomy_bridge.egg-info/dependency_links.txt
writing entry points to carla_autonomy_bridge.egg-info/entry_points.txt
writing requirements to carla_autonomy_bridge.egg-info/requires.txt
writing top-level names to carla_autonomy_bridge.egg-info/top_level.txt
writing manifest file 'carla_autonomy_bridge.egg-info/SOURCES.txt'
reading manifest file 'carla_autonomy_bridge.egg-info/SOURCES.txt'
writing manifest file 'carla_autonomy_bridge.egg-info/SOURCES.txt'
running build_ext
Creating /mnt/hdd/autonomy/ws/Carla-autoware_interface/bridge_ws/install/carla_autonomy_bridge/lib/python3.10/site-packages/carla-autonomy-bridge.egg-link (link to .)
Installing imu_relay script to /mnt/hdd/autonomy/ws/Carla-autoware_interface/bridge_ws/install/carla_autonomy_bridge/lib/carla_autonomy_bridge
Installing pointcloud_relay script to /mnt/hdd/autonomy/ws/Carla-autoware_interface/bridge_ws/install/carla_autonomy_bridge/lib/carla_autonomy_bridge

Installed /mnt/hdd/autonomy/ws/Carla-autoware_interface/bridge_ws/build/carla_autonomy_bridge
running symlink_data
creating /mnt/hdd/autonomy/ws/Carla-autoware_interface/bridge_ws/install/carla_autonomy_bridge/share
creating /mnt/hdd/autonomy/ws/Carla-autoware_interface/bridge_ws/install/carla_autonomy_bridge/share/ament_index
creating /mnt/hdd/autonomy/ws/Carla-autoware_interface/bridge_ws/install/carla_autonomy_bridge/share/ament_index/resource_index
creating /mnt/hdd/autonomy/ws/Carla-autoware_interface/bridge_ws/install/carla_autonomy_bridge/share/ament_index/resource_index/packages
symbolically linking /mnt/hdd/autonomy/ws/Carla-autoware_interface/bridge_ws/build/carla_autonomy_bridge/resource/carla_autonomy_bridge -> /mnt/hdd/autonomy/ws/Carla-autoware_interface/bridge_ws/install/carla_autonomy_bridge/share/ament_index/resource_index/packages
creating /mnt/hdd/autonomy/ws/Carla-autoware_interface/bridge_ws/install/carla_autonomy_bridge/share/carla_autonomy_bridge
symbolically linking /mnt/hdd/autonomy/ws/Carla-autoware_interface/bridge_ws/build/carla_autonomy_bridge/package.xml -> /mnt/hdd/autonomy/ws/Carla-autoware_interface/bridge_ws/install/carla_autonomy_bridge/share/carla_autonomy_bridge
creating /mnt/hdd/autonomy/ws/Carla-autoware_interface/bridge_ws/install/carla_autonomy_bridge/share/carla_autonomy_bridge/launch
symbolically linking /mnt/hdd/autonomy/ws/Carla-autoware_interface/bridge_ws/build/carla_autonomy_bridge/launch/relays.launch.py -> /mnt/hdd/autonomy/ws/Carla-autoware_interface/bridge_ws/install/carla_autonomy_bridge/share/carla_autonomy_bridge/launch
symbolically linking /mnt/hdd/autonomy/ws/Carla-autoware_interface/bridge_ws/build/carla_autonomy_bridge/launch/bridge_with_relays.launch.py -> /mnt/hdd/autonomy/ws/Carla-autoware_interface/bridge_ws/install/carla_autonomy_bridge/share/carla_autonomy_bridge/launch
symbolically linking /mnt/hdd/autonomy/ws/Carla-autoware_interface/bridge_ws/build/carla_autonomy_bridge/launch/carla_interface_with_preprocessor.launch.py -> /mnt/hdd/autonomy/ws/Carla-autoware_interface/bridge_ws/install/carla_autonomy_bridge/share/carla_autonomy_bridge/launch
symbolically linking /mnt/hdd/autonomy/ws/Carla-autoware_interface/bridge_ws/build/carla_autonomy_bridge/launch/carla_pointcloud_preprocessor.launch.py -> /mnt/hdd/autonomy/ws/Carla-autoware_interface/bridge_ws/install/carla_autonomy_bridge/share/carla_autonomy_bridge/launch
