[1.372s] Invoking command in '/mnt/hdd/autonomy/ws/Carla-autoware_interface/bridge_ws/build/carla_autonomy_bridge': PYTHONPATH=/mnt/hdd/autonomy/ws/Carla-autoware_interface/bridge_ws/build/carla_autonomy_bridge/prefix_override:/usr/lib/python3/dist-packages/colcon_core/task/python/colcon_distutils_commands:/mnt/hdd/autonomy/ws/Carla-autoware_interface/bridge_ws/install/carla_autonomy_bridge/lib/python3.10/site-packages:${PYTHONPATH} /usr/bin/python3 -W ignore:setup.py install is deprecated -W ignore:easy_install command is deprecated setup.py develop --editable --build-directory /mnt/hdd/autonomy/ws/Carla-autoware_interface/bridge_ws/build/carla_autonomy_bridge/build --no-deps symlink_data
[1.826s] running develop
[2.169s] running egg_info
[2.169s] creating carla_autonomy_bridge.egg-info
[2.169s] writing carla_autonomy_bridge.egg-info/PKG-INFO
[2.169s] writing dependency_links to carla_autonomy_bridge.egg-info/dependency_links.txt
[2.170s] writing entry points to carla_autonomy_bridge.egg-info/entry_points.txt
[2.171s] writing requirements to carla_autonomy_bridge.egg-info/requires.txt
[2.171s] writing top-level names to carla_autonomy_bridge.egg-info/top_level.txt
[2.173s] writing manifest file 'carla_autonomy_bridge.egg-info/SOURCES.txt'
[2.176s] reading manifest file 'carla_autonomy_bridge.egg-info/SOURCES.txt'
[2.177s] writing manifest file 'carla_autonomy_bridge.egg-info/SOURCES.txt'
[2.246s] running build_ext
[2.246s] Creating /mnt/hdd/autonomy/ws/Carla-autoware_interface/bridge_ws/install/carla_autonomy_bridge/lib/python3.10/site-packages/carla-autonomy-bridge.egg-link (link to .)
[2.247s] Installing imu_relay script to /mnt/hdd/autonomy/ws/Carla-autoware_interface/bridge_ws/install/carla_autonomy_bridge/lib/carla_autonomy_bridge
[2.247s] Installing pointcloud_relay script to /mnt/hdd/autonomy/ws/Carla-autoware_interface/bridge_ws/install/carla_autonomy_bridge/lib/carla_autonomy_bridge
[2.247s] 
[2.247s] Installed /mnt/hdd/autonomy/ws/Carla-autoware_interface/bridge_ws/build/carla_autonomy_bridge
[2.247s] running symlink_data
[2.247s] creating /mnt/hdd/autonomy/ws/Carla-autoware_interface/bridge_ws/install/carla_autonomy_bridge/share
[2.247s] creating /mnt/hdd/autonomy/ws/Carla-autoware_interface/bridge_ws/install/carla_autonomy_bridge/share/ament_index
[2.247s] creating /mnt/hdd/autonomy/ws/Carla-autoware_interface/bridge_ws/install/carla_autonomy_bridge/share/ament_index/resource_index
[2.247s] creating /mnt/hdd/autonomy/ws/Carla-autoware_interface/bridge_ws/install/carla_autonomy_bridge/share/ament_index/resource_index/packages
[2.247s] symbolically linking /mnt/hdd/autonomy/ws/Carla-autoware_interface/bridge_ws/build/carla_autonomy_bridge/resource/carla_autonomy_bridge -> /mnt/hdd/autonomy/ws/Carla-autoware_interface/bridge_ws/install/carla_autonomy_bridge/share/ament_index/resource_index/packages
[2.248s] creating /mnt/hdd/autonomy/ws/Carla-autoware_interface/bridge_ws/install/carla_autonomy_bridge/share/carla_autonomy_bridge
[2.248s] symbolically linking /mnt/hdd/autonomy/ws/Carla-autoware_interface/bridge_ws/build/carla_autonomy_bridge/package.xml -> /mnt/hdd/autonomy/ws/Carla-autoware_interface/bridge_ws/install/carla_autonomy_bridge/share/carla_autonomy_bridge
[2.248s] creating /mnt/hdd/autonomy/ws/Carla-autoware_interface/bridge_ws/install/carla_autonomy_bridge/share/carla_autonomy_bridge/launch
[2.248s] symbolically linking /mnt/hdd/autonomy/ws/Carla-autoware_interface/bridge_ws/build/carla_autonomy_bridge/launch/relays.launch.py -> /mnt/hdd/autonomy/ws/Carla-autoware_interface/bridge_ws/install/carla_autonomy_bridge/share/carla_autonomy_bridge/launch
[2.248s] symbolically linking /mnt/hdd/autonomy/ws/Carla-autoware_interface/bridge_ws/build/carla_autonomy_bridge/launch/bridge_with_relays.launch.py -> /mnt/hdd/autonomy/ws/Carla-autoware_interface/bridge_ws/install/carla_autonomy_bridge/share/carla_autonomy_bridge/launch
[2.248s] symbolically linking /mnt/hdd/autonomy/ws/Carla-autoware_interface/bridge_ws/build/carla_autonomy_bridge/launch/carla_interface_with_preprocessor.launch.py -> /mnt/hdd/autonomy/ws/Carla-autoware_interface/bridge_ws/install/carla_autonomy_bridge/share/carla_autonomy_bridge/launch
[2.248s] symbolically linking /mnt/hdd/autonomy/ws/Carla-autoware_interface/bridge_ws/build/carla_autonomy_bridge/launch/carla_pointcloud_preprocessor.launch.py -> /mnt/hdd/autonomy/ws/Carla-autoware_interface/bridge_ws/install/carla_autonomy_bridge/share/carla_autonomy_bridge/launch
[2.342s] Invoked command in '/mnt/hdd/autonomy/ws/Carla-autoware_interface/bridge_ws/build/carla_autonomy_bridge' returned '0': PYTHONPATH=/mnt/hdd/autonomy/ws/Carla-autoware_interface/bridge_ws/build/carla_autonomy_bridge/prefix_override:/usr/lib/python3/dist-packages/colcon_core/task/python/colcon_distutils_commands:/mnt/hdd/autonomy/ws/Carla-autoware_interface/bridge_ws/install/carla_autonomy_bridge/lib/python3.10/site-packages:${PYTHONPATH} /usr/bin/python3 -W ignore:setup.py install is deprecated -W ignore:easy_install command is deprecated setup.py develop --editable --build-directory /mnt/hdd/autonomy/ws/Carla-autoware_interface/bridge_ws/build/carla_autonomy_bridge/build --no-deps symlink_data
