[0.081s] Invoking command in '/mnt/hdd/autonomy/ws/Carla-autoware_interface/deps_ws/build/autoware_internal_perception_msgs': AMENT_PREFIX_PATH=/mnt/hdd/autonomy/ws/Carla-autoware_interface/deps_ws/install/autoware_perception_msgs:${AMENT_PREFIX_PATH} CMAKE_PREFIX_PATH=/mnt/hdd/autonomy/ws/Carla-autoware_interface/deps_ws/install/autoware_perception_msgs:/mnt/hdd/autonomy/ws/Carla-autoware_interface/msg_ws/install/autoware_auto_msgs:/mnt/hdd/autonomy/ws/Carla-autoware_interface/msg_ws/install/autoware_auto_vehicle_msgs:/mnt/hdd/autonomy/ws/Carla-autoware_interface/msg_ws/install/autoware_auto_system_msgs:/mnt/hdd/autonomy/ws/Carla-autoware_interface/msg_ws/install/autoware_auto_planning_msgs:/mnt/hdd/autonomy/ws/Carla-autoware_interface/msg_ws/install/autoware_auto_perception_msgs:/mnt/hdd/autonomy/ws/Carla-autoware_interface/msg_ws/install/autoware_auto_mapping_msgs:/mnt/hdd/autonomy/ws/Carla-autoware_interface/msg_ws/install/autoware_auto_geometry_msgs:/mnt/hdd/autonomy/ws/Carla-autoware_interface/msg_ws/install/autoware_auto_control_msgs:/opt/ros/humble LD_LIBRARY_PATH=/mnt/hdd/autonomy/ws/Carla-autoware_interface/deps_ws/install/autoware_perception_msgs/lib:${LD_LIBRARY_PATH} PYTHONPATH=/mnt/hdd/autonomy/ws/Carla-autoware_interface/deps_ws/install/autoware_perception_msgs/local/lib/python3.10/dist-packages:${PYTHONPATH} /usr/bin/cmake /mnt/hdd/autonomy/ws/Carla-autoware_interface/deps_ws/src/autoware_internal_msgs/autoware_internal_perception_msgs -DAMENT_CMAKE_SYMLINK_INSTALL=1 -DCMAKE_INSTALL_PREFIX=/mnt/hdd/autonomy/ws/Carla-autoware_interface/deps_ws/install/autoware_internal_perception_msgs
[0.346s] -- The C compiler identification is GNU 11.4.0
[0.536s] -- The CXX compiler identification is GNU 11.4.0
[0.581s] -- Detecting C compiler ABI info
[1.027s] -- Detecting C compiler ABI info - done
[1.055s] -- Check for working C compiler: /usr/lib/ccache/gcc - skipped
[1.057s] -- Detecting C compile features
[1.057s] -- Detecting C compile features - done
[1.059s] -- Detecting CXX compiler ABI info
[1.448s] -- Detecting CXX compiler ABI info - done
[1.470s] -- Check for working CXX compiler: /usr/lib/ccache/g++ - skipped
[1.470s] -- Detecting CXX compile features
[1.470s] -- Detecting CXX compile features - done
[1.470s] -- Found ament_cmake_auto: 1.3.12 (/opt/ros/humble/share/ament_cmake_auto/cmake)
[2.031s] -- Found Python3: /usr/bin/python3 (found version "3.10.12") found components: Interpreter 
[2.168s] -- Override CMake install command with custom implementation using symlinks instead of copying resources
[2.455s] -- Found rosidl_generator_c: 3.1.8 (/opt/ros/humble/share/rosidl_generator_c/cmake)
[2.467s] -- Found rosidl_adapter: 3.1.8 (/opt/ros/humble/share/rosidl_adapter/cmake)
[2.481s] -- Found rosidl_generator_cpp: 3.1.8 (/opt/ros/humble/share/rosidl_generator_cpp/cmake)
[2.500s] -- Using all available rosidl_typesupport_c: rosidl_typesupport_fastrtps_c;rosidl_typesupport_introspection_c
[2.529s] -- Using all available rosidl_typesupport_cpp: rosidl_typesupport_fastrtps_cpp;rosidl_typesupport_introspection_cpp
[3.355s] -- Found ament_cmake_cppcheck: 0.12.14 (/opt/ros/humble/share/ament_cmake_cppcheck/cmake)
[3.365s] -- Found ament_cmake_cpplint: 0.12.14 (/opt/ros/humble/share/ament_cmake_cpplint/cmake)
[3.370s] -- Found ament_cmake_uncrustify: 0.12.14 (/opt/ros/humble/share/ament_cmake_uncrustify/cmake)
[3.377s] -- Found ament_cmake_ros: 0.10.0 (/opt/ros/humble/share/ament_cmake_ros/cmake)
[4.599s] -- Using all available rosidl_typesupport_c: rosidl_typesupport_fastrtps_c;rosidl_typesupport_introspection_c
[5.077s] -- Using all available rosidl_typesupport_cpp: rosidl_typesupport_fastrtps_cpp;rosidl_typesupport_introspection_cpp
[5.153s] -- Found PythonInterp: /usr/bin/python3 (found suitable version "3.10.12", minimum required is "3.6") 
[5.156s] -- Found python_cmake_module: 0.10.0 (/opt/ros/humble/share/python_cmake_module/cmake)
[5.236s] -- Found PythonLibs: /usr/lib/x86_64-linux-gnu/libpython3.10.so (found suitable version "3.10.12", minimum required is "3.5") 
[5.237s] -- Using PYTHON_EXECUTABLE: /usr/bin/python3
[5.237s] -- Using PYTHON_INCLUDE_DIRS: /usr/include/python3.10
[5.237s] -- Using PYTHON_LIBRARIES: /usr/lib/x86_64-linux-gnu/libpython3.10.so
[5.304s] -- Found PythonExtra: .so  
[5.541s] -- Found ament_cmake_flake8: 0.12.14 (/opt/ros/humble/share/ament_cmake_flake8/cmake)
[5.542s] -- Found ament_cmake_pep257: 0.12.14 (/opt/ros/humble/share/ament_cmake_pep257/cmake)
[5.556s] -- Configuring done
[5.639s] -- Generating done
[5.681s] -- Build files have been written to: /mnt/hdd/autonomy/ws/Carla-autoware_interface/deps_ws/build/autoware_internal_perception_msgs
[5.701s] Invoked command in '/mnt/hdd/autonomy/ws/Carla-autoware_interface/deps_ws/build/autoware_internal_perception_msgs' returned '0': AMENT_PREFIX_PATH=/mnt/hdd/autonomy/ws/Carla-autoware_interface/deps_ws/install/autoware_perception_msgs:${AMENT_PREFIX_PATH} CMAKE_PREFIX_PATH=/mnt/hdd/autonomy/ws/Carla-autoware_interface/deps_ws/install/autoware_perception_msgs:/mnt/hdd/autonomy/ws/Carla-autoware_interface/msg_ws/install/autoware_auto_msgs:/mnt/hdd/autonomy/ws/Carla-autoware_interface/msg_ws/install/autoware_auto_vehicle_msgs:/mnt/hdd/autonomy/ws/Carla-autoware_interface/msg_ws/install/autoware_auto_system_msgs:/mnt/hdd/autonomy/ws/Carla-autoware_interface/msg_ws/install/autoware_auto_planning_msgs:/mnt/hdd/autonomy/ws/Carla-autoware_interface/msg_ws/install/autoware_auto_perception_msgs:/mnt/hdd/autonomy/ws/Carla-autoware_interface/msg_ws/install/autoware_auto_mapping_msgs:/mnt/hdd/autonomy/ws/Carla-autoware_interface/msg_ws/install/autoware_auto_geometry_msgs:/mnt/hdd/autonomy/ws/Carla-autoware_interface/msg_ws/install/autoware_auto_control_msgs:/opt/ros/humble LD_LIBRARY_PATH=/mnt/hdd/autonomy/ws/Carla-autoware_interface/deps_ws/install/autoware_perception_msgs/lib:${LD_LIBRARY_PATH} PYTHONPATH=/mnt/hdd/autonomy/ws/Carla-autoware_interface/deps_ws/install/autoware_perception_msgs/local/lib/python3.10/dist-packages:${PYTHONPATH} /usr/bin/cmake /mnt/hdd/autonomy/ws/Carla-autoware_interface/deps_ws/src/autoware_internal_msgs/autoware_internal_perception_msgs -DAMENT_CMAKE_SYMLINK_INSTALL=1 -DCMAKE_INSTALL_PREFIX=/mnt/hdd/autonomy/ws/Carla-autoware_interface/deps_ws/install/autoware_internal_perception_msgs
[5.705s] Invoking command in '/mnt/hdd/autonomy/ws/Carla-autoware_interface/deps_ws/build/autoware_internal_perception_msgs': AMENT_PREFIX_PATH=/mnt/hdd/autonomy/ws/Carla-autoware_interface/deps_ws/install/autoware_perception_msgs:${AMENT_PREFIX_PATH} CMAKE_PREFIX_PATH=/mnt/hdd/autonomy/ws/Carla-autoware_interface/deps_ws/install/autoware_perception_msgs:/mnt/hdd/autonomy/ws/Carla-autoware_interface/msg_ws/install/autoware_auto_msgs:/mnt/hdd/autonomy/ws/Carla-autoware_interface/msg_ws/install/autoware_auto_vehicle_msgs:/mnt/hdd/autonomy/ws/Carla-autoware_interface/msg_ws/install/autoware_auto_system_msgs:/mnt/hdd/autonomy/ws/Carla-autoware_interface/msg_ws/install/autoware_auto_planning_msgs:/mnt/hdd/autonomy/ws/Carla-autoware_interface/msg_ws/install/autoware_auto_perception_msgs:/mnt/hdd/autonomy/ws/Carla-autoware_interface/msg_ws/install/autoware_auto_mapping_msgs:/mnt/hdd/autonomy/ws/Carla-autoware_interface/msg_ws/install/autoware_auto_geometry_msgs:/mnt/hdd/autonomy/ws/Carla-autoware_interface/msg_ws/install/autoware_auto_control_msgs:/opt/ros/humble LD_LIBRARY_PATH=/mnt/hdd/autonomy/ws/Carla-autoware_interface/deps_ws/install/autoware_perception_msgs/lib:${LD_LIBRARY_PATH} PYTHONPATH=/mnt/hdd/autonomy/ws/Carla-autoware_interface/deps_ws/install/autoware_perception_msgs/local/lib/python3.10/dist-packages:${PYTHONPATH} /usr/bin/cmake --build /mnt/hdd/autonomy/ws/Carla-autoware_interface/deps_ws/build/autoware_internal_perception_msgs -- -j16 -l16
[6.149s] [  3%] Generating C++ code for ROS interfaces
[6.958s] [  3%] Built target autoware_internal_perception_msgs__cpp
[7.205s] [  3%] Built target ament_cmake_python_symlink_autoware_internal_perception_msgs
[7.320s] [  6%] Generating C++ introspection for ROS interfaces
[7.998s] [  9%] Building CXX object CMakeFiles/autoware_internal_perception_msgs__rosidl_typesupport_introspection_cpp.dir/rosidl_typesupport_introspection_cpp/autoware_internal_perception_msgs/msg/detail/segmentation_mask__type_support.cpp.o
[8.691s] [ 12%] Linking CXX shared library libautoware_internal_perception_msgs__rosidl_typesupport_introspection_cpp.so
[9.038s] [ 12%] Built target autoware_internal_perception_msgs__rosidl_typesupport_introspection_cpp
[9.654s] running egg_info
[9.658s] creating autoware_internal_perception_msgs.egg-info
[9.658s] writing autoware_internal_perception_msgs.egg-info/PKG-INFO
[9.658s] writing dependency_links to autoware_internal_perception_msgs.egg-info/dependency_links.txt
[9.658s] writing top-level names to autoware_internal_perception_msgs.egg-info/top_level.txt
[9.658s] writing manifest file 'autoware_internal_perception_msgs.egg-info/SOURCES.txt'
[9.660s] reading manifest file 'autoware_internal_perception_msgs.egg-info/SOURCES.txt'
[9.660s] writing manifest file 'autoware_internal_perception_msgs.egg-info/SOURCES.txt'
[9.771s] [ 12%] Built target ament_cmake_python_build_autoware_internal_perception_msgs_egg
[9.851s] [ 16%] Generating C++ type support for eProsima Fast-RTPS
[10.483s] [ 19%] Building CXX object CMakeFiles/autoware_internal_perception_msgs__rosidl_typesupport_fastrtps_cpp.dir/rosidl_typesupport_fastrtps_cpp/autoware_internal_perception_msgs/msg/detail/dds_fastrtps/segmentation_mask__type_support.cpp.o
[11.249s] [ 22%] Linking CXX shared library libautoware_internal_perception_msgs__rosidl_typesupport_fastrtps_cpp.so
[11.564s] [ 22%] Built target autoware_internal_perception_msgs__rosidl_typesupport_fastrtps_cpp
[11.637s] [ 25%] Generating C++ type support dispatch for ROS interfaces
[12.101s] [ 29%] Building CXX object CMakeFiles/autoware_internal_perception_msgs__rosidl_typesupport_cpp.dir/rosidl_typesupport_cpp/autoware_internal_perception_msgs/msg/segmentation_mask__type_support.cpp.o
[12.701s] [ 32%] Linking CXX shared library libautoware_internal_perception_msgs__rosidl_typesupport_cpp.so
[12.917s] [ 32%] Built target autoware_internal_perception_msgs__rosidl_typesupport_cpp
[13.014s] [ 35%] Generating C code for ROS interfaces
[13.858s] [ 38%] Building C object CMakeFiles/autoware_internal_perception_msgs__rosidl_generator_c.dir/rosidl_generator_c/autoware_internal_perception_msgs/msg/detail/segmentation_mask__functions.c.o
[14.041s] [ 41%] Linking C shared library libautoware_internal_perception_msgs__rosidl_generator_c.so
[14.227s] [ 41%] Built target autoware_internal_perception_msgs__rosidl_generator_c
[14.324s] [ 45%] Generating C type support for eProsima Fast-RTPS
[14.898s] [ 48%] Building CXX object CMakeFiles/autoware_internal_perception_msgs__rosidl_typesupport_fastrtps_c.dir/rosidl_typesupport_fastrtps_c/autoware_internal_perception_msgs/msg/detail/segmentation_mask__type_support_c.cpp.o
[15.585s] [ 51%] Linking CXX shared library libautoware_internal_perception_msgs__rosidl_typesupport_fastrtps_c.so
[15.881s] [ 51%] Built target autoware_internal_perception_msgs__rosidl_typesupport_fastrtps_c
[15.976s] [ 54%] Generating C type support dispatch for ROS interfaces
[16.589s] [ 58%] Building CXX object CMakeFiles/autoware_internal_perception_msgs__rosidl_typesupport_c.dir/rosidl_typesupport_c/autoware_internal_perception_msgs/msg/segmentation_mask__type_support.cpp.o
[16.738s] [ 61%] Linking CXX shared library libautoware_internal_perception_msgs__rosidl_typesupport_c.so
[16.944s] [ 61%] Built target autoware_internal_perception_msgs__rosidl_typesupport_c
[17.064s] [ 64%] Generating C introspection for ROS interfaces
[17.709s] [ 67%] Building C object CMakeFiles/autoware_internal_perception_msgs__rosidl_typesupport_introspection_c.dir/rosidl_typesupport_introspection_c/autoware_internal_perception_msgs/msg/detail/segmentation_mask__type_support.c.o
[17.900s] [ 70%] Linking C shared library libautoware_internal_perception_msgs__rosidl_typesupport_introspection_c.so
[18.137s] [ 70%] Built target autoware_internal_perception_msgs__rosidl_typesupport_introspection_c
[18.305s] [ 70%] Built target autoware_internal_perception_msgs
[18.496s] [ 74%] Generating Python code for ROS interfaces
[19.477s] [ 74%] Built target autoware_internal_perception_msgs__py
[19.675s] [ 77%] Building C object CMakeFiles/autoware_internal_perception_msgs__rosidl_generator_py.dir/rosidl_generator_py/autoware_internal_perception_msgs/msg/_segmentation_mask_s.c.o
[19.977s] [ 80%] Linking C shared library rosidl_generator_py/autoware_internal_perception_msgs/libautoware_internal_perception_msgs__rosidl_generator_py.so
[20.185s] [ 80%] Built target autoware_internal_perception_msgs__rosidl_generator_py
[20.375s] [ 83%] Building C object CMakeFiles/autoware_internal_perception_msgs__rosidl_typesupport_fastrtps_c__pyext.dir/rosidl_generator_py/autoware_internal_perception_msgs/_autoware_internal_perception_msgs_s.ep.rosidl_typesupport_fastrtps_c.c.o
[20.659s] [ 87%] Linking C shared library rosidl_generator_py/autoware_internal_perception_msgs/autoware_internal_perception_msgs_s__rosidl_typesupport_fastrtps_c.cpython-310-x86_64-linux-gnu.so
[20.896s] [ 87%] Built target autoware_internal_perception_msgs__rosidl_typesupport_fastrtps_c__pyext
[21.059s] [ 90%] Building C object CMakeFiles/autoware_internal_perception_msgs__rosidl_typesupport_c__pyext.dir/rosidl_generator_py/autoware_internal_perception_msgs/_autoware_internal_perception_msgs_s.ep.rosidl_typesupport_c.c.o
[21.302s] [ 93%] Linking C shared library rosidl_generator_py/autoware_internal_perception_msgs/autoware_internal_perception_msgs_s__rosidl_typesupport_c.cpython-310-x86_64-linux-gnu.so
[21.529s] [ 93%] Built target autoware_internal_perception_msgs__rosidl_typesupport_c__pyext
[21.706s] [ 96%] Building C object CMakeFiles/autoware_internal_perception_msgs__rosidl_typesupport_introspection_c__pyext.dir/rosidl_generator_py/autoware_internal_perception_msgs/_autoware_internal_perception_msgs_s.ep.rosidl_typesupport_introspection_c.c.o
[22.004s] [100%] Linking C shared library rosidl_generator_py/autoware_internal_perception_msgs/autoware_internal_perception_msgs_s__rosidl_typesupport_introspection_c.cpython-310-x86_64-linux-gnu.so
[22.255s] [100%] Built target autoware_internal_perception_msgs__rosidl_typesupport_introspection_c__pyext
[22.310s] Invoked command in '/mnt/hdd/autonomy/ws/Carla-autoware_interface/deps_ws/build/autoware_internal_perception_msgs' returned '0': AMENT_PREFIX_PATH=/mnt/hdd/autonomy/ws/Carla-autoware_interface/deps_ws/install/autoware_perception_msgs:${AMENT_PREFIX_PATH} CMAKE_PREFIX_PATH=/mnt/hdd/autonomy/ws/Carla-autoware_interface/deps_ws/install/autoware_perception_msgs:/mnt/hdd/autonomy/ws/Carla-autoware_interface/msg_ws/install/autoware_auto_msgs:/mnt/hdd/autonomy/ws/Carla-autoware_interface/msg_ws/install/autoware_auto_vehicle_msgs:/mnt/hdd/autonomy/ws/Carla-autoware_interface/msg_ws/install/autoware_auto_system_msgs:/mnt/hdd/autonomy/ws/Carla-autoware_interface/msg_ws/install/autoware_auto_planning_msgs:/mnt/hdd/autonomy/ws/Carla-autoware_interface/msg_ws/install/autoware_auto_perception_msgs:/mnt/hdd/autonomy/ws/Carla-autoware_interface/msg_ws/install/autoware_auto_mapping_msgs:/mnt/hdd/autonomy/ws/Carla-autoware_interface/msg_ws/install/autoware_auto_geometry_msgs:/mnt/hdd/autonomy/ws/Carla-autoware_interface/msg_ws/install/autoware_auto_control_msgs:/opt/ros/humble LD_LIBRARY_PATH=/mnt/hdd/autonomy/ws/Carla-autoware_interface/deps_ws/install/autoware_perception_msgs/lib:${LD_LIBRARY_PATH} PYTHONPATH=/mnt/hdd/autonomy/ws/Carla-autoware_interface/deps_ws/install/autoware_perception_msgs/local/lib/python3.10/dist-packages:${PYTHONPATH} /usr/bin/cmake --build /mnt/hdd/autonomy/ws/Carla-autoware_interface/deps_ws/build/autoware_internal_perception_msgs -- -j16 -l16
[22.311s] Invoking command in '/mnt/hdd/autonomy/ws/Carla-autoware_interface/deps_ws/build/autoware_internal_perception_msgs': AMENT_PREFIX_PATH=/mnt/hdd/autonomy/ws/Carla-autoware_interface/deps_ws/install/autoware_perception_msgs:${AMENT_PREFIX_PATH} CMAKE_PREFIX_PATH=/mnt/hdd/autonomy/ws/Carla-autoware_interface/deps_ws/install/autoware_perception_msgs:/mnt/hdd/autonomy/ws/Carla-autoware_interface/msg_ws/install/autoware_auto_msgs:/mnt/hdd/autonomy/ws/Carla-autoware_interface/msg_ws/install/autoware_auto_vehicle_msgs:/mnt/hdd/autonomy/ws/Carla-autoware_interface/msg_ws/install/autoware_auto_system_msgs:/mnt/hdd/autonomy/ws/Carla-autoware_interface/msg_ws/install/autoware_auto_planning_msgs:/mnt/hdd/autonomy/ws/Carla-autoware_interface/msg_ws/install/autoware_auto_perception_msgs:/mnt/hdd/autonomy/ws/Carla-autoware_interface/msg_ws/install/autoware_auto_mapping_msgs:/mnt/hdd/autonomy/ws/Carla-autoware_interface/msg_ws/install/autoware_auto_geometry_msgs:/mnt/hdd/autonomy/ws/Carla-autoware_interface/msg_ws/install/autoware_auto_control_msgs:/opt/ros/humble LD_LIBRARY_PATH=/mnt/hdd/autonomy/ws/Carla-autoware_interface/deps_ws/install/autoware_perception_msgs/lib:${LD_LIBRARY_PATH} PYTHONPATH=/mnt/hdd/autonomy/ws/Carla-autoware_interface/deps_ws/install/autoware_perception_msgs/local/lib/python3.10/dist-packages:${PYTHONPATH} /usr/bin/cmake --install /mnt/hdd/autonomy/ws/Carla-autoware_interface/deps_ws/build/autoware_internal_perception_msgs
[22.382s] -- Install configuration: ""
[22.382s] -- Execute custom install script
[22.382s] -- Symlinking: /mnt/hdd/autonomy/ws/Carla-autoware_interface/deps_ws/install/autoware_internal_perception_msgs/share/ament_index/resource_index/rosidl_interfaces/autoware_internal_perception_msgs
[22.449s] -- Symlinking: /mnt/hdd/autonomy/ws/Carla-autoware_interface/deps_ws/install/autoware_internal_perception_msgs/include/autoware_internal_perception_msgs/autoware_internal_perception_msgs/msg/detail/segmentation_mask__functions.h
[22.509s] -- Symlinking: /mnt/hdd/autonomy/ws/Carla-autoware_interface/deps_ws/install/autoware_internal_perception_msgs/include/autoware_internal_perception_msgs/autoware_internal_perception_msgs/msg/detail/segmentation_mask__struct.h
[22.575s] -- Symlinking: /mnt/hdd/autonomy/ws/Carla-autoware_interface/deps_ws/install/autoware_internal_perception_msgs/include/autoware_internal_perception_msgs/autoware_internal_perception_msgs/msg/detail/segmentation_mask__type_support.h
[22.638s] -- Symlinking: /mnt/hdd/autonomy/ws/Carla-autoware_interface/deps_ws/install/autoware_internal_perception_msgs/include/autoware_internal_perception_msgs/autoware_internal_perception_msgs/msg/rosidl_generator_c__visibility_control.h
[22.713s] -- Symlinking: /mnt/hdd/autonomy/ws/Carla-autoware_interface/deps_ws/install/autoware_internal_perception_msgs/include/autoware_internal_perception_msgs/autoware_internal_perception_msgs/msg/segmentation_mask.h
[22.762s] -- Symlinking: /mnt/hdd/autonomy/ws/Carla-autoware_interface/deps_ws/install/autoware_internal_perception_msgs/share/autoware_internal_perception_msgs/environment/library_path.sh
[22.862s] -- Symlinking: /mnt/hdd/autonomy/ws/Carla-autoware_interface/deps_ws/install/autoware_internal_perception_msgs/share/autoware_internal_perception_msgs/environment/library_path.dsv
[22.915s] -- Symlinking: /mnt/hdd/autonomy/ws/Carla-autoware_interface/deps_ws/install/autoware_internal_perception_msgs/include/autoware_internal_perception_msgs/autoware_internal_perception_msgs/msg/detail/segmentation_mask__rosidl_typesupport_fastrtps_c.h
[22.996s] -- Symlinking: /mnt/hdd/autonomy/ws/Carla-autoware_interface/deps_ws/install/autoware_internal_perception_msgs/include/autoware_internal_perception_msgs/autoware_internal_perception_msgs/msg/rosidl_typesupport_fastrtps_c__visibility_control.h
[23.054s] -- Symlinking: /mnt/hdd/autonomy/ws/Carla-autoware_interface/deps_ws/install/autoware_internal_perception_msgs/include/autoware_internal_perception_msgs/autoware_internal_perception_msgs/msg/detail/segmentation_mask__builder.hpp
[23.133s] -- Symlinking: /mnt/hdd/autonomy/ws/Carla-autoware_interface/deps_ws/install/autoware_internal_perception_msgs/include/autoware_internal_perception_msgs/autoware_internal_perception_msgs/msg/detail/segmentation_mask__struct.hpp
[23.192s] -- Symlinking: /mnt/hdd/autonomy/ws/Carla-autoware_interface/deps_ws/install/autoware_internal_perception_msgs/include/autoware_internal_perception_msgs/autoware_internal_perception_msgs/msg/detail/segmentation_mask__traits.hpp
[23.272s] -- Symlinking: /mnt/hdd/autonomy/ws/Carla-autoware_interface/deps_ws/install/autoware_internal_perception_msgs/include/autoware_internal_perception_msgs/autoware_internal_perception_msgs/msg/detail/segmentation_mask__type_support.hpp
[23.335s] -- Symlinking: /mnt/hdd/autonomy/ws/Carla-autoware_interface/deps_ws/install/autoware_internal_perception_msgs/include/autoware_internal_perception_msgs/autoware_internal_perception_msgs/msg/rosidl_generator_cpp__visibility_control.hpp
[23.392s] -- Symlinking: /mnt/hdd/autonomy/ws/Carla-autoware_interface/deps_ws/install/autoware_internal_perception_msgs/include/autoware_internal_perception_msgs/autoware_internal_perception_msgs/msg/segmentation_mask.hpp
[23.465s] -- Symlinking: /mnt/hdd/autonomy/ws/Carla-autoware_interface/deps_ws/install/autoware_internal_perception_msgs/include/autoware_internal_perception_msgs/autoware_internal_perception_msgs/msg/detail/segmentation_mask__rosidl_typesupport_fastrtps_cpp.hpp
[23.496s] -- Symlinking: /mnt/hdd/autonomy/ws/Carla-autoware_interface/deps_ws/install/autoware_internal_perception_msgs/include/autoware_internal_perception_msgs/autoware_internal_perception_msgs/msg/rosidl_typesupport_fastrtps_cpp__visibility_control.h
[23.562s] -- Symlinking: /mnt/hdd/autonomy/ws/Carla-autoware_interface/deps_ws/install/autoware_internal_perception_msgs/include/autoware_internal_perception_msgs/autoware_internal_perception_msgs/msg/detail/segmentation_mask__rosidl_typesupport_introspection_c.h
[23.618s] -- Symlinking: /mnt/hdd/autonomy/ws/Carla-autoware_interface/deps_ws/install/autoware_internal_perception_msgs/include/autoware_internal_perception_msgs/autoware_internal_perception_msgs/msg/rosidl_typesupport_introspection_c__visibility_control.h
[23.675s] -- Symlinking: /mnt/hdd/autonomy/ws/Carla-autoware_interface/deps_ws/install/autoware_internal_perception_msgs/include/autoware_internal_perception_msgs/autoware_internal_perception_msgs/msg/detail/segmentation_mask__rosidl_typesupport_introspection_cpp.hpp
[23.768s] -- Symlinking: /mnt/hdd/autonomy/ws/Carla-autoware_interface/deps_ws/install/autoware_internal_perception_msgs/share/autoware_internal_perception_msgs/environment/pythonpath.sh
[23.835s] -- Symlinking: /mnt/hdd/autonomy/ws/Carla-autoware_interface/deps_ws/install/autoware_internal_perception_msgs/share/autoware_internal_perception_msgs/environment/pythonpath.dsv
[23.891s] -- Symlinking: /mnt/hdd/autonomy/ws/Carla-autoware_interface/deps_ws/install/autoware_internal_perception_msgs/local/lib/python3.10/dist-packages/autoware_internal_perception_msgs-1.12.1-py3.10.egg-info/PKG-INFO
[23.975s] -- Symlinking: /mnt/hdd/autonomy/ws/Carla-autoware_interface/deps_ws/install/autoware_internal_perception_msgs/local/lib/python3.10/dist-packages/autoware_internal_perception_msgs-1.12.1-py3.10.egg-info/SOURCES.txt
[24.039s] -- Symlinking: /mnt/hdd/autonomy/ws/Carla-autoware_interface/deps_ws/install/autoware_internal_perception_msgs/local/lib/python3.10/dist-packages/autoware_internal_perception_msgs-1.12.1-py3.10.egg-info/dependency_links.txt
[24.105s] -- Symlinking: /mnt/hdd/autonomy/ws/Carla-autoware_interface/deps_ws/install/autoware_internal_perception_msgs/local/lib/python3.10/dist-packages/autoware_internal_perception_msgs-1.12.1-py3.10.egg-info/top_level.txt
[24.148s] -- Symlinking: /mnt/hdd/autonomy/ws/Carla-autoware_interface/deps_ws/install/autoware_internal_perception_msgs/local/lib/python3.10/dist-packages/autoware_internal_perception_msgs/__init__.py
[24.237s] -- Symlinking: /mnt/hdd/autonomy/ws/Carla-autoware_interface/deps_ws/install/autoware_internal_perception_msgs/local/lib/python3.10/dist-packages/autoware_internal_perception_msgs/_autoware_internal_perception_msgs_s.ep.rosidl_typesupport_c.c
[24.297s] -- Symlinking: /mnt/hdd/autonomy/ws/Carla-autoware_interface/deps_ws/install/autoware_internal_perception_msgs/local/lib/python3.10/dist-packages/autoware_internal_perception_msgs/_autoware_internal_perception_msgs_s.ep.rosidl_typesupport_fastrtps_c.c
[24.382s] -- Symlinking: /mnt/hdd/autonomy/ws/Carla-autoware_interface/deps_ws/install/autoware_internal_perception_msgs/local/lib/python3.10/dist-packages/autoware_internal_perception_msgs/_autoware_internal_perception_msgs_s.ep.rosidl_typesupport_introspection_c.c
[24.427s] -- Symlinking: /mnt/hdd/autonomy/ws/Carla-autoware_interface/deps_ws/install/autoware_internal_perception_msgs/local/lib/python3.10/dist-packages/autoware_internal_perception_msgs/autoware_internal_perception_msgs_s__rosidl_typesupport_c.cpython-310-x86_64-linux-gnu.so
[24.491s] -- Symlinking: /mnt/hdd/autonomy/ws/Carla-autoware_interface/deps_ws/install/autoware_internal_perception_msgs/local/lib/python3.10/dist-packages/autoware_internal_perception_msgs/autoware_internal_perception_msgs_s__rosidl_typesupport_fastrtps_c.cpython-310-x86_64-linux-gnu.so
[24.559s] -- Symlinking: /mnt/hdd/autonomy/ws/Carla-autoware_interface/deps_ws/install/autoware_internal_perception_msgs/local/lib/python3.10/dist-packages/autoware_internal_perception_msgs/autoware_internal_perception_msgs_s__rosidl_typesupport_introspection_c.cpython-310-x86_64-linux-gnu.so
[24.600s] -- Symlinking: /mnt/hdd/autonomy/ws/Carla-autoware_interface/deps_ws/install/autoware_internal_perception_msgs/local/lib/python3.10/dist-packages/autoware_internal_perception_msgs/libautoware_internal_perception_msgs__rosidl_generator_py.so
[24.661s] -- Symlinking: /mnt/hdd/autonomy/ws/Carla-autoware_interface/deps_ws/install/autoware_internal_perception_msgs/local/lib/python3.10/dist-packages/autoware_internal_perception_msgs/msg/__init__.py
[24.732s] -- Symlinking: /mnt/hdd/autonomy/ws/Carla-autoware_interface/deps_ws/install/autoware_internal_perception_msgs/local/lib/python3.10/dist-packages/autoware_internal_perception_msgs/msg/_segmentation_mask.py
[24.801s] -- Symlinking: /mnt/hdd/autonomy/ws/Carla-autoware_interface/deps_ws/install/autoware_internal_perception_msgs/local/lib/python3.10/dist-packages/autoware_internal_perception_msgs/msg/_segmentation_mask_s.c
[24.874s] -- Up-to-date symlink: /mnt/hdd/autonomy/ws/Carla-autoware_interface/deps_ws/install/autoware_internal_perception_msgs/local/lib/python3.10/dist-packages/autoware_internal_perception_msgs/autoware_internal_perception_msgs_s__rosidl_typesupport_fastrtps_c.cpython-310-x86_64-linux-gnu.so
[24.874s] -- Up-to-date symlink: /mnt/hdd/autonomy/ws/Carla-autoware_interface/deps_ws/install/autoware_internal_perception_msgs/local/lib/python3.10/dist-packages/autoware_internal_perception_msgs/autoware_internal_perception_msgs_s__rosidl_typesupport_introspection_c.cpython-310-x86_64-linux-gnu.so
[24.874s] -- Up-to-date symlink: /mnt/hdd/autonomy/ws/Carla-autoware_interface/deps_ws/install/autoware_internal_perception_msgs/local/lib/python3.10/dist-packages/autoware_internal_perception_msgs/autoware_internal_perception_msgs_s__rosidl_typesupport_c.cpython-310-x86_64-linux-gnu.so
[24.874s] -- Symlinking: /mnt/hdd/autonomy/ws/Carla-autoware_interface/deps_ws/install/autoware_internal_perception_msgs/share/autoware_internal_perception_msgs/msg/SegmentationMask.idl
[24.917s] -- Symlinking: /mnt/hdd/autonomy/ws/Carla-autoware_interface/deps_ws/install/autoware_internal_perception_msgs/share/autoware_internal_perception_msgs/msg/SegmentationMask.msg
[25.004s] -- Symlinking: /mnt/hdd/autonomy/ws/Carla-autoware_interface/deps_ws/install/autoware_internal_perception_msgs/share/ament_index/resource_index/package_run_dependencies/autoware_internal_perception_msgs
[25.053s] -- Symlinking: /mnt/hdd/autonomy/ws/Carla-autoware_interface/deps_ws/install/autoware_internal_perception_msgs/share/ament_index/resource_index/parent_prefix_path/autoware_internal_perception_msgs
[25.100s] -- Symlinking: /mnt/hdd/autonomy/ws/Carla-autoware_interface/deps_ws/install/autoware_internal_perception_msgs/share/autoware_internal_perception_msgs/environment/ament_prefix_path.sh
[25.162s] -- Symlinking: /mnt/hdd/autonomy/ws/Carla-autoware_interface/deps_ws/install/autoware_internal_perception_msgs/share/autoware_internal_perception_msgs/environment/ament_prefix_path.dsv
[25.216s] -- Symlinking: /mnt/hdd/autonomy/ws/Carla-autoware_interface/deps_ws/install/autoware_internal_perception_msgs/share/autoware_internal_perception_msgs/environment/path.sh
[25.308s] -- Symlinking: /mnt/hdd/autonomy/ws/Carla-autoware_interface/deps_ws/install/autoware_internal_perception_msgs/share/autoware_internal_perception_msgs/environment/path.dsv
[25.379s] -- Symlinking: /mnt/hdd/autonomy/ws/Carla-autoware_interface/deps_ws/install/autoware_internal_perception_msgs/share/autoware_internal_perception_msgs/local_setup.bash
[25.451s] -- Symlinking: /mnt/hdd/autonomy/ws/Carla-autoware_interface/deps_ws/install/autoware_internal_perception_msgs/share/autoware_internal_perception_msgs/local_setup.sh
[25.567s] -- Symlinking: /mnt/hdd/autonomy/ws/Carla-autoware_interface/deps_ws/install/autoware_internal_perception_msgs/share/autoware_internal_perception_msgs/local_setup.zsh
[25.635s] -- Symlinking: /mnt/hdd/autonomy/ws/Carla-autoware_interface/deps_ws/install/autoware_internal_perception_msgs/share/autoware_internal_perception_msgs/local_setup.dsv
[25.718s] -- Symlinking: /mnt/hdd/autonomy/ws/Carla-autoware_interface/deps_ws/install/autoware_internal_perception_msgs/share/autoware_internal_perception_msgs/package.dsv
[25.771s] -- Symlinking: /mnt/hdd/autonomy/ws/Carla-autoware_interface/deps_ws/install/autoware_internal_perception_msgs/share/ament_index/resource_index/packages/autoware_internal_perception_msgs
[25.833s] -- Symlinking: /mnt/hdd/autonomy/ws/Carla-autoware_interface/deps_ws/install/autoware_internal_perception_msgs/share/autoware_internal_perception_msgs/cmake/rosidl_cmake-extras.cmake
[25.889s] -- Symlinking: /mnt/hdd/autonomy/ws/Carla-autoware_interface/deps_ws/install/autoware_internal_perception_msgs/share/autoware_internal_perception_msgs/cmake/ament_cmake_export_dependencies-extras.cmake
[25.945s] -- Symlinking: /mnt/hdd/autonomy/ws/Carla-autoware_interface/deps_ws/install/autoware_internal_perception_msgs/share/autoware_internal_perception_msgs/cmake/ament_cmake_export_include_directories-extras.cmake
[26.004s] -- Symlinking: /mnt/hdd/autonomy/ws/Carla-autoware_interface/deps_ws/install/autoware_internal_perception_msgs/share/autoware_internal_perception_msgs/cmake/ament_cmake_export_libraries-extras.cmake
[26.048s] -- Symlinking: /mnt/hdd/autonomy/ws/Carla-autoware_interface/deps_ws/install/autoware_internal_perception_msgs/share/autoware_internal_perception_msgs/cmake/ament_cmake_export_targets-extras.cmake
[26.105s] -- Symlinking: /mnt/hdd/autonomy/ws/Carla-autoware_interface/deps_ws/install/autoware_internal_perception_msgs/share/autoware_internal_perception_msgs/cmake/rosidl_cmake_export_typesupport_targets-extras.cmake
[26.191s] -- Symlinking: /mnt/hdd/autonomy/ws/Carla-autoware_interface/deps_ws/install/autoware_internal_perception_msgs/share/autoware_internal_perception_msgs/cmake/rosidl_cmake_export_typesupport_libraries-extras.cmake
[26.249s] -- Symlinking: /mnt/hdd/autonomy/ws/Carla-autoware_interface/deps_ws/install/autoware_internal_perception_msgs/share/autoware_internal_perception_msgs/cmake/autoware_internal_perception_msgsConfig.cmake
[26.339s] -- Symlinking: /mnt/hdd/autonomy/ws/Carla-autoware_interface/deps_ws/install/autoware_internal_perception_msgs/share/autoware_internal_perception_msgs/cmake/autoware_internal_perception_msgsConfig-version.cmake
[26.389s] -- Symlinking: /mnt/hdd/autonomy/ws/Carla-autoware_interface/deps_ws/install/autoware_internal_perception_msgs/share/autoware_internal_perception_msgs/package.xml
[26.462s] -- Installing: /mnt/hdd/autonomy/ws/Carla-autoware_interface/deps_ws/install/autoware_internal_perception_msgs/lib/libautoware_internal_perception_msgs__rosidl_generator_c.so
[26.462s] -- Set runtime path of "/mnt/hdd/autonomy/ws/Carla-autoware_interface/deps_ws/install/autoware_internal_perception_msgs/lib/libautoware_internal_perception_msgs__rosidl_generator_c.so" to ""
[26.462s] -- Installing: /mnt/hdd/autonomy/ws/Carla-autoware_interface/deps_ws/install/autoware_internal_perception_msgs/lib/libautoware_internal_perception_msgs__rosidl_typesupport_fastrtps_c.so
[26.462s] -- Set runtime path of "/mnt/hdd/autonomy/ws/Carla-autoware_interface/deps_ws/install/autoware_internal_perception_msgs/lib/libautoware_internal_perception_msgs__rosidl_typesupport_fastrtps_c.so" to ""
[26.462s] -- Installing: /mnt/hdd/autonomy/ws/Carla-autoware_interface/deps_ws/install/autoware_internal_perception_msgs/lib/libautoware_internal_perception_msgs__rosidl_typesupport_fastrtps_cpp.so
[26.462s] -- Set runtime path of "/mnt/hdd/autonomy/ws/Carla-autoware_interface/deps_ws/install/autoware_internal_perception_msgs/lib/libautoware_internal_perception_msgs__rosidl_typesupport_fastrtps_cpp.so" to ""
[26.462s] -- Installing: /mnt/hdd/autonomy/ws/Carla-autoware_interface/deps_ws/install/autoware_internal_perception_msgs/lib/libautoware_internal_perception_msgs__rosidl_typesupport_introspection_c.so
[26.462s] -- Set runtime path of "/mnt/hdd/autonomy/ws/Carla-autoware_interface/deps_ws/install/autoware_internal_perception_msgs/lib/libautoware_internal_perception_msgs__rosidl_typesupport_introspection_c.so" to ""
[26.462s] -- Installing: /mnt/hdd/autonomy/ws/Carla-autoware_interface/deps_ws/install/autoware_internal_perception_msgs/lib/libautoware_internal_perception_msgs__rosidl_typesupport_c.so
[26.462s] -- Set runtime path of "/mnt/hdd/autonomy/ws/Carla-autoware_interface/deps_ws/install/autoware_internal_perception_msgs/lib/libautoware_internal_perception_msgs__rosidl_typesupport_c.so" to ""
[26.462s] -- Installing: /mnt/hdd/autonomy/ws/Carla-autoware_interface/deps_ws/install/autoware_internal_perception_msgs/lib/libautoware_internal_perception_msgs__rosidl_typesupport_introspection_cpp.so
[26.462s] -- Set runtime path of "/mnt/hdd/autonomy/ws/Carla-autoware_interface/deps_ws/install/autoware_internal_perception_msgs/lib/libautoware_internal_perception_msgs__rosidl_typesupport_introspection_cpp.so" to ""
[26.462s] -- Installing: /mnt/hdd/autonomy/ws/Carla-autoware_interface/deps_ws/install/autoware_internal_perception_msgs/lib/libautoware_internal_perception_msgs__rosidl_typesupport_cpp.so
[26.463s] -- Set runtime path of "/mnt/hdd/autonomy/ws/Carla-autoware_interface/deps_ws/install/autoware_internal_perception_msgs/lib/libautoware_internal_perception_msgs__rosidl_typesupport_cpp.so" to ""
[26.557s] Listing '/mnt/hdd/autonomy/ws/Carla-autoware_interface/deps_ws/install/autoware_internal_perception_msgs/local/lib/python3.10/dist-packages/autoware_internal_perception_msgs'...
[26.557s] Compiling '/mnt/hdd/autonomy/ws/Carla-autoware_interface/deps_ws/install/autoware_internal_perception_msgs/local/lib/python3.10/dist-packages/autoware_internal_perception_msgs/__init__.py'...
[26.557s] Listing '/mnt/hdd/autonomy/ws/Carla-autoware_interface/deps_ws/install/autoware_internal_perception_msgs/local/lib/python3.10/dist-packages/autoware_internal_perception_msgs/msg'...
[26.557s] Compiling '/mnt/hdd/autonomy/ws/Carla-autoware_interface/deps_ws/install/autoware_internal_perception_msgs/local/lib/python3.10/dist-packages/autoware_internal_perception_msgs/msg/__init__.py'...
[26.557s] Compiling '/mnt/hdd/autonomy/ws/Carla-autoware_interface/deps_ws/install/autoware_internal_perception_msgs/local/lib/python3.10/dist-packages/autoware_internal_perception_msgs/msg/_segmentation_mask.py'...
[26.569s] -- Installing: /mnt/hdd/autonomy/ws/Carla-autoware_interface/deps_ws/install/autoware_internal_perception_msgs/lib/libautoware_internal_perception_msgs__rosidl_generator_py.so
[26.573s] -- Set runtime path of "/mnt/hdd/autonomy/ws/Carla-autoware_interface/deps_ws/install/autoware_internal_perception_msgs/lib/libautoware_internal_perception_msgs__rosidl_generator_py.so" to ""
[26.573s] -- Installing: /mnt/hdd/autonomy/ws/Carla-autoware_interface/deps_ws/install/autoware_internal_perception_msgs/share/autoware_internal_perception_msgs/cmake/export_autoware_internal_perception_msgs__rosidl_generator_cExport.cmake
[26.574s] -- Installing: /mnt/hdd/autonomy/ws/Carla-autoware_interface/deps_ws/install/autoware_internal_perception_msgs/share/autoware_internal_perception_msgs/cmake/export_autoware_internal_perception_msgs__rosidl_generator_cExport-noconfig.cmake
[26.574s] -- Installing: /mnt/hdd/autonomy/ws/Carla-autoware_interface/deps_ws/install/autoware_internal_perception_msgs/share/autoware_internal_perception_msgs/cmake/export_autoware_internal_perception_msgs__rosidl_typesupport_fastrtps_cExport.cmake
[26.574s] -- Installing: /mnt/hdd/autonomy/ws/Carla-autoware_interface/deps_ws/install/autoware_internal_perception_msgs/share/autoware_internal_perception_msgs/cmake/export_autoware_internal_perception_msgs__rosidl_typesupport_fastrtps_cExport-noconfig.cmake
[26.574s] -- Installing: /mnt/hdd/autonomy/ws/Carla-autoware_interface/deps_ws/install/autoware_internal_perception_msgs/share/autoware_internal_perception_msgs/cmake/export_autoware_internal_perception_msgs__rosidl_generator_cppExport.cmake
[26.574s] -- Installing: /mnt/hdd/autonomy/ws/Carla-autoware_interface/deps_ws/install/autoware_internal_perception_msgs/share/autoware_internal_perception_msgs/cmake/export_autoware_internal_perception_msgs__rosidl_typesupport_fastrtps_cppExport.cmake
[26.574s] -- Installing: /mnt/hdd/autonomy/ws/Carla-autoware_interface/deps_ws/install/autoware_internal_perception_msgs/share/autoware_internal_perception_msgs/cmake/export_autoware_internal_perception_msgs__rosidl_typesupport_fastrtps_cppExport-noconfig.cmake
[26.574s] -- Installing: /mnt/hdd/autonomy/ws/Carla-autoware_interface/deps_ws/install/autoware_internal_perception_msgs/share/autoware_internal_perception_msgs/cmake/autoware_internal_perception_msgs__rosidl_typesupport_introspection_cExport.cmake
[26.574s] -- Installing: /mnt/hdd/autonomy/ws/Carla-autoware_interface/deps_ws/install/autoware_internal_perception_msgs/share/autoware_internal_perception_msgs/cmake/autoware_internal_perception_msgs__rosidl_typesupport_introspection_cExport-noconfig.cmake
[26.574s] -- Installing: /mnt/hdd/autonomy/ws/Carla-autoware_interface/deps_ws/install/autoware_internal_perception_msgs/share/autoware_internal_perception_msgs/cmake/autoware_internal_perception_msgs__rosidl_typesupport_cExport.cmake
[26.574s] -- Installing: /mnt/hdd/autonomy/ws/Carla-autoware_interface/deps_ws/install/autoware_internal_perception_msgs/share/autoware_internal_perception_msgs/cmake/autoware_internal_perception_msgs__rosidl_typesupport_cExport-noconfig.cmake
[26.575s] -- Installing: /mnt/hdd/autonomy/ws/Carla-autoware_interface/deps_ws/install/autoware_internal_perception_msgs/share/autoware_internal_perception_msgs/cmake/autoware_internal_perception_msgs__rosidl_typesupport_introspection_cppExport.cmake
[26.575s] -- Installing: /mnt/hdd/autonomy/ws/Carla-autoware_interface/deps_ws/install/autoware_internal_perception_msgs/share/autoware_internal_perception_msgs/cmake/autoware_internal_perception_msgs__rosidl_typesupport_introspection_cppExport-noconfig.cmake
[26.575s] -- Installing: /mnt/hdd/autonomy/ws/Carla-autoware_interface/deps_ws/install/autoware_internal_perception_msgs/share/autoware_internal_perception_msgs/cmake/autoware_internal_perception_msgs__rosidl_typesupport_cppExport.cmake
[26.576s] -- Installing: /mnt/hdd/autonomy/ws/Carla-autoware_interface/deps_ws/install/autoware_internal_perception_msgs/share/autoware_internal_perception_msgs/cmake/autoware_internal_perception_msgs__rosidl_typesupport_cppExport-noconfig.cmake
[26.576s] -- Installing: /mnt/hdd/autonomy/ws/Carla-autoware_interface/deps_ws/install/autoware_internal_perception_msgs/share/autoware_internal_perception_msgs/cmake/export_autoware_internal_perception_msgs__rosidl_generator_pyExport.cmake
[26.579s] -- Installing: /mnt/hdd/autonomy/ws/Carla-autoware_interface/deps_ws/install/autoware_internal_perception_msgs/share/autoware_internal_perception_msgs/cmake/export_autoware_internal_perception_msgs__rosidl_generator_pyExport-noconfig.cmake
[26.620s] Invoked command in '/mnt/hdd/autonomy/ws/Carla-autoware_interface/deps_ws/build/autoware_internal_perception_msgs' returned '0': AMENT_PREFIX_PATH=/mnt/hdd/autonomy/ws/Carla-autoware_interface/deps_ws/install/autoware_perception_msgs:${AMENT_PREFIX_PATH} CMAKE_PREFIX_PATH=/mnt/hdd/autonomy/ws/Carla-autoware_interface/deps_ws/install/autoware_perception_msgs:/mnt/hdd/autonomy/ws/Carla-autoware_interface/msg_ws/install/autoware_auto_msgs:/mnt/hdd/autonomy/ws/Carla-autoware_interface/msg_ws/install/autoware_auto_vehicle_msgs:/mnt/hdd/autonomy/ws/Carla-autoware_interface/msg_ws/install/autoware_auto_system_msgs:/mnt/hdd/autonomy/ws/Carla-autoware_interface/msg_ws/install/autoware_auto_planning_msgs:/mnt/hdd/autonomy/ws/Carla-autoware_interface/msg_ws/install/autoware_auto_perception_msgs:/mnt/hdd/autonomy/ws/Carla-autoware_interface/msg_ws/install/autoware_auto_mapping_msgs:/mnt/hdd/autonomy/ws/Carla-autoware_interface/msg_ws/install/autoware_auto_geometry_msgs:/mnt/hdd/autonomy/ws/Carla-autoware_interface/msg_ws/install/autoware_auto_control_msgs:/opt/ros/humble LD_LIBRARY_PATH=/mnt/hdd/autonomy/ws/Carla-autoware_interface/deps_ws/install/autoware_perception_msgs/lib:${LD_LIBRARY_PATH} PYTHONPATH=/mnt/hdd/autonomy/ws/Carla-autoware_interface/deps_ws/install/autoware_perception_msgs/local/lib/python3.10/dist-packages:${PYTHONPATH} /usr/bin/cmake --install /mnt/hdd/autonomy/ws/Carla-autoware_interface/deps_ws/build/autoware_internal_perception_msgs
