[0.191s] DEBUG:colcon:Command line arguments: ['/usr/bin/colcon', 'build', '--symlink-install', '--packages-select', 'carla_autoware_type_bridge', 'carla_autonomy_bridge', '--cmake-clean-cache', '--cmake-args', '-Dautoware_auto_vehicle_msgs_DIR=/mnt/hdd/autonomy/ws/Carla-autoware_interface/msg_ws/install/autoware_auto_vehicle_msgs/share/autoware_auto_vehicle_msgs/cmake', '-Dautoware_auto_control_msgs_DIR=/mnt/hdd/autonomy/ws/Carla-autoware_interface/msg_ws/install/autoware_auto_control_msgs/share/autoware_auto_control_msgs/cmake', '-Dautoware_vehicle_msgs_DIR=/mnt/hdd/autonomy/ws/Carla-autoware_interface/deps_ws/install/autoware_vehicle_msgs/share/autoware_vehicle_msgs/cmake', '-Dautoware_control_msgs_DIR=/mnt/hdd/autonomy/ws/Carla-autoware_interface/deps_ws/install/autoware_control_msgs/share/autoware_control_msgs/cmake']
[0.191s] DEBUG:colcon:Parsed command line arguments: Namespace(log_base=None, log_level=None, verb_name='build', build_base='build', install_base='install', merge_install=False, symlink_install=True, test_result_base=None, continue_on_error=False, executor='parallel', parallel_workers=16, event_handlers=None, ignore_user_meta=False, metas=['./colcon.meta'], base_paths=['.'], packages_ignore=None, packages_ignore_regex=None, paths=None, packages_up_to=None, packages_up_to_regex=None, packages_above=None, packages_above_and_dependencies=None, packages_above_depth=None, packages_select_by_dep=None, packages_skip_by_dep=None, packages_skip_up_to=None, packages_select_build_failed=False, packages_skip_build_finished=False, packages_select_test_failures=False, packages_skip_test_passed=False, packages_select=['carla_autoware_type_bridge', 'carla_autonomy_bridge'], packages_skip=None, packages_select_regex=None, packages_skip_regex=None, packages_start=None, packages_end=None, allow_overriding=[], cmake_args=['-Dautoware_auto_vehicle_msgs_DIR=/mnt/hdd/autonomy/ws/Carla-autoware_interface/msg_ws/install/autoware_auto_vehicle_msgs/share/autoware_auto_vehicle_msgs/cmake', '-Dautoware_auto_control_msgs_DIR=/mnt/hdd/autonomy/ws/Carla-autoware_interface/msg_ws/install/autoware_auto_control_msgs/share/autoware_auto_control_msgs/cmake', '-Dautoware_vehicle_msgs_DIR=/mnt/hdd/autonomy/ws/Carla-autoware_interface/deps_ws/install/autoware_vehicle_msgs/share/autoware_vehicle_msgs/cmake', '-Dautoware_control_msgs_DIR=/mnt/hdd/autonomy/ws/Carla-autoware_interface/deps_ws/install/autoware_control_msgs/share/autoware_control_msgs/cmake'], cmake_target=None, cmake_target_skip_unavailable=False, cmake_clean_cache=True, cmake_clean_first=False, cmake_force_configure=False, ament_cmake_args=None, catkin_cmake_args=None, catkin_skip_building_tests=False, mixin_files=None, mixin=None, verb_parser=<colcon_mixin.mixin.mixin_argument.MixinArgumentDecorator object at 0x701725ccc250>, verb_extension=<colcon_core.verb.build.BuildVerb object at 0x701725dc54e0>, main=<bound method BuildVerb.main of <colcon_core.verb.build.BuildVerb object at 0x701725dc54e0>>, mixin_verb=('build',))
[0.561s] Level 1:colcon.colcon_core.package_discovery:discover_packages(colcon_meta) check parameters
[0.561s] Level 1:colcon.colcon_core.package_discovery:discover_packages(recursive) check parameters
[0.562s] Level 1:colcon.colcon_core.package_discovery:discover_packages(ignore) check parameters
[0.562s] Level 1:colcon.colcon_core.package_discovery:discover_packages(path) check parameters
[0.562s] Level 1:colcon.colcon_core.package_discovery:discover_packages(colcon_meta) discover
[0.562s] Level 1:colcon.colcon_core.package_discovery:discover_packages(recursive) discover
[0.562s] INFO:colcon.colcon_core.package_discovery:Crawling recursively for packages in '/mnt/hdd/autonomy/ws/Carla-autoware_interface/bridge_ws'
[0.562s] Level 1:colcon.colcon_core.package_identification:_identify(.) by extensions ['ignore', 'ignore_ament_install']
[0.562s] Level 1:colcon.colcon_core.package_identification:_identify(.) by extension 'ignore'
[0.562s] Level 1:colcon.colcon_core.package_identification:_identify(.) by extension 'ignore_ament_install'
[0.562s] Level 1:colcon.colcon_core.package_identification:_identify(.) by extensions ['colcon_pkg']
[0.562s] Level 1:colcon.colcon_core.package_identification:_identify(.) by extension 'colcon_pkg'
[0.563s] Level 1:colcon.colcon_core.package_identification:_identify(.) by extensions ['colcon_meta']
[0.563s] Level 1:colcon.colcon_core.package_identification:_identify(.) by extension 'colcon_meta'
[0.563s] Level 1:colcon.colcon_core.package_identification:_identify(.) by extensions ['ros']
[0.563s] Level 1:colcon.colcon_core.package_identification:_identify(.) by extension 'ros'
[0.592s] Level 1:colcon.colcon_core.package_identification:_identify(.) by extensions ['cmake', 'python']
[0.592s] Level 1:colcon.colcon_core.package_identification:_identify(.) by extension 'cmake'
[0.592s] Level 1:colcon.colcon_core.package_identification:_identify(.) by extension 'python'
[0.593s] Level 1:colcon.colcon_core.package_identification:_identify(.) by extensions ['python_setup_py']
[0.593s] Level 1:colcon.colcon_core.package_identification:_identify(.) by extension 'python_setup_py'
[0.593s] Level 1:colcon.colcon_core.package_identification:_identify(build) by extensions ['ignore', 'ignore_ament_install']
[0.593s] Level 1:colcon.colcon_core.package_identification:_identify(build) by extension 'ignore'
[0.593s] Level 1:colcon.colcon_core.package_identification:_identify(build) ignored
[0.593s] Level 1:colcon.colcon_core.package_identification:_identify(install) by extensions ['ignore', 'ignore_ament_install']
[0.593s] Level 1:colcon.colcon_core.package_identification:_identify(install) by extension 'ignore'
[0.593s] Level 1:colcon.colcon_core.package_identification:_identify(install) ignored
[0.593s] Level 1:colcon.colcon_core.package_identification:_identify(log) by extensions ['ignore', 'ignore_ament_install']
[0.593s] Level 1:colcon.colcon_core.package_identification:_identify(log) by extension 'ignore'
[0.593s] Level 1:colcon.colcon_core.package_identification:_identify(log) ignored
[0.594s] Level 1:colcon.colcon_core.package_identification:_identify(src) by extensions ['ignore', 'ignore_ament_install']
[0.594s] Level 1:colcon.colcon_core.package_identification:_identify(src) by extension 'ignore'
[0.594s] Level 1:colcon.colcon_core.package_identification:_identify(src) by extension 'ignore_ament_install'
[0.594s] Level 1:colcon.colcon_core.package_identification:_identify(src) by extensions ['colcon_pkg']
[0.594s] Level 1:colcon.colcon_core.package_identification:_identify(src) by extension 'colcon_pkg'
[0.594s] Level 1:colcon.colcon_core.package_identification:_identify(src) by extensions ['colcon_meta']
[0.594s] Level 1:colcon.colcon_core.package_identification:_identify(src) by extension 'colcon_meta'
[0.594s] Level 1:colcon.colcon_core.package_identification:_identify(src) by extensions ['ros']
[0.594s] Level 1:colcon.colcon_core.package_identification:_identify(src) by extension 'ros'
[0.594s] Level 1:colcon.colcon_core.package_identification:_identify(src) by extensions ['cmake', 'python']
[0.594s] Level 1:colcon.colcon_core.package_identification:_identify(src) by extension 'cmake'
[0.594s] Level 1:colcon.colcon_core.package_identification:_identify(src) by extension 'python'
[0.594s] Level 1:colcon.colcon_core.package_identification:_identify(src) by extensions ['python_setup_py']
[0.594s] Level 1:colcon.colcon_core.package_identification:_identify(src) by extension 'python_setup_py'
[0.595s] Level 1:colcon.colcon_core.package_identification:_identify(src/carla_autonomy_bridge) by extensions ['ignore', 'ignore_ament_install']
[0.595s] Level 1:colcon.colcon_core.package_identification:_identify(src/carla_autonomy_bridge) by extension 'ignore'
[0.595s] Level 1:colcon.colcon_core.package_identification:_identify(src/carla_autonomy_bridge) by extension 'ignore_ament_install'
[0.595s] Level 1:colcon.colcon_core.package_identification:_identify(src/carla_autonomy_bridge) by extensions ['colcon_pkg']
[0.595s] Level 1:colcon.colcon_core.package_identification:_identify(src/carla_autonomy_bridge) by extension 'colcon_pkg'
[0.595s] Level 1:colcon.colcon_core.package_identification:_identify(src/carla_autonomy_bridge) by extensions ['colcon_meta']
[0.595s] Level 1:colcon.colcon_core.package_identification:_identify(src/carla_autonomy_bridge) by extension 'colcon_meta'
[0.595s] Level 1:colcon.colcon_core.package_identification:_identify(src/carla_autonomy_bridge) by extensions ['ros']
[0.595s] Level 1:colcon.colcon_core.package_identification:_identify(src/carla_autonomy_bridge) by extension 'ros'
[0.596s] DEBUG:colcon.colcon_core.package_identification:Failed to parse potential ROS package manifest in'src/carla_autonomy_bridge': Error(s) in package 'src/carla_autonomy_bridge/package.xml':
The manifest contains invalid XML:
not well-formed (invalid token): line 5, column 22
[0.596s] Level 1:colcon.colcon_core.package_identification:_identify(src/carla_autonomy_bridge) by extensions ['cmake', 'python']
[0.597s] Level 1:colcon.colcon_core.package_identification:_identify(src/carla_autonomy_bridge) by extension 'cmake'
[0.597s] Level 1:colcon.colcon_core.package_identification:_identify(src/carla_autonomy_bridge) by extension 'python'
[0.597s] DEBUG:colcon.colcon_core.package_identification:Python package in 'src/carla_autonomy_bridge' passes arguments to the setup() function which requires a different identification extension than 'python'
[0.597s] Level 1:colcon.colcon_core.package_identification:_identify(src/carla_autonomy_bridge) by extensions ['python_setup_py']
[0.597s] Level 1:colcon.colcon_core.package_identification:_identify(src/carla_autonomy_bridge) by extension 'python_setup_py'
[1.140s] DEBUG:colcon.colcon_core.package_identification:Package 'src/carla_autonomy_bridge' with type 'python' and name 'carla_autonomy_bridge'
[1.141s] Level 1:colcon.colcon_core.package_identification:_identify(src/carla_autoware_type_bridge) by extensions ['ignore', 'ignore_ament_install']
[1.141s] Level 1:colcon.colcon_core.package_identification:_identify(src/carla_autoware_type_bridge) by extension 'ignore'
[1.141s] Level 1:colcon.colcon_core.package_identification:_identify(src/carla_autoware_type_bridge) by extension 'ignore_ament_install'
[1.141s] Level 1:colcon.colcon_core.package_identification:_identify(src/carla_autoware_type_bridge) by extensions ['colcon_pkg']
[1.141s] Level 1:colcon.colcon_core.package_identification:_identify(src/carla_autoware_type_bridge) by extension 'colcon_pkg'
[1.141s] Level 1:colcon.colcon_core.package_identification:_identify(src/carla_autoware_type_bridge) by extensions ['colcon_meta']
[1.141s] Level 1:colcon.colcon_core.package_identification:_identify(src/carla_autoware_type_bridge) by extension 'colcon_meta'
[1.141s] Level 1:colcon.colcon_core.package_identification:_identify(src/carla_autoware_type_bridge) by extensions ['ros']
[1.141s] Level 1:colcon.colcon_core.package_identification:_identify(src/carla_autoware_type_bridge) by extension 'ros'
[1.143s] DEBUG:colcon.colcon_core.package_identification:Package 'src/carla_autoware_type_bridge' with type 'ros.ament_cmake' and name 'carla_autoware_type_bridge'
[1.143s] Level 1:colcon.colcon_core.package_discovery:discover_packages(recursive) using defaults
[1.143s] Level 1:colcon.colcon_core.package_discovery:discover_packages(ignore) discover
[1.143s] Level 1:colcon.colcon_core.package_discovery:discover_packages(ignore) using defaults
[1.144s] Level 1:colcon.colcon_core.package_discovery:discover_packages(path) discover
[1.144s] Level 1:colcon.colcon_core.package_discovery:discover_packages(path) using defaults
[1.164s] Level 1:colcon.colcon_core.package_discovery:discover_packages(prefix_path) check parameters
[1.164s] Level 1:colcon.colcon_core.package_discovery:discover_packages(prefix_path) discover
[1.167s] DEBUG:colcon.colcon_installed_package_information.package_discovery:Found 31 installed packages in /mnt/hdd/autonomy/ws/Carla-autoware_interface/deps_ws/install
[1.168s] DEBUG:colcon.colcon_installed_package_information.package_discovery:Found 8 installed packages in /mnt/hdd/autonomy/ws/Carla-autoware_interface/msg_ws/install
[1.169s] DEBUG:colcon.colcon_installed_package_information.package_discovery:Found 361 installed packages in /opt/ros/humble
[1.170s] Level 1:colcon.colcon_core.package_discovery:discover_packages(prefix_path) using defaults
[1.242s] Level 5:colcon.colcon_core.verb:set package 'carla_autonomy_bridge' build argument 'cmake_args' from command line to '['-Dautoware_auto_vehicle_msgs_DIR=/mnt/hdd/autonomy/ws/Carla-autoware_interface/msg_ws/install/autoware_auto_vehicle_msgs/share/autoware_auto_vehicle_msgs/cmake', '-Dautoware_auto_control_msgs_DIR=/mnt/hdd/autonomy/ws/Carla-autoware_interface/msg_ws/install/autoware_auto_control_msgs/share/autoware_auto_control_msgs/cmake', '-Dautoware_vehicle_msgs_DIR=/mnt/hdd/autonomy/ws/Carla-autoware_interface/deps_ws/install/autoware_vehicle_msgs/share/autoware_vehicle_msgs/cmake', '-Dautoware_control_msgs_DIR=/mnt/hdd/autonomy/ws/Carla-autoware_interface/deps_ws/install/autoware_control_msgs/share/autoware_control_msgs/cmake']'
[1.242s] Level 5:colcon.colcon_core.verb:set package 'carla_autonomy_bridge' build argument 'cmake_target' from command line to 'None'
[1.242s] Level 5:colcon.colcon_core.verb:set package 'carla_autonomy_bridge' build argument 'cmake_target_skip_unavailable' from command line to 'False'
[1.242s] Level 5:colcon.colcon_core.verb:set package 'carla_autonomy_bridge' build argument 'cmake_clean_cache' from command line to 'True'
[1.242s] Level 5:colcon.colcon_core.verb:set package 'carla_autonomy_bridge' build argument 'cmake_clean_first' from command line to 'False'
[1.242s] Level 5:colcon.colcon_core.verb:set package 'carla_autonomy_bridge' build argument 'cmake_force_configure' from command line to 'False'
[1.242s] Level 5:colcon.colcon_core.verb:set package 'carla_autonomy_bridge' build argument 'ament_cmake_args' from command line to 'None'
[1.242s] Level 5:colcon.colcon_core.verb:set package 'carla_autonomy_bridge' build argument 'catkin_cmake_args' from command line to 'None'
[1.242s] Level 5:colcon.colcon_core.verb:set package 'carla_autonomy_bridge' build argument 'catkin_skip_building_tests' from command line to 'False'
[1.242s] DEBUG:colcon.colcon_core.verb:Building package 'carla_autonomy_bridge' with the following arguments: {'ament_cmake_args': None, 'build_base': '/mnt/hdd/autonomy/ws/Carla-autoware_interface/bridge_ws/build/carla_autonomy_bridge', 'catkin_cmake_args': None, 'catkin_skip_building_tests': False, 'cmake_args': ['-Dautoware_auto_vehicle_msgs_DIR=/mnt/hdd/autonomy/ws/Carla-autoware_interface/msg_ws/install/autoware_auto_vehicle_msgs/share/autoware_auto_vehicle_msgs/cmake', '-Dautoware_auto_control_msgs_DIR=/mnt/hdd/autonomy/ws/Carla-autoware_interface/msg_ws/install/autoware_auto_control_msgs/share/autoware_auto_control_msgs/cmake', '-Dautoware_vehicle_msgs_DIR=/mnt/hdd/autonomy/ws/Carla-autoware_interface/deps_ws/install/autoware_vehicle_msgs/share/autoware_vehicle_msgs/cmake', '-Dautoware_control_msgs_DIR=/mnt/hdd/autonomy/ws/Carla-autoware_interface/deps_ws/install/autoware_control_msgs/share/autoware_control_msgs/cmake'], 'cmake_clean_cache': True, 'cmake_clean_first': False, 'cmake_force_configure': False, 'cmake_target': None, 'cmake_target_skip_unavailable': False, 'install_base': '/mnt/hdd/autonomy/ws/Carla-autoware_interface/bridge_ws/install/carla_autonomy_bridge', 'merge_install': False, 'path': '/mnt/hdd/autonomy/ws/Carla-autoware_interface/bridge_ws/src/carla_autonomy_bridge', 'symlink_install': True, 'test_result_base': None}
[1.243s] Level 5:colcon.colcon_core.verb:set package 'carla_autoware_type_bridge' build argument 'cmake_args' from command line to '['-Dautoware_auto_vehicle_msgs_DIR=/mnt/hdd/autonomy/ws/Carla-autoware_interface/msg_ws/install/autoware_auto_vehicle_msgs/share/autoware_auto_vehicle_msgs/cmake', '-Dautoware_auto_control_msgs_DIR=/mnt/hdd/autonomy/ws/Carla-autoware_interface/msg_ws/install/autoware_auto_control_msgs/share/autoware_auto_control_msgs/cmake', '-Dautoware_vehicle_msgs_DIR=/mnt/hdd/autonomy/ws/Carla-autoware_interface/deps_ws/install/autoware_vehicle_msgs/share/autoware_vehicle_msgs/cmake', '-Dautoware_control_msgs_DIR=/mnt/hdd/autonomy/ws/Carla-autoware_interface/deps_ws/install/autoware_control_msgs/share/autoware_control_msgs/cmake']'
[1.243s] Level 5:colcon.colcon_core.verb:set package 'carla_autoware_type_bridge' build argument 'cmake_target' from command line to 'None'
[1.243s] Level 5:colcon.colcon_core.verb:set package 'carla_autoware_type_bridge' build argument 'cmake_target_skip_unavailable' from command line to 'False'
[1.243s] Level 5:colcon.colcon_core.verb:set package 'carla_autoware_type_bridge' build argument 'cmake_clean_cache' from command line to 'True'
[1.243s] Level 5:colcon.colcon_core.verb:set package 'carla_autoware_type_bridge' build argument 'cmake_clean_first' from command line to 'False'
[1.243s] Level 5:colcon.colcon_core.verb:set package 'carla_autoware_type_bridge' build argument 'cmake_force_configure' from command line to 'False'
[1.243s] Level 5:colcon.colcon_core.verb:set package 'carla_autoware_type_bridge' build argument 'ament_cmake_args' from command line to 'None'
[1.243s] Level 5:colcon.colcon_core.verb:set package 'carla_autoware_type_bridge' build argument 'catkin_cmake_args' from command line to 'None'
[1.243s] Level 5:colcon.colcon_core.verb:set package 'carla_autoware_type_bridge' build argument 'catkin_skip_building_tests' from command line to 'False'
[1.243s] DEBUG:colcon.colcon_core.verb:Building package 'carla_autoware_type_bridge' with the following arguments: {'ament_cmake_args': None, 'build_base': '/mnt/hdd/autonomy/ws/Carla-autoware_interface/bridge_ws/build/carla_autoware_type_bridge', 'catkin_cmake_args': None, 'catkin_skip_building_tests': False, 'cmake_args': ['-Dautoware_auto_vehicle_msgs_DIR=/mnt/hdd/autonomy/ws/Carla-autoware_interface/msg_ws/install/autoware_auto_vehicle_msgs/share/autoware_auto_vehicle_msgs/cmake', '-Dautoware_auto_control_msgs_DIR=/mnt/hdd/autonomy/ws/Carla-autoware_interface/msg_ws/install/autoware_auto_control_msgs/share/autoware_auto_control_msgs/cmake', '-Dautoware_vehicle_msgs_DIR=/mnt/hdd/autonomy/ws/Carla-autoware_interface/deps_ws/install/autoware_vehicle_msgs/share/autoware_vehicle_msgs/cmake', '-Dautoware_control_msgs_DIR=/mnt/hdd/autonomy/ws/Carla-autoware_interface/deps_ws/install/autoware_control_msgs/share/autoware_control_msgs/cmake'], 'cmake_clean_cache': True, 'cmake_clean_first': False, 'cmake_force_configure': False, 'cmake_target': None, 'cmake_target_skip_unavailable': False, 'install_base': '/mnt/hdd/autonomy/ws/Carla-autoware_interface/bridge_ws/install/carla_autoware_type_bridge', 'merge_install': False, 'path': '/mnt/hdd/autonomy/ws/Carla-autoware_interface/bridge_ws/src/carla_autoware_type_bridge', 'symlink_install': True, 'test_result_base': None}
[1.244s] INFO:colcon.colcon_core.executor:Executing jobs using 'parallel' executor
[1.246s] DEBUG:colcon.colcon_parallel_executor.executor.parallel:run_until_complete
[1.246s] INFO:colcon.colcon_core.task.python.build:Building Python package in '/mnt/hdd/autonomy/ws/Carla-autoware_interface/bridge_ws/src/carla_autonomy_bridge'
[1.248s] INFO:colcon.colcon_core.plugin_system:Skipping extension 'colcon_core.shell.bat': Not used on non-Windows systems
[1.248s] INFO:colcon.colcon_core.shell:Skip shell extension 'powershell' for command environment: Not usable outside of PowerShell
[1.248s] DEBUG:colcon.colcon_core.shell:Skip shell extension 'dsv' for command environment
[1.255s] INFO:colcon.colcon_ros.task.ament_cmake.build:Building ROS package in '/mnt/hdd/autonomy/ws/Carla-autoware_interface/bridge_ws/src/carla_autoware_type_bridge' with build type 'ament_cmake'
[1.255s] INFO:colcon.colcon_cmake.task.cmake.build:Building CMake package in '/mnt/hdd/autonomy/ws/Carla-autoware_interface/bridge_ws/src/carla_autoware_type_bridge'
[1.256s] INFO:colcon.colcon_core.shell:Skip shell extension 'powershell' for command environment: Not usable outside of PowerShell
[1.256s] DEBUG:colcon.colcon_core.shell:Skip shell extension 'dsv' for command environment
[1.782s] DEBUG:colcon.colcon_core.event_handler.log_command:Invoking command in '/mnt/hdd/autonomy/ws/Carla-autoware_interface/bridge_ws/build/carla_autoware_type_bridge': CMAKE_PREFIX_PATH=${CMAKE_PREFIX_PATH}:/opt/ros/humble /usr/bin/cmake /mnt/hdd/autonomy/ws/Carla-autoware_interface/bridge_ws/src/carla_autoware_type_bridge -Dautoware_auto_vehicle_msgs_DIR=/mnt/hdd/autonomy/ws/Carla-autoware_interface/msg_ws/install/autoware_auto_vehicle_msgs/share/autoware_auto_vehicle_msgs/cmake -Dautoware_auto_control_msgs_DIR=/mnt/hdd/autonomy/ws/Carla-autoware_interface/msg_ws/install/autoware_auto_control_msgs/share/autoware_auto_control_msgs/cmake -Dautoware_vehicle_msgs_DIR=/mnt/hdd/autonomy/ws/Carla-autoware_interface/deps_ws/install/autoware_vehicle_msgs/share/autoware_vehicle_msgs/cmake -Dautoware_control_msgs_DIR=/mnt/hdd/autonomy/ws/Carla-autoware_interface/deps_ws/install/autoware_control_msgs/share/autoware_control_msgs/cmake -DAMENT_CMAKE_SYMLINK_INSTALL=1 -DCMAKE_INSTALL_PREFIX=/mnt/hdd/autonomy/ws/Carla-autoware_interface/bridge_ws/install/carla_autoware_type_bridge
[2.619s] DEBUG:colcon.colcon_core.event_handler.log_command:Invoking command in '/mnt/hdd/autonomy/ws/Carla-autoware_interface/bridge_ws/build/carla_autonomy_bridge': PYTHONPATH=/mnt/hdd/autonomy/ws/Carla-autoware_interface/bridge_ws/build/carla_autonomy_bridge/prefix_override:/usr/lib/python3/dist-packages/colcon_core/task/python/colcon_distutils_commands:/mnt/hdd/autonomy/ws/Carla-autoware_interface/bridge_ws/install/carla_autonomy_bridge/lib/python3.10/site-packages:${PYTHONPATH} /usr/bin/python3 -W ignore:setup.py install is deprecated -W ignore:easy_install command is deprecated setup.py develop --editable --build-directory /mnt/hdd/autonomy/ws/Carla-autoware_interface/bridge_ws/build/carla_autonomy_bridge/build --no-deps symlink_data
[3.588s] Level 1:colcon.colcon_core.shell:create_environment_hook('carla_autonomy_bridge', 'pythonpath_develop')
[3.588s] INFO:colcon.colcon_core.shell:Creating environment hook '/mnt/hdd/autonomy/ws/Carla-autoware_interface/bridge_ws/build/carla_autonomy_bridge/share/carla_autonomy_bridge/hook/pythonpath_develop.ps1'
[3.588s] DEBUG:colcon.colcon_core.event_handler.log_command:Invoked command in '/mnt/hdd/autonomy/ws/Carla-autoware_interface/bridge_ws/build/carla_autonomy_bridge' returned '0': PYTHONPATH=/mnt/hdd/autonomy/ws/Carla-autoware_interface/bridge_ws/build/carla_autonomy_bridge/prefix_override:/usr/lib/python3/dist-packages/colcon_core/task/python/colcon_distutils_commands:/mnt/hdd/autonomy/ws/Carla-autoware_interface/bridge_ws/install/carla_autonomy_bridge/lib/python3.10/site-packages:${PYTHONPATH} /usr/bin/python3 -W ignore:setup.py install is deprecated -W ignore:easy_install command is deprecated setup.py develop --editable --build-directory /mnt/hdd/autonomy/ws/Carla-autoware_interface/bridge_ws/build/carla_autonomy_bridge/build --no-deps symlink_data
[3.589s] INFO:colcon.colcon_core.shell:Creating environment descriptor '/mnt/hdd/autonomy/ws/Carla-autoware_interface/bridge_ws/build/carla_autonomy_bridge/share/carla_autonomy_bridge/hook/pythonpath_develop.dsv'
[3.589s] INFO:colcon.colcon_core.shell:Creating environment hook '/mnt/hdd/autonomy/ws/Carla-autoware_interface/bridge_ws/build/carla_autonomy_bridge/share/carla_autonomy_bridge/hook/pythonpath_develop.sh'
[3.592s] Level 1:colcon.colcon_core.environment:checking '/mnt/hdd/autonomy/ws/Carla-autoware_interface/bridge_ws/install/carla_autonomy_bridge' for CMake module files
[3.592s] Level 1:colcon.colcon_core.environment:checking '/mnt/hdd/autonomy/ws/Carla-autoware_interface/bridge_ws/install/carla_autonomy_bridge' for CMake config files
[3.592s] Level 1:colcon.colcon_core.environment:checking '/mnt/hdd/autonomy/ws/Carla-autoware_interface/bridge_ws/install/carla_autonomy_bridge/lib'
[3.592s] Level 1:colcon.colcon_core.environment:checking '/mnt/hdd/autonomy/ws/Carla-autoware_interface/bridge_ws/install/carla_autonomy_bridge/bin'
[3.593s] Level 1:colcon.colcon_core.environment:checking '/mnt/hdd/autonomy/ws/Carla-autoware_interface/bridge_ws/install/carla_autonomy_bridge/lib/pkgconfig/carla_autonomy_bridge.pc'
[3.593s] Level 1:colcon.colcon_core.environment:checking '/mnt/hdd/autonomy/ws/Carla-autoware_interface/bridge_ws/install/carla_autonomy_bridge/lib/python3.10/site-packages'
[3.593s] Level 1:colcon.colcon_core.shell:create_environment_hook('carla_autonomy_bridge', 'pythonpath')
[3.593s] INFO:colcon.colcon_core.shell:Creating environment hook '/mnt/hdd/autonomy/ws/Carla-autoware_interface/bridge_ws/install/carla_autonomy_bridge/share/carla_autonomy_bridge/hook/pythonpath.ps1'
[3.593s] INFO:colcon.colcon_core.shell:Creating environment descriptor '/mnt/hdd/autonomy/ws/Carla-autoware_interface/bridge_ws/install/carla_autonomy_bridge/share/carla_autonomy_bridge/hook/pythonpath.dsv'
[3.594s] INFO:colcon.colcon_core.shell:Creating environment hook '/mnt/hdd/autonomy/ws/Carla-autoware_interface/bridge_ws/install/carla_autonomy_bridge/share/carla_autonomy_bridge/hook/pythonpath.sh'
[3.594s] Level 1:colcon.colcon_core.environment:checking '/mnt/hdd/autonomy/ws/Carla-autoware_interface/bridge_ws/install/carla_autonomy_bridge/bin'
[3.594s] Level 1:colcon.colcon_core.environment:create_environment_scripts_only(carla_autonomy_bridge)
[3.594s] INFO:colcon.colcon_core.shell:Creating package script '/mnt/hdd/autonomy/ws/Carla-autoware_interface/bridge_ws/install/carla_autonomy_bridge/share/carla_autonomy_bridge/package.ps1'
[3.595s] INFO:colcon.colcon_core.shell:Creating package descriptor '/mnt/hdd/autonomy/ws/Carla-autoware_interface/bridge_ws/install/carla_autonomy_bridge/share/carla_autonomy_bridge/package.dsv'
[3.596s] INFO:colcon.colcon_core.shell:Creating package script '/mnt/hdd/autonomy/ws/Carla-autoware_interface/bridge_ws/install/carla_autonomy_bridge/share/carla_autonomy_bridge/package.sh'
[3.596s] INFO:colcon.colcon_core.shell:Creating package script '/mnt/hdd/autonomy/ws/Carla-autoware_interface/bridge_ws/install/carla_autonomy_bridge/share/carla_autonomy_bridge/package.bash'
[3.597s] INFO:colcon.colcon_core.shell:Creating package script '/mnt/hdd/autonomy/ws/Carla-autoware_interface/bridge_ws/install/carla_autonomy_bridge/share/carla_autonomy_bridge/package.zsh'
[3.597s] Level 1:colcon.colcon_core.environment:create_file_with_runtime_dependencies(/mnt/hdd/autonomy/ws/Carla-autoware_interface/bridge_ws/install/carla_autonomy_bridge/share/colcon-core/packages/carla_autonomy_bridge)
[5.467s] DEBUG:colcon.colcon_core.event_handler.log_command:Invoked command in '/mnt/hdd/autonomy/ws/Carla-autoware_interface/bridge_ws/build/carla_autoware_type_bridge' returned '0': CMAKE_PREFIX_PATH=${CMAKE_PREFIX_PATH}:/opt/ros/humble /usr/bin/cmake /mnt/hdd/autonomy/ws/Carla-autoware_interface/bridge_ws/src/carla_autoware_type_bridge -Dautoware_auto_vehicle_msgs_DIR=/mnt/hdd/autonomy/ws/Carla-autoware_interface/msg_ws/install/autoware_auto_vehicle_msgs/share/autoware_auto_vehicle_msgs/cmake -Dautoware_auto_control_msgs_DIR=/mnt/hdd/autonomy/ws/Carla-autoware_interface/msg_ws/install/autoware_auto_control_msgs/share/autoware_auto_control_msgs/cmake -Dautoware_vehicle_msgs_DIR=/mnt/hdd/autonomy/ws/Carla-autoware_interface/deps_ws/install/autoware_vehicle_msgs/share/autoware_vehicle_msgs/cmake -Dautoware_control_msgs_DIR=/mnt/hdd/autonomy/ws/Carla-autoware_interface/deps_ws/install/autoware_control_msgs/share/autoware_control_msgs/cmake -DAMENT_CMAKE_SYMLINK_INSTALL=1 -DCMAKE_INSTALL_PREFIX=/mnt/hdd/autonomy/ws/Carla-autoware_interface/bridge_ws/install/carla_autoware_type_bridge
[5.471s] DEBUG:colcon.colcon_core.event_handler.log_command:Invoking command in '/mnt/hdd/autonomy/ws/Carla-autoware_interface/bridge_ws/build/carla_autoware_type_bridge': CMAKE_PREFIX_PATH=${CMAKE_PREFIX_PATH}:/opt/ros/humble /usr/bin/cmake --build /mnt/hdd/autonomy/ws/Carla-autoware_interface/bridge_ws/build/carla_autoware_type_bridge -- -j16 -l16
[45.126s] DEBUG:colcon.colcon_core.event_handler.log_command:Invoked command in '/mnt/hdd/autonomy/ws/Carla-autoware_interface/bridge_ws/build/carla_autoware_type_bridge' returned '0': CMAKE_PREFIX_PATH=${CMAKE_PREFIX_PATH}:/opt/ros/humble /usr/bin/cmake --build /mnt/hdd/autonomy/ws/Carla-autoware_interface/bridge_ws/build/carla_autoware_type_bridge -- -j16 -l16
[45.187s] DEBUG:colcon.colcon_core.event_handler.log_command:Invoking command in '/mnt/hdd/autonomy/ws/Carla-autoware_interface/bridge_ws/build/carla_autoware_type_bridge': CMAKE_PREFIX_PATH=${CMAKE_PREFIX_PATH}:/opt/ros/humble /usr/bin/cmake --install /mnt/hdd/autonomy/ws/Carla-autoware_interface/bridge_ws/build/carla_autoware_type_bridge
[46.266s] Level 1:colcon.colcon_core.environment:create_environment_scripts_only(carla_autoware_type_bridge)
[46.267s] Level 1:colcon.colcon_core.environment:checking '/mnt/hdd/autonomy/ws/Carla-autoware_interface/bridge_ws/install/carla_autoware_type_bridge' for CMake module files
[46.267s] Level 1:colcon.colcon_core.environment:checking '/mnt/hdd/autonomy/ws/Carla-autoware_interface/bridge_ws/install/carla_autoware_type_bridge' for CMake config files
[46.268s] Level 1:colcon.colcon_core.shell:create_environment_hook('carla_autoware_type_bridge', 'cmake_prefix_path')
[46.268s] INFO:colcon.colcon_core.shell:Creating environment hook '/mnt/hdd/autonomy/ws/Carla-autoware_interface/bridge_ws/install/carla_autoware_type_bridge/share/carla_autoware_type_bridge/hook/cmake_prefix_path.ps1'
[46.272s] DEBUG:colcon.colcon_core.event_handler.log_command:Invoked command in '/mnt/hdd/autonomy/ws/Carla-autoware_interface/bridge_ws/build/carla_autoware_type_bridge' returned '0': CMAKE_PREFIX_PATH=${CMAKE_PREFIX_PATH}:/opt/ros/humble /usr/bin/cmake --install /mnt/hdd/autonomy/ws/Carla-autoware_interface/bridge_ws/build/carla_autoware_type_bridge
[46.273s] INFO:colcon.colcon_core.shell:Creating environment descriptor '/mnt/hdd/autonomy/ws/Carla-autoware_interface/bridge_ws/install/carla_autoware_type_bridge/share/carla_autoware_type_bridge/hook/cmake_prefix_path.dsv'
[46.273s] INFO:colcon.colcon_core.shell:Creating environment hook '/mnt/hdd/autonomy/ws/Carla-autoware_interface/bridge_ws/install/carla_autoware_type_bridge/share/carla_autoware_type_bridge/hook/cmake_prefix_path.sh'
[46.274s] Level 1:colcon.colcon_core.environment:checking '/mnt/hdd/autonomy/ws/Carla-autoware_interface/bridge_ws/install/carla_autoware_type_bridge/lib'
[46.274s] Level 1:colcon.colcon_core.environment:checking '/mnt/hdd/autonomy/ws/Carla-autoware_interface/bridge_ws/install/carla_autoware_type_bridge/bin'
[46.274s] Level 1:colcon.colcon_core.environment:checking '/mnt/hdd/autonomy/ws/Carla-autoware_interface/bridge_ws/install/carla_autoware_type_bridge/lib/pkgconfig/carla_autoware_type_bridge.pc'
[46.275s] Level 1:colcon.colcon_core.environment:checking '/mnt/hdd/autonomy/ws/Carla-autoware_interface/bridge_ws/install/carla_autoware_type_bridge/lib/python3.10/site-packages'
[46.277s] Level 1:colcon.colcon_core.environment:checking '/mnt/hdd/autonomy/ws/Carla-autoware_interface/bridge_ws/install/carla_autoware_type_bridge/bin'
[46.277s] INFO:colcon.colcon_core.shell:Creating package script '/mnt/hdd/autonomy/ws/Carla-autoware_interface/bridge_ws/install/carla_autoware_type_bridge/share/carla_autoware_type_bridge/package.ps1'
[46.278s] INFO:colcon.colcon_core.shell:Creating package descriptor '/mnt/hdd/autonomy/ws/Carla-autoware_interface/bridge_ws/install/carla_autoware_type_bridge/share/carla_autoware_type_bridge/package.dsv'
[46.278s] INFO:colcon.colcon_core.shell:Creating package script '/mnt/hdd/autonomy/ws/Carla-autoware_interface/bridge_ws/install/carla_autoware_type_bridge/share/carla_autoware_type_bridge/package.sh'
[46.279s] INFO:colcon.colcon_core.shell:Creating package script '/mnt/hdd/autonomy/ws/Carla-autoware_interface/bridge_ws/install/carla_autoware_type_bridge/share/carla_autoware_type_bridge/package.bash'
[46.279s] INFO:colcon.colcon_core.shell:Creating package script '/mnt/hdd/autonomy/ws/Carla-autoware_interface/bridge_ws/install/carla_autoware_type_bridge/share/carla_autoware_type_bridge/package.zsh'
[46.280s] Level 1:colcon.colcon_core.environment:create_file_with_runtime_dependencies(/mnt/hdd/autonomy/ws/Carla-autoware_interface/bridge_ws/install/carla_autoware_type_bridge/share/colcon-core/packages/carla_autoware_type_bridge)
[46.281s] Level 1:colcon.colcon_core.environment:create_environment_scripts_only(carla_autoware_type_bridge)
[46.282s] Level 1:colcon.colcon_core.environment:checking '/mnt/hdd/autonomy/ws/Carla-autoware_interface/bridge_ws/install/carla_autoware_type_bridge' for CMake module files
[46.282s] Level 1:colcon.colcon_core.environment:checking '/mnt/hdd/autonomy/ws/Carla-autoware_interface/bridge_ws/install/carla_autoware_type_bridge' for CMake config files
[46.283s] Level 1:colcon.colcon_core.shell:create_environment_hook('carla_autoware_type_bridge', 'cmake_prefix_path')
[46.283s] INFO:colcon.colcon_core.shell:Creating environment hook '/mnt/hdd/autonomy/ws/Carla-autoware_interface/bridge_ws/install/carla_autoware_type_bridge/share/carla_autoware_type_bridge/hook/cmake_prefix_path.ps1'
[46.284s] INFO:colcon.colcon_core.shell:Creating environment descriptor '/mnt/hdd/autonomy/ws/Carla-autoware_interface/bridge_ws/install/carla_autoware_type_bridge/share/carla_autoware_type_bridge/hook/cmake_prefix_path.dsv'
[46.284s] INFO:colcon.colcon_core.shell:Creating environment hook '/mnt/hdd/autonomy/ws/Carla-autoware_interface/bridge_ws/install/carla_autoware_type_bridge/share/carla_autoware_type_bridge/hook/cmake_prefix_path.sh'
[46.285s] Level 1:colcon.colcon_core.environment:checking '/mnt/hdd/autonomy/ws/Carla-autoware_interface/bridge_ws/install/carla_autoware_type_bridge/lib'
[46.285s] Level 1:colcon.colcon_core.environment:checking '/mnt/hdd/autonomy/ws/Carla-autoware_interface/bridge_ws/install/carla_autoware_type_bridge/bin'
[46.285s] Level 1:colcon.colcon_core.environment:checking '/mnt/hdd/autonomy/ws/Carla-autoware_interface/bridge_ws/install/carla_autoware_type_bridge/lib/pkgconfig/carla_autoware_type_bridge.pc'
[46.286s] Level 1:colcon.colcon_core.environment:checking '/mnt/hdd/autonomy/ws/Carla-autoware_interface/bridge_ws/install/carla_autoware_type_bridge/lib/python3.10/site-packages'
[46.286s] Level 1:colcon.colcon_core.environment:checking '/mnt/hdd/autonomy/ws/Carla-autoware_interface/bridge_ws/install/carla_autoware_type_bridge/bin'
[46.286s] INFO:colcon.colcon_core.shell:Creating package script '/mnt/hdd/autonomy/ws/Carla-autoware_interface/bridge_ws/install/carla_autoware_type_bridge/share/carla_autoware_type_bridge/package.ps1'
[46.288s] INFO:colcon.colcon_core.shell:Creating package descriptor '/mnt/hdd/autonomy/ws/Carla-autoware_interface/bridge_ws/install/carla_autoware_type_bridge/share/carla_autoware_type_bridge/package.dsv'
[46.288s] INFO:colcon.colcon_core.shell:Creating package script '/mnt/hdd/autonomy/ws/Carla-autoware_interface/bridge_ws/install/carla_autoware_type_bridge/share/carla_autoware_type_bridge/package.sh'
[46.289s] INFO:colcon.colcon_core.shell:Creating package script '/mnt/hdd/autonomy/ws/Carla-autoware_interface/bridge_ws/install/carla_autoware_type_bridge/share/carla_autoware_type_bridge/package.bash'
[46.289s] INFO:colcon.colcon_core.shell:Creating package script '/mnt/hdd/autonomy/ws/Carla-autoware_interface/bridge_ws/install/carla_autoware_type_bridge/share/carla_autoware_type_bridge/package.zsh'
[46.290s] Level 1:colcon.colcon_core.environment:create_file_with_runtime_dependencies(/mnt/hdd/autonomy/ws/Carla-autoware_interface/bridge_ws/install/carla_autoware_type_bridge/share/colcon-core/packages/carla_autoware_type_bridge)
[46.290s] DEBUG:colcon.colcon_parallel_executor.executor.parallel:closing loop
[46.290s] DEBUG:colcon.colcon_parallel_executor.executor.parallel:loop closed
[46.290s] DEBUG:colcon.colcon_parallel_executor.executor.parallel:run_until_complete finished with '0'
[46.290s] DEBUG:colcon.colcon_core.event_reactor:joining thread
[46.307s] INFO:colcon.colcon_core.plugin_system:Skipping extension 'colcon_notification.desktop_notification.terminal_notifier': Not used on non-Darwin systems
[46.307s] INFO:colcon.colcon_core.plugin_system:Skipping extension 'colcon_notification.desktop_notification.win32': Not used on non-Windows systems
[46.307s] INFO:colcon.colcon_notification.desktop_notification:Sending desktop notification using 'notify2'
[46.307s] DEBUG:colcon.colcon_notification.desktop_notification.notify2:Failed to initialize notify2: org.freedesktop.DBus.Error.AccessDenied: Failed to connect to socket /run/user/1000/bus: Operation not permitted
[46.307s] DEBUG:colcon.colcon_core.event_reactor:joined thread
[46.308s] INFO:colcon.colcon_core.shell:Creating prefix script '/mnt/hdd/autonomy/ws/Carla-autoware_interface/bridge_ws/install/local_setup.ps1'
[46.309s] INFO:colcon.colcon_core.shell:Creating prefix util module '/mnt/hdd/autonomy/ws/Carla-autoware_interface/bridge_ws/install/_local_setup_util_ps1.py'
[46.310s] INFO:colcon.colcon_core.shell:Creating prefix chain script '/mnt/hdd/autonomy/ws/Carla-autoware_interface/bridge_ws/install/setup.ps1'
[46.314s] INFO:colcon.colcon_core.shell:Creating prefix script '/mnt/hdd/autonomy/ws/Carla-autoware_interface/bridge_ws/install/local_setup.sh'
[46.315s] INFO:colcon.colcon_core.shell:Creating prefix util module '/mnt/hdd/autonomy/ws/Carla-autoware_interface/bridge_ws/install/_local_setup_util_sh.py'
[46.315s] INFO:colcon.colcon_core.shell:Creating prefix chain script '/mnt/hdd/autonomy/ws/Carla-autoware_interface/bridge_ws/install/setup.sh'
[46.319s] INFO:colcon.colcon_core.shell:Creating prefix script '/mnt/hdd/autonomy/ws/Carla-autoware_interface/bridge_ws/install/local_setup.bash'
[46.319s] INFO:colcon.colcon_core.shell:Creating prefix chain script '/mnt/hdd/autonomy/ws/Carla-autoware_interface/bridge_ws/install/setup.bash'
[46.323s] INFO:colcon.colcon_core.shell:Creating prefix script '/mnt/hdd/autonomy/ws/Carla-autoware_interface/bridge_ws/install/local_setup.zsh'
[46.323s] INFO:colcon.colcon_core.shell:Creating prefix chain script '/mnt/hdd/autonomy/ws/Carla-autoware_interface/bridge_ws/install/setup.zsh'
