-- The C compiler identification is GNU 11.4.0
-- The CXX compiler identification is GNU 11.4.0
-- Detecting C compiler ABI info
-- Detecting C compiler ABI info - done
-- Check for working C compiler: /usr/lib/ccache/gcc - skipped
-- Detecting C compile features
-- Detecting C compile features - done
-- Detecting CXX compiler ABI info
-- Detecting CXX compiler ABI info - done
-- Check for working CXX compiler: /usr/lib/ccache/g++ - skipped
-- Detecting CXX compile features
-- Detecting CXX compile features - done
-- Found ament_cmake_auto: 1.3.12 (/opt/ros/humble/share/ament_cmake_auto/cmake)
-- Found Python3: /usr/bin/python3 (found version "3.10.12") found components: Interpreter 
-- Override CMake install command with custom implementation using symlinks instead of copying resources
-- Using all available rosidl_typesupport_c: rosidl_typesupport_fastrtps_c;rosidl_typesupport_introspection_c
-- Found rosidl_adapter: 3.1.8 (/opt/ros/humble/share/rosidl_adapter/cmake)
-- Using all available rosidl_typesupport_cpp: rosidl_typesupport_fastrtps_cpp;rosidl_typesupport_introspection_cpp
-- Found ament_cmake_cppcheck: 0.12.14 (/opt/ros/humble/share/ament_cmake_cppcheck/cmake)
-- Found ament_cmake_cpplint: 0.12.14 (/opt/ros/humble/share/ament_cmake_cpplint/cmake)
-- Found ament_cmake_uncrustify: 0.12.14 (/opt/ros/humble/share/ament_cmake_uncrustify/cmake)
-- Found ament_cmake_ros: 0.10.0 (/opt/ros/humble/share/ament_cmake_ros/cmake)
-- Using all available rosidl_typesupport_c: rosidl_typesupport_fastrtps_c;rosidl_typesupport_introspection_c
-- Using all available rosidl_typesupport_cpp: rosidl_typesupport_fastrtps_cpp;rosidl_typesupport_introspection_cpp
-- Found PythonInterp: /usr/bin/python3 (found suitable version "3.10.12", minimum required is "3.6") 
-- Found python_cmake_module: 0.10.0 (/opt/ros/humble/share/python_cmake_module/cmake)
-- Found PythonLibs: /usr/lib/x86_64-linux-gnu/libpython3.10.so (found suitable version "3.10.12", minimum required is "3.5") 
-- Using PYTHON_EXECUTABLE: /usr/bin/python3
-- Using PYTHON_INCLUDE_DIRS: /usr/include/python3.10
-- Using PYTHON_LIBRARIES: /usr/lib/x86_64-linux-gnu/libpython3.10.so
-- Found PythonExtra: .so  
-- Found ament_cmake_flake8: 0.12.14 (/opt/ros/humble/share/ament_cmake_flake8/cmake)
-- Found ament_cmake_pep257: 0.12.14 (/opt/ros/humble/share/ament_cmake_pep257/cmake)
-- Configuring done
-- Generating done
-- Build files have been written to: /mnt/hdd/autonomy/ws/Carla-autoware_interface/deps_ws/build/autoware_common_msgs
[  3%] Generating C++ code for ROS interfaces
[  3%] Built target autoware_common_msgs__cpp
[  3%] Built target ament_cmake_python_symlink_autoware_common_msgs
[  6%] Generating C++ introspection for ROS interfaces
[  9%] Building CXX object CMakeFiles/autoware_common_msgs__rosidl_typesupport_introspection_cpp.dir/rosidl_typesupport_introspection_cpp/autoware_common_msgs/msg/detail/response_status__type_support.cpp.o
[ 12%] Linking CXX shared library libautoware_common_msgs__rosidl_typesupport_introspection_cpp.so
[ 12%] Built target autoware_common_msgs__rosidl_typesupport_introspection_cpp
running egg_info
creating autoware_common_msgs.egg-info
writing autoware_common_msgs.egg-info/PKG-INFO
writing dependency_links to autoware_common_msgs.egg-info/dependency_links.txt
writing top-level names to autoware_common_msgs.egg-info/top_level.txt
writing manifest file 'autoware_common_msgs.egg-info/SOURCES.txt'
reading manifest file 'autoware_common_msgs.egg-info/SOURCES.txt'
writing manifest file 'autoware_common_msgs.egg-info/SOURCES.txt'
[ 12%] Built target ament_cmake_python_build_autoware_common_msgs_egg
[ 16%] Generating C++ type support for eProsima Fast-RTPS
[ 19%] Building CXX object CMakeFiles/autoware_common_msgs__rosidl_typesupport_fastrtps_cpp.dir/rosidl_typesupport_fastrtps_cpp/autoware_common_msgs/msg/detail/dds_fastrtps/response_status__type_support.cpp.o
[ 22%] Linking CXX shared library libautoware_common_msgs__rosidl_typesupport_fastrtps_cpp.so
[ 22%] Built target autoware_common_msgs__rosidl_typesupport_fastrtps_cpp
[ 25%] Generating C++ type support dispatch for ROS interfaces
[ 29%] Building CXX object CMakeFiles/autoware_common_msgs__rosidl_typesupport_cpp.dir/rosidl_typesupport_cpp/autoware_common_msgs/msg/response_status__type_support.cpp.o
[ 32%] Linking CXX shared library libautoware_common_msgs__rosidl_typesupport_cpp.so
[ 32%] Built target autoware_common_msgs__rosidl_typesupport_cpp
[ 35%] Generating C code for ROS interfaces
[ 38%] Building C object CMakeFiles/autoware_common_msgs__rosidl_generator_c.dir/rosidl_generator_c/autoware_common_msgs/msg/detail/response_status__functions.c.o
[ 41%] Linking C shared library libautoware_common_msgs__rosidl_generator_c.so
[ 41%] Built target autoware_common_msgs__rosidl_generator_c
[ 45%] Generating C type support for eProsima Fast-RTPS
[ 48%] Building CXX object CMakeFiles/autoware_common_msgs__rosidl_typesupport_fastrtps_c.dir/rosidl_typesupport_fastrtps_c/autoware_common_msgs/msg/detail/response_status__type_support_c.cpp.o
[ 51%] Linking CXX shared library libautoware_common_msgs__rosidl_typesupport_fastrtps_c.so
[ 51%] Built target autoware_common_msgs__rosidl_typesupport_fastrtps_c
[ 54%] Generating C type support dispatch for ROS interfaces
[ 58%] Building CXX object CMakeFiles/autoware_common_msgs__rosidl_typesupport_c.dir/rosidl_typesupport_c/autoware_common_msgs/msg/response_status__type_support.cpp.o
[ 61%] Linking CXX shared library libautoware_common_msgs__rosidl_typesupport_c.so
[ 61%] Built target autoware_common_msgs__rosidl_typesupport_c
[ 64%] Generating C introspection for ROS interfaces
[ 67%] Building C object CMakeFiles/autoware_common_msgs__rosidl_typesupport_introspection_c.dir/rosidl_typesupport_introspection_c/autoware_common_msgs/msg/detail/response_status__type_support.c.o
[ 70%] Linking C shared library libautoware_common_msgs__rosidl_typesupport_introspection_c.so
[ 70%] Built target autoware_common_msgs__rosidl_typesupport_introspection_c
[ 70%] Built target autoware_common_msgs
[ 74%] Generating Python code for ROS interfaces
[ 74%] Built target autoware_common_msgs__py
[ 77%] Building C object CMakeFiles/autoware_common_msgs__rosidl_generator_py.dir/rosidl_generator_py/autoware_common_msgs/msg/_response_status_s.c.o
[ 80%] Linking C shared library rosidl_generator_py/autoware_common_msgs/libautoware_common_msgs__rosidl_generator_py.so
[ 80%] Built target autoware_common_msgs__rosidl_generator_py
[ 83%] Building C object CMakeFiles/autoware_common_msgs__rosidl_typesupport_fastrtps_c__pyext.dir/rosidl_generator_py/autoware_common_msgs/_autoware_common_msgs_s.ep.rosidl_typesupport_fastrtps_c.c.o
[ 87%] Linking C shared library rosidl_generator_py/autoware_common_msgs/autoware_common_msgs_s__rosidl_typesupport_fastrtps_c.cpython-310-x86_64-linux-gnu.so
[ 87%] Built target autoware_common_msgs__rosidl_typesupport_fastrtps_c__pyext
[ 90%] Building C object CMakeFiles/autoware_common_msgs__rosidl_typesupport_c__pyext.dir/rosidl_generator_py/autoware_common_msgs/_autoware_common_msgs_s.ep.rosidl_typesupport_c.c.o
[ 93%] Linking C shared library rosidl_generator_py/autoware_common_msgs/autoware_common_msgs_s__rosidl_typesupport_c.cpython-310-x86_64-linux-gnu.so
[ 93%] Built target autoware_common_msgs__rosidl_typesupport_c__pyext
[ 96%] Building C object CMakeFiles/autoware_common_msgs__rosidl_typesupport_introspection_c__pyext.dir/rosidl_generator_py/autoware_common_msgs/_autoware_common_msgs_s.ep.rosidl_typesupport_introspection_c.c.o
[100%] Linking C shared library rosidl_generator_py/autoware_common_msgs/autoware_common_msgs_s__rosidl_typesupport_introspection_c.cpython-310-x86_64-linux-gnu.so
[100%] Built target autoware_common_msgs__rosidl_typesupport_introspection_c__pyext
-- Install configuration: ""
-- Execute custom install script
-- Symlinking: /mnt/hdd/autonomy/ws/Carla-autoware_interface/deps_ws/install/autoware_common_msgs/share/ament_index/resource_index/rosidl_interfaces/autoware_common_msgs
-- Symlinking: /mnt/hdd/autonomy/ws/Carla-autoware_interface/deps_ws/install/autoware_common_msgs/include/autoware_common_msgs/autoware_common_msgs/msg/detail/response_status__functions.h
-- Symlinking: /mnt/hdd/autonomy/ws/Carla-autoware_interface/deps_ws/install/autoware_common_msgs/include/autoware_common_msgs/autoware_common_msgs/msg/detail/response_status__struct.h
-- Symlinking: /mnt/hdd/autonomy/ws/Carla-autoware_interface/deps_ws/install/autoware_common_msgs/include/autoware_common_msgs/autoware_common_msgs/msg/detail/response_status__type_support.h
-- Symlinking: /mnt/hdd/autonomy/ws/Carla-autoware_interface/deps_ws/install/autoware_common_msgs/include/autoware_common_msgs/autoware_common_msgs/msg/response_status.h
-- Symlinking: /mnt/hdd/autonomy/ws/Carla-autoware_interface/deps_ws/install/autoware_common_msgs/include/autoware_common_msgs/autoware_common_msgs/msg/rosidl_generator_c__visibility_control.h
-- Symlinking: /mnt/hdd/autonomy/ws/Carla-autoware_interface/deps_ws/install/autoware_common_msgs/share/autoware_common_msgs/environment/library_path.sh
-- Symlinking: /mnt/hdd/autonomy/ws/Carla-autoware_interface/deps_ws/install/autoware_common_msgs/share/autoware_common_msgs/environment/library_path.dsv
-- Symlinking: /mnt/hdd/autonomy/ws/Carla-autoware_interface/deps_ws/install/autoware_common_msgs/include/autoware_common_msgs/autoware_common_msgs/msg/detail/response_status__rosidl_typesupport_fastrtps_c.h
-- Symlinking: /mnt/hdd/autonomy/ws/Carla-autoware_interface/deps_ws/install/autoware_common_msgs/include/autoware_common_msgs/autoware_common_msgs/msg/rosidl_typesupport_fastrtps_c__visibility_control.h
-- Symlinking: /mnt/hdd/autonomy/ws/Carla-autoware_interface/deps_ws/install/autoware_common_msgs/include/autoware_common_msgs/autoware_common_msgs/msg/detail/response_status__rosidl_typesupport_introspection_c.h
-- Symlinking: /mnt/hdd/autonomy/ws/Carla-autoware_interface/deps_ws/install/autoware_common_msgs/include/autoware_common_msgs/autoware_common_msgs/msg/rosidl_typesupport_introspection_c__visibility_control.h
-- Symlinking: /mnt/hdd/autonomy/ws/Carla-autoware_interface/deps_ws/install/autoware_common_msgs/include/autoware_common_msgs/autoware_common_msgs/msg/detail/response_status__builder.hpp
-- Symlinking: /mnt/hdd/autonomy/ws/Carla-autoware_interface/deps_ws/install/autoware_common_msgs/include/autoware_common_msgs/autoware_common_msgs/msg/detail/response_status__struct.hpp
-- Symlinking: /mnt/hdd/autonomy/ws/Carla-autoware_interface/deps_ws/install/autoware_common_msgs/include/autoware_common_msgs/autoware_common_msgs/msg/detail/response_status__traits.hpp
-- Symlinking: /mnt/hdd/autonomy/ws/Carla-autoware_interface/deps_ws/install/autoware_common_msgs/include/autoware_common_msgs/autoware_common_msgs/msg/detail/response_status__type_support.hpp
-- Symlinking: /mnt/hdd/autonomy/ws/Carla-autoware_interface/deps_ws/install/autoware_common_msgs/include/autoware_common_msgs/autoware_common_msgs/msg/response_status.hpp
-- Symlinking: /mnt/hdd/autonomy/ws/Carla-autoware_interface/deps_ws/install/autoware_common_msgs/include/autoware_common_msgs/autoware_common_msgs/msg/rosidl_generator_cpp__visibility_control.hpp
-- Symlinking: /mnt/hdd/autonomy/ws/Carla-autoware_interface/deps_ws/install/autoware_common_msgs/include/autoware_common_msgs/autoware_common_msgs/msg/detail/response_status__rosidl_typesupport_fastrtps_cpp.hpp
-- Symlinking: /mnt/hdd/autonomy/ws/Carla-autoware_interface/deps_ws/install/autoware_common_msgs/include/autoware_common_msgs/autoware_common_msgs/msg/rosidl_typesupport_fastrtps_cpp__visibility_control.h
-- Symlinking: /mnt/hdd/autonomy/ws/Carla-autoware_interface/deps_ws/install/autoware_common_msgs/include/autoware_common_msgs/autoware_common_msgs/msg/detail/response_status__rosidl_typesupport_introspection_cpp.hpp
-- Symlinking: /mnt/hdd/autonomy/ws/Carla-autoware_interface/deps_ws/install/autoware_common_msgs/share/autoware_common_msgs/environment/pythonpath.sh
-- Symlinking: /mnt/hdd/autonomy/ws/Carla-autoware_interface/deps_ws/install/autoware_common_msgs/share/autoware_common_msgs/environment/pythonpath.dsv
-- Symlinking: /mnt/hdd/autonomy/ws/Carla-autoware_interface/deps_ws/install/autoware_common_msgs/local/lib/python3.10/dist-packages/autoware_common_msgs-1.11.0-py3.10.egg-info/PKG-INFO
-- Symlinking: /mnt/hdd/autonomy/ws/Carla-autoware_interface/deps_ws/install/autoware_common_msgs/local/lib/python3.10/dist-packages/autoware_common_msgs-1.11.0-py3.10.egg-info/SOURCES.txt
-- Symlinking: /mnt/hdd/autonomy/ws/Carla-autoware_interface/deps_ws/install/autoware_common_msgs/local/lib/python3.10/dist-packages/autoware_common_msgs-1.11.0-py3.10.egg-info/dependency_links.txt
-- Symlinking: /mnt/hdd/autonomy/ws/Carla-autoware_interface/deps_ws/install/autoware_common_msgs/local/lib/python3.10/dist-packages/autoware_common_msgs-1.11.0-py3.10.egg-info/top_level.txt
-- Symlinking: /mnt/hdd/autonomy/ws/Carla-autoware_interface/deps_ws/install/autoware_common_msgs/local/lib/python3.10/dist-packages/autoware_common_msgs/__init__.py
-- Symlinking: /mnt/hdd/autonomy/ws/Carla-autoware_interface/deps_ws/install/autoware_common_msgs/local/lib/python3.10/dist-packages/autoware_common_msgs/_autoware_common_msgs_s.ep.rosidl_typesupport_c.c
-- Symlinking: /mnt/hdd/autonomy/ws/Carla-autoware_interface/deps_ws/install/autoware_common_msgs/local/lib/python3.10/dist-packages/autoware_common_msgs/_autoware_common_msgs_s.ep.rosidl_typesupport_fastrtps_c.c
-- Symlinking: /mnt/hdd/autonomy/ws/Carla-autoware_interface/deps_ws/install/autoware_common_msgs/local/lib/python3.10/dist-packages/autoware_common_msgs/_autoware_common_msgs_s.ep.rosidl_typesupport_introspection_c.c
-- Symlinking: /mnt/hdd/autonomy/ws/Carla-autoware_interface/deps_ws/install/autoware_common_msgs/local/lib/python3.10/dist-packages/autoware_common_msgs/autoware_common_msgs_s__rosidl_typesupport_c.cpython-310-x86_64-linux-gnu.so
-- Symlinking: /mnt/hdd/autonomy/ws/Carla-autoware_interface/deps_ws/install/autoware_common_msgs/local/lib/python3.10/dist-packages/autoware_common_msgs/autoware_common_msgs_s__rosidl_typesupport_fastrtps_c.cpython-310-x86_64-linux-gnu.so
-- Symlinking: /mnt/hdd/autonomy/ws/Carla-autoware_interface/deps_ws/install/autoware_common_msgs/local/lib/python3.10/dist-packages/autoware_common_msgs/autoware_common_msgs_s__rosidl_typesupport_introspection_c.cpython-310-x86_64-linux-gnu.so
-- Symlinking: /mnt/hdd/autonomy/ws/Carla-autoware_interface/deps_ws/install/autoware_common_msgs/local/lib/python3.10/dist-packages/autoware_common_msgs/libautoware_common_msgs__rosidl_generator_py.so
-- Symlinking: /mnt/hdd/autonomy/ws/Carla-autoware_interface/deps_ws/install/autoware_common_msgs/local/lib/python3.10/dist-packages/autoware_common_msgs/msg/__init__.py
-- Symlinking: /mnt/hdd/autonomy/ws/Carla-autoware_interface/deps_ws/install/autoware_common_msgs/local/lib/python3.10/dist-packages/autoware_common_msgs/msg/_response_status.py
-- Symlinking: /mnt/hdd/autonomy/ws/Carla-autoware_interface/deps_ws/install/autoware_common_msgs/local/lib/python3.10/dist-packages/autoware_common_msgs/msg/_response_status_s.c
-- Up-to-date symlink: /mnt/hdd/autonomy/ws/Carla-autoware_interface/deps_ws/install/autoware_common_msgs/local/lib/python3.10/dist-packages/autoware_common_msgs/autoware_common_msgs_s__rosidl_typesupport_fastrtps_c.cpython-310-x86_64-linux-gnu.so
-- Up-to-date symlink: /mnt/hdd/autonomy/ws/Carla-autoware_interface/deps_ws/install/autoware_common_msgs/local/lib/python3.10/dist-packages/autoware_common_msgs/autoware_common_msgs_s__rosidl_typesupport_introspection_c.cpython-310-x86_64-linux-gnu.so
-- Up-to-date symlink: /mnt/hdd/autonomy/ws/Carla-autoware_interface/deps_ws/install/autoware_common_msgs/local/lib/python3.10/dist-packages/autoware_common_msgs/autoware_common_msgs_s__rosidl_typesupport_c.cpython-310-x86_64-linux-gnu.so
-- Symlinking: /mnt/hdd/autonomy/ws/Carla-autoware_interface/deps_ws/install/autoware_common_msgs/share/autoware_common_msgs/msg/ResponseStatus.idl
-- Symlinking: /mnt/hdd/autonomy/ws/Carla-autoware_interface/deps_ws/install/autoware_common_msgs/share/autoware_common_msgs/msg/ResponseStatus.msg
-- Symlinking: /mnt/hdd/autonomy/ws/Carla-autoware_interface/deps_ws/install/autoware_common_msgs/share/ament_index/resource_index/package_run_dependencies/autoware_common_msgs
-- Symlinking: /mnt/hdd/autonomy/ws/Carla-autoware_interface/deps_ws/install/autoware_common_msgs/share/ament_index/resource_index/parent_prefix_path/autoware_common_msgs
-- Symlinking: /mnt/hdd/autonomy/ws/Carla-autoware_interface/deps_ws/install/autoware_common_msgs/share/autoware_common_msgs/environment/ament_prefix_path.sh
-- Symlinking: /mnt/hdd/autonomy/ws/Carla-autoware_interface/deps_ws/install/autoware_common_msgs/share/autoware_common_msgs/environment/ament_prefix_path.dsv
-- Symlinking: /mnt/hdd/autonomy/ws/Carla-autoware_interface/deps_ws/install/autoware_common_msgs/share/autoware_common_msgs/environment/path.sh
-- Symlinking: /mnt/hdd/autonomy/ws/Carla-autoware_interface/deps_ws/install/autoware_common_msgs/share/autoware_common_msgs/environment/path.dsv
-- Symlinking: /mnt/hdd/autonomy/ws/Carla-autoware_interface/deps_ws/install/autoware_common_msgs/share/autoware_common_msgs/local_setup.bash
-- Symlinking: /mnt/hdd/autonomy/ws/Carla-autoware_interface/deps_ws/install/autoware_common_msgs/share/autoware_common_msgs/local_setup.sh
-- Symlinking: /mnt/hdd/autonomy/ws/Carla-autoware_interface/deps_ws/install/autoware_common_msgs/share/autoware_common_msgs/local_setup.zsh
-- Symlinking: /mnt/hdd/autonomy/ws/Carla-autoware_interface/deps_ws/install/autoware_common_msgs/share/autoware_common_msgs/local_setup.dsv
-- Symlinking: /mnt/hdd/autonomy/ws/Carla-autoware_interface/deps_ws/install/autoware_common_msgs/share/autoware_common_msgs/package.dsv
-- Symlinking: /mnt/hdd/autonomy/ws/Carla-autoware_interface/deps_ws/install/autoware_common_msgs/share/ament_index/resource_index/packages/autoware_common_msgs
-- Symlinking: /mnt/hdd/autonomy/ws/Carla-autoware_interface/deps_ws/install/autoware_common_msgs/share/autoware_common_msgs/cmake/rosidl_cmake-extras.cmake
-- Symlinking: /mnt/hdd/autonomy/ws/Carla-autoware_interface/deps_ws/install/autoware_common_msgs/share/autoware_common_msgs/cmake/ament_cmake_export_include_directories-extras.cmake
-- Symlinking: /mnt/hdd/autonomy/ws/Carla-autoware_interface/deps_ws/install/autoware_common_msgs/share/autoware_common_msgs/cmake/ament_cmake_export_libraries-extras.cmake
-- Symlinking: /mnt/hdd/autonomy/ws/Carla-autoware_interface/deps_ws/install/autoware_common_msgs/share/autoware_common_msgs/cmake/ament_cmake_export_targets-extras.cmake
-- Symlinking: /mnt/hdd/autonomy/ws/Carla-autoware_interface/deps_ws/install/autoware_common_msgs/share/autoware_common_msgs/cmake/rosidl_cmake_export_typesupport_targets-extras.cmake
-- Symlinking: /mnt/hdd/autonomy/ws/Carla-autoware_interface/deps_ws/install/autoware_common_msgs/share/autoware_common_msgs/cmake/ament_cmake_export_dependencies-extras.cmake
-- Symlinking: /mnt/hdd/autonomy/ws/Carla-autoware_interface/deps_ws/install/autoware_common_msgs/share/autoware_common_msgs/cmake/rosidl_cmake_export_typesupport_libraries-extras.cmake
-- Symlinking: /mnt/hdd/autonomy/ws/Carla-autoware_interface/deps_ws/install/autoware_common_msgs/share/autoware_common_msgs/cmake/autoware_common_msgsConfig.cmake
-- Symlinking: /mnt/hdd/autonomy/ws/Carla-autoware_interface/deps_ws/install/autoware_common_msgs/share/autoware_common_msgs/cmake/autoware_common_msgsConfig-version.cmake
-- Symlinking: /mnt/hdd/autonomy/ws/Carla-autoware_interface/deps_ws/install/autoware_common_msgs/share/autoware_common_msgs/package.xml
-- Installing: /mnt/hdd/autonomy/ws/Carla-autoware_interface/deps_ws/install/autoware_common_msgs/lib/libautoware_common_msgs__rosidl_generator_c.so
-- Set runtime path of "/mnt/hdd/autonomy/ws/Carla-autoware_interface/deps_ws/install/autoware_common_msgs/lib/libautoware_common_msgs__rosidl_generator_c.so" to ""
-- Installing: /mnt/hdd/autonomy/ws/Carla-autoware_interface/deps_ws/install/autoware_common_msgs/lib/libautoware_common_msgs__rosidl_typesupport_fastrtps_c.so
-- Set runtime path of "/mnt/hdd/autonomy/ws/Carla-autoware_interface/deps_ws/install/autoware_common_msgs/lib/libautoware_common_msgs__rosidl_typesupport_fastrtps_c.so" to ""
-- Installing: /mnt/hdd/autonomy/ws/Carla-autoware_interface/deps_ws/install/autoware_common_msgs/lib/libautoware_common_msgs__rosidl_typesupport_introspection_c.so
-- Set runtime path of "/mnt/hdd/autonomy/ws/Carla-autoware_interface/deps_ws/install/autoware_common_msgs/lib/libautoware_common_msgs__rosidl_typesupport_introspection_c.so" to ""
-- Installing: /mnt/hdd/autonomy/ws/Carla-autoware_interface/deps_ws/install/autoware_common_msgs/lib/libautoware_common_msgs__rosidl_typesupport_c.so
-- Set runtime path of "/mnt/hdd/autonomy/ws/Carla-autoware_interface/deps_ws/install/autoware_common_msgs/lib/libautoware_common_msgs__rosidl_typesupport_c.so" to ""
-- Installing: /mnt/hdd/autonomy/ws/Carla-autoware_interface/deps_ws/install/autoware_common_msgs/lib/libautoware_common_msgs__rosidl_typesupport_fastrtps_cpp.so
-- Set runtime path of "/mnt/hdd/autonomy/ws/Carla-autoware_interface/deps_ws/install/autoware_common_msgs/lib/libautoware_common_msgs__rosidl_typesupport_fastrtps_cpp.so" to ""
-- Installing: /mnt/hdd/autonomy/ws/Carla-autoware_interface/deps_ws/install/autoware_common_msgs/lib/libautoware_common_msgs__rosidl_typesupport_introspection_cpp.so
-- Set runtime path of "/mnt/hdd/autonomy/ws/Carla-autoware_interface/deps_ws/install/autoware_common_msgs/lib/libautoware_common_msgs__rosidl_typesupport_introspection_cpp.so" to ""
-- Installing: /mnt/hdd/autonomy/ws/Carla-autoware_interface/deps_ws/install/autoware_common_msgs/lib/libautoware_common_msgs__rosidl_typesupport_cpp.so
-- Set runtime path of "/mnt/hdd/autonomy/ws/Carla-autoware_interface/deps_ws/install/autoware_common_msgs/lib/libautoware_common_msgs__rosidl_typesupport_cpp.so" to ""
Listing '/mnt/hdd/autonomy/ws/Carla-autoware_interface/deps_ws/install/autoware_common_msgs/local/lib/python3.10/dist-packages/autoware_common_msgs'...
Compiling '/mnt/hdd/autonomy/ws/Carla-autoware_interface/deps_ws/install/autoware_common_msgs/local/lib/python3.10/dist-packages/autoware_common_msgs/__init__.py'...
Listing '/mnt/hdd/autonomy/ws/Carla-autoware_interface/deps_ws/install/autoware_common_msgs/local/lib/python3.10/dist-packages/autoware_common_msgs/msg'...
Compiling '/mnt/hdd/autonomy/ws/Carla-autoware_interface/deps_ws/install/autoware_common_msgs/local/lib/python3.10/dist-packages/autoware_common_msgs/msg/__init__.py'...
Compiling '/mnt/hdd/autonomy/ws/Carla-autoware_interface/deps_ws/install/autoware_common_msgs/local/lib/python3.10/dist-packages/autoware_common_msgs/msg/_response_status.py'...
-- Installing: /mnt/hdd/autonomy/ws/Carla-autoware_interface/deps_ws/install/autoware_common_msgs/lib/libautoware_common_msgs__rosidl_generator_py.so
-- Set runtime path of "/mnt/hdd/autonomy/ws/Carla-autoware_interface/deps_ws/install/autoware_common_msgs/lib/libautoware_common_msgs__rosidl_generator_py.so" to ""
-- Installing: /mnt/hdd/autonomy/ws/Carla-autoware_interface/deps_ws/install/autoware_common_msgs/share/autoware_common_msgs/cmake/export_autoware_common_msgs__rosidl_generator_cExport.cmake
-- Installing: /mnt/hdd/autonomy/ws/Carla-autoware_interface/deps_ws/install/autoware_common_msgs/share/autoware_common_msgs/cmake/export_autoware_common_msgs__rosidl_generator_cExport-noconfig.cmake
-- Installing: /mnt/hdd/autonomy/ws/Carla-autoware_interface/deps_ws/install/autoware_common_msgs/share/autoware_common_msgs/cmake/export_autoware_common_msgs__rosidl_typesupport_fastrtps_cExport.cmake
-- Installing: /mnt/hdd/autonomy/ws/Carla-autoware_interface/deps_ws/install/autoware_common_msgs/share/autoware_common_msgs/cmake/export_autoware_common_msgs__rosidl_typesupport_fastrtps_cExport-noconfig.cmake
-- Installing: /mnt/hdd/autonomy/ws/Carla-autoware_interface/deps_ws/install/autoware_common_msgs/share/autoware_common_msgs/cmake/autoware_common_msgs__rosidl_typesupport_introspection_cExport.cmake
-- Installing: /mnt/hdd/autonomy/ws/Carla-autoware_interface/deps_ws/install/autoware_common_msgs/share/autoware_common_msgs/cmake/autoware_common_msgs__rosidl_typesupport_introspection_cExport-noconfig.cmake
-- Installing: /mnt/hdd/autonomy/ws/Carla-autoware_interface/deps_ws/install/autoware_common_msgs/share/autoware_common_msgs/cmake/autoware_common_msgs__rosidl_typesupport_cExport.cmake
-- Installing: /mnt/hdd/autonomy/ws/Carla-autoware_interface/deps_ws/install/autoware_common_msgs/share/autoware_common_msgs/cmake/autoware_common_msgs__rosidl_typesupport_cExport-noconfig.cmake
-- Installing: /mnt/hdd/autonomy/ws/Carla-autoware_interface/deps_ws/install/autoware_common_msgs/share/autoware_common_msgs/cmake/export_autoware_common_msgs__rosidl_generator_cppExport.cmake
-- Installing: /mnt/hdd/autonomy/ws/Carla-autoware_interface/deps_ws/install/autoware_common_msgs/share/autoware_common_msgs/cmake/export_autoware_common_msgs__rosidl_typesupport_fastrtps_cppExport.cmake
-- Installing: /mnt/hdd/autonomy/ws/Carla-autoware_interface/deps_ws/install/autoware_common_msgs/share/autoware_common_msgs/cmake/export_autoware_common_msgs__rosidl_typesupport_fastrtps_cppExport-noconfig.cmake
-- Installing: /mnt/hdd/autonomy/ws/Carla-autoware_interface/deps_ws/install/autoware_common_msgs/share/autoware_common_msgs/cmake/autoware_common_msgs__rosidl_typesupport_introspection_cppExport.cmake
-- Installing: /mnt/hdd/autonomy/ws/Carla-autoware_interface/deps_ws/install/autoware_common_msgs/share/autoware_common_msgs/cmake/autoware_common_msgs__rosidl_typesupport_introspection_cppExport-noconfig.cmake
-- Installing: /mnt/hdd/autonomy/ws/Carla-autoware_interface/deps_ws/install/autoware_common_msgs/share/autoware_common_msgs/cmake/autoware_common_msgs__rosidl_typesupport_cppExport.cmake
-- Installing: /mnt/hdd/autonomy/ws/Carla-autoware_interface/deps_ws/install/autoware_common_msgs/share/autoware_common_msgs/cmake/autoware_common_msgs__rosidl_typesupport_cppExport-noconfig.cmake
-- Installing: /mnt/hdd/autonomy/ws/Carla-autoware_interface/deps_ws/install/autoware_common_msgs/share/autoware_common_msgs/cmake/export_autoware_common_msgs__rosidl_generator_pyExport.cmake
-- Installing: /mnt/hdd/autonomy/ws/Carla-autoware_interface/deps_ws/install/autoware_common_msgs/share/autoware_common_msgs/cmake/export_autoware_common_msgs__rosidl_generator_pyExport-noconfig.cmake
