[0.087s] Invoking command in '/mnt/hdd/autonomy/ws/Carla-autoware_interface/deps_ws/build/autoware_common_msgs': CMAKE_PREFIX_PATH=${CMAKE_PREFIX_PATH}:/opt/ros/humble /usr/bin/cmake /mnt/hdd/autonomy/ws/Carla-autoware_interface/deps_ws/src/autoware_msgs/autoware_common_msgs -DAMENT_CMAKE_SYMLINK_INSTALL=1 -DCMAKE_INSTALL_PREFIX=/mnt/hdd/autonomy/ws/Carla-autoware_interface/deps_ws/install/autoware_common_msgs
[0.329s] -- The C compiler identification is GNU 11.4.0
[0.550s] -- The CXX compiler identification is GNU 11.4.0
[0.582s] -- Detecting C compiler ABI info
[1.030s] -- Detecting C compiler ABI info - done
[1.056s] -- Check for working C compiler: /usr/lib/ccache/gcc - skipped
[1.056s] -- Detecting C compile features
[1.056s] -- Detecting C compile features - done
[1.060s] -- Detecting CXX compiler ABI info
[1.566s] -- Detecting CXX compiler ABI info - done
[1.570s] -- Check for working CXX compiler: /usr/lib/ccache/g++ - skipped
[1.570s] -- Detecting CXX compile features
[1.572s] -- Detecting CXX compile features - done
[1.580s] -- Found ament_cmake_auto: 1.3.12 (/opt/ros/humble/share/ament_cmake_auto/cmake)
[2.152s] -- Found Python3: /usr/bin/python3 (found version "3.10.12") found components: Interpreter 
[2.312s] -- Override CMake install command with custom implementation using symlinks instead of copying resources
[2.588s] -- Using all available rosidl_typesupport_c: rosidl_typesupport_fastrtps_c;rosidl_typesupport_introspection_c
[2.605s] -- Found rosidl_adapter: 3.1.8 (/opt/ros/humble/share/rosidl_adapter/cmake)
[2.694s] -- Using all available rosidl_typesupport_cpp: rosidl_typesupport_fastrtps_cpp;rosidl_typesupport_introspection_cpp
[3.219s] -- Found ament_cmake_cppcheck: 0.12.14 (/opt/ros/humble/share/ament_cmake_cppcheck/cmake)
[3.225s] -- Found ament_cmake_cpplint: 0.12.14 (/opt/ros/humble/share/ament_cmake_cpplint/cmake)
[3.230s] -- Found ament_cmake_uncrustify: 0.12.14 (/opt/ros/humble/share/ament_cmake_uncrustify/cmake)
[3.232s] -- Found ament_cmake_ros: 0.10.0 (/opt/ros/humble/share/ament_cmake_ros/cmake)
[3.885s] -- Using all available rosidl_typesupport_c: rosidl_typesupport_fastrtps_c;rosidl_typesupport_introspection_c
[4.767s] -- Using all available rosidl_typesupport_cpp: rosidl_typesupport_fastrtps_cpp;rosidl_typesupport_introspection_cpp
[4.867s] -- Found PythonInterp: /usr/bin/python3 (found suitable version "3.10.12", minimum required is "3.6") 
[4.871s] -- Found python_cmake_module: 0.10.0 (/opt/ros/humble/share/python_cmake_module/cmake)
[4.942s] -- Found PythonLibs: /usr/lib/x86_64-linux-gnu/libpython3.10.so (found suitable version "3.10.12", minimum required is "3.5") 
[4.942s] -- Using PYTHON_EXECUTABLE: /usr/bin/python3
[4.942s] -- Using PYTHON_INCLUDE_DIRS: /usr/include/python3.10
[4.943s] -- Using PYTHON_LIBRARIES: /usr/lib/x86_64-linux-gnu/libpython3.10.so
[5.019s] -- Found PythonExtra: .so  
[5.107s] -- Found ament_cmake_flake8: 0.12.14 (/opt/ros/humble/share/ament_cmake_flake8/cmake)
[5.108s] -- Found ament_cmake_pep257: 0.12.14 (/opt/ros/humble/share/ament_cmake_pep257/cmake)
[5.141s] -- Configuring done
[5.187s] -- Generating done
[5.202s] -- Build files have been written to: /mnt/hdd/autonomy/ws/Carla-autoware_interface/deps_ws/build/autoware_common_msgs
[5.218s] Invoked command in '/mnt/hdd/autonomy/ws/Carla-autoware_interface/deps_ws/build/autoware_common_msgs' returned '0': CMAKE_PREFIX_PATH=${CMAKE_PREFIX_PATH}:/opt/ros/humble /usr/bin/cmake /mnt/hdd/autonomy/ws/Carla-autoware_interface/deps_ws/src/autoware_msgs/autoware_common_msgs -DAMENT_CMAKE_SYMLINK_INSTALL=1 -DCMAKE_INSTALL_PREFIX=/mnt/hdd/autonomy/ws/Carla-autoware_interface/deps_ws/install/autoware_common_msgs
[5.219s] Invoking command in '/mnt/hdd/autonomy/ws/Carla-autoware_interface/deps_ws/build/autoware_common_msgs': CMAKE_PREFIX_PATH=${CMAKE_PREFIX_PATH}:/opt/ros/humble /usr/bin/cmake --build /mnt/hdd/autonomy/ws/Carla-autoware_interface/deps_ws/build/autoware_common_msgs -- -j16 -l16
[5.666s] [  3%] Generating C++ code for ROS interfaces
[6.860s] [  3%] Built target autoware_common_msgs__cpp
[7.182s] [  3%] Built target ament_cmake_python_symlink_autoware_common_msgs
[7.375s] [  6%] Generating C++ introspection for ROS interfaces
[8.418s] [  9%] Building CXX object CMakeFiles/autoware_common_msgs__rosidl_typesupport_introspection_cpp.dir/rosidl_typesupport_introspection_cpp/autoware_common_msgs/msg/detail/response_status__type_support.cpp.o
[9.375s] [ 12%] Linking CXX shared library libautoware_common_msgs__rosidl_typesupport_introspection_cpp.so
[9.833s] [ 12%] Built target autoware_common_msgs__rosidl_typesupport_introspection_cpp
[10.780s] running egg_info
[10.787s] creating autoware_common_msgs.egg-info
[10.793s] writing autoware_common_msgs.egg-info/PKG-INFO
[10.793s] writing dependency_links to autoware_common_msgs.egg-info/dependency_links.txt
[10.793s] writing top-level names to autoware_common_msgs.egg-info/top_level.txt
[10.793s] writing manifest file 'autoware_common_msgs.egg-info/SOURCES.txt'
[10.799s] reading manifest file 'autoware_common_msgs.egg-info/SOURCES.txt'
[10.804s] writing manifest file 'autoware_common_msgs.egg-info/SOURCES.txt'
[10.932s] [ 12%] Built target ament_cmake_python_build_autoware_common_msgs_egg
[11.076s] [ 16%] Generating C++ type support for eProsima Fast-RTPS
[12.020s] [ 19%] Building CXX object CMakeFiles/autoware_common_msgs__rosidl_typesupport_fastrtps_cpp.dir/rosidl_typesupport_fastrtps_cpp/autoware_common_msgs/msg/detail/dds_fastrtps/response_status__type_support.cpp.o
[12.925s] [ 22%] Linking CXX shared library libautoware_common_msgs__rosidl_typesupport_fastrtps_cpp.so
[13.346s] [ 22%] Built target autoware_common_msgs__rosidl_typesupport_fastrtps_cpp
[13.520s] [ 25%] Generating C++ type support dispatch for ROS interfaces
[14.466s] [ 29%] Building CXX object CMakeFiles/autoware_common_msgs__rosidl_typesupport_cpp.dir/rosidl_typesupport_cpp/autoware_common_msgs/msg/response_status__type_support.cpp.o
[15.346s] [ 32%] Linking CXX shared library libautoware_common_msgs__rosidl_typesupport_cpp.so
[15.692s] [ 32%] Built target autoware_common_msgs__rosidl_typesupport_cpp
[15.880s] [ 35%] Generating C code for ROS interfaces
[17.237s] [ 38%] Building C object CMakeFiles/autoware_common_msgs__rosidl_generator_c.dir/rosidl_generator_c/autoware_common_msgs/msg/detail/response_status__functions.c.o
[17.516s] [ 41%] Linking C shared library libautoware_common_msgs__rosidl_generator_c.so
[17.959s] [ 41%] Built target autoware_common_msgs__rosidl_generator_c
[18.116s] [ 45%] Generating C type support for eProsima Fast-RTPS
[19.399s] [ 48%] Building CXX object CMakeFiles/autoware_common_msgs__rosidl_typesupport_fastrtps_c.dir/rosidl_typesupport_fastrtps_c/autoware_common_msgs/msg/detail/response_status__type_support_c.cpp.o
[20.393s] [ 51%] Linking CXX shared library libautoware_common_msgs__rosidl_typesupport_fastrtps_c.so
[20.968s] [ 51%] Built target autoware_common_msgs__rosidl_typesupport_fastrtps_c
[21.088s] [ 54%] Generating C type support dispatch for ROS interfaces
[21.969s] [ 58%] Building CXX object CMakeFiles/autoware_common_msgs__rosidl_typesupport_c.dir/rosidl_typesupport_c/autoware_common_msgs/msg/response_status__type_support.cpp.o
[22.226s] [ 61%] Linking CXX shared library libautoware_common_msgs__rosidl_typesupport_c.so
[22.641s] [ 61%] Built target autoware_common_msgs__rosidl_typesupport_c
[22.836s] [ 64%] Generating C introspection for ROS interfaces
[23.984s] [ 67%] Building C object CMakeFiles/autoware_common_msgs__rosidl_typesupport_introspection_c.dir/rosidl_typesupport_introspection_c/autoware_common_msgs/msg/detail/response_status__type_support.c.o
[24.212s] [ 70%] Linking C shared library libautoware_common_msgs__rosidl_typesupport_introspection_c.so
[24.587s] [ 70%] Built target autoware_common_msgs__rosidl_typesupport_introspection_c
[24.825s] [ 70%] Built target autoware_common_msgs
[25.065s] [ 74%] Generating Python code for ROS interfaces
[26.589s] [ 74%] Built target autoware_common_msgs__py
[26.969s] [ 77%] Building C object CMakeFiles/autoware_common_msgs__rosidl_generator_py.dir/rosidl_generator_py/autoware_common_msgs/msg/_response_status_s.c.o
[27.482s] [ 80%] Linking C shared library rosidl_generator_py/autoware_common_msgs/libautoware_common_msgs__rosidl_generator_py.so
[27.777s] [ 80%] Built target autoware_common_msgs__rosidl_generator_py
[28.124s] [ 83%] Building C object CMakeFiles/autoware_common_msgs__rosidl_typesupport_fastrtps_c__pyext.dir/rosidl_generator_py/autoware_common_msgs/_autoware_common_msgs_s.ep.rosidl_typesupport_fastrtps_c.c.o
[28.509s] [ 87%] Linking C shared library rosidl_generator_py/autoware_common_msgs/autoware_common_msgs_s__rosidl_typesupport_fastrtps_c.cpython-310-x86_64-linux-gnu.so
[28.824s] [ 87%] Built target autoware_common_msgs__rosidl_typesupport_fastrtps_c__pyext
[29.093s] [ 90%] Building C object CMakeFiles/autoware_common_msgs__rosidl_typesupport_c__pyext.dir/rosidl_generator_py/autoware_common_msgs/_autoware_common_msgs_s.ep.rosidl_typesupport_c.c.o
[29.525s] [ 93%] Linking C shared library rosidl_generator_py/autoware_common_msgs/autoware_common_msgs_s__rosidl_typesupport_c.cpython-310-x86_64-linux-gnu.so
[29.923s] [ 93%] Built target autoware_common_msgs__rosidl_typesupport_c__pyext
[30.210s] [ 96%] Building C object CMakeFiles/autoware_common_msgs__rosidl_typesupport_introspection_c__pyext.dir/rosidl_generator_py/autoware_common_msgs/_autoware_common_msgs_s.ep.rosidl_typesupport_introspection_c.c.o
[30.676s] [100%] Linking C shared library rosidl_generator_py/autoware_common_msgs/autoware_common_msgs_s__rosidl_typesupport_introspection_c.cpython-310-x86_64-linux-gnu.so
[30.933s] [100%] Built target autoware_common_msgs__rosidl_typesupport_introspection_c__pyext
[31.109s] Invoked command in '/mnt/hdd/autonomy/ws/Carla-autoware_interface/deps_ws/build/autoware_common_msgs' returned '0': CMAKE_PREFIX_PATH=${CMAKE_PREFIX_PATH}:/opt/ros/humble /usr/bin/cmake --build /mnt/hdd/autonomy/ws/Carla-autoware_interface/deps_ws/build/autoware_common_msgs -- -j16 -l16
[31.110s] Invoking command in '/mnt/hdd/autonomy/ws/Carla-autoware_interface/deps_ws/build/autoware_common_msgs': CMAKE_PREFIX_PATH=${CMAKE_PREFIX_PATH}:/opt/ros/humble /usr/bin/cmake --install /mnt/hdd/autonomy/ws/Carla-autoware_interface/deps_ws/build/autoware_common_msgs
[31.223s] -- Install configuration: ""
[31.227s] -- Execute custom install script
[31.230s] -- Symlinking: /mnt/hdd/autonomy/ws/Carla-autoware_interface/deps_ws/install/autoware_common_msgs/share/ament_index/resource_index/rosidl_interfaces/autoware_common_msgs
[31.366s] -- Symlinking: /mnt/hdd/autonomy/ws/Carla-autoware_interface/deps_ws/install/autoware_common_msgs/include/autoware_common_msgs/autoware_common_msgs/msg/detail/response_status__functions.h
[31.470s] -- Symlinking: /mnt/hdd/autonomy/ws/Carla-autoware_interface/deps_ws/install/autoware_common_msgs/include/autoware_common_msgs/autoware_common_msgs/msg/detail/response_status__struct.h
[31.553s] -- Symlinking: /mnt/hdd/autonomy/ws/Carla-autoware_interface/deps_ws/install/autoware_common_msgs/include/autoware_common_msgs/autoware_common_msgs/msg/detail/response_status__type_support.h
[31.624s] -- Symlinking: /mnt/hdd/autonomy/ws/Carla-autoware_interface/deps_ws/install/autoware_common_msgs/include/autoware_common_msgs/autoware_common_msgs/msg/response_status.h
[31.709s] -- Symlinking: /mnt/hdd/autonomy/ws/Carla-autoware_interface/deps_ws/install/autoware_common_msgs/include/autoware_common_msgs/autoware_common_msgs/msg/rosidl_generator_c__visibility_control.h
[31.811s] -- Symlinking: /mnt/hdd/autonomy/ws/Carla-autoware_interface/deps_ws/install/autoware_common_msgs/share/autoware_common_msgs/environment/library_path.sh
[31.942s] -- Symlinking: /mnt/hdd/autonomy/ws/Carla-autoware_interface/deps_ws/install/autoware_common_msgs/share/autoware_common_msgs/environment/library_path.dsv
[32.013s] -- Symlinking: /mnt/hdd/autonomy/ws/Carla-autoware_interface/deps_ws/install/autoware_common_msgs/include/autoware_common_msgs/autoware_common_msgs/msg/detail/response_status__rosidl_typesupport_fastrtps_c.h
[32.095s] -- Symlinking: /mnt/hdd/autonomy/ws/Carla-autoware_interface/deps_ws/install/autoware_common_msgs/include/autoware_common_msgs/autoware_common_msgs/msg/rosidl_typesupport_fastrtps_c__visibility_control.h
[32.213s] -- Symlinking: /mnt/hdd/autonomy/ws/Carla-autoware_interface/deps_ws/install/autoware_common_msgs/include/autoware_common_msgs/autoware_common_msgs/msg/detail/response_status__rosidl_typesupport_introspection_c.h
[32.326s] -- Symlinking: /mnt/hdd/autonomy/ws/Carla-autoware_interface/deps_ws/install/autoware_common_msgs/include/autoware_common_msgs/autoware_common_msgs/msg/rosidl_typesupport_introspection_c__visibility_control.h
[32.401s] -- Symlinking: /mnt/hdd/autonomy/ws/Carla-autoware_interface/deps_ws/install/autoware_common_msgs/include/autoware_common_msgs/autoware_common_msgs/msg/detail/response_status__builder.hpp
[32.521s] -- Symlinking: /mnt/hdd/autonomy/ws/Carla-autoware_interface/deps_ws/install/autoware_common_msgs/include/autoware_common_msgs/autoware_common_msgs/msg/detail/response_status__struct.hpp
[32.660s] -- Symlinking: /mnt/hdd/autonomy/ws/Carla-autoware_interface/deps_ws/install/autoware_common_msgs/include/autoware_common_msgs/autoware_common_msgs/msg/detail/response_status__traits.hpp
[32.732s] -- Symlinking: /mnt/hdd/autonomy/ws/Carla-autoware_interface/deps_ws/install/autoware_common_msgs/include/autoware_common_msgs/autoware_common_msgs/msg/detail/response_status__type_support.hpp
[32.869s] -- Symlinking: /mnt/hdd/autonomy/ws/Carla-autoware_interface/deps_ws/install/autoware_common_msgs/include/autoware_common_msgs/autoware_common_msgs/msg/response_status.hpp
[33.008s] -- Symlinking: /mnt/hdd/autonomy/ws/Carla-autoware_interface/deps_ws/install/autoware_common_msgs/include/autoware_common_msgs/autoware_common_msgs/msg/rosidl_generator_cpp__visibility_control.hpp
[33.144s] -- Symlinking: /mnt/hdd/autonomy/ws/Carla-autoware_interface/deps_ws/install/autoware_common_msgs/include/autoware_common_msgs/autoware_common_msgs/msg/detail/response_status__rosidl_typesupport_fastrtps_cpp.hpp
[33.297s] -- Symlinking: /mnt/hdd/autonomy/ws/Carla-autoware_interface/deps_ws/install/autoware_common_msgs/include/autoware_common_msgs/autoware_common_msgs/msg/rosidl_typesupport_fastrtps_cpp__visibility_control.h
[33.412s] -- Symlinking: /mnt/hdd/autonomy/ws/Carla-autoware_interface/deps_ws/install/autoware_common_msgs/include/autoware_common_msgs/autoware_common_msgs/msg/detail/response_status__rosidl_typesupport_introspection_cpp.hpp
[33.537s] -- Symlinking: /mnt/hdd/autonomy/ws/Carla-autoware_interface/deps_ws/install/autoware_common_msgs/share/autoware_common_msgs/environment/pythonpath.sh
[33.624s] -- Symlinking: /mnt/hdd/autonomy/ws/Carla-autoware_interface/deps_ws/install/autoware_common_msgs/share/autoware_common_msgs/environment/pythonpath.dsv
[33.728s] -- Symlinking: /mnt/hdd/autonomy/ws/Carla-autoware_interface/deps_ws/install/autoware_common_msgs/local/lib/python3.10/dist-packages/autoware_common_msgs-1.11.0-py3.10.egg-info/PKG-INFO
[33.856s] -- Symlinking: /mnt/hdd/autonomy/ws/Carla-autoware_interface/deps_ws/install/autoware_common_msgs/local/lib/python3.10/dist-packages/autoware_common_msgs-1.11.0-py3.10.egg-info/SOURCES.txt
[33.955s] -- Symlinking: /mnt/hdd/autonomy/ws/Carla-autoware_interface/deps_ws/install/autoware_common_msgs/local/lib/python3.10/dist-packages/autoware_common_msgs-1.11.0-py3.10.egg-info/dependency_links.txt
[34.016s] -- Symlinking: /mnt/hdd/autonomy/ws/Carla-autoware_interface/deps_ws/install/autoware_common_msgs/local/lib/python3.10/dist-packages/autoware_common_msgs-1.11.0-py3.10.egg-info/top_level.txt
[34.088s] -- Symlinking: /mnt/hdd/autonomy/ws/Carla-autoware_interface/deps_ws/install/autoware_common_msgs/local/lib/python3.10/dist-packages/autoware_common_msgs/__init__.py
[34.209s] -- Symlinking: /mnt/hdd/autonomy/ws/Carla-autoware_interface/deps_ws/install/autoware_common_msgs/local/lib/python3.10/dist-packages/autoware_common_msgs/_autoware_common_msgs_s.ep.rosidl_typesupport_c.c
[34.276s] -- Symlinking: /mnt/hdd/autonomy/ws/Carla-autoware_interface/deps_ws/install/autoware_common_msgs/local/lib/python3.10/dist-packages/autoware_common_msgs/_autoware_common_msgs_s.ep.rosidl_typesupport_fastrtps_c.c
[34.331s] -- Symlinking: /mnt/hdd/autonomy/ws/Carla-autoware_interface/deps_ws/install/autoware_common_msgs/local/lib/python3.10/dist-packages/autoware_common_msgs/_autoware_common_msgs_s.ep.rosidl_typesupport_introspection_c.c
[34.434s] -- Symlinking: /mnt/hdd/autonomy/ws/Carla-autoware_interface/deps_ws/install/autoware_common_msgs/local/lib/python3.10/dist-packages/autoware_common_msgs/autoware_common_msgs_s__rosidl_typesupport_c.cpython-310-x86_64-linux-gnu.so
[34.532s] -- Symlinking: /mnt/hdd/autonomy/ws/Carla-autoware_interface/deps_ws/install/autoware_common_msgs/local/lib/python3.10/dist-packages/autoware_common_msgs/autoware_common_msgs_s__rosidl_typesupport_fastrtps_c.cpython-310-x86_64-linux-gnu.so
[34.645s] -- Symlinking: /mnt/hdd/autonomy/ws/Carla-autoware_interface/deps_ws/install/autoware_common_msgs/local/lib/python3.10/dist-packages/autoware_common_msgs/autoware_common_msgs_s__rosidl_typesupport_introspection_c.cpython-310-x86_64-linux-gnu.so
[34.719s] -- Symlinking: /mnt/hdd/autonomy/ws/Carla-autoware_interface/deps_ws/install/autoware_common_msgs/local/lib/python3.10/dist-packages/autoware_common_msgs/libautoware_common_msgs__rosidl_generator_py.so
[34.804s] -- Symlinking: /mnt/hdd/autonomy/ws/Carla-autoware_interface/deps_ws/install/autoware_common_msgs/local/lib/python3.10/dist-packages/autoware_common_msgs/msg/__init__.py
[34.901s] -- Symlinking: /mnt/hdd/autonomy/ws/Carla-autoware_interface/deps_ws/install/autoware_common_msgs/local/lib/python3.10/dist-packages/autoware_common_msgs/msg/_response_status.py
[34.951s] -- Symlinking: /mnt/hdd/autonomy/ws/Carla-autoware_interface/deps_ws/install/autoware_common_msgs/local/lib/python3.10/dist-packages/autoware_common_msgs/msg/_response_status_s.c
[35.043s] -- Up-to-date symlink: /mnt/hdd/autonomy/ws/Carla-autoware_interface/deps_ws/install/autoware_common_msgs/local/lib/python3.10/dist-packages/autoware_common_msgs/autoware_common_msgs_s__rosidl_typesupport_fastrtps_c.cpython-310-x86_64-linux-gnu.so
[35.047s] -- Up-to-date symlink: /mnt/hdd/autonomy/ws/Carla-autoware_interface/deps_ws/install/autoware_common_msgs/local/lib/python3.10/dist-packages/autoware_common_msgs/autoware_common_msgs_s__rosidl_typesupport_introspection_c.cpython-310-x86_64-linux-gnu.so
[35.051s] -- Up-to-date symlink: /mnt/hdd/autonomy/ws/Carla-autoware_interface/deps_ws/install/autoware_common_msgs/local/lib/python3.10/dist-packages/autoware_common_msgs/autoware_common_msgs_s__rosidl_typesupport_c.cpython-310-x86_64-linux-gnu.so
[35.051s] -- Symlinking: /mnt/hdd/autonomy/ws/Carla-autoware_interface/deps_ws/install/autoware_common_msgs/share/autoware_common_msgs/msg/ResponseStatus.idl
[35.134s] -- Symlinking: /mnt/hdd/autonomy/ws/Carla-autoware_interface/deps_ws/install/autoware_common_msgs/share/autoware_common_msgs/msg/ResponseStatus.msg
[35.202s] -- Symlinking: /mnt/hdd/autonomy/ws/Carla-autoware_interface/deps_ws/install/autoware_common_msgs/share/ament_index/resource_index/package_run_dependencies/autoware_common_msgs
[35.268s] -- Symlinking: /mnt/hdd/autonomy/ws/Carla-autoware_interface/deps_ws/install/autoware_common_msgs/share/ament_index/resource_index/parent_prefix_path/autoware_common_msgs
[35.365s] -- Symlinking: /mnt/hdd/autonomy/ws/Carla-autoware_interface/deps_ws/install/autoware_common_msgs/share/autoware_common_msgs/environment/ament_prefix_path.sh
[35.434s] -- Symlinking: /mnt/hdd/autonomy/ws/Carla-autoware_interface/deps_ws/install/autoware_common_msgs/share/autoware_common_msgs/environment/ament_prefix_path.dsv
[35.504s] -- Symlinking: /mnt/hdd/autonomy/ws/Carla-autoware_interface/deps_ws/install/autoware_common_msgs/share/autoware_common_msgs/environment/path.sh
[35.560s] -- Symlinking: /mnt/hdd/autonomy/ws/Carla-autoware_interface/deps_ws/install/autoware_common_msgs/share/autoware_common_msgs/environment/path.dsv
[35.656s] -- Symlinking: /mnt/hdd/autonomy/ws/Carla-autoware_interface/deps_ws/install/autoware_common_msgs/share/autoware_common_msgs/local_setup.bash
[35.778s] -- Symlinking: /mnt/hdd/autonomy/ws/Carla-autoware_interface/deps_ws/install/autoware_common_msgs/share/autoware_common_msgs/local_setup.sh
[35.966s] -- Symlinking: /mnt/hdd/autonomy/ws/Carla-autoware_interface/deps_ws/install/autoware_common_msgs/share/autoware_common_msgs/local_setup.zsh
[36.045s] -- Symlinking: /mnt/hdd/autonomy/ws/Carla-autoware_interface/deps_ws/install/autoware_common_msgs/share/autoware_common_msgs/local_setup.dsv
[36.164s] -- Symlinking: /mnt/hdd/autonomy/ws/Carla-autoware_interface/deps_ws/install/autoware_common_msgs/share/autoware_common_msgs/package.dsv
[36.239s] -- Symlinking: /mnt/hdd/autonomy/ws/Carla-autoware_interface/deps_ws/install/autoware_common_msgs/share/ament_index/resource_index/packages/autoware_common_msgs
[36.345s] -- Symlinking: /mnt/hdd/autonomy/ws/Carla-autoware_interface/deps_ws/install/autoware_common_msgs/share/autoware_common_msgs/cmake/rosidl_cmake-extras.cmake
[36.417s] -- Symlinking: /mnt/hdd/autonomy/ws/Carla-autoware_interface/deps_ws/install/autoware_common_msgs/share/autoware_common_msgs/cmake/ament_cmake_export_include_directories-extras.cmake
[36.535s] -- Symlinking: /mnt/hdd/autonomy/ws/Carla-autoware_interface/deps_ws/install/autoware_common_msgs/share/autoware_common_msgs/cmake/ament_cmake_export_libraries-extras.cmake
[36.637s] -- Symlinking: /mnt/hdd/autonomy/ws/Carla-autoware_interface/deps_ws/install/autoware_common_msgs/share/autoware_common_msgs/cmake/ament_cmake_export_targets-extras.cmake
[36.704s] -- Symlinking: /mnt/hdd/autonomy/ws/Carla-autoware_interface/deps_ws/install/autoware_common_msgs/share/autoware_common_msgs/cmake/rosidl_cmake_export_typesupport_targets-extras.cmake
[36.803s] -- Symlinking: /mnt/hdd/autonomy/ws/Carla-autoware_interface/deps_ws/install/autoware_common_msgs/share/autoware_common_msgs/cmake/ament_cmake_export_dependencies-extras.cmake
[36.875s] -- Symlinking: /mnt/hdd/autonomy/ws/Carla-autoware_interface/deps_ws/install/autoware_common_msgs/share/autoware_common_msgs/cmake/rosidl_cmake_export_typesupport_libraries-extras.cmake
[36.925s] -- Symlinking: /mnt/hdd/autonomy/ws/Carla-autoware_interface/deps_ws/install/autoware_common_msgs/share/autoware_common_msgs/cmake/autoware_common_msgsConfig.cmake
[37.003s] -- Symlinking: /mnt/hdd/autonomy/ws/Carla-autoware_interface/deps_ws/install/autoware_common_msgs/share/autoware_common_msgs/cmake/autoware_common_msgsConfig-version.cmake
[37.081s] -- Symlinking: /mnt/hdd/autonomy/ws/Carla-autoware_interface/deps_ws/install/autoware_common_msgs/share/autoware_common_msgs/package.xml
[37.152s] -- Installing: /mnt/hdd/autonomy/ws/Carla-autoware_interface/deps_ws/install/autoware_common_msgs/lib/libautoware_common_msgs__rosidl_generator_c.so
[37.155s] -- Set runtime path of "/mnt/hdd/autonomy/ws/Carla-autoware_interface/deps_ws/install/autoware_common_msgs/lib/libautoware_common_msgs__rosidl_generator_c.so" to ""
[37.155s] -- Installing: /mnt/hdd/autonomy/ws/Carla-autoware_interface/deps_ws/install/autoware_common_msgs/lib/libautoware_common_msgs__rosidl_typesupport_fastrtps_c.so
[37.155s] -- Set runtime path of "/mnt/hdd/autonomy/ws/Carla-autoware_interface/deps_ws/install/autoware_common_msgs/lib/libautoware_common_msgs__rosidl_typesupport_fastrtps_c.so" to ""
[37.155s] -- Installing: /mnt/hdd/autonomy/ws/Carla-autoware_interface/deps_ws/install/autoware_common_msgs/lib/libautoware_common_msgs__rosidl_typesupport_introspection_c.so
[37.155s] -- Set runtime path of "/mnt/hdd/autonomy/ws/Carla-autoware_interface/deps_ws/install/autoware_common_msgs/lib/libautoware_common_msgs__rosidl_typesupport_introspection_c.so" to ""
[37.155s] -- Installing: /mnt/hdd/autonomy/ws/Carla-autoware_interface/deps_ws/install/autoware_common_msgs/lib/libautoware_common_msgs__rosidl_typesupport_c.so
[37.155s] -- Set runtime path of "/mnt/hdd/autonomy/ws/Carla-autoware_interface/deps_ws/install/autoware_common_msgs/lib/libautoware_common_msgs__rosidl_typesupport_c.so" to ""
[37.155s] -- Installing: /mnt/hdd/autonomy/ws/Carla-autoware_interface/deps_ws/install/autoware_common_msgs/lib/libautoware_common_msgs__rosidl_typesupport_fastrtps_cpp.so
[37.157s] -- Set runtime path of "/mnt/hdd/autonomy/ws/Carla-autoware_interface/deps_ws/install/autoware_common_msgs/lib/libautoware_common_msgs__rosidl_typesupport_fastrtps_cpp.so" to ""
[37.158s] -- Installing: /mnt/hdd/autonomy/ws/Carla-autoware_interface/deps_ws/install/autoware_common_msgs/lib/libautoware_common_msgs__rosidl_typesupport_introspection_cpp.so
[37.159s] -- Set runtime path of "/mnt/hdd/autonomy/ws/Carla-autoware_interface/deps_ws/install/autoware_common_msgs/lib/libautoware_common_msgs__rosidl_typesupport_introspection_cpp.so" to ""
[37.159s] -- Installing: /mnt/hdd/autonomy/ws/Carla-autoware_interface/deps_ws/install/autoware_common_msgs/lib/libautoware_common_msgs__rosidl_typesupport_cpp.so
[37.159s] -- Set runtime path of "/mnt/hdd/autonomy/ws/Carla-autoware_interface/deps_ws/install/autoware_common_msgs/lib/libautoware_common_msgs__rosidl_typesupport_cpp.so" to ""
[37.290s] Listing '/mnt/hdd/autonomy/ws/Carla-autoware_interface/deps_ws/install/autoware_common_msgs/local/lib/python3.10/dist-packages/autoware_common_msgs'...
[37.290s] Compiling '/mnt/hdd/autonomy/ws/Carla-autoware_interface/deps_ws/install/autoware_common_msgs/local/lib/python3.10/dist-packages/autoware_common_msgs/__init__.py'...
[37.290s] Listing '/mnt/hdd/autonomy/ws/Carla-autoware_interface/deps_ws/install/autoware_common_msgs/local/lib/python3.10/dist-packages/autoware_common_msgs/msg'...
[37.290s] Compiling '/mnt/hdd/autonomy/ws/Carla-autoware_interface/deps_ws/install/autoware_common_msgs/local/lib/python3.10/dist-packages/autoware_common_msgs/msg/__init__.py'...
[37.290s] Compiling '/mnt/hdd/autonomy/ws/Carla-autoware_interface/deps_ws/install/autoware_common_msgs/local/lib/python3.10/dist-packages/autoware_common_msgs/msg/_response_status.py'...
[37.321s] -- Installing: /mnt/hdd/autonomy/ws/Carla-autoware_interface/deps_ws/install/autoware_common_msgs/lib/libautoware_common_msgs__rosidl_generator_py.so
[37.321s] -- Set runtime path of "/mnt/hdd/autonomy/ws/Carla-autoware_interface/deps_ws/install/autoware_common_msgs/lib/libautoware_common_msgs__rosidl_generator_py.so" to ""
[37.321s] -- Installing: /mnt/hdd/autonomy/ws/Carla-autoware_interface/deps_ws/install/autoware_common_msgs/share/autoware_common_msgs/cmake/export_autoware_common_msgs__rosidl_generator_cExport.cmake
[37.321s] -- Installing: /mnt/hdd/autonomy/ws/Carla-autoware_interface/deps_ws/install/autoware_common_msgs/share/autoware_common_msgs/cmake/export_autoware_common_msgs__rosidl_generator_cExport-noconfig.cmake
[37.321s] -- Installing: /mnt/hdd/autonomy/ws/Carla-autoware_interface/deps_ws/install/autoware_common_msgs/share/autoware_common_msgs/cmake/export_autoware_common_msgs__rosidl_typesupport_fastrtps_cExport.cmake
[37.321s] -- Installing: /mnt/hdd/autonomy/ws/Carla-autoware_interface/deps_ws/install/autoware_common_msgs/share/autoware_common_msgs/cmake/export_autoware_common_msgs__rosidl_typesupport_fastrtps_cExport-noconfig.cmake
[37.322s] -- Installing: /mnt/hdd/autonomy/ws/Carla-autoware_interface/deps_ws/install/autoware_common_msgs/share/autoware_common_msgs/cmake/autoware_common_msgs__rosidl_typesupport_introspection_cExport.cmake
[37.331s] -- Installing: /mnt/hdd/autonomy/ws/Carla-autoware_interface/deps_ws/install/autoware_common_msgs/share/autoware_common_msgs/cmake/autoware_common_msgs__rosidl_typesupport_introspection_cExport-noconfig.cmake
[37.331s] -- Installing: /mnt/hdd/autonomy/ws/Carla-autoware_interface/deps_ws/install/autoware_common_msgs/share/autoware_common_msgs/cmake/autoware_common_msgs__rosidl_typesupport_cExport.cmake
[37.331s] -- Installing: /mnt/hdd/autonomy/ws/Carla-autoware_interface/deps_ws/install/autoware_common_msgs/share/autoware_common_msgs/cmake/autoware_common_msgs__rosidl_typesupport_cExport-noconfig.cmake
[37.331s] -- Installing: /mnt/hdd/autonomy/ws/Carla-autoware_interface/deps_ws/install/autoware_common_msgs/share/autoware_common_msgs/cmake/export_autoware_common_msgs__rosidl_generator_cppExport.cmake
[37.331s] -- Installing: /mnt/hdd/autonomy/ws/Carla-autoware_interface/deps_ws/install/autoware_common_msgs/share/autoware_common_msgs/cmake/export_autoware_common_msgs__rosidl_typesupport_fastrtps_cppExport.cmake
[37.331s] -- Installing: /mnt/hdd/autonomy/ws/Carla-autoware_interface/deps_ws/install/autoware_common_msgs/share/autoware_common_msgs/cmake/export_autoware_common_msgs__rosidl_typesupport_fastrtps_cppExport-noconfig.cmake
[37.331s] -- Installing: /mnt/hdd/autonomy/ws/Carla-autoware_interface/deps_ws/install/autoware_common_msgs/share/autoware_common_msgs/cmake/autoware_common_msgs__rosidl_typesupport_introspection_cppExport.cmake
[37.331s] -- Installing: /mnt/hdd/autonomy/ws/Carla-autoware_interface/deps_ws/install/autoware_common_msgs/share/autoware_common_msgs/cmake/autoware_common_msgs__rosidl_typesupport_introspection_cppExport-noconfig.cmake
[37.331s] -- Installing: /mnt/hdd/autonomy/ws/Carla-autoware_interface/deps_ws/install/autoware_common_msgs/share/autoware_common_msgs/cmake/autoware_common_msgs__rosidl_typesupport_cppExport.cmake
[37.331s] -- Installing: /mnt/hdd/autonomy/ws/Carla-autoware_interface/deps_ws/install/autoware_common_msgs/share/autoware_common_msgs/cmake/autoware_common_msgs__rosidl_typesupport_cppExport-noconfig.cmake
[37.331s] -- Installing: /mnt/hdd/autonomy/ws/Carla-autoware_interface/deps_ws/install/autoware_common_msgs/share/autoware_common_msgs/cmake/export_autoware_common_msgs__rosidl_generator_pyExport.cmake
[37.331s] -- Installing: /mnt/hdd/autonomy/ws/Carla-autoware_interface/deps_ws/install/autoware_common_msgs/share/autoware_common_msgs/cmake/export_autoware_common_msgs__rosidl_generator_pyExport-noconfig.cmake
[37.359s] Invoked command in '/mnt/hdd/autonomy/ws/Carla-autoware_interface/deps_ws/build/autoware_common_msgs' returned '0': CMAKE_PREFIX_PATH=${CMAKE_PREFIX_PATH}:/opt/ros/humble /usr/bin/cmake --install /mnt/hdd/autonomy/ws/Carla-autoware_interface/deps_ws/build/autoware_common_msgs
