[0.137s] Invoking command in '/mnt/hdd/autonomy/ws/Carla-autoware_interface/deps_ws/build/autoware_utils_logging': AMENT_PREFIX_PATH=/mnt/hdd/autonomy/ws/Carla-autoware_interface/deps_ws/install/autoware_cmake:/mnt/hdd/autonomy/ws/Carla-autoware_interface/deps_ws/install/autoware_lint_common:${AMENT_PREFIX_PATH} CMAKE_PREFIX_PATH=/mnt/hdd/autonomy/ws/Carla-autoware_interface/deps_ws/install/autoware_cmake:/mnt/hdd/autonomy/ws/Carla-autoware_interface/deps_ws/install/autoware_lint_common:/mnt/hdd/autonomy/ws/Carla-autoware_interface/msg_ws/install/autoware_auto_msgs:/mnt/hdd/autonomy/ws/Carla-autoware_interface/msg_ws/install/autoware_auto_vehicle_msgs:/mnt/hdd/autonomy/ws/Carla-autoware_interface/msg_ws/install/autoware_auto_system_msgs:/mnt/hdd/autonomy/ws/Carla-autoware_interface/msg_ws/install/autoware_auto_planning_msgs:/mnt/hdd/autonomy/ws/Carla-autoware_interface/msg_ws/install/autoware_auto_perception_msgs:/mnt/hdd/autonomy/ws/Carla-autoware_interface/msg_ws/install/autoware_auto_mapping_msgs:/mnt/hdd/autonomy/ws/Carla-autoware_interface/msg_ws/install/autoware_auto_geometry_msgs:/mnt/hdd/autonomy/ws/Carla-autoware_interface/msg_ws/install/autoware_auto_control_msgs:/opt/ros/humble /usr/bin/cmake /mnt/hdd/autonomy/ws/Carla-autoware_interface/deps_ws/src/autoware_utils/autoware_utils_logging -DAMENT_CMAKE_SYMLINK_INSTALL=1 -DCMAKE_INSTALL_PREFIX=/mnt/hdd/autonomy/ws/Carla-autoware_interface/deps_ws/install/autoware_utils_logging
[0.530s] -- The C compiler identification is GNU 11.4.0
[0.836s] -- The CXX compiler identification is GNU 11.4.0
[0.892s] -- Detecting C compiler ABI info
[1.536s] -- Detecting C compiler ABI info - done
[1.550s] -- Check for working C compiler: /usr/lib/ccache/gcc - skipped
[1.550s] -- Detecting C compile features
[1.551s] -- Detecting C compile features - done
[1.554s] -- Detecting CXX compiler ABI info
[2.217s] -- Detecting CXX compiler ABI info - done
[2.244s] -- Check for working CXX compiler: /usr/lib/ccache/g++ - skipped
[2.244s] -- Detecting CXX compile features
[2.245s] -- Detecting CXX compile features - done
[2.246s] -- Found autoware_cmake: 1.1.0 (/mnt/hdd/autonomy/ws/Carla-autoware_interface/deps_ws/install/autoware_cmake/share/autoware_cmake/cmake)
[2.728s] -- Found Python3: /usr/bin/python3 (found version "3.10.12") found components: Interpreter 
[2.949s] -- Override CMake install command with custom implementation using symlinks instead of copying resources
[3.102s] -- Found TinyXML2: /usr/lib/x86_64-linux-gnu/libtinyxml2.so  
[3.461s] -- Found rosidl_generator_c: 3.1.8 (/opt/ros/humble/share/rosidl_generator_c/cmake)
[3.471s] -- Found rosidl_adapter: 3.1.8 (/opt/ros/humble/share/rosidl_adapter/cmake)
[3.497s] -- Found rosidl_generator_cpp: 3.1.8 (/opt/ros/humble/share/rosidl_generator_cpp/cmake)
[3.536s] -- Using all available rosidl_typesupport_c: rosidl_typesupport_fastrtps_c;rosidl_typesupport_introspection_c
[3.563s] -- Using all available rosidl_typesupport_cpp: rosidl_typesupport_fastrtps_cpp;rosidl_typesupport_introspection_cpp
[3.737s] -- Found rmw_implementation_cmake: 6.1.2 (/opt/ros/humble/share/rmw_implementation_cmake/cmake)
[3.745s] -- Found rmw_cyclonedds_cpp: 1.3.4 (/opt/ros/humble/share/rmw_cyclonedds_cpp/cmake)
[3.817s] -- Using RMW implementation 'rmw_cyclonedds_cpp' as default
[3.849s] -- Looking for pthread.h
[4.460s] -- Looking for pthread.h - found
[4.461s] -- Performing Test CMAKE_HAVE_LIBC_PTHREAD
[5.111s] -- Performing Test CMAKE_HAVE_LIBC_PTHREAD - Success
[5.112s] -- Found Threads: TRUE  
[5.303s] -- Found ament_lint_auto: 0.12.14 (/opt/ros/humble/share/ament_lint_auto/cmake)
[5.342s] -- Found gtest sources under '/opt/ros/humble/src/gtest_vendor': C++ tests using 'Google Test' will be built
[5.348s] In this package, headers install destination is set to `include` by ament_auto_package. It is recommended to install `include/autoware_utils_logging` instead and will be the default behavior of ament_auto_package from ROS 2 Kilted Kaiju. On distributions before Kilted, ament_auto_package behaves the same way when you use USE_SCOPED_HEADER_INSTALL_DIR option.
[5.357s] -- Added test 'copyright' to check source files copyright and LICENSE
[5.359s] -- Added test 'cppcheck' to perform static code analysis on C / C++ code
[5.360s] -- Configured cppcheck include dirs: /mnt/hdd/autonomy/ws/Carla-autoware_interface/deps_ws/src/autoware_utils/autoware_utils_logging/include
[5.360s] -- Configured cppcheck exclude dirs and/or files: 
[5.361s] -- Added test 'lint_cmake' to check CMake code style
[5.363s] -- Added test 'xmllint' to check XML markup files
[5.370s] -- Configuring done
[5.422s] -- Generating done
[5.447s] -- Build files have been written to: /mnt/hdd/autonomy/ws/Carla-autoware_interface/deps_ws/build/autoware_utils_logging
[5.508s] Invoked command in '/mnt/hdd/autonomy/ws/Carla-autoware_interface/deps_ws/build/autoware_utils_logging' returned '0': AMENT_PREFIX_PATH=/mnt/hdd/autonomy/ws/Carla-autoware_interface/deps_ws/install/autoware_cmake:/mnt/hdd/autonomy/ws/Carla-autoware_interface/deps_ws/install/autoware_lint_common:${AMENT_PREFIX_PATH} CMAKE_PREFIX_PATH=/mnt/hdd/autonomy/ws/Carla-autoware_interface/deps_ws/install/autoware_cmake:/mnt/hdd/autonomy/ws/Carla-autoware_interface/deps_ws/install/autoware_lint_common:/mnt/hdd/autonomy/ws/Carla-autoware_interface/msg_ws/install/autoware_auto_msgs:/mnt/hdd/autonomy/ws/Carla-autoware_interface/msg_ws/install/autoware_auto_vehicle_msgs:/mnt/hdd/autonomy/ws/Carla-autoware_interface/msg_ws/install/autoware_auto_system_msgs:/mnt/hdd/autonomy/ws/Carla-autoware_interface/msg_ws/install/autoware_auto_planning_msgs:/mnt/hdd/autonomy/ws/Carla-autoware_interface/msg_ws/install/autoware_auto_perception_msgs:/mnt/hdd/autonomy/ws/Carla-autoware_interface/msg_ws/install/autoware_auto_mapping_msgs:/mnt/hdd/autonomy/ws/Carla-autoware_interface/msg_ws/install/autoware_auto_geometry_msgs:/mnt/hdd/autonomy/ws/Carla-autoware_interface/msg_ws/install/autoware_auto_control_msgs:/opt/ros/humble /usr/bin/cmake /mnt/hdd/autonomy/ws/Carla-autoware_interface/deps_ws/src/autoware_utils/autoware_utils_logging -DAMENT_CMAKE_SYMLINK_INSTALL=1 -DCMAKE_INSTALL_PREFIX=/mnt/hdd/autonomy/ws/Carla-autoware_interface/deps_ws/install/autoware_utils_logging
[5.509s] Invoking command in '/mnt/hdd/autonomy/ws/Carla-autoware_interface/deps_ws/build/autoware_utils_logging': AMENT_PREFIX_PATH=/mnt/hdd/autonomy/ws/Carla-autoware_interface/deps_ws/install/autoware_cmake:/mnt/hdd/autonomy/ws/Carla-autoware_interface/deps_ws/install/autoware_lint_common:${AMENT_PREFIX_PATH} CMAKE_PREFIX_PATH=/mnt/hdd/autonomy/ws/Carla-autoware_interface/deps_ws/install/autoware_cmake:/mnt/hdd/autonomy/ws/Carla-autoware_interface/deps_ws/install/autoware_lint_common:/mnt/hdd/autonomy/ws/Carla-autoware_interface/msg_ws/install/autoware_auto_msgs:/mnt/hdd/autonomy/ws/Carla-autoware_interface/msg_ws/install/autoware_auto_vehicle_msgs:/mnt/hdd/autonomy/ws/Carla-autoware_interface/msg_ws/install/autoware_auto_system_msgs:/mnt/hdd/autonomy/ws/Carla-autoware_interface/msg_ws/install/autoware_auto_planning_msgs:/mnt/hdd/autonomy/ws/Carla-autoware_interface/msg_ws/install/autoware_auto_perception_msgs:/mnt/hdd/autonomy/ws/Carla-autoware_interface/msg_ws/install/autoware_auto_mapping_msgs:/mnt/hdd/autonomy/ws/Carla-autoware_interface/msg_ws/install/autoware_auto_geometry_msgs:/mnt/hdd/autonomy/ws/Carla-autoware_interface/msg_ws/install/autoware_auto_control_msgs:/opt/ros/humble /usr/bin/cmake --build /mnt/hdd/autonomy/ws/Carla-autoware_interface/deps_ws/build/autoware_utils_logging -- -j16 -l16
[6.088s] [ 11%] Building CXX object CMakeFiles/autoware_utils_logging.dir/src/logger_level_configure.cpp.o
[14.538s] [ 22%] Linking CXX shared library libautoware_utils_logging.so
[15.134s] [ 22%] Built target autoware_utils_logging
[15.375s] [ 33%] Building CXX object gtest/CMakeFiles/gtest.dir/src/gtest-all.cc.o
[22.675s] [ 44%] Linking CXX static library libgtest.a
[23.157s] [ 44%] Built target gtest
[23.447s] [ 55%] Building CXX object gtest/CMakeFiles/gtest_main.dir/src/gtest_main.cc.o
[25.748s] [ 66%] Linking CXX static library libgtest_main.a
[26.136s] [ 66%] Built target gtest_main
[26.340s] [ 77%] Building CXX object CMakeFiles/test_autoware_utils_logging.dir/test/main.cpp.o
[33.415s] [ 88%] Building CXX object CMakeFiles/test_autoware_utils_logging.dir/test/cases/logger_level_configure.cpp.o
[41.227s] [100%] Linking CXX executable test_autoware_utils_logging
[41.838s] [100%] Built target test_autoware_utils_logging
[41.966s] Invoked command in '/mnt/hdd/autonomy/ws/Carla-autoware_interface/deps_ws/build/autoware_utils_logging' returned '0': AMENT_PREFIX_PATH=/mnt/hdd/autonomy/ws/Carla-autoware_interface/deps_ws/install/autoware_cmake:/mnt/hdd/autonomy/ws/Carla-autoware_interface/deps_ws/install/autoware_lint_common:${AMENT_PREFIX_PATH} CMAKE_PREFIX_PATH=/mnt/hdd/autonomy/ws/Carla-autoware_interface/deps_ws/install/autoware_cmake:/mnt/hdd/autonomy/ws/Carla-autoware_interface/deps_ws/install/autoware_lint_common:/mnt/hdd/autonomy/ws/Carla-autoware_interface/msg_ws/install/autoware_auto_msgs:/mnt/hdd/autonomy/ws/Carla-autoware_interface/msg_ws/install/autoware_auto_vehicle_msgs:/mnt/hdd/autonomy/ws/Carla-autoware_interface/msg_ws/install/autoware_auto_system_msgs:/mnt/hdd/autonomy/ws/Carla-autoware_interface/msg_ws/install/autoware_auto_planning_msgs:/mnt/hdd/autonomy/ws/Carla-autoware_interface/msg_ws/install/autoware_auto_perception_msgs:/mnt/hdd/autonomy/ws/Carla-autoware_interface/msg_ws/install/autoware_auto_mapping_msgs:/mnt/hdd/autonomy/ws/Carla-autoware_interface/msg_ws/install/autoware_auto_geometry_msgs:/mnt/hdd/autonomy/ws/Carla-autoware_interface/msg_ws/install/autoware_auto_control_msgs:/opt/ros/humble /usr/bin/cmake --build /mnt/hdd/autonomy/ws/Carla-autoware_interface/deps_ws/build/autoware_utils_logging -- -j16 -l16
[41.968s] Invoking command in '/mnt/hdd/autonomy/ws/Carla-autoware_interface/deps_ws/build/autoware_utils_logging': AMENT_PREFIX_PATH=/mnt/hdd/autonomy/ws/Carla-autoware_interface/deps_ws/install/autoware_cmake:/mnt/hdd/autonomy/ws/Carla-autoware_interface/deps_ws/install/autoware_lint_common:${AMENT_PREFIX_PATH} CMAKE_PREFIX_PATH=/mnt/hdd/autonomy/ws/Carla-autoware_interface/deps_ws/install/autoware_cmake:/mnt/hdd/autonomy/ws/Carla-autoware_interface/deps_ws/install/autoware_lint_common:/mnt/hdd/autonomy/ws/Carla-autoware_interface/msg_ws/install/autoware_auto_msgs:/mnt/hdd/autonomy/ws/Carla-autoware_interface/msg_ws/install/autoware_auto_vehicle_msgs:/mnt/hdd/autonomy/ws/Carla-autoware_interface/msg_ws/install/autoware_auto_system_msgs:/mnt/hdd/autonomy/ws/Carla-autoware_interface/msg_ws/install/autoware_auto_planning_msgs:/mnt/hdd/autonomy/ws/Carla-autoware_interface/msg_ws/install/autoware_auto_perception_msgs:/mnt/hdd/autonomy/ws/Carla-autoware_interface/msg_ws/install/autoware_auto_mapping_msgs:/mnt/hdd/autonomy/ws/Carla-autoware_interface/msg_ws/install/autoware_auto_geometry_msgs:/mnt/hdd/autonomy/ws/Carla-autoware_interface/msg_ws/install/autoware_auto_control_msgs:/opt/ros/humble /usr/bin/cmake --install /mnt/hdd/autonomy/ws/Carla-autoware_interface/deps_ws/build/autoware_utils_logging
[42.060s] -- Install configuration: ""
[42.062s] -- Execute custom install script
[42.062s] -- Symlinking: /mnt/hdd/autonomy/ws/Carla-autoware_interface/deps_ws/install/autoware_utils_logging/include/autoware_utils_logging/logger_level_configure.hpp
[42.144s] -- Symlinking: /mnt/hdd/autonomy/ws/Carla-autoware_interface/deps_ws/install/autoware_utils_logging/share/autoware_utils_logging/environment/library_path.sh
[42.228s] -- Symlinking: /mnt/hdd/autonomy/ws/Carla-autoware_interface/deps_ws/install/autoware_utils_logging/share/autoware_utils_logging/environment/library_path.dsv
[42.295s] -- Symlinking: /mnt/hdd/autonomy/ws/Carla-autoware_interface/deps_ws/install/autoware_utils_logging/lib/libautoware_utils_logging.so
[42.367s] -- Symlinking: /mnt/hdd/autonomy/ws/Carla-autoware_interface/deps_ws/install/autoware_utils_logging/share/ament_index/resource_index/package_run_dependencies/autoware_utils_logging
[42.418s] -- Symlinking: /mnt/hdd/autonomy/ws/Carla-autoware_interface/deps_ws/install/autoware_utils_logging/share/ament_index/resource_index/parent_prefix_path/autoware_utils_logging
[42.502s] -- Symlinking: /mnt/hdd/autonomy/ws/Carla-autoware_interface/deps_ws/install/autoware_utils_logging/share/autoware_utils_logging/environment/ament_prefix_path.sh
[42.593s] -- Symlinking: /mnt/hdd/autonomy/ws/Carla-autoware_interface/deps_ws/install/autoware_utils_logging/share/autoware_utils_logging/environment/ament_prefix_path.dsv
[42.642s] -- Symlinking: /mnt/hdd/autonomy/ws/Carla-autoware_interface/deps_ws/install/autoware_utils_logging/share/autoware_utils_logging/environment/path.sh
[42.703s] -- Symlinking: /mnt/hdd/autonomy/ws/Carla-autoware_interface/deps_ws/install/autoware_utils_logging/share/autoware_utils_logging/environment/path.dsv
[42.772s] -- Symlinking: /mnt/hdd/autonomy/ws/Carla-autoware_interface/deps_ws/install/autoware_utils_logging/share/autoware_utils_logging/local_setup.bash
[42.829s] -- Symlinking: /mnt/hdd/autonomy/ws/Carla-autoware_interface/deps_ws/install/autoware_utils_logging/share/autoware_utils_logging/local_setup.sh
[42.941s] -- Symlinking: /mnt/hdd/autonomy/ws/Carla-autoware_interface/deps_ws/install/autoware_utils_logging/share/autoware_utils_logging/local_setup.zsh
[43.011s] -- Symlinking: /mnt/hdd/autonomy/ws/Carla-autoware_interface/deps_ws/install/autoware_utils_logging/share/autoware_utils_logging/local_setup.dsv
[43.138s] -- Symlinking: /mnt/hdd/autonomy/ws/Carla-autoware_interface/deps_ws/install/autoware_utils_logging/share/autoware_utils_logging/package.dsv
[43.219s] -- Symlinking: /mnt/hdd/autonomy/ws/Carla-autoware_interface/deps_ws/install/autoware_utils_logging/share/ament_index/resource_index/packages/autoware_utils_logging
[43.282s] -- Symlinking: /mnt/hdd/autonomy/ws/Carla-autoware_interface/deps_ws/install/autoware_utils_logging/share/autoware_utils_logging/cmake/ament_cmake_export_dependencies-extras.cmake
[43.337s] -- Symlinking: /mnt/hdd/autonomy/ws/Carla-autoware_interface/deps_ws/install/autoware_utils_logging/share/autoware_utils_logging/cmake/ament_cmake_export_include_directories-extras.cmake
[43.400s] -- Symlinking: /mnt/hdd/autonomy/ws/Carla-autoware_interface/deps_ws/install/autoware_utils_logging/share/autoware_utils_logging/cmake/ament_cmake_export_libraries-extras.cmake
[43.482s] -- Symlinking: /mnt/hdd/autonomy/ws/Carla-autoware_interface/deps_ws/install/autoware_utils_logging/share/autoware_utils_logging/cmake/autoware_utils_loggingConfig.cmake
[43.559s] -- Symlinking: /mnt/hdd/autonomy/ws/Carla-autoware_interface/deps_ws/install/autoware_utils_logging/share/autoware_utils_logging/cmake/autoware_utils_loggingConfig-version.cmake
[43.637s] -- Symlinking: /mnt/hdd/autonomy/ws/Carla-autoware_interface/deps_ws/install/autoware_utils_logging/share/autoware_utils_logging/package.xml
[43.782s] Invoked command in '/mnt/hdd/autonomy/ws/Carla-autoware_interface/deps_ws/build/autoware_utils_logging' returned '0': AMENT_PREFIX_PATH=/mnt/hdd/autonomy/ws/Carla-autoware_interface/deps_ws/install/autoware_cmake:/mnt/hdd/autonomy/ws/Carla-autoware_interface/deps_ws/install/autoware_lint_common:${AMENT_PREFIX_PATH} CMAKE_PREFIX_PATH=/mnt/hdd/autonomy/ws/Carla-autoware_interface/deps_ws/install/autoware_cmake:/mnt/hdd/autonomy/ws/Carla-autoware_interface/deps_ws/install/autoware_lint_common:/mnt/hdd/autonomy/ws/Carla-autoware_interface/msg_ws/install/autoware_auto_msgs:/mnt/hdd/autonomy/ws/Carla-autoware_interface/msg_ws/install/autoware_auto_vehicle_msgs:/mnt/hdd/autonomy/ws/Carla-autoware_interface/msg_ws/install/autoware_auto_system_msgs:/mnt/hdd/autonomy/ws/Carla-autoware_interface/msg_ws/install/autoware_auto_planning_msgs:/mnt/hdd/autonomy/ws/Carla-autoware_interface/msg_ws/install/autoware_auto_perception_msgs:/mnt/hdd/autonomy/ws/Carla-autoware_interface/msg_ws/install/autoware_auto_mapping_msgs:/mnt/hdd/autonomy/ws/Carla-autoware_interface/msg_ws/install/autoware_auto_geometry_msgs:/mnt/hdd/autonomy/ws/Carla-autoware_interface/msg_ws/install/autoware_auto_control_msgs:/opt/ros/humble /usr/bin/cmake --install /mnt/hdd/autonomy/ws/Carla-autoware_interface/deps_ws/build/autoware_utils_logging
