-- The C compiler identification is GNU 11.4.0
-- The CXX compiler identification is GNU 11.4.0
-- Detecting C compiler ABI info
-- Detecting C compiler ABI info - done
-- Check for working C compiler: /usr/lib/ccache/gcc - skipped
-- Detecting C compile features
-- Detecting C compile features - done
-- Detecting CXX compiler ABI info
-- Detecting CXX compiler ABI info - done
-- Check for working CXX compiler: /usr/lib/ccache/g++ - skipped
-- Detecting CXX compile features
-- Detecting CXX compile features - done
-- Found autoware_cmake: 1.1.0 (/mnt/hdd/autonomy/ws/Carla-autoware_interface/deps_ws/install/autoware_cmake/share/autoware_cmake/cmake)
-- Found Python3: /usr/bin/python3 (found version "3.10.12") found components: Interpreter 
-- Override CMake install command with custom implementation using symlinks instead of copying resources
-- Found TinyXML2: /usr/lib/x86_64-linux-gnu/libtinyxml2.so  
-- Found rosidl_generator_c: 3.1.8 (/opt/ros/humble/share/rosidl_generator_c/cmake)
-- Found rosidl_adapter: 3.1.8 (/opt/ros/humble/share/rosidl_adapter/cmake)
-- Found rosidl_generator_cpp: 3.1.8 (/opt/ros/humble/share/rosidl_generator_cpp/cmake)
-- Using all available rosidl_typesupport_c: rosidl_typesupport_fastrtps_c;rosidl_typesupport_introspection_c
-- Using all available rosidl_typesupport_cpp: rosidl_typesupport_fastrtps_cpp;rosidl_typesupport_introspection_cpp
-- Found rmw_implementation_cmake: 6.1.2 (/opt/ros/humble/share/rmw_implementation_cmake/cmake)
-- Found rmw_cyclonedds_cpp: 1.3.4 (/opt/ros/humble/share/rmw_cyclonedds_cpp/cmake)
-- Using RMW implementation 'rmw_cyclonedds_cpp' as default
-- Looking for pthread.h
-- Looking for pthread.h - found
-- Performing Test CMAKE_HAVE_LIBC_PTHREAD
-- Performing Test CMAKE_HAVE_LIBC_PTHREAD - Success
-- Found Threads: TRUE  
-- Found eigen3_cmake_module: 0.1.1 (/opt/ros/humble/share/eigen3_cmake_module/cmake)
-- Found Eigen3: TRUE (found version "3.4.0") 
-- Ensuring Eigen3 include directory is part of orocos-kdl CMake target
-- Found ament_lint_auto: 0.12.14 (/opt/ros/humble/share/ament_lint_auto/cmake)
-- Found gtest sources under '/opt/ros/humble/src/gtest_vendor': C++ tests using 'Google Test' will be built
-- Added test 'copyright' to check source files copyright and LICENSE
-- Added test 'cppcheck' to perform static code analysis on C / C++ code
-- Configured cppcheck include dirs: /mnt/hdd/autonomy/ws/Carla-autoware_interface/deps_ws/src/autoware_core_common/autoware_interpolation/include
-- Configured cppcheck exclude dirs and/or files: 
-- Added test 'lint_cmake' to check CMake code style
-- Added test 'xmllint' to check XML markup files
-- Configuring done
-- Generating done
-- Build files have been written to: /mnt/hdd/autonomy/ws/Carla-autoware_interface/deps_ws/build/autoware_interpolation
[  5%] Building CXX object CMakeFiles/autoware_interpolation.dir/src/linear_interpolation.cpp.o
[ 11%] Building CXX object CMakeFiles/autoware_interpolation.dir/src/spherical_linear_interpolation.cpp.o
[ 17%] Building CXX object CMakeFiles/autoware_interpolation.dir/src/spline_interpolation_points_2d.cpp.o
[ 23%] Building CXX object CMakeFiles/autoware_interpolation.dir/src/spline_interpolation.cpp.o
[ 29%] Linking CXX shared library libautoware_interpolation.so
[ 29%] Built target autoware_interpolation
[ 35%] Building CXX object gtest/CMakeFiles/gtest.dir/src/gtest-all.cc.o
[ 41%] Linking CXX static library libgtest.a
[ 41%] Built target gtest
[ 47%] Building CXX object gtest/CMakeFiles/gtest_main.dir/src/gtest_main.cc.o
[ 52%] Linking CXX static library libgtest_main.a
[ 52%] Built target gtest_main
[ 58%] Building CXX object CMakeFiles/test_interpolation.dir/test/src/test_interpolation.cpp.o
[ 64%] Building CXX object CMakeFiles/test_interpolation.dir/test/src/test_zero_order_hold.cpp.o
[ 70%] Building CXX object CMakeFiles/test_interpolation.dir/test/src/test_spline_interpolation_points_2d.cpp.o
[ 76%] Building CXX object CMakeFiles/test_interpolation.dir/test/src/test_spline_interpolation.cpp.o
[ 82%] Building CXX object CMakeFiles/test_interpolation.dir/test/src/test_spherical_linear_interpolation.cpp.o
[ 88%] Building CXX object CMakeFiles/test_interpolation.dir/test/src/test_linear_interpolation.cpp.o
[ 94%] Building CXX object CMakeFiles/test_interpolation.dir/test/src/test_interpolation_utils.cpp.o
[100%] Linking CXX executable test_interpolation
[100%] Built target test_interpolation
-- Install configuration: ""
-- Execute custom install script
-- Symlinking: /mnt/hdd/autonomy/ws/Carla-autoware_interface/deps_ws/install/autoware_interpolation/share/autoware_interpolation/environment/library_path.sh
-- Symlinking: /mnt/hdd/autonomy/ws/Carla-autoware_interface/deps_ws/install/autoware_interpolation/share/autoware_interpolation/environment/library_path.dsv
-- Symlinking: /mnt/hdd/autonomy/ws/Carla-autoware_interface/deps_ws/install/autoware_interpolation/lib/libautoware_interpolation.so
-- Symlinking: /mnt/hdd/autonomy/ws/Carla-autoware_interface/deps_ws/install/autoware_interpolation/share/ament_index/resource_index/package_run_dependencies/autoware_interpolation
-- Symlinking: /mnt/hdd/autonomy/ws/Carla-autoware_interface/deps_ws/install/autoware_interpolation/share/ament_index/resource_index/parent_prefix_path/autoware_interpolation
-- Symlinking: /mnt/hdd/autonomy/ws/Carla-autoware_interface/deps_ws/install/autoware_interpolation/share/autoware_interpolation/environment/ament_prefix_path.sh
-- Symlinking: /mnt/hdd/autonomy/ws/Carla-autoware_interface/deps_ws/install/autoware_interpolation/share/autoware_interpolation/environment/ament_prefix_path.dsv
-- Symlinking: /mnt/hdd/autonomy/ws/Carla-autoware_interface/deps_ws/install/autoware_interpolation/share/autoware_interpolation/environment/path.sh
-- Symlinking: /mnt/hdd/autonomy/ws/Carla-autoware_interface/deps_ws/install/autoware_interpolation/share/autoware_interpolation/environment/path.dsv
-- Symlinking: /mnt/hdd/autonomy/ws/Carla-autoware_interface/deps_ws/install/autoware_interpolation/share/autoware_interpolation/local_setup.bash
-- Symlinking: /mnt/hdd/autonomy/ws/Carla-autoware_interface/deps_ws/install/autoware_interpolation/share/autoware_interpolation/local_setup.sh
-- Symlinking: /mnt/hdd/autonomy/ws/Carla-autoware_interface/deps_ws/install/autoware_interpolation/share/autoware_interpolation/local_setup.zsh
-- Symlinking: /mnt/hdd/autonomy/ws/Carla-autoware_interface/deps_ws/install/autoware_interpolation/share/autoware_interpolation/local_setup.dsv
-- Symlinking: /mnt/hdd/autonomy/ws/Carla-autoware_interface/deps_ws/install/autoware_interpolation/share/autoware_interpolation/package.dsv
-- Symlinking: /mnt/hdd/autonomy/ws/Carla-autoware_interface/deps_ws/install/autoware_interpolation/share/ament_index/resource_index/packages/autoware_interpolation
-- Symlinking: /mnt/hdd/autonomy/ws/Carla-autoware_interface/deps_ws/install/autoware_interpolation/share/autoware_interpolation/cmake/ament_cmake_export_dependencies-extras.cmake
-- Symlinking: /mnt/hdd/autonomy/ws/Carla-autoware_interface/deps_ws/install/autoware_interpolation/share/autoware_interpolation/cmake/ament_cmake_export_include_directories-extras.cmake
-- Symlinking: /mnt/hdd/autonomy/ws/Carla-autoware_interface/deps_ws/install/autoware_interpolation/share/autoware_interpolation/cmake/ament_cmake_export_libraries-extras.cmake
-- Symlinking: /mnt/hdd/autonomy/ws/Carla-autoware_interface/deps_ws/install/autoware_interpolation/share/autoware_interpolation/cmake/autoware_interpolationConfig.cmake
-- Symlinking: /mnt/hdd/autonomy/ws/Carla-autoware_interface/deps_ws/install/autoware_interpolation/share/autoware_interpolation/cmake/autoware_interpolationConfig-version.cmake
-- Symlinking: /mnt/hdd/autonomy/ws/Carla-autoware_interface/deps_ws/install/autoware_interpolation/share/autoware_interpolation/package.xml
-- Installing: /mnt/hdd/autonomy/ws/Carla-autoware_interface/deps_ws/install/autoware_interpolation/include
-- Installing: /mnt/hdd/autonomy/ws/Carla-autoware_interface/deps_ws/install/autoware_interpolation/include/autoware
-- Installing: /mnt/hdd/autonomy/ws/Carla-autoware_interface/deps_ws/install/autoware_interpolation/include/autoware/interpolation
-- Installing: /mnt/hdd/autonomy/ws/Carla-autoware_interface/deps_ws/install/autoware_interpolation/include/autoware/interpolation/spline_interpolation_points_2d.hpp
-- Installing: /mnt/hdd/autonomy/ws/Carla-autoware_interface/deps_ws/install/autoware_interpolation/include/autoware/interpolation/spherical_linear_interpolation.hpp
-- Installing: /mnt/hdd/autonomy/ws/Carla-autoware_interface/deps_ws/install/autoware_interpolation/include/autoware/interpolation/zero_order_hold.hpp
-- Installing: /mnt/hdd/autonomy/ws/Carla-autoware_interface/deps_ws/install/autoware_interpolation/include/autoware/interpolation/spline_interpolation.hpp
-- Installing: /mnt/hdd/autonomy/ws/Carla-autoware_interface/deps_ws/install/autoware_interpolation/include/autoware/interpolation/interpolation_utils.hpp
-- Installing: /mnt/hdd/autonomy/ws/Carla-autoware_interface/deps_ws/install/autoware_interpolation/include/autoware/interpolation/linear_interpolation.hpp
