[0.063s] Invoking command in '/mnt/hdd/autonomy/ws/Carla-autoware_interface/deps_ws/build/autoware_internal_metric_msgs': CMAKE_PREFIX_PATH=${CMAKE_PREFIX_PATH}:/opt/ros/humble /usr/bin/cmake /mnt/hdd/autonomy/ws/Carla-autoware_interface/deps_ws/src/autoware_internal_msgs/autoware_internal_metric_msgs -DAMENT_CMAKE_SYMLINK_INSTALL=1 -DCMAKE_INSTALL_PREFIX=/mnt/hdd/autonomy/ws/Carla-autoware_interface/deps_ws/install/autoware_internal_metric_msgs
[0.332s] -- The C compiler identification is GNU 11.4.0
[0.543s] -- The CXX compiler identification is GNU 11.4.0
[0.577s] -- Detecting C compiler ABI info
[1.004s] -- Detecting C compiler ABI info - done
[1.015s] -- Check for working C compiler: /usr/lib/ccache/gcc - skipped
[1.016s] -- Detecting C compile features
[1.017s] -- Detecting C compile features - done
[1.022s] -- Detecting CXX compiler ABI info
[1.531s] -- Detecting CXX compiler ABI info - done
[1.531s] -- Check for working CXX compiler: /usr/lib/ccache/g++ - skipped
[1.531s] -- Detecting CXX compile features
[1.531s] -- Detecting CXX compile features - done
[1.531s] -- Found ament_cmake_auto: 1.3.12 (/opt/ros/humble/share/ament_cmake_auto/cmake)
[1.989s] -- Found Python3: /usr/bin/python3 (found version "3.10.12") found components: Interpreter 
[2.158s] -- Override CMake install command with custom implementation using symlinks instead of copying resources
[2.226s] -- Found builtin_interfaces: 1.2.2 (/opt/ros/humble/share/builtin_interfaces/cmake)
[2.299s] -- Found rosidl_generator_c: 3.1.8 (/opt/ros/humble/share/rosidl_generator_c/cmake)
[2.308s] -- Found rosidl_adapter: 3.1.8 (/opt/ros/humble/share/rosidl_adapter/cmake)
[2.320s] -- Found rosidl_generator_cpp: 3.1.8 (/opt/ros/humble/share/rosidl_generator_cpp/cmake)
[2.332s] -- Using all available rosidl_typesupport_c: rosidl_typesupport_fastrtps_c;rosidl_typesupport_introspection_c
[2.360s] -- Using all available rosidl_typesupport_cpp: rosidl_typesupport_fastrtps_cpp;rosidl_typesupport_introspection_cpp
[2.399s] -- Found rosidl_default_generators: 1.2.0 (/opt/ros/humble/share/rosidl_default_generators/cmake)
[2.984s] -- Found ament_cmake_ros: 0.10.0 (/opt/ros/humble/share/ament_cmake_ros/cmake)
[3.929s] -- Using all available rosidl_typesupport_c: rosidl_typesupport_fastrtps_c;rosidl_typesupport_introspection_c
[4.340s] -- Using all available rosidl_typesupport_cpp: rosidl_typesupport_fastrtps_cpp;rosidl_typesupport_introspection_cpp
[4.427s] -- Found PythonInterp: /usr/bin/python3 (found suitable version "3.10.12", minimum required is "3.6") 
[4.428s] -- Found python_cmake_module: 0.10.0 (/opt/ros/humble/share/python_cmake_module/cmake)
[4.547s] -- Found PythonLibs: /usr/lib/x86_64-linux-gnu/libpython3.10.so (found suitable version "3.10.12", minimum required is "3.5") 
[4.547s] -- Using PYTHON_EXECUTABLE: /usr/bin/python3
[4.547s] -- Using PYTHON_INCLUDE_DIRS: /usr/include/python3.10
[4.547s] -- Using PYTHON_LIBRARIES: /usr/lib/x86_64-linux-gnu/libpython3.10.so
[4.679s] -- Found PythonExtra: .so  
[4.837s] -- Found ament_lint_auto: 0.12.14 (/opt/ros/humble/share/ament_lint_auto/cmake)
[4.885s] -- Added test 'copyright' to check source files copyright and LICENSE
[4.887s] -- Added test 'lint_cmake' to check CMake code style
[4.888s] -- Added test 'xmllint' to check XML markup files
[4.893s] -- Configuring done
[4.935s] -- Generating done
[4.951s] -- Build files have been written to: /mnt/hdd/autonomy/ws/Carla-autoware_interface/deps_ws/build/autoware_internal_metric_msgs
[4.967s] Invoked command in '/mnt/hdd/autonomy/ws/Carla-autoware_interface/deps_ws/build/autoware_internal_metric_msgs' returned '0': CMAKE_PREFIX_PATH=${CMAKE_PREFIX_PATH}:/opt/ros/humble /usr/bin/cmake /mnt/hdd/autonomy/ws/Carla-autoware_interface/deps_ws/src/autoware_internal_msgs/autoware_internal_metric_msgs -DAMENT_CMAKE_SYMLINK_INSTALL=1 -DCMAKE_INSTALL_PREFIX=/mnt/hdd/autonomy/ws/Carla-autoware_interface/deps_ws/install/autoware_internal_metric_msgs
[4.980s] Invoking command in '/mnt/hdd/autonomy/ws/Carla-autoware_interface/deps_ws/build/autoware_internal_metric_msgs': CMAKE_PREFIX_PATH=${CMAKE_PREFIX_PATH}:/opt/ros/humble /usr/bin/cmake --build /mnt/hdd/autonomy/ws/Carla-autoware_interface/deps_ws/build/autoware_internal_metric_msgs -- -j16 -l16
[5.409s] [  2%] Generating C++ code for ROS interfaces
[7.001s] [  2%] Built target autoware_internal_metric_msgs__cpp
[7.318s] [  2%] Built target ament_cmake_python_symlink_autoware_internal_metric_msgs
[7.479s] [  5%] Generating C++ introspection for ROS interfaces
[8.648s] [  7%] Building CXX object CMakeFiles/autoware_internal_metric_msgs__rosidl_typesupport_introspection_cpp.dir/rosidl_typesupport_introspection_cpp/autoware_internal_metric_msgs/msg/detail/metric__type_support.cpp.o
[9.730s] [ 10%] Building CXX object CMakeFiles/autoware_internal_metric_msgs__rosidl_typesupport_introspection_cpp.dir/rosidl_typesupport_introspection_cpp/autoware_internal_metric_msgs/msg/detail/metric_array__type_support.cpp.o
[10.978s] [ 12%] Linking CXX shared library libautoware_internal_metric_msgs__rosidl_typesupport_introspection_cpp.so
[11.412s] [ 12%] Built target autoware_internal_metric_msgs__rosidl_typesupport_introspection_cpp
[12.353s] running egg_info
[12.355s] creating autoware_internal_metric_msgs.egg-info
[12.356s] writing autoware_internal_metric_msgs.egg-info/PKG-INFO
[12.357s] writing dependency_links to autoware_internal_metric_msgs.egg-info/dependency_links.txt
[12.358s] writing top-level names to autoware_internal_metric_msgs.egg-info/top_level.txt
[12.358s] writing manifest file 'autoware_internal_metric_msgs.egg-info/SOURCES.txt'
[12.363s] reading manifest file 'autoware_internal_metric_msgs.egg-info/SOURCES.txt'
[12.363s] writing manifest file 'autoware_internal_metric_msgs.egg-info/SOURCES.txt'
[12.592s] [ 12%] Built target ament_cmake_python_build_autoware_internal_metric_msgs_egg
[12.697s] [ 15%] Generating C++ type support for eProsima Fast-RTPS
[13.987s] [ 17%] Building CXX object CMakeFiles/autoware_internal_metric_msgs__rosidl_typesupport_fastrtps_cpp.dir/rosidl_typesupport_fastrtps_cpp/autoware_internal_metric_msgs/msg/detail/dds_fastrtps/metric__type_support.cpp.o
[14.956s] [ 20%] Building CXX object CMakeFiles/autoware_internal_metric_msgs__rosidl_typesupport_fastrtps_cpp.dir/rosidl_typesupport_fastrtps_cpp/autoware_internal_metric_msgs/msg/detail/dds_fastrtps/metric_array__type_support.cpp.o
[16.002s] [ 23%] Linking CXX shared library libautoware_internal_metric_msgs__rosidl_typesupport_fastrtps_cpp.so
[16.639s] [ 23%] Built target autoware_internal_metric_msgs__rosidl_typesupport_fastrtps_cpp
[16.737s] [ 25%] Generating C++ type support dispatch for ROS interfaces
[17.742s] [ 28%] Building CXX object CMakeFiles/autoware_internal_metric_msgs__rosidl_typesupport_cpp.dir/rosidl_typesupport_cpp/autoware_internal_metric_msgs/msg/metric__type_support.cpp.o
[18.665s] [ 30%] Building CXX object CMakeFiles/autoware_internal_metric_msgs__rosidl_typesupport_cpp.dir/rosidl_typesupport_cpp/autoware_internal_metric_msgs/msg/metric_array__type_support.cpp.o
[19.384s] [ 33%] Linking CXX shared library libautoware_internal_metric_msgs__rosidl_typesupport_cpp.so
[19.834s] [ 33%] Built target autoware_internal_metric_msgs__rosidl_typesupport_cpp
[20.011s] [ 35%] Generating C code for ROS interfaces
[21.938s] [ 38%] Building C object CMakeFiles/autoware_internal_metric_msgs__rosidl_generator_c.dir/rosidl_generator_c/autoware_internal_metric_msgs/msg/detail/metric__functions.c.o
[22.187s] [ 41%] Building C object CMakeFiles/autoware_internal_metric_msgs__rosidl_generator_c.dir/rosidl_generator_c/autoware_internal_metric_msgs/msg/detail/metric_array__functions.c.o
[22.415s] [ 43%] Linking C shared library libautoware_internal_metric_msgs__rosidl_generator_c.so
[22.661s] [ 43%] Built target autoware_internal_metric_msgs__rosidl_generator_c
[22.761s] [ 46%] Generating C type support for eProsima Fast-RTPS
[23.998s] [ 48%] Building CXX object CMakeFiles/autoware_internal_metric_msgs__rosidl_typesupport_fastrtps_c.dir/rosidl_typesupport_fastrtps_c/autoware_internal_metric_msgs/msg/detail/metric__type_support_c.cpp.o
[25.058s] [ 51%] Building CXX object CMakeFiles/autoware_internal_metric_msgs__rosidl_typesupport_fastrtps_c.dir/rosidl_typesupport_fastrtps_c/autoware_internal_metric_msgs/msg/detail/metric_array__type_support_c.cpp.o
[26.101s] [ 53%] Linking CXX shared library libautoware_internal_metric_msgs__rosidl_typesupport_fastrtps_c.so
[26.550s] [ 53%] Built target autoware_internal_metric_msgs__rosidl_typesupport_fastrtps_c
[26.654s] [ 56%] Generating C type support dispatch for ROS interfaces
[27.875s] [ 58%] Building CXX object CMakeFiles/autoware_internal_metric_msgs__rosidl_typesupport_c.dir/rosidl_typesupport_c/autoware_internal_metric_msgs/msg/metric__type_support.cpp.o
[28.200s] [ 61%] Building CXX object CMakeFiles/autoware_internal_metric_msgs__rosidl_typesupport_c.dir/rosidl_typesupport_c/autoware_internal_metric_msgs/msg/metric_array__type_support.cpp.o
[28.542s] [ 64%] Linking CXX shared library libautoware_internal_metric_msgs__rosidl_typesupport_c.so
[28.821s] [ 64%] Built target autoware_internal_metric_msgs__rosidl_typesupport_c
[28.955s] [ 66%] Generating C introspection for ROS interfaces
[30.222s] [ 69%] Building C object CMakeFiles/autoware_internal_metric_msgs__rosidl_typesupport_introspection_c.dir/rosidl_typesupport_introspection_c/autoware_internal_metric_msgs/msg/detail/metric__type_support.c.o
[30.456s] [ 71%] Building C object CMakeFiles/autoware_internal_metric_msgs__rosidl_typesupport_introspection_c.dir/rosidl_typesupport_introspection_c/autoware_internal_metric_msgs/msg/detail/metric_array__type_support.c.o
[30.699s] [ 74%] Linking C shared library libautoware_internal_metric_msgs__rosidl_typesupport_introspection_c.so
[31.067s] [ 74%] Built target autoware_internal_metric_msgs__rosidl_typesupport_introspection_c
[31.436s] [ 74%] Built target autoware_internal_metric_msgs
[31.691s] [ 76%] Generating Python code for ROS interfaces
[33.557s] [ 76%] Built target autoware_internal_metric_msgs__py
[33.859s] [ 79%] Building C object CMakeFiles/autoware_internal_metric_msgs__rosidl_generator_py.dir/rosidl_generator_py/autoware_internal_metric_msgs/msg/_metric_s.c.o
[34.300s] [ 82%] Building C object CMakeFiles/autoware_internal_metric_msgs__rosidl_generator_py.dir/rosidl_generator_py/autoware_internal_metric_msgs/msg/_metric_array_s.c.o
[34.657s] [ 84%] Linking C shared library rosidl_generator_py/autoware_internal_metric_msgs/libautoware_internal_metric_msgs__rosidl_generator_py.so
[34.928s] [ 84%] Built target autoware_internal_metric_msgs__rosidl_generator_py
[35.207s] [ 87%] Building C object CMakeFiles/autoware_internal_metric_msgs__rosidl_typesupport_fastrtps_c__pyext.dir/rosidl_generator_py/autoware_internal_metric_msgs/_autoware_internal_metric_msgs_s.ep.rosidl_typesupport_fastrtps_c.c.o
[35.670s] [ 89%] Linking C shared library rosidl_generator_py/autoware_internal_metric_msgs/autoware_internal_metric_msgs_s__rosidl_typesupport_fastrtps_c.cpython-310-x86_64-linux-gnu.so
[36.040s] [ 89%] Built target autoware_internal_metric_msgs__rosidl_typesupport_fastrtps_c__pyext
[36.323s] [ 92%] Building C object CMakeFiles/autoware_internal_metric_msgs__rosidl_typesupport_c__pyext.dir/rosidl_generator_py/autoware_internal_metric_msgs/_autoware_internal_metric_msgs_s.ep.rosidl_typesupport_c.c.o
[36.750s] [ 94%] Linking C shared library rosidl_generator_py/autoware_internal_metric_msgs/autoware_internal_metric_msgs_s__rosidl_typesupport_c.cpython-310-x86_64-linux-gnu.so
[36.999s] [ 94%] Built target autoware_internal_metric_msgs__rosidl_typesupport_c__pyext
[37.203s] [ 97%] Building C object CMakeFiles/autoware_internal_metric_msgs__rosidl_typesupport_introspection_c__pyext.dir/rosidl_generator_py/autoware_internal_metric_msgs/_autoware_internal_metric_msgs_s.ep.rosidl_typesupport_introspection_c.c.o
[37.567s] [100%] Linking C shared library rosidl_generator_py/autoware_internal_metric_msgs/autoware_internal_metric_msgs_s__rosidl_typesupport_introspection_c.cpython-310-x86_64-linux-gnu.so
[37.842s] [100%] Built target autoware_internal_metric_msgs__rosidl_typesupport_introspection_c__pyext
[38.259s] Invoked command in '/mnt/hdd/autonomy/ws/Carla-autoware_interface/deps_ws/build/autoware_internal_metric_msgs' returned '0': CMAKE_PREFIX_PATH=${CMAKE_PREFIX_PATH}:/opt/ros/humble /usr/bin/cmake --build /mnt/hdd/autonomy/ws/Carla-autoware_interface/deps_ws/build/autoware_internal_metric_msgs -- -j16 -l16
[38.261s] Invoking command in '/mnt/hdd/autonomy/ws/Carla-autoware_interface/deps_ws/build/autoware_internal_metric_msgs': CMAKE_PREFIX_PATH=${CMAKE_PREFIX_PATH}:/opt/ros/humble /usr/bin/cmake --install /mnt/hdd/autonomy/ws/Carla-autoware_interface/deps_ws/build/autoware_internal_metric_msgs
[38.378s] -- Install configuration: ""
[38.379s] -- Execute custom install script
[38.379s] -- Symlinking: /mnt/hdd/autonomy/ws/Carla-autoware_interface/deps_ws/install/autoware_internal_metric_msgs/share/ament_index/resource_index/rosidl_interfaces/autoware_internal_metric_msgs
[38.440s] -- Symlinking: /mnt/hdd/autonomy/ws/Carla-autoware_interface/deps_ws/install/autoware_internal_metric_msgs/include/autoware_internal_metric_msgs/autoware_internal_metric_msgs/msg/detail/metric__functions.h
[38.562s] -- Symlinking: /mnt/hdd/autonomy/ws/Carla-autoware_interface/deps_ws/install/autoware_internal_metric_msgs/include/autoware_internal_metric_msgs/autoware_internal_metric_msgs/msg/detail/metric__struct.h
[38.648s] -- Symlinking: /mnt/hdd/autonomy/ws/Carla-autoware_interface/deps_ws/install/autoware_internal_metric_msgs/include/autoware_internal_metric_msgs/autoware_internal_metric_msgs/msg/detail/metric__type_support.h
[38.720s] -- Symlinking: /mnt/hdd/autonomy/ws/Carla-autoware_interface/deps_ws/install/autoware_internal_metric_msgs/include/autoware_internal_metric_msgs/autoware_internal_metric_msgs/msg/detail/metric_array__functions.h
[38.783s] -- Symlinking: /mnt/hdd/autonomy/ws/Carla-autoware_interface/deps_ws/install/autoware_internal_metric_msgs/include/autoware_internal_metric_msgs/autoware_internal_metric_msgs/msg/detail/metric_array__struct.h
[38.884s] -- Symlinking: /mnt/hdd/autonomy/ws/Carla-autoware_interface/deps_ws/install/autoware_internal_metric_msgs/include/autoware_internal_metric_msgs/autoware_internal_metric_msgs/msg/detail/metric_array__type_support.h
[39.012s] -- Symlinking: /mnt/hdd/autonomy/ws/Carla-autoware_interface/deps_ws/install/autoware_internal_metric_msgs/include/autoware_internal_metric_msgs/autoware_internal_metric_msgs/msg/metric.h
[39.128s] -- Symlinking: /mnt/hdd/autonomy/ws/Carla-autoware_interface/deps_ws/install/autoware_internal_metric_msgs/include/autoware_internal_metric_msgs/autoware_internal_metric_msgs/msg/metric_array.h
[39.192s] -- Symlinking: /mnt/hdd/autonomy/ws/Carla-autoware_interface/deps_ws/install/autoware_internal_metric_msgs/include/autoware_internal_metric_msgs/autoware_internal_metric_msgs/msg/rosidl_generator_c__visibility_control.h
[39.263s] -- Symlinking: /mnt/hdd/autonomy/ws/Carla-autoware_interface/deps_ws/install/autoware_internal_metric_msgs/share/autoware_internal_metric_msgs/environment/library_path.sh
[39.373s] -- Symlinking: /mnt/hdd/autonomy/ws/Carla-autoware_interface/deps_ws/install/autoware_internal_metric_msgs/share/autoware_internal_metric_msgs/environment/library_path.dsv
[39.509s] -- Symlinking: /mnt/hdd/autonomy/ws/Carla-autoware_interface/deps_ws/install/autoware_internal_metric_msgs/include/autoware_internal_metric_msgs/autoware_internal_metric_msgs/msg/detail/metric__rosidl_typesupport_fastrtps_c.h
[39.599s] -- Symlinking: /mnt/hdd/autonomy/ws/Carla-autoware_interface/deps_ws/install/autoware_internal_metric_msgs/include/autoware_internal_metric_msgs/autoware_internal_metric_msgs/msg/detail/metric_array__rosidl_typesupport_fastrtps_c.h
[39.659s] -- Symlinking: /mnt/hdd/autonomy/ws/Carla-autoware_interface/deps_ws/install/autoware_internal_metric_msgs/include/autoware_internal_metric_msgs/autoware_internal_metric_msgs/msg/rosidl_typesupport_fastrtps_c__visibility_control.h
[39.727s] -- Symlinking: /mnt/hdd/autonomy/ws/Carla-autoware_interface/deps_ws/install/autoware_internal_metric_msgs/include/autoware_internal_metric_msgs/autoware_internal_metric_msgs/msg/detail/metric__builder.hpp
[39.784s] -- Symlinking: /mnt/hdd/autonomy/ws/Carla-autoware_interface/deps_ws/install/autoware_internal_metric_msgs/include/autoware_internal_metric_msgs/autoware_internal_metric_msgs/msg/detail/metric__struct.hpp
[39.881s] -- Symlinking: /mnt/hdd/autonomy/ws/Carla-autoware_interface/deps_ws/install/autoware_internal_metric_msgs/include/autoware_internal_metric_msgs/autoware_internal_metric_msgs/msg/detail/metric__traits.hpp
[39.973s] -- Symlinking: /mnt/hdd/autonomy/ws/Carla-autoware_interface/deps_ws/install/autoware_internal_metric_msgs/include/autoware_internal_metric_msgs/autoware_internal_metric_msgs/msg/detail/metric__type_support.hpp
[40.031s] -- Symlinking: /mnt/hdd/autonomy/ws/Carla-autoware_interface/deps_ws/install/autoware_internal_metric_msgs/include/autoware_internal_metric_msgs/autoware_internal_metric_msgs/msg/detail/metric_array__builder.hpp
[40.164s] -- Symlinking: /mnt/hdd/autonomy/ws/Carla-autoware_interface/deps_ws/install/autoware_internal_metric_msgs/include/autoware_internal_metric_msgs/autoware_internal_metric_msgs/msg/detail/metric_array__struct.hpp
[40.267s] -- Symlinking: /mnt/hdd/autonomy/ws/Carla-autoware_interface/deps_ws/install/autoware_internal_metric_msgs/include/autoware_internal_metric_msgs/autoware_internal_metric_msgs/msg/detail/metric_array__traits.hpp
[40.398s] -- Symlinking: /mnt/hdd/autonomy/ws/Carla-autoware_interface/deps_ws/install/autoware_internal_metric_msgs/include/autoware_internal_metric_msgs/autoware_internal_metric_msgs/msg/detail/metric_array__type_support.hpp
[40.459s] -- Symlinking: /mnt/hdd/autonomy/ws/Carla-autoware_interface/deps_ws/install/autoware_internal_metric_msgs/include/autoware_internal_metric_msgs/autoware_internal_metric_msgs/msg/metric.hpp
[40.560s] -- Symlinking: /mnt/hdd/autonomy/ws/Carla-autoware_interface/deps_ws/install/autoware_internal_metric_msgs/include/autoware_internal_metric_msgs/autoware_internal_metric_msgs/msg/metric_array.hpp
[40.661s] -- Symlinking: /mnt/hdd/autonomy/ws/Carla-autoware_interface/deps_ws/install/autoware_internal_metric_msgs/include/autoware_internal_metric_msgs/autoware_internal_metric_msgs/msg/rosidl_generator_cpp__visibility_control.hpp
[40.818s] -- Symlinking: /mnt/hdd/autonomy/ws/Carla-autoware_interface/deps_ws/install/autoware_internal_metric_msgs/include/autoware_internal_metric_msgs/autoware_internal_metric_msgs/msg/detail/metric__rosidl_typesupport_fastrtps_cpp.hpp
[40.905s] -- Symlinking: /mnt/hdd/autonomy/ws/Carla-autoware_interface/deps_ws/install/autoware_internal_metric_msgs/include/autoware_internal_metric_msgs/autoware_internal_metric_msgs/msg/detail/metric_array__rosidl_typesupport_fastrtps_cpp.hpp
[41.055s] -- Symlinking: /mnt/hdd/autonomy/ws/Carla-autoware_interface/deps_ws/install/autoware_internal_metric_msgs/include/autoware_internal_metric_msgs/autoware_internal_metric_msgs/msg/rosidl_typesupport_fastrtps_cpp__visibility_control.h
[41.226s] -- Symlinking: /mnt/hdd/autonomy/ws/Carla-autoware_interface/deps_ws/install/autoware_internal_metric_msgs/include/autoware_internal_metric_msgs/autoware_internal_metric_msgs/msg/detail/metric__rosidl_typesupport_introspection_c.h
[41.317s] -- Symlinking: /mnt/hdd/autonomy/ws/Carla-autoware_interface/deps_ws/install/autoware_internal_metric_msgs/include/autoware_internal_metric_msgs/autoware_internal_metric_msgs/msg/detail/metric_array__rosidl_typesupport_introspection_c.h
[41.471s] -- Symlinking: /mnt/hdd/autonomy/ws/Carla-autoware_interface/deps_ws/install/autoware_internal_metric_msgs/include/autoware_internal_metric_msgs/autoware_internal_metric_msgs/msg/rosidl_typesupport_introspection_c__visibility_control.h
[41.548s] -- Symlinking: /mnt/hdd/autonomy/ws/Carla-autoware_interface/deps_ws/install/autoware_internal_metric_msgs/include/autoware_internal_metric_msgs/autoware_internal_metric_msgs/msg/detail/metric__rosidl_typesupport_introspection_cpp.hpp
[41.623s] -- Symlinking: /mnt/hdd/autonomy/ws/Carla-autoware_interface/deps_ws/install/autoware_internal_metric_msgs/include/autoware_internal_metric_msgs/autoware_internal_metric_msgs/msg/detail/metric_array__rosidl_typesupport_introspection_cpp.hpp
[41.752s] -- Symlinking: /mnt/hdd/autonomy/ws/Carla-autoware_interface/deps_ws/install/autoware_internal_metric_msgs/share/autoware_internal_metric_msgs/environment/pythonpath.sh
[41.828s] -- Symlinking: /mnt/hdd/autonomy/ws/Carla-autoware_interface/deps_ws/install/autoware_internal_metric_msgs/share/autoware_internal_metric_msgs/environment/pythonpath.dsv
[41.930s] -- Symlinking: /mnt/hdd/autonomy/ws/Carla-autoware_interface/deps_ws/install/autoware_internal_metric_msgs/local/lib/python3.10/dist-packages/autoware_internal_metric_msgs-1.12.1-py3.10.egg-info/PKG-INFO
[42.041s] -- Symlinking: /mnt/hdd/autonomy/ws/Carla-autoware_interface/deps_ws/install/autoware_internal_metric_msgs/local/lib/python3.10/dist-packages/autoware_internal_metric_msgs-1.12.1-py3.10.egg-info/SOURCES.txt
[42.116s] -- Symlinking: /mnt/hdd/autonomy/ws/Carla-autoware_interface/deps_ws/install/autoware_internal_metric_msgs/local/lib/python3.10/dist-packages/autoware_internal_metric_msgs-1.12.1-py3.10.egg-info/dependency_links.txt
[42.247s] -- Symlinking: /mnt/hdd/autonomy/ws/Carla-autoware_interface/deps_ws/install/autoware_internal_metric_msgs/local/lib/python3.10/dist-packages/autoware_internal_metric_msgs-1.12.1-py3.10.egg-info/top_level.txt
[42.312s] -- Symlinking: /mnt/hdd/autonomy/ws/Carla-autoware_interface/deps_ws/install/autoware_internal_metric_msgs/local/lib/python3.10/dist-packages/autoware_internal_metric_msgs/__init__.py
[42.385s] -- Symlinking: /mnt/hdd/autonomy/ws/Carla-autoware_interface/deps_ws/install/autoware_internal_metric_msgs/local/lib/python3.10/dist-packages/autoware_internal_metric_msgs/_autoware_internal_metric_msgs_s.ep.rosidl_typesupport_c.c
[42.501s] -- Symlinking: /mnt/hdd/autonomy/ws/Carla-autoware_interface/deps_ws/install/autoware_internal_metric_msgs/local/lib/python3.10/dist-packages/autoware_internal_metric_msgs/_autoware_internal_metric_msgs_s.ep.rosidl_typesupport_fastrtps_c.c
[42.616s] -- Symlinking: /mnt/hdd/autonomy/ws/Carla-autoware_interface/deps_ws/install/autoware_internal_metric_msgs/local/lib/python3.10/dist-packages/autoware_internal_metric_msgs/_autoware_internal_metric_msgs_s.ep.rosidl_typesupport_introspection_c.c
[42.722s] -- Symlinking: /mnt/hdd/autonomy/ws/Carla-autoware_interface/deps_ws/install/autoware_internal_metric_msgs/local/lib/python3.10/dist-packages/autoware_internal_metric_msgs/autoware_internal_metric_msgs_s__rosidl_typesupport_c.cpython-310-x86_64-linux-gnu.so
[42.811s] -- Symlinking: /mnt/hdd/autonomy/ws/Carla-autoware_interface/deps_ws/install/autoware_internal_metric_msgs/local/lib/python3.10/dist-packages/autoware_internal_metric_msgs/autoware_internal_metric_msgs_s__rosidl_typesupport_fastrtps_c.cpython-310-x86_64-linux-gnu.so
[42.916s] -- Symlinking: /mnt/hdd/autonomy/ws/Carla-autoware_interface/deps_ws/install/autoware_internal_metric_msgs/local/lib/python3.10/dist-packages/autoware_internal_metric_msgs/autoware_internal_metric_msgs_s__rosidl_typesupport_introspection_c.cpython-310-x86_64-linux-gnu.so
[43.042s] -- Symlinking: /mnt/hdd/autonomy/ws/Carla-autoware_interface/deps_ws/install/autoware_internal_metric_msgs/local/lib/python3.10/dist-packages/autoware_internal_metric_msgs/libautoware_internal_metric_msgs__rosidl_generator_py.so
[43.126s] -- Symlinking: /mnt/hdd/autonomy/ws/Carla-autoware_interface/deps_ws/install/autoware_internal_metric_msgs/local/lib/python3.10/dist-packages/autoware_internal_metric_msgs/msg/__init__.py
[43.230s] -- Symlinking: /mnt/hdd/autonomy/ws/Carla-autoware_interface/deps_ws/install/autoware_internal_metric_msgs/local/lib/python3.10/dist-packages/autoware_internal_metric_msgs/msg/_metric.py
[43.347s] -- Symlinking: /mnt/hdd/autonomy/ws/Carla-autoware_interface/deps_ws/install/autoware_internal_metric_msgs/local/lib/python3.10/dist-packages/autoware_internal_metric_msgs/msg/_metric_array.py
[43.463s] -- Symlinking: /mnt/hdd/autonomy/ws/Carla-autoware_interface/deps_ws/install/autoware_internal_metric_msgs/local/lib/python3.10/dist-packages/autoware_internal_metric_msgs/msg/_metric_array_s.c
[43.526s] -- Symlinking: /mnt/hdd/autonomy/ws/Carla-autoware_interface/deps_ws/install/autoware_internal_metric_msgs/local/lib/python3.10/dist-packages/autoware_internal_metric_msgs/msg/_metric_s.c
[43.667s] -- Up-to-date symlink: /mnt/hdd/autonomy/ws/Carla-autoware_interface/deps_ws/install/autoware_internal_metric_msgs/local/lib/python3.10/dist-packages/autoware_internal_metric_msgs/autoware_internal_metric_msgs_s__rosidl_typesupport_fastrtps_c.cpython-310-x86_64-linux-gnu.so
[43.667s] -- Up-to-date symlink: /mnt/hdd/autonomy/ws/Carla-autoware_interface/deps_ws/install/autoware_internal_metric_msgs/local/lib/python3.10/dist-packages/autoware_internal_metric_msgs/autoware_internal_metric_msgs_s__rosidl_typesupport_introspection_c.cpython-310-x86_64-linux-gnu.so
[43.667s] -- Up-to-date symlink: /mnt/hdd/autonomy/ws/Carla-autoware_interface/deps_ws/install/autoware_internal_metric_msgs/local/lib/python3.10/dist-packages/autoware_internal_metric_msgs/autoware_internal_metric_msgs_s__rosidl_typesupport_c.cpython-310-x86_64-linux-gnu.so
[43.667s] -- Symlinking: /mnt/hdd/autonomy/ws/Carla-autoware_interface/deps_ws/install/autoware_internal_metric_msgs/share/autoware_internal_metric_msgs/msg/Metric.idl
[43.727s] -- Symlinking: /mnt/hdd/autonomy/ws/Carla-autoware_interface/deps_ws/install/autoware_internal_metric_msgs/share/autoware_internal_metric_msgs/msg/MetricArray.idl
[43.806s] -- Symlinking: /mnt/hdd/autonomy/ws/Carla-autoware_interface/deps_ws/install/autoware_internal_metric_msgs/share/autoware_internal_metric_msgs/msg/Metric.msg
[43.920s] -- Symlinking: /mnt/hdd/autonomy/ws/Carla-autoware_interface/deps_ws/install/autoware_internal_metric_msgs/share/autoware_internal_metric_msgs/msg/MetricArray.msg
[44.053s] -- Symlinking: /mnt/hdd/autonomy/ws/Carla-autoware_interface/deps_ws/install/autoware_internal_metric_msgs/share/ament_index/resource_index/package_run_dependencies/autoware_internal_metric_msgs
[44.190s] -- Symlinking: /mnt/hdd/autonomy/ws/Carla-autoware_interface/deps_ws/install/autoware_internal_metric_msgs/share/ament_index/resource_index/parent_prefix_path/autoware_internal_metric_msgs
[44.285s] -- Symlinking: /mnt/hdd/autonomy/ws/Carla-autoware_interface/deps_ws/install/autoware_internal_metric_msgs/share/autoware_internal_metric_msgs/environment/ament_prefix_path.sh
[44.405s] -- Symlinking: /mnt/hdd/autonomy/ws/Carla-autoware_interface/deps_ws/install/autoware_internal_metric_msgs/share/autoware_internal_metric_msgs/environment/ament_prefix_path.dsv
[44.473s] -- Symlinking: /mnt/hdd/autonomy/ws/Carla-autoware_interface/deps_ws/install/autoware_internal_metric_msgs/share/autoware_internal_metric_msgs/environment/path.sh
[44.593s] -- Symlinking: /mnt/hdd/autonomy/ws/Carla-autoware_interface/deps_ws/install/autoware_internal_metric_msgs/share/autoware_internal_metric_msgs/environment/path.dsv
[44.700s] -- Symlinking: /mnt/hdd/autonomy/ws/Carla-autoware_interface/deps_ws/install/autoware_internal_metric_msgs/share/autoware_internal_metric_msgs/local_setup.bash
[44.773s] -- Symlinking: /mnt/hdd/autonomy/ws/Carla-autoware_interface/deps_ws/install/autoware_internal_metric_msgs/share/autoware_internal_metric_msgs/local_setup.sh
[44.828s] -- Symlinking: /mnt/hdd/autonomy/ws/Carla-autoware_interface/deps_ws/install/autoware_internal_metric_msgs/share/autoware_internal_metric_msgs/local_setup.zsh
[44.887s] -- Symlinking: /mnt/hdd/autonomy/ws/Carla-autoware_interface/deps_ws/install/autoware_internal_metric_msgs/share/autoware_internal_metric_msgs/local_setup.dsv
[45.026s] -- Symlinking: /mnt/hdd/autonomy/ws/Carla-autoware_interface/deps_ws/install/autoware_internal_metric_msgs/share/autoware_internal_metric_msgs/package.dsv
[45.087s] -- Symlinking: /mnt/hdd/autonomy/ws/Carla-autoware_interface/deps_ws/install/autoware_internal_metric_msgs/share/ament_index/resource_index/packages/autoware_internal_metric_msgs
[45.145s] -- Symlinking: /mnt/hdd/autonomy/ws/Carla-autoware_interface/deps_ws/install/autoware_internal_metric_msgs/share/autoware_internal_metric_msgs/cmake/rosidl_cmake-extras.cmake
[45.252s] -- Symlinking: /mnt/hdd/autonomy/ws/Carla-autoware_interface/deps_ws/install/autoware_internal_metric_msgs/share/autoware_internal_metric_msgs/cmake/ament_cmake_export_dependencies-extras.cmake
[45.343s] -- Symlinking: /mnt/hdd/autonomy/ws/Carla-autoware_interface/deps_ws/install/autoware_internal_metric_msgs/share/autoware_internal_metric_msgs/cmake/ament_cmake_export_include_directories-extras.cmake
[45.427s] -- Symlinking: /mnt/hdd/autonomy/ws/Carla-autoware_interface/deps_ws/install/autoware_internal_metric_msgs/share/autoware_internal_metric_msgs/cmake/ament_cmake_export_libraries-extras.cmake
[45.514s] -- Symlinking: /mnt/hdd/autonomy/ws/Carla-autoware_interface/deps_ws/install/autoware_internal_metric_msgs/share/autoware_internal_metric_msgs/cmake/ament_cmake_export_targets-extras.cmake
[45.591s] -- Symlinking: /mnt/hdd/autonomy/ws/Carla-autoware_interface/deps_ws/install/autoware_internal_metric_msgs/share/autoware_internal_metric_msgs/cmake/rosidl_cmake_export_typesupport_targets-extras.cmake
[45.666s] -- Symlinking: /mnt/hdd/autonomy/ws/Carla-autoware_interface/deps_ws/install/autoware_internal_metric_msgs/share/autoware_internal_metric_msgs/cmake/rosidl_cmake_export_typesupport_libraries-extras.cmake
[45.747s] -- Symlinking: /mnt/hdd/autonomy/ws/Carla-autoware_interface/deps_ws/install/autoware_internal_metric_msgs/share/autoware_internal_metric_msgs/cmake/autoware_internal_metric_msgsConfig.cmake
[45.811s] -- Symlinking: /mnt/hdd/autonomy/ws/Carla-autoware_interface/deps_ws/install/autoware_internal_metric_msgs/share/autoware_internal_metric_msgs/cmake/autoware_internal_metric_msgsConfig-version.cmake
[46.003s] -- Symlinking: /mnt/hdd/autonomy/ws/Carla-autoware_interface/deps_ws/install/autoware_internal_metric_msgs/share/autoware_internal_metric_msgs/package.xml
[46.152s] -- Installing: /mnt/hdd/autonomy/ws/Carla-autoware_interface/deps_ws/install/autoware_internal_metric_msgs/lib/libautoware_internal_metric_msgs__rosidl_generator_c.so
[46.153s] -- Set runtime path of "/mnt/hdd/autonomy/ws/Carla-autoware_interface/deps_ws/install/autoware_internal_metric_msgs/lib/libautoware_internal_metric_msgs__rosidl_generator_c.so" to ""
[46.153s] -- Installing: /mnt/hdd/autonomy/ws/Carla-autoware_interface/deps_ws/install/autoware_internal_metric_msgs/lib/libautoware_internal_metric_msgs__rosidl_typesupport_fastrtps_c.so
[46.153s] -- Set runtime path of "/mnt/hdd/autonomy/ws/Carla-autoware_interface/deps_ws/install/autoware_internal_metric_msgs/lib/libautoware_internal_metric_msgs__rosidl_typesupport_fastrtps_c.so" to ""
[46.153s] -- Installing: /mnt/hdd/autonomy/ws/Carla-autoware_interface/deps_ws/install/autoware_internal_metric_msgs/lib/libautoware_internal_metric_msgs__rosidl_typesupport_fastrtps_cpp.so
[46.153s] -- Set runtime path of "/mnt/hdd/autonomy/ws/Carla-autoware_interface/deps_ws/install/autoware_internal_metric_msgs/lib/libautoware_internal_metric_msgs__rosidl_typesupport_fastrtps_cpp.so" to ""
[46.153s] -- Installing: /mnt/hdd/autonomy/ws/Carla-autoware_interface/deps_ws/install/autoware_internal_metric_msgs/lib/libautoware_internal_metric_msgs__rosidl_typesupport_introspection_c.so
[46.153s] -- Set runtime path of "/mnt/hdd/autonomy/ws/Carla-autoware_interface/deps_ws/install/autoware_internal_metric_msgs/lib/libautoware_internal_metric_msgs__rosidl_typesupport_introspection_c.so" to ""
[46.153s] -- Installing: /mnt/hdd/autonomy/ws/Carla-autoware_interface/deps_ws/install/autoware_internal_metric_msgs/lib/libautoware_internal_metric_msgs__rosidl_typesupport_c.so
[46.153s] -- Set runtime path of "/mnt/hdd/autonomy/ws/Carla-autoware_interface/deps_ws/install/autoware_internal_metric_msgs/lib/libautoware_internal_metric_msgs__rosidl_typesupport_c.so" to ""
[46.153s] -- Installing: /mnt/hdd/autonomy/ws/Carla-autoware_interface/deps_ws/install/autoware_internal_metric_msgs/lib/libautoware_internal_metric_msgs__rosidl_typesupport_introspection_cpp.so
[46.153s] -- Set runtime path of "/mnt/hdd/autonomy/ws/Carla-autoware_interface/deps_ws/install/autoware_internal_metric_msgs/lib/libautoware_internal_metric_msgs__rosidl_typesupport_introspection_cpp.so" to ""
[46.153s] -- Installing: /mnt/hdd/autonomy/ws/Carla-autoware_interface/deps_ws/install/autoware_internal_metric_msgs/lib/libautoware_internal_metric_msgs__rosidl_typesupport_cpp.so
[46.153s] -- Set runtime path of "/mnt/hdd/autonomy/ws/Carla-autoware_interface/deps_ws/install/autoware_internal_metric_msgs/lib/libautoware_internal_metric_msgs__rosidl_typesupport_cpp.so" to ""
[46.240s] Listing '/mnt/hdd/autonomy/ws/Carla-autoware_interface/deps_ws/install/autoware_internal_metric_msgs/local/lib/python3.10/dist-packages/autoware_internal_metric_msgs'...
[46.240s] Compiling '/mnt/hdd/autonomy/ws/Carla-autoware_interface/deps_ws/install/autoware_internal_metric_msgs/local/lib/python3.10/dist-packages/autoware_internal_metric_msgs/__init__.py'...
[46.240s] Listing '/mnt/hdd/autonomy/ws/Carla-autoware_interface/deps_ws/install/autoware_internal_metric_msgs/local/lib/python3.10/dist-packages/autoware_internal_metric_msgs/msg'...
[46.240s] Compiling '/mnt/hdd/autonomy/ws/Carla-autoware_interface/deps_ws/install/autoware_internal_metric_msgs/local/lib/python3.10/dist-packages/autoware_internal_metric_msgs/msg/__init__.py'...
[46.240s] Compiling '/mnt/hdd/autonomy/ws/Carla-autoware_interface/deps_ws/install/autoware_internal_metric_msgs/local/lib/python3.10/dist-packages/autoware_internal_metric_msgs/msg/_metric.py'...
[46.240s] Compiling '/mnt/hdd/autonomy/ws/Carla-autoware_interface/deps_ws/install/autoware_internal_metric_msgs/local/lib/python3.10/dist-packages/autoware_internal_metric_msgs/msg/_metric_array.py'...
[46.255s] -- Installing: /mnt/hdd/autonomy/ws/Carla-autoware_interface/deps_ws/install/autoware_internal_metric_msgs/lib/libautoware_internal_metric_msgs__rosidl_generator_py.so
[46.256s] -- Set runtime path of "/mnt/hdd/autonomy/ws/Carla-autoware_interface/deps_ws/install/autoware_internal_metric_msgs/lib/libautoware_internal_metric_msgs__rosidl_generator_py.so" to ""
[46.257s] -- Installing: /mnt/hdd/autonomy/ws/Carla-autoware_interface/deps_ws/install/autoware_internal_metric_msgs/share/autoware_internal_metric_msgs/cmake/export_autoware_internal_metric_msgs__rosidl_generator_cExport.cmake
[46.257s] -- Installing: /mnt/hdd/autonomy/ws/Carla-autoware_interface/deps_ws/install/autoware_internal_metric_msgs/share/autoware_internal_metric_msgs/cmake/export_autoware_internal_metric_msgs__rosidl_generator_cExport-noconfig.cmake
[46.258s] -- Installing: /mnt/hdd/autonomy/ws/Carla-autoware_interface/deps_ws/install/autoware_internal_metric_msgs/share/autoware_internal_metric_msgs/cmake/export_autoware_internal_metric_msgs__rosidl_typesupport_fastrtps_cExport.cmake
[46.258s] -- Installing: /mnt/hdd/autonomy/ws/Carla-autoware_interface/deps_ws/install/autoware_internal_metric_msgs/share/autoware_internal_metric_msgs/cmake/export_autoware_internal_metric_msgs__rosidl_typesupport_fastrtps_cExport-noconfig.cmake
[46.259s] -- Installing: /mnt/hdd/autonomy/ws/Carla-autoware_interface/deps_ws/install/autoware_internal_metric_msgs/share/autoware_internal_metric_msgs/cmake/export_autoware_internal_metric_msgs__rosidl_generator_cppExport.cmake
[46.259s] -- Installing: /mnt/hdd/autonomy/ws/Carla-autoware_interface/deps_ws/install/autoware_internal_metric_msgs/share/autoware_internal_metric_msgs/cmake/export_autoware_internal_metric_msgs__rosidl_typesupport_fastrtps_cppExport.cmake
[46.260s] -- Installing: /mnt/hdd/autonomy/ws/Carla-autoware_interface/deps_ws/install/autoware_internal_metric_msgs/share/autoware_internal_metric_msgs/cmake/export_autoware_internal_metric_msgs__rosidl_typesupport_fastrtps_cppExport-noconfig.cmake
[46.260s] -- Installing: /mnt/hdd/autonomy/ws/Carla-autoware_interface/deps_ws/install/autoware_internal_metric_msgs/share/autoware_internal_metric_msgs/cmake/autoware_internal_metric_msgs__rosidl_typesupport_introspection_cExport.cmake
[46.260s] -- Installing: /mnt/hdd/autonomy/ws/Carla-autoware_interface/deps_ws/install/autoware_internal_metric_msgs/share/autoware_internal_metric_msgs/cmake/autoware_internal_metric_msgs__rosidl_typesupport_introspection_cExport-noconfig.cmake
[46.275s] -- Installing: /mnt/hdd/autonomy/ws/Carla-autoware_interface/deps_ws/install/autoware_internal_metric_msgs/share/autoware_internal_metric_msgs/cmake/autoware_internal_metric_msgs__rosidl_typesupport_cExport.cmake
[46.276s] -- Installing: /mnt/hdd/autonomy/ws/Carla-autoware_interface/deps_ws/install/autoware_internal_metric_msgs/share/autoware_internal_metric_msgs/cmake/autoware_internal_metric_msgs__rosidl_typesupport_cExport-noconfig.cmake
[46.276s] -- Installing: /mnt/hdd/autonomy/ws/Carla-autoware_interface/deps_ws/install/autoware_internal_metric_msgs/share/autoware_internal_metric_msgs/cmake/autoware_internal_metric_msgs__rosidl_typesupport_introspection_cppExport.cmake
[46.276s] -- Installing: /mnt/hdd/autonomy/ws/Carla-autoware_interface/deps_ws/install/autoware_internal_metric_msgs/share/autoware_internal_metric_msgs/cmake/autoware_internal_metric_msgs__rosidl_typesupport_introspection_cppExport-noconfig.cmake
[46.276s] -- Installing: /mnt/hdd/autonomy/ws/Carla-autoware_interface/deps_ws/install/autoware_internal_metric_msgs/share/autoware_internal_metric_msgs/cmake/autoware_internal_metric_msgs__rosidl_typesupport_cppExport.cmake
[46.277s] -- Installing: /mnt/hdd/autonomy/ws/Carla-autoware_interface/deps_ws/install/autoware_internal_metric_msgs/share/autoware_internal_metric_msgs/cmake/autoware_internal_metric_msgs__rosidl_typesupport_cppExport-noconfig.cmake
[46.277s] -- Installing: /mnt/hdd/autonomy/ws/Carla-autoware_interface/deps_ws/install/autoware_internal_metric_msgs/share/autoware_internal_metric_msgs/cmake/export_autoware_internal_metric_msgs__rosidl_generator_pyExport.cmake
[46.277s] -- Installing: /mnt/hdd/autonomy/ws/Carla-autoware_interface/deps_ws/install/autoware_internal_metric_msgs/share/autoware_internal_metric_msgs/cmake/export_autoware_internal_metric_msgs__rosidl_generator_pyExport-noconfig.cmake
[46.327s] Invoked command in '/mnt/hdd/autonomy/ws/Carla-autoware_interface/deps_ws/build/autoware_internal_metric_msgs' returned '0': CMAKE_PREFIX_PATH=${CMAKE_PREFIX_PATH}:/opt/ros/humble /usr/bin/cmake --install /mnt/hdd/autonomy/ws/Carla-autoware_interface/deps_ws/build/autoware_internal_metric_msgs
