-- The C compiler identification is GNU 11.4.0
-- The CXX compiler identification is GNU 11.4.0
-- Detecting C compiler ABI info
-- Detecting C compiler ABI info - done
-- Check for working C compiler: /usr/lib/ccache/gcc - skipped
-- Detecting C compile features
-- Detecting C compile features - done
-- Detecting CXX compiler ABI info
-- Detecting CXX compiler ABI info - done
-- Check for working CXX compiler: /usr/lib/ccache/g++ - skipped
-- Detecting CXX compile features
-- Detecting CXX compile features - done
-- Found autoware_cmake: 1.1.0 (/mnt/hdd/autonomy/ws/Carla-autoware_interface/deps_ws/install/autoware_cmake/share/autoware_cmake/cmake)
-- Found Python3: /usr/bin/python3 (found version "3.10.12") found components: Interpreter 
-- Override CMake install command with custom implementation using symlinks instead of copying resources
-- Found TinyXML2: /usr/lib/x86_64-linux-gnu/libtinyxml2.so  
-- Found rosidl_generator_c: 3.1.8 (/opt/ros/humble/share/rosidl_generator_c/cmake)
-- Found rosidl_adapter: 3.1.8 (/opt/ros/humble/share/rosidl_adapter/cmake)
-- Found rosidl_generator_cpp: 3.1.8 (/opt/ros/humble/share/rosidl_generator_cpp/cmake)
-- Using all available rosidl_typesupport_c: rosidl_typesupport_fastrtps_c;rosidl_typesupport_introspection_c
-- Using all available rosidl_typesupport_cpp: rosidl_typesupport_fastrtps_cpp;rosidl_typesupport_introspection_cpp
-- Found rmw_implementation_cmake: 6.1.2 (/opt/ros/humble/share/rmw_implementation_cmake/cmake)
-- Found rmw_cyclonedds_cpp: 1.3.4 (/opt/ros/humble/share/rmw_cyclonedds_cpp/cmake)
-- Using RMW implementation 'rmw_cyclonedds_cpp' as default
-- Looking for pthread.h
-- Looking for pthread.h - found
-- Performing Test CMAKE_HAVE_LIBC_PTHREAD
-- Performing Test CMAKE_HAVE_LIBC_PTHREAD - Success
-- Found Threads: TRUE  
-- Found eigen3_cmake_module: 0.1.1 (/opt/ros/humble/share/eigen3_cmake_module/cmake)
-- Found Eigen3: TRUE (found version "3.4.0") 
-- Ensuring Eigen3 include directory is part of orocos-kdl CMake target
-- Checking for module 'eigen3'
--   Found eigen3, version 3.4.0
-- Found Eigen: /usr/include/eigen3 (Required is at least version "3.1") 
-- Eigen found (include: /usr/include/eigen3, version: 3.4.0)
-- Checking for module 'flann'
--   Found flann, version 1.9.1
-- Found FLANN: /usr/lib/x86_64-linux-gnu/libflann_cpp.so  
-- FLANN found (include: /usr/include, lib: /usr/lib/x86_64-linux-gnu/libflann_cpp.so)
-- Checking for module 'libusb-1.0'
--   Found libusb-1.0, version 1.0.25
-- Found libusb: /usr/lib/x86_64-linux-gnu/libusb-1.0.so  
-- OpenNI found (version: 1.5.4.0, include: /usr/include/ni, lib: /usr/lib/libOpenNI.so;libusb::libusb)
-- OpenNI2 found (version: 2.2.0.33, include: /usr/include/openni2, lib: /usr/lib/x86_64-linux-gnu/libOpenNI2.so;libusb::libusb)
-- Eigen found (include: /usr/include/eigen3, version: 3.4.0)
-- OpenNI found (version: 1.5.4.0, include: /usr/include/ni, lib: /usr/lib/libOpenNI.so;libusb::libusb)
-- OpenNI2 found (version: 2.2.0.33, include: /usr/include/openni2, lib: /usr/lib/x86_64-linux-gnu/libOpenNI2.so;libusb::libusb)
-- Found Qhull version 8.0.2
-- OpenNI found (version: 1.5.4.0, include: /usr/include/ni, lib: /usr/lib/libOpenNI.so;libusb::libusb)
-- Found PCL_COMMON: /usr/lib/x86_64-linux-gnu/libpcl_common.so  
-- Found PCL_KDTREE: /usr/lib/x86_64-linux-gnu/libpcl_kdtree.so  
-- Found PCL_OCTREE: /usr/lib/x86_64-linux-gnu/libpcl_octree.so  
-- Found PCL_SEARCH: /usr/lib/x86_64-linux-gnu/libpcl_search.so  
-- Found PCL_SAMPLE_CONSENSUS: /usr/lib/x86_64-linux-gnu/libpcl_sample_consensus.so  
-- Found PCL_FILTERS: /usr/lib/x86_64-linux-gnu/libpcl_filters.so  
-- Found PCL_2D: /usr/include/pcl-1.12  
-- Found PCL_GEOMETRY: /usr/include/pcl-1.12  
-- Found PCL_IO: /usr/lib/x86_64-linux-gnu/libpcl_io.so  
-- Found PCL_FEATURES: /usr/lib/x86_64-linux-gnu/libpcl_features.so  
-- Found PCL_ML: /usr/lib/x86_64-linux-gnu/libpcl_ml.so  
-- Found PCL_SEGMENTATION: /usr/lib/x86_64-linux-gnu/libpcl_segmentation.so  
-- Found PCL_VISUALIZATION: /usr/lib/x86_64-linux-gnu/libpcl_visualization.so  
-- Found PCL_SURFACE: /usr/lib/x86_64-linux-gnu/libpcl_surface.so  
-- Found PCL_REGISTRATION: /usr/lib/x86_64-linux-gnu/libpcl_registration.so  
-- Found PCL_KEYPOINTS: /usr/lib/x86_64-linux-gnu/libpcl_keypoints.so  
-- Found PCL_TRACKING: /usr/lib/x86_64-linux-gnu/libpcl_tracking.so  
-- Found PCL_RECOGNITION: /usr/lib/x86_64-linux-gnu/libpcl_recognition.so  
-- Found PCL_STEREO: /usr/lib/x86_64-linux-gnu/libpcl_stereo.so  
-- Found PCL_APPS: /usr/lib/x86_64-linux-gnu/libpcl_apps.so  
-- Found PCL_IN_HAND_SCANNER: /usr/include/pcl-1.12  
-- Found PCL_MODELER: /usr/include/pcl-1.12  
-- Found PCL_POINT_CLOUD_EDITOR: /usr/include/pcl-1.12  
-- Found PCL_OUTOFCORE: /usr/lib/x86_64-linux-gnu/libpcl_outofcore.so  
-- Found PCL_PEOPLE: /usr/lib/x86_64-linux-gnu/libpcl_people.so  
-- Found ament_lint_auto: 0.12.14 (/opt/ros/humble/share/ament_lint_auto/cmake)
-- Found gtest sources under '/opt/ros/humble/src/gtest_vendor': C++ tests using 'Google Test' will be built
In this package, headers install destination is set to `include` by ament_auto_package. It is recommended to install `include/autoware_raw_vehicle_cmd_converter` instead and will be the default behavior of ament_auto_package from ROS 2 Kilted Kaiju. On distributions before Kilted, ament_auto_package behaves the same way when you use USE_SCOPED_HEADER_INSTALL_DIR option.
-- Added test 'copyright' to check source files copyright and LICENSE
-- Added test 'cppcheck' to perform static code analysis on C / C++ code
-- Configured cppcheck include dirs: /mnt/hdd/autonomy/ws/Carla-autoware_interface/deps_ws/src/autoware_raw_vehicle_cmd_converter/include
-- Configured cppcheck exclude dirs and/or files: 
-- Added test 'lint_cmake' to check CMake code style
-- Added test 'xmllint' to check XML markup files
-- Configuring done
-- Generating done
-- Build files have been written to: /mnt/hdd/autonomy/ws/Carla-autoware_interface/deps_ws/build/autoware_raw_vehicle_cmd_converter
[  5%] Building CXX object CMakeFiles/actuation_map_converter.dir/src/accel_map.cpp.o
[ 10%] Building CXX object CMakeFiles/actuation_map_converter.dir/src/vgr.cpp.o
[ 15%] Building CXX object CMakeFiles/actuation_map_converter.dir/src/pid.cpp.o
[ 21%] Building CXX object CMakeFiles/actuation_map_converter.dir/src/csv_loader.cpp.o
[ 26%] Building CXX object CMakeFiles/actuation_map_converter.dir/src/steer_map.cpp.o
[ 31%] Building CXX object CMakeFiles/actuation_map_converter.dir/src/brake_map.cpp.o
[ 36%] Linking CXX shared library libactuation_map_converter.so
[ 36%] Built target actuation_map_converter
[ 42%] Building CXX object gtest/CMakeFiles/gtest.dir/src/gtest-all.cc.o
[ 47%] Linking CXX static library libgtest.a
[ 47%] Built target gtest
[ 52%] Building CXX object CMakeFiles/vehicle_adaptor.dir/src/vehicle_adaptor/vehicle_adaptor.cpp.o
[ 57%] Linking CXX shared library libvehicle_adaptor.so
[ 57%] Built target vehicle_adaptor
[ 63%] Building CXX object gtest/CMakeFiles/gtest_main.dir/src/gtest_main.cc.o
[ 68%] Linking CXX static library libgtest_main.a
[ 68%] Built target gtest_main
[ 73%] Building CXX object CMakeFiles/autoware_raw_vehicle_cmd_converter_node_component.dir/src/node.cpp.o
[ 78%] Linking CXX shared library libautoware_raw_vehicle_cmd_converter_node_component.so
[ 78%] Built target autoware_raw_vehicle_cmd_converter_node_component
[ 84%] Building CXX object CMakeFiles/autoware_raw_vehicle_cmd_converter_node.dir/rclcpp_components/node_main_autoware_raw_vehicle_cmd_converter_node.cpp.o
[ 89%] Linking CXX executable autoware_raw_vehicle_cmd_converter_node
[ 89%] Built target autoware_raw_vehicle_cmd_converter_node
[ 94%] Building CXX object CMakeFiles/test_autoware_raw_vehicle_cmd_converter.dir/test/test_autoware_raw_vehicle_cmd_converter.cpp.o
[100%] Linking CXX executable test_autoware_raw_vehicle_cmd_converter
[100%] Built target test_autoware_raw_vehicle_cmd_converter
-- Install configuration: ""
-- Execute custom install script
-- Symlinking: /mnt/hdd/autonomy/ws/Carla-autoware_interface/deps_ws/install/autoware_raw_vehicle_cmd_converter/lib/autoware_raw_vehicle_cmd_converter/autoware_raw_vehicle_cmd_converter_node
-- Symlinking: /mnt/hdd/autonomy/ws/Carla-autoware_interface/deps_ws/install/autoware_raw_vehicle_cmd_converter/include/autoware_raw_vehicle_cmd_converter/accel_map.hpp
-- Symlinking: /mnt/hdd/autonomy/ws/Carla-autoware_interface/deps_ws/install/autoware_raw_vehicle_cmd_converter/include/autoware_raw_vehicle_cmd_converter/brake_map.hpp
-- Symlinking: /mnt/hdd/autonomy/ws/Carla-autoware_interface/deps_ws/install/autoware_raw_vehicle_cmd_converter/include/autoware_raw_vehicle_cmd_converter/csv_loader.hpp
-- Symlinking: /mnt/hdd/autonomy/ws/Carla-autoware_interface/deps_ws/install/autoware_raw_vehicle_cmd_converter/include/autoware_raw_vehicle_cmd_converter/node.hpp
-- Symlinking: /mnt/hdd/autonomy/ws/Carla-autoware_interface/deps_ws/install/autoware_raw_vehicle_cmd_converter/include/autoware_raw_vehicle_cmd_converter/pid.hpp
-- Symlinking: /mnt/hdd/autonomy/ws/Carla-autoware_interface/deps_ws/install/autoware_raw_vehicle_cmd_converter/include/autoware_raw_vehicle_cmd_converter/steer_map.hpp
-- Symlinking: /mnt/hdd/autonomy/ws/Carla-autoware_interface/deps_ws/install/autoware_raw_vehicle_cmd_converter/include/autoware_raw_vehicle_cmd_converter/vehicle_adaptor/vehicle_adaptor.hpp
-- Symlinking: /mnt/hdd/autonomy/ws/Carla-autoware_interface/deps_ws/install/autoware_raw_vehicle_cmd_converter/include/autoware_raw_vehicle_cmd_converter/vgr.hpp
-- Symlinking: /mnt/hdd/autonomy/ws/Carla-autoware_interface/deps_ws/install/autoware_raw_vehicle_cmd_converter/share/autoware_raw_vehicle_cmd_converter/environment/library_path.sh
-- Symlinking: /mnt/hdd/autonomy/ws/Carla-autoware_interface/deps_ws/install/autoware_raw_vehicle_cmd_converter/share/autoware_raw_vehicle_cmd_converter/environment/library_path.dsv
-- Symlinking: /mnt/hdd/autonomy/ws/Carla-autoware_interface/deps_ws/install/autoware_raw_vehicle_cmd_converter/lib/libactuation_map_converter.so
-- Symlinking: /mnt/hdd/autonomy/ws/Carla-autoware_interface/deps_ws/install/autoware_raw_vehicle_cmd_converter/lib/libvehicle_adaptor.so
-- Symlinking: /mnt/hdd/autonomy/ws/Carla-autoware_interface/deps_ws/install/autoware_raw_vehicle_cmd_converter/lib/libautoware_raw_vehicle_cmd_converter_node_component.so
-- Symlinking: /mnt/hdd/autonomy/ws/Carla-autoware_interface/deps_ws/install/autoware_raw_vehicle_cmd_converter/share/autoware_raw_vehicle_cmd_converter/config/raw_vehicle_cmd_converter.param.yaml
-- Symlinking: /mnt/hdd/autonomy/ws/Carla-autoware_interface/deps_ws/install/autoware_raw_vehicle_cmd_converter/share/autoware_raw_vehicle_cmd_converter/data/default/accel_map.csv
-- Symlinking: /mnt/hdd/autonomy/ws/Carla-autoware_interface/deps_ws/install/autoware_raw_vehicle_cmd_converter/share/autoware_raw_vehicle_cmd_converter/data/default/brake_map.csv
-- Symlinking: /mnt/hdd/autonomy/ws/Carla-autoware_interface/deps_ws/install/autoware_raw_vehicle_cmd_converter/share/autoware_raw_vehicle_cmd_converter/data/default/steer_map.csv
-- Symlinking: /mnt/hdd/autonomy/ws/Carla-autoware_interface/deps_ws/install/autoware_raw_vehicle_cmd_converter/share/autoware_raw_vehicle_cmd_converter/launch/raw_vehicle_converter.launch.xml
-- Symlinking: /mnt/hdd/autonomy/ws/Carla-autoware_interface/deps_ws/install/autoware_raw_vehicle_cmd_converter/share/autoware_raw_vehicle_cmd_converter/test/map_data/test_1col_map.csv
-- Symlinking: /mnt/hdd/autonomy/ws/Carla-autoware_interface/deps_ws/install/autoware_raw_vehicle_cmd_converter/share/autoware_raw_vehicle_cmd_converter/test/map_data/test_accel_map.csv
-- Symlinking: /mnt/hdd/autonomy/ws/Carla-autoware_interface/deps_ws/install/autoware_raw_vehicle_cmd_converter/share/autoware_raw_vehicle_cmd_converter/test/map_data/test_brake_map.csv
-- Symlinking: /mnt/hdd/autonomy/ws/Carla-autoware_interface/deps_ws/install/autoware_raw_vehicle_cmd_converter/share/autoware_raw_vehicle_cmd_converter/test/map_data/test_empty_map.csv
-- Symlinking: /mnt/hdd/autonomy/ws/Carla-autoware_interface/deps_ws/install/autoware_raw_vehicle_cmd_converter/share/autoware_raw_vehicle_cmd_converter/test/map_data/test_inconsistent_rows_map.csv
-- Symlinking: /mnt/hdd/autonomy/ws/Carla-autoware_interface/deps_ws/install/autoware_raw_vehicle_cmd_converter/share/autoware_raw_vehicle_cmd_converter/test/map_data/test_not_interpolatable.csv
-- Symlinking: /mnt/hdd/autonomy/ws/Carla-autoware_interface/deps_ws/install/autoware_raw_vehicle_cmd_converter/share/autoware_raw_vehicle_cmd_converter/test/map_data/test_steer_map.csv
-- Symlinking: /mnt/hdd/autonomy/ws/Carla-autoware_interface/deps_ws/install/autoware_raw_vehicle_cmd_converter/share/autoware_raw_vehicle_cmd_converter/test/test_autoware_raw_vehicle_cmd_converter.cpp
-- Symlinking: /mnt/hdd/autonomy/ws/Carla-autoware_interface/deps_ws/install/autoware_raw_vehicle_cmd_converter/share/ament_index/resource_index/package_run_dependencies/autoware_raw_vehicle_cmd_converter
-- Symlinking: /mnt/hdd/autonomy/ws/Carla-autoware_interface/deps_ws/install/autoware_raw_vehicle_cmd_converter/share/ament_index/resource_index/parent_prefix_path/autoware_raw_vehicle_cmd_converter
-- Symlinking: /mnt/hdd/autonomy/ws/Carla-autoware_interface/deps_ws/install/autoware_raw_vehicle_cmd_converter/share/autoware_raw_vehicle_cmd_converter/environment/ament_prefix_path.sh
-- Symlinking: /mnt/hdd/autonomy/ws/Carla-autoware_interface/deps_ws/install/autoware_raw_vehicle_cmd_converter/share/autoware_raw_vehicle_cmd_converter/environment/ament_prefix_path.dsv
-- Symlinking: /mnt/hdd/autonomy/ws/Carla-autoware_interface/deps_ws/install/autoware_raw_vehicle_cmd_converter/share/autoware_raw_vehicle_cmd_converter/environment/path.sh
-- Symlinking: /mnt/hdd/autonomy/ws/Carla-autoware_interface/deps_ws/install/autoware_raw_vehicle_cmd_converter/share/autoware_raw_vehicle_cmd_converter/environment/path.dsv
-- Symlinking: /mnt/hdd/autonomy/ws/Carla-autoware_interface/deps_ws/install/autoware_raw_vehicle_cmd_converter/share/autoware_raw_vehicle_cmd_converter/local_setup.bash
-- Symlinking: /mnt/hdd/autonomy/ws/Carla-autoware_interface/deps_ws/install/autoware_raw_vehicle_cmd_converter/share/autoware_raw_vehicle_cmd_converter/local_setup.sh
-- Symlinking: /mnt/hdd/autonomy/ws/Carla-autoware_interface/deps_ws/install/autoware_raw_vehicle_cmd_converter/share/autoware_raw_vehicle_cmd_converter/local_setup.zsh
-- Symlinking: /mnt/hdd/autonomy/ws/Carla-autoware_interface/deps_ws/install/autoware_raw_vehicle_cmd_converter/share/autoware_raw_vehicle_cmd_converter/local_setup.dsv
-- Symlinking: /mnt/hdd/autonomy/ws/Carla-autoware_interface/deps_ws/install/autoware_raw_vehicle_cmd_converter/share/autoware_raw_vehicle_cmd_converter/package.dsv
-- Symlinking: /mnt/hdd/autonomy/ws/Carla-autoware_interface/deps_ws/install/autoware_raw_vehicle_cmd_converter/share/ament_index/resource_index/packages/autoware_raw_vehicle_cmd_converter
-- Symlinking: /mnt/hdd/autonomy/ws/Carla-autoware_interface/deps_ws/install/autoware_raw_vehicle_cmd_converter/share/ament_index/resource_index/rclcpp_components/autoware_raw_vehicle_cmd_converter
-- Symlinking: /mnt/hdd/autonomy/ws/Carla-autoware_interface/deps_ws/install/autoware_raw_vehicle_cmd_converter/share/autoware_raw_vehicle_cmd_converter/cmake/ament_cmake_export_dependencies-extras.cmake
-- Symlinking: /mnt/hdd/autonomy/ws/Carla-autoware_interface/deps_ws/install/autoware_raw_vehicle_cmd_converter/share/autoware_raw_vehicle_cmd_converter/cmake/ament_cmake_export_include_directories-extras.cmake
-- Symlinking: /mnt/hdd/autonomy/ws/Carla-autoware_interface/deps_ws/install/autoware_raw_vehicle_cmd_converter/share/autoware_raw_vehicle_cmd_converter/cmake/ament_cmake_export_libraries-extras.cmake
-- Symlinking: /mnt/hdd/autonomy/ws/Carla-autoware_interface/deps_ws/install/autoware_raw_vehicle_cmd_converter/share/autoware_raw_vehicle_cmd_converter/cmake/autoware_raw_vehicle_cmd_converterConfig.cmake
-- Symlinking: /mnt/hdd/autonomy/ws/Carla-autoware_interface/deps_ws/install/autoware_raw_vehicle_cmd_converter/share/autoware_raw_vehicle_cmd_converter/cmake/autoware_raw_vehicle_cmd_converterConfig-version.cmake
-- Symlinking: /mnt/hdd/autonomy/ws/Carla-autoware_interface/deps_ws/install/autoware_raw_vehicle_cmd_converter/share/autoware_raw_vehicle_cmd_converter/package.xml
-- Symlinking: /mnt/hdd/autonomy/ws/Carla-autoware_interface/deps_ws/install/autoware_raw_vehicle_cmd_converter/lib/autoware_raw_vehicle_cmd_converter/plot_accel_brake_map.py
