-- The C compiler identification is GNU 11.4.0
-- The CXX compiler identification is GNU 11.4.0
-- Detecting C compiler ABI info
-- Detecting C compiler ABI info - done
-- Check for working C compiler: /usr/lib/ccache/gcc - skipped
-- Detecting C compile features
-- Detecting C compile features - done
-- Detecting CXX compiler ABI info
-- Detecting CXX compiler ABI info - done
-- Check for working CXX compiler: /usr/lib/ccache/g++ - skipped
-- Detecting CXX compile features
-- Detecting CXX compile features - done
-- Found ament_cmake_auto: 1.3.12 (/opt/ros/humble/share/ament_cmake_auto/cmake)
-- Found Python3: /usr/bin/python3 (found version "3.10.12") found components: Interpreter 
-- Override CMake install command with custom implementation using symlinks instead of copying resources
-- Found rosidl_generator_c: 3.1.8 (/opt/ros/humble/share/rosidl_generator_c/cmake)
-- Found rosidl_adapter: 3.1.8 (/opt/ros/humble/share/rosidl_adapter/cmake)
-- Found rosidl_generator_cpp: 3.1.8 (/opt/ros/humble/share/rosidl_generator_cpp/cmake)
-- Using all available rosidl_typesupport_c: rosidl_typesupport_fastrtps_c;rosidl_typesupport_introspection_c
-- Using all available rosidl_typesupport_cpp: rosidl_typesupport_fastrtps_cpp;rosidl_typesupport_introspection_cpp
-- Found ament_cmake_cppcheck: 0.12.14 (/opt/ros/humble/share/ament_cmake_cppcheck/cmake)
-- Found ament_cmake_cpplint: 0.12.14 (/opt/ros/humble/share/ament_cmake_cpplint/cmake)
-- Found ament_cmake_uncrustify: 0.12.14 (/opt/ros/humble/share/ament_cmake_uncrustify/cmake)
-- Found ament_cmake_ros: 0.10.0 (/opt/ros/humble/share/ament_cmake_ros/cmake)
-- Using all available rosidl_typesupport_c: rosidl_typesupport_fastrtps_c;rosidl_typesupport_introspection_c
-- Using all available rosidl_typesupport_cpp: rosidl_typesupport_fastrtps_cpp;rosidl_typesupport_introspection_cpp
-- Found PythonInterp: /usr/bin/python3 (found suitable version "3.10.12", minimum required is "3.6") 
-- Found python_cmake_module: 0.10.0 (/opt/ros/humble/share/python_cmake_module/cmake)
-- Found PythonLibs: /usr/lib/x86_64-linux-gnu/libpython3.10.so (found suitable version "3.10.12", minimum required is "3.5") 
-- Using PYTHON_EXECUTABLE: /usr/bin/python3
-- Using PYTHON_INCLUDE_DIRS: /usr/include/python3.10
-- Using PYTHON_LIBRARIES: /usr/lib/x86_64-linux-gnu/libpython3.10.so
-- Found PythonExtra: .so  
-- Found ament_cmake_flake8: 0.12.14 (/opt/ros/humble/share/ament_cmake_flake8/cmake)
-- Found ament_cmake_pep257: 0.12.14 (/opt/ros/humble/share/ament_cmake_pep257/cmake)
-- Configuring done
-- Generating done
-- Build files have been written to: /mnt/hdd/autonomy/ws/Carla-autoware_interface/deps_ws/build/autoware_internal_msgs
[  2%] Generating C++ code for ROS interfaces
[  2%] Built target autoware_internal_msgs__cpp
[  2%] Built target ament_cmake_python_symlink_autoware_internal_msgs
[  4%] Generating C++ introspection for ROS interfaces
[  6%] Building CXX object CMakeFiles/autoware_internal_msgs__rosidl_typesupport_introspection_cpp.dir/rosidl_typesupport_introspection_cpp/autoware_internal_msgs/msg/detail/published_time__type_support.cpp.o
[  8%] Building CXX object CMakeFiles/autoware_internal_msgs__rosidl_typesupport_introspection_cpp.dir/rosidl_typesupport_introspection_cpp/autoware_internal_msgs/msg/detail/resource_usage_report__type_support.cpp.o
[ 10%] Building CXX object CMakeFiles/autoware_internal_msgs__rosidl_typesupport_introspection_cpp.dir/rosidl_typesupport_introspection_cpp/autoware_internal_msgs/msg/detail/mission_remaining_distance_time__type_support.cpp.o
[ 12%] Linking CXX shared library libautoware_internal_msgs__rosidl_typesupport_introspection_cpp.so
[ 12%] Built target autoware_internal_msgs__rosidl_typesupport_introspection_cpp
running egg_info
creating autoware_internal_msgs.egg-info
writing autoware_internal_msgs.egg-info/PKG-INFO
writing dependency_links to autoware_internal_msgs.egg-info/dependency_links.txt
writing top-level names to autoware_internal_msgs.egg-info/top_level.txt
writing manifest file 'autoware_internal_msgs.egg-info/SOURCES.txt'
reading manifest file 'autoware_internal_msgs.egg-info/SOURCES.txt'
writing manifest file 'autoware_internal_msgs.egg-info/SOURCES.txt'
[ 12%] Built target ament_cmake_python_build_autoware_internal_msgs_egg
[ 14%] Generating C++ type support for eProsima Fast-RTPS
[ 17%] Building CXX object CMakeFiles/autoware_internal_msgs__rosidl_typesupport_fastrtps_cpp.dir/rosidl_typesupport_fastrtps_cpp/autoware_internal_msgs/msg/detail/dds_fastrtps/published_time__type_support.cpp.o
[ 19%] Building CXX object CMakeFiles/autoware_internal_msgs__rosidl_typesupport_fastrtps_cpp.dir/rosidl_typesupport_fastrtps_cpp/autoware_internal_msgs/msg/detail/dds_fastrtps/resource_usage_report__type_support.cpp.o
[ 21%] Building CXX object CMakeFiles/autoware_internal_msgs__rosidl_typesupport_fastrtps_cpp.dir/rosidl_typesupport_fastrtps_cpp/autoware_internal_msgs/msg/detail/dds_fastrtps/mission_remaining_distance_time__type_support.cpp.o
[ 23%] Linking CXX shared library libautoware_internal_msgs__rosidl_typesupport_fastrtps_cpp.so
[ 23%] Built target autoware_internal_msgs__rosidl_typesupport_fastrtps_cpp
[ 25%] Generating C++ type support dispatch for ROS interfaces
[ 27%] Building CXX object CMakeFiles/autoware_internal_msgs__rosidl_typesupport_cpp.dir/rosidl_typesupport_cpp/autoware_internal_msgs/msg/published_time__type_support.cpp.o
[ 29%] Building CXX object CMakeFiles/autoware_internal_msgs__rosidl_typesupport_cpp.dir/rosidl_typesupport_cpp/autoware_internal_msgs/msg/resource_usage_report__type_support.cpp.o
[ 31%] Building CXX object CMakeFiles/autoware_internal_msgs__rosidl_typesupport_cpp.dir/rosidl_typesupport_cpp/autoware_internal_msgs/msg/mission_remaining_distance_time__type_support.cpp.o
[ 34%] Linking CXX shared library libautoware_internal_msgs__rosidl_typesupport_cpp.so
[ 34%] Built target autoware_internal_msgs__rosidl_typesupport_cpp
[ 36%] Generating C code for ROS interfaces
[ 38%] Building C object CMakeFiles/autoware_internal_msgs__rosidl_generator_c.dir/rosidl_generator_c/autoware_internal_msgs/msg/detail/published_time__functions.c.o
[ 40%] Building C object CMakeFiles/autoware_internal_msgs__rosidl_generator_c.dir/rosidl_generator_c/autoware_internal_msgs/msg/detail/resource_usage_report__functions.c.o
[ 42%] Building C object CMakeFiles/autoware_internal_msgs__rosidl_generator_c.dir/rosidl_generator_c/autoware_internal_msgs/msg/detail/mission_remaining_distance_time__functions.c.o
[ 44%] Linking C shared library libautoware_internal_msgs__rosidl_generator_c.so
[ 44%] Built target autoware_internal_msgs__rosidl_generator_c
[ 46%] Generating C type support for eProsima Fast-RTPS
[ 48%] Building CXX object CMakeFiles/autoware_internal_msgs__rosidl_typesupport_fastrtps_c.dir/rosidl_typesupport_fastrtps_c/autoware_internal_msgs/msg/detail/published_time__type_support_c.cpp.o
[ 51%] Building CXX object CMakeFiles/autoware_internal_msgs__rosidl_typesupport_fastrtps_c.dir/rosidl_typesupport_fastrtps_c/autoware_internal_msgs/msg/detail/resource_usage_report__type_support_c.cpp.o
[ 53%] Building CXX object CMakeFiles/autoware_internal_msgs__rosidl_typesupport_fastrtps_c.dir/rosidl_typesupport_fastrtps_c/autoware_internal_msgs/msg/detail/mission_remaining_distance_time__type_support_c.cpp.o
[ 55%] Linking CXX shared library libautoware_internal_msgs__rosidl_typesupport_fastrtps_c.so
[ 55%] Built target autoware_internal_msgs__rosidl_typesupport_fastrtps_c
[ 57%] Generating C type support dispatch for ROS interfaces
[ 59%] Building CXX object CMakeFiles/autoware_internal_msgs__rosidl_typesupport_c.dir/rosidl_typesupport_c/autoware_internal_msgs/msg/published_time__type_support.cpp.o
[ 61%] Building CXX object CMakeFiles/autoware_internal_msgs__rosidl_typesupport_c.dir/rosidl_typesupport_c/autoware_internal_msgs/msg/resource_usage_report__type_support.cpp.o
[ 63%] Building CXX object CMakeFiles/autoware_internal_msgs__rosidl_typesupport_c.dir/rosidl_typesupport_c/autoware_internal_msgs/msg/mission_remaining_distance_time__type_support.cpp.o
[ 65%] Linking CXX shared library libautoware_internal_msgs__rosidl_typesupport_c.so
[ 65%] Built target autoware_internal_msgs__rosidl_typesupport_c
[ 68%] Generating C introspection for ROS interfaces
[ 70%] Building C object CMakeFiles/autoware_internal_msgs__rosidl_typesupport_introspection_c.dir/rosidl_typesupport_introspection_c/autoware_internal_msgs/msg/detail/published_time__type_support.c.o
[ 72%] Building C object CMakeFiles/autoware_internal_msgs__rosidl_typesupport_introspection_c.dir/rosidl_typesupport_introspection_c/autoware_internal_msgs/msg/detail/resource_usage_report__type_support.c.o
[ 74%] Building C object CMakeFiles/autoware_internal_msgs__rosidl_typesupport_introspection_c.dir/rosidl_typesupport_introspection_c/autoware_internal_msgs/msg/detail/mission_remaining_distance_time__type_support.c.o
[ 76%] Linking C shared library libautoware_internal_msgs__rosidl_typesupport_introspection_c.so
[ 76%] Built target autoware_internal_msgs__rosidl_typesupport_introspection_c
[ 76%] Built target autoware_internal_msgs
[ 78%] Generating Python code for ROS interfaces
[ 78%] Built target autoware_internal_msgs__py
[ 80%] Building C object CMakeFiles/autoware_internal_msgs__rosidl_generator_py.dir/rosidl_generator_py/autoware_internal_msgs/msg/_published_time_s.c.o
[ 82%] Building C object CMakeFiles/autoware_internal_msgs__rosidl_generator_py.dir/rosidl_generator_py/autoware_internal_msgs/msg/_resource_usage_report_s.c.o
[ 85%] Building C object CMakeFiles/autoware_internal_msgs__rosidl_generator_py.dir/rosidl_generator_py/autoware_internal_msgs/msg/_mission_remaining_distance_time_s.c.o
[ 87%] Linking C shared library rosidl_generator_py/autoware_internal_msgs/libautoware_internal_msgs__rosidl_generator_py.so
[ 87%] Built target autoware_internal_msgs__rosidl_generator_py
[ 89%] Building C object CMakeFiles/autoware_internal_msgs__rosidl_typesupport_fastrtps_c__pyext.dir/rosidl_generator_py/autoware_internal_msgs/_autoware_internal_msgs_s.ep.rosidl_typesupport_fastrtps_c.c.o
[ 91%] Linking C shared library rosidl_generator_py/autoware_internal_msgs/autoware_internal_msgs_s__rosidl_typesupport_fastrtps_c.cpython-310-x86_64-linux-gnu.so
[ 91%] Built target autoware_internal_msgs__rosidl_typesupport_fastrtps_c__pyext
[ 93%] Building C object CMakeFiles/autoware_internal_msgs__rosidl_typesupport_c__pyext.dir/rosidl_generator_py/autoware_internal_msgs/_autoware_internal_msgs_s.ep.rosidl_typesupport_c.c.o
[ 95%] Linking C shared library rosidl_generator_py/autoware_internal_msgs/autoware_internal_msgs_s__rosidl_typesupport_c.cpython-310-x86_64-linux-gnu.so
[ 95%] Built target autoware_internal_msgs__rosidl_typesupport_c__pyext
[ 97%] Building C object CMakeFiles/autoware_internal_msgs__rosidl_typesupport_introspection_c__pyext.dir/rosidl_generator_py/autoware_internal_msgs/_autoware_internal_msgs_s.ep.rosidl_typesupport_introspection_c.c.o
[100%] Linking C shared library rosidl_generator_py/autoware_internal_msgs/autoware_internal_msgs_s__rosidl_typesupport_introspection_c.cpython-310-x86_64-linux-gnu.so
[100%] Built target autoware_internal_msgs__rosidl_typesupport_introspection_c__pyext
-- Install configuration: ""
-- Execute custom install script
-- Symlinking: /mnt/hdd/autonomy/ws/Carla-autoware_interface/deps_ws/install/autoware_internal_msgs/share/ament_index/resource_index/rosidl_interfaces/autoware_internal_msgs
-- Symlinking: /mnt/hdd/autonomy/ws/Carla-autoware_interface/deps_ws/install/autoware_internal_msgs/include/autoware_internal_msgs/autoware_internal_msgs/msg/detail/mission_remaining_distance_time__functions.h
-- Symlinking: /mnt/hdd/autonomy/ws/Carla-autoware_interface/deps_ws/install/autoware_internal_msgs/include/autoware_internal_msgs/autoware_internal_msgs/msg/detail/mission_remaining_distance_time__struct.h
-- Symlinking: /mnt/hdd/autonomy/ws/Carla-autoware_interface/deps_ws/install/autoware_internal_msgs/include/autoware_internal_msgs/autoware_internal_msgs/msg/detail/mission_remaining_distance_time__type_support.h
-- Symlinking: /mnt/hdd/autonomy/ws/Carla-autoware_interface/deps_ws/install/autoware_internal_msgs/include/autoware_internal_msgs/autoware_internal_msgs/msg/detail/published_time__functions.h
-- Symlinking: /mnt/hdd/autonomy/ws/Carla-autoware_interface/deps_ws/install/autoware_internal_msgs/include/autoware_internal_msgs/autoware_internal_msgs/msg/detail/published_time__struct.h
-- Symlinking: /mnt/hdd/autonomy/ws/Carla-autoware_interface/deps_ws/install/autoware_internal_msgs/include/autoware_internal_msgs/autoware_internal_msgs/msg/detail/published_time__type_support.h
-- Symlinking: /mnt/hdd/autonomy/ws/Carla-autoware_interface/deps_ws/install/autoware_internal_msgs/include/autoware_internal_msgs/autoware_internal_msgs/msg/detail/resource_usage_report__functions.h
-- Symlinking: /mnt/hdd/autonomy/ws/Carla-autoware_interface/deps_ws/install/autoware_internal_msgs/include/autoware_internal_msgs/autoware_internal_msgs/msg/detail/resource_usage_report__struct.h
-- Symlinking: /mnt/hdd/autonomy/ws/Carla-autoware_interface/deps_ws/install/autoware_internal_msgs/include/autoware_internal_msgs/autoware_internal_msgs/msg/detail/resource_usage_report__type_support.h
-- Symlinking: /mnt/hdd/autonomy/ws/Carla-autoware_interface/deps_ws/install/autoware_internal_msgs/include/autoware_internal_msgs/autoware_internal_msgs/msg/mission_remaining_distance_time.h
-- Symlinking: /mnt/hdd/autonomy/ws/Carla-autoware_interface/deps_ws/install/autoware_internal_msgs/include/autoware_internal_msgs/autoware_internal_msgs/msg/published_time.h
-- Symlinking: /mnt/hdd/autonomy/ws/Carla-autoware_interface/deps_ws/install/autoware_internal_msgs/include/autoware_internal_msgs/autoware_internal_msgs/msg/resource_usage_report.h
-- Symlinking: /mnt/hdd/autonomy/ws/Carla-autoware_interface/deps_ws/install/autoware_internal_msgs/include/autoware_internal_msgs/autoware_internal_msgs/msg/rosidl_generator_c__visibility_control.h
-- Symlinking: /mnt/hdd/autonomy/ws/Carla-autoware_interface/deps_ws/install/autoware_internal_msgs/share/autoware_internal_msgs/environment/library_path.sh
-- Symlinking: /mnt/hdd/autonomy/ws/Carla-autoware_interface/deps_ws/install/autoware_internal_msgs/share/autoware_internal_msgs/environment/library_path.dsv
-- Symlinking: /mnt/hdd/autonomy/ws/Carla-autoware_interface/deps_ws/install/autoware_internal_msgs/include/autoware_internal_msgs/autoware_internal_msgs/msg/detail/mission_remaining_distance_time__rosidl_typesupport_fastrtps_c.h
-- Symlinking: /mnt/hdd/autonomy/ws/Carla-autoware_interface/deps_ws/install/autoware_internal_msgs/include/autoware_internal_msgs/autoware_internal_msgs/msg/detail/published_time__rosidl_typesupport_fastrtps_c.h
-- Symlinking: /mnt/hdd/autonomy/ws/Carla-autoware_interface/deps_ws/install/autoware_internal_msgs/include/autoware_internal_msgs/autoware_internal_msgs/msg/detail/resource_usage_report__rosidl_typesupport_fastrtps_c.h
-- Symlinking: /mnt/hdd/autonomy/ws/Carla-autoware_interface/deps_ws/install/autoware_internal_msgs/include/autoware_internal_msgs/autoware_internal_msgs/msg/rosidl_typesupport_fastrtps_c__visibility_control.h
-- Symlinking: /mnt/hdd/autonomy/ws/Carla-autoware_interface/deps_ws/install/autoware_internal_msgs/include/autoware_internal_msgs/autoware_internal_msgs/msg/detail/mission_remaining_distance_time__builder.hpp
-- Symlinking: /mnt/hdd/autonomy/ws/Carla-autoware_interface/deps_ws/install/autoware_internal_msgs/include/autoware_internal_msgs/autoware_internal_msgs/msg/detail/mission_remaining_distance_time__struct.hpp
-- Symlinking: /mnt/hdd/autonomy/ws/Carla-autoware_interface/deps_ws/install/autoware_internal_msgs/include/autoware_internal_msgs/autoware_internal_msgs/msg/detail/mission_remaining_distance_time__traits.hpp
-- Symlinking: /mnt/hdd/autonomy/ws/Carla-autoware_interface/deps_ws/install/autoware_internal_msgs/include/autoware_internal_msgs/autoware_internal_msgs/msg/detail/mission_remaining_distance_time__type_support.hpp
-- Symlinking: /mnt/hdd/autonomy/ws/Carla-autoware_interface/deps_ws/install/autoware_internal_msgs/include/autoware_internal_msgs/autoware_internal_msgs/msg/detail/published_time__builder.hpp
-- Symlinking: /mnt/hdd/autonomy/ws/Carla-autoware_interface/deps_ws/install/autoware_internal_msgs/include/autoware_internal_msgs/autoware_internal_msgs/msg/detail/published_time__struct.hpp
-- Symlinking: /mnt/hdd/autonomy/ws/Carla-autoware_interface/deps_ws/install/autoware_internal_msgs/include/autoware_internal_msgs/autoware_internal_msgs/msg/detail/published_time__traits.hpp
-- Symlinking: /mnt/hdd/autonomy/ws/Carla-autoware_interface/deps_ws/install/autoware_internal_msgs/include/autoware_internal_msgs/autoware_internal_msgs/msg/detail/published_time__type_support.hpp
-- Symlinking: /mnt/hdd/autonomy/ws/Carla-autoware_interface/deps_ws/install/autoware_internal_msgs/include/autoware_internal_msgs/autoware_internal_msgs/msg/detail/resource_usage_report__builder.hpp
-- Symlinking: /mnt/hdd/autonomy/ws/Carla-autoware_interface/deps_ws/install/autoware_internal_msgs/include/autoware_internal_msgs/autoware_internal_msgs/msg/detail/resource_usage_report__struct.hpp
-- Symlinking: /mnt/hdd/autonomy/ws/Carla-autoware_interface/deps_ws/install/autoware_internal_msgs/include/autoware_internal_msgs/autoware_internal_msgs/msg/detail/resource_usage_report__traits.hpp
-- Symlinking: /mnt/hdd/autonomy/ws/Carla-autoware_interface/deps_ws/install/autoware_internal_msgs/include/autoware_internal_msgs/autoware_internal_msgs/msg/detail/resource_usage_report__type_support.hpp
-- Symlinking: /mnt/hdd/autonomy/ws/Carla-autoware_interface/deps_ws/install/autoware_internal_msgs/include/autoware_internal_msgs/autoware_internal_msgs/msg/mission_remaining_distance_time.hpp
-- Symlinking: /mnt/hdd/autonomy/ws/Carla-autoware_interface/deps_ws/install/autoware_internal_msgs/include/autoware_internal_msgs/autoware_internal_msgs/msg/published_time.hpp
-- Symlinking: /mnt/hdd/autonomy/ws/Carla-autoware_interface/deps_ws/install/autoware_internal_msgs/include/autoware_internal_msgs/autoware_internal_msgs/msg/resource_usage_report.hpp
-- Symlinking: /mnt/hdd/autonomy/ws/Carla-autoware_interface/deps_ws/install/autoware_internal_msgs/include/autoware_internal_msgs/autoware_internal_msgs/msg/rosidl_generator_cpp__visibility_control.hpp
-- Symlinking: /mnt/hdd/autonomy/ws/Carla-autoware_interface/deps_ws/install/autoware_internal_msgs/include/autoware_internal_msgs/autoware_internal_msgs/msg/detail/mission_remaining_distance_time__rosidl_typesupport_fastrtps_cpp.hpp
-- Symlinking: /mnt/hdd/autonomy/ws/Carla-autoware_interface/deps_ws/install/autoware_internal_msgs/include/autoware_internal_msgs/autoware_internal_msgs/msg/detail/published_time__rosidl_typesupport_fastrtps_cpp.hpp
-- Symlinking: /mnt/hdd/autonomy/ws/Carla-autoware_interface/deps_ws/install/autoware_internal_msgs/include/autoware_internal_msgs/autoware_internal_msgs/msg/detail/resource_usage_report__rosidl_typesupport_fastrtps_cpp.hpp
-- Symlinking: /mnt/hdd/autonomy/ws/Carla-autoware_interface/deps_ws/install/autoware_internal_msgs/include/autoware_internal_msgs/autoware_internal_msgs/msg/rosidl_typesupport_fastrtps_cpp__visibility_control.h
-- Symlinking: /mnt/hdd/autonomy/ws/Carla-autoware_interface/deps_ws/install/autoware_internal_msgs/include/autoware_internal_msgs/autoware_internal_msgs/msg/detail/mission_remaining_distance_time__rosidl_typesupport_introspection_c.h
-- Symlinking: /mnt/hdd/autonomy/ws/Carla-autoware_interface/deps_ws/install/autoware_internal_msgs/include/autoware_internal_msgs/autoware_internal_msgs/msg/detail/published_time__rosidl_typesupport_introspection_c.h
-- Symlinking: /mnt/hdd/autonomy/ws/Carla-autoware_interface/deps_ws/install/autoware_internal_msgs/include/autoware_internal_msgs/autoware_internal_msgs/msg/detail/resource_usage_report__rosidl_typesupport_introspection_c.h
-- Symlinking: /mnt/hdd/autonomy/ws/Carla-autoware_interface/deps_ws/install/autoware_internal_msgs/include/autoware_internal_msgs/autoware_internal_msgs/msg/rosidl_typesupport_introspection_c__visibility_control.h
-- Symlinking: /mnt/hdd/autonomy/ws/Carla-autoware_interface/deps_ws/install/autoware_internal_msgs/include/autoware_internal_msgs/autoware_internal_msgs/msg/detail/mission_remaining_distance_time__rosidl_typesupport_introspection_cpp.hpp
-- Symlinking: /mnt/hdd/autonomy/ws/Carla-autoware_interface/deps_ws/install/autoware_internal_msgs/include/autoware_internal_msgs/autoware_internal_msgs/msg/detail/published_time__rosidl_typesupport_introspection_cpp.hpp
-- Symlinking: /mnt/hdd/autonomy/ws/Carla-autoware_interface/deps_ws/install/autoware_internal_msgs/include/autoware_internal_msgs/autoware_internal_msgs/msg/detail/resource_usage_report__rosidl_typesupport_introspection_cpp.hpp
-- Symlinking: /mnt/hdd/autonomy/ws/Carla-autoware_interface/deps_ws/install/autoware_internal_msgs/share/autoware_internal_msgs/environment/pythonpath.sh
-- Symlinking: /mnt/hdd/autonomy/ws/Carla-autoware_interface/deps_ws/install/autoware_internal_msgs/share/autoware_internal_msgs/environment/pythonpath.dsv
-- Symlinking: /mnt/hdd/autonomy/ws/Carla-autoware_interface/deps_ws/install/autoware_internal_msgs/local/lib/python3.10/dist-packages/autoware_internal_msgs-1.12.1-py3.10.egg-info/PKG-INFO
-- Symlinking: /mnt/hdd/autonomy/ws/Carla-autoware_interface/deps_ws/install/autoware_internal_msgs/local/lib/python3.10/dist-packages/autoware_internal_msgs-1.12.1-py3.10.egg-info/SOURCES.txt
-- Symlinking: /mnt/hdd/autonomy/ws/Carla-autoware_interface/deps_ws/install/autoware_internal_msgs/local/lib/python3.10/dist-packages/autoware_internal_msgs-1.12.1-py3.10.egg-info/dependency_links.txt
-- Symlinking: /mnt/hdd/autonomy/ws/Carla-autoware_interface/deps_ws/install/autoware_internal_msgs/local/lib/python3.10/dist-packages/autoware_internal_msgs-1.12.1-py3.10.egg-info/top_level.txt
-- Symlinking: /mnt/hdd/autonomy/ws/Carla-autoware_interface/deps_ws/install/autoware_internal_msgs/local/lib/python3.10/dist-packages/autoware_internal_msgs/__init__.py
-- Symlinking: /mnt/hdd/autonomy/ws/Carla-autoware_interface/deps_ws/install/autoware_internal_msgs/local/lib/python3.10/dist-packages/autoware_internal_msgs/_autoware_internal_msgs_s.ep.rosidl_typesupport_c.c
-- Symlinking: /mnt/hdd/autonomy/ws/Carla-autoware_interface/deps_ws/install/autoware_internal_msgs/local/lib/python3.10/dist-packages/autoware_internal_msgs/_autoware_internal_msgs_s.ep.rosidl_typesupport_fastrtps_c.c
-- Symlinking: /mnt/hdd/autonomy/ws/Carla-autoware_interface/deps_ws/install/autoware_internal_msgs/local/lib/python3.10/dist-packages/autoware_internal_msgs/_autoware_internal_msgs_s.ep.rosidl_typesupport_introspection_c.c
-- Symlinking: /mnt/hdd/autonomy/ws/Carla-autoware_interface/deps_ws/install/autoware_internal_msgs/local/lib/python3.10/dist-packages/autoware_internal_msgs/autoware_internal_msgs_s__rosidl_typesupport_c.cpython-310-x86_64-linux-gnu.so
-- Symlinking: /mnt/hdd/autonomy/ws/Carla-autoware_interface/deps_ws/install/autoware_internal_msgs/local/lib/python3.10/dist-packages/autoware_internal_msgs/autoware_internal_msgs_s__rosidl_typesupport_fastrtps_c.cpython-310-x86_64-linux-gnu.so
-- Symlinking: /mnt/hdd/autonomy/ws/Carla-autoware_interface/deps_ws/install/autoware_internal_msgs/local/lib/python3.10/dist-packages/autoware_internal_msgs/autoware_internal_msgs_s__rosidl_typesupport_introspection_c.cpython-310-x86_64-linux-gnu.so
-- Symlinking: /mnt/hdd/autonomy/ws/Carla-autoware_interface/deps_ws/install/autoware_internal_msgs/local/lib/python3.10/dist-packages/autoware_internal_msgs/libautoware_internal_msgs__rosidl_generator_py.so
-- Symlinking: /mnt/hdd/autonomy/ws/Carla-autoware_interface/deps_ws/install/autoware_internal_msgs/local/lib/python3.10/dist-packages/autoware_internal_msgs/msg/__init__.py
-- Symlinking: /mnt/hdd/autonomy/ws/Carla-autoware_interface/deps_ws/install/autoware_internal_msgs/local/lib/python3.10/dist-packages/autoware_internal_msgs/msg/_mission_remaining_distance_time.py
-- Symlinking: /mnt/hdd/autonomy/ws/Carla-autoware_interface/deps_ws/install/autoware_internal_msgs/local/lib/python3.10/dist-packages/autoware_internal_msgs/msg/_mission_remaining_distance_time_s.c
-- Symlinking: /mnt/hdd/autonomy/ws/Carla-autoware_interface/deps_ws/install/autoware_internal_msgs/local/lib/python3.10/dist-packages/autoware_internal_msgs/msg/_published_time.py
-- Symlinking: /mnt/hdd/autonomy/ws/Carla-autoware_interface/deps_ws/install/autoware_internal_msgs/local/lib/python3.10/dist-packages/autoware_internal_msgs/msg/_published_time_s.c
-- Symlinking: /mnt/hdd/autonomy/ws/Carla-autoware_interface/deps_ws/install/autoware_internal_msgs/local/lib/python3.10/dist-packages/autoware_internal_msgs/msg/_resource_usage_report.py
-- Symlinking: /mnt/hdd/autonomy/ws/Carla-autoware_interface/deps_ws/install/autoware_internal_msgs/local/lib/python3.10/dist-packages/autoware_internal_msgs/msg/_resource_usage_report_s.c
-- Up-to-date symlink: /mnt/hdd/autonomy/ws/Carla-autoware_interface/deps_ws/install/autoware_internal_msgs/local/lib/python3.10/dist-packages/autoware_internal_msgs/autoware_internal_msgs_s__rosidl_typesupport_fastrtps_c.cpython-310-x86_64-linux-gnu.so
-- Up-to-date symlink: /mnt/hdd/autonomy/ws/Carla-autoware_interface/deps_ws/install/autoware_internal_msgs/local/lib/python3.10/dist-packages/autoware_internal_msgs/autoware_internal_msgs_s__rosidl_typesupport_introspection_c.cpython-310-x86_64-linux-gnu.so
-- Up-to-date symlink: /mnt/hdd/autonomy/ws/Carla-autoware_interface/deps_ws/install/autoware_internal_msgs/local/lib/python3.10/dist-packages/autoware_internal_msgs/autoware_internal_msgs_s__rosidl_typesupport_c.cpython-310-x86_64-linux-gnu.so
-- Symlinking: /mnt/hdd/autonomy/ws/Carla-autoware_interface/deps_ws/install/autoware_internal_msgs/share/autoware_internal_msgs/msg/PublishedTime.idl
-- Symlinking: /mnt/hdd/autonomy/ws/Carla-autoware_interface/deps_ws/install/autoware_internal_msgs/share/autoware_internal_msgs/msg/MissionRemainingDistanceTime.idl
-- Symlinking: /mnt/hdd/autonomy/ws/Carla-autoware_interface/deps_ws/install/autoware_internal_msgs/share/autoware_internal_msgs/msg/ResourceUsageReport.idl
-- Symlinking: /mnt/hdd/autonomy/ws/Carla-autoware_interface/deps_ws/install/autoware_internal_msgs/share/autoware_internal_msgs/msg/PublishedTime.msg
-- Symlinking: /mnt/hdd/autonomy/ws/Carla-autoware_interface/deps_ws/install/autoware_internal_msgs/share/autoware_internal_msgs/msg/MissionRemainingDistanceTime.msg
-- Symlinking: /mnt/hdd/autonomy/ws/Carla-autoware_interface/deps_ws/install/autoware_internal_msgs/share/autoware_internal_msgs/msg/ResourceUsageReport.msg
-- Symlinking: /mnt/hdd/autonomy/ws/Carla-autoware_interface/deps_ws/install/autoware_internal_msgs/share/ament_index/resource_index/package_run_dependencies/autoware_internal_msgs
-- Symlinking: /mnt/hdd/autonomy/ws/Carla-autoware_interface/deps_ws/install/autoware_internal_msgs/share/ament_index/resource_index/parent_prefix_path/autoware_internal_msgs
-- Symlinking: /mnt/hdd/autonomy/ws/Carla-autoware_interface/deps_ws/install/autoware_internal_msgs/share/autoware_internal_msgs/environment/ament_prefix_path.sh
-- Symlinking: /mnt/hdd/autonomy/ws/Carla-autoware_interface/deps_ws/install/autoware_internal_msgs/share/autoware_internal_msgs/environment/ament_prefix_path.dsv
-- Symlinking: /mnt/hdd/autonomy/ws/Carla-autoware_interface/deps_ws/install/autoware_internal_msgs/share/autoware_internal_msgs/environment/path.sh
-- Symlinking: /mnt/hdd/autonomy/ws/Carla-autoware_interface/deps_ws/install/autoware_internal_msgs/share/autoware_internal_msgs/environment/path.dsv
-- Symlinking: /mnt/hdd/autonomy/ws/Carla-autoware_interface/deps_ws/install/autoware_internal_msgs/share/autoware_internal_msgs/local_setup.bash
-- Symlinking: /mnt/hdd/autonomy/ws/Carla-autoware_interface/deps_ws/install/autoware_internal_msgs/share/autoware_internal_msgs/local_setup.sh
-- Symlinking: /mnt/hdd/autonomy/ws/Carla-autoware_interface/deps_ws/install/autoware_internal_msgs/share/autoware_internal_msgs/local_setup.zsh
-- Symlinking: /mnt/hdd/autonomy/ws/Carla-autoware_interface/deps_ws/install/autoware_internal_msgs/share/autoware_internal_msgs/local_setup.dsv
-- Symlinking: /mnt/hdd/autonomy/ws/Carla-autoware_interface/deps_ws/install/autoware_internal_msgs/share/autoware_internal_msgs/package.dsv
-- Symlinking: /mnt/hdd/autonomy/ws/Carla-autoware_interface/deps_ws/install/autoware_internal_msgs/share/ament_index/resource_index/packages/autoware_internal_msgs
-- Symlinking: /mnt/hdd/autonomy/ws/Carla-autoware_interface/deps_ws/install/autoware_internal_msgs/share/autoware_internal_msgs/cmake/rosidl_cmake-extras.cmake
-- Symlinking: /mnt/hdd/autonomy/ws/Carla-autoware_interface/deps_ws/install/autoware_internal_msgs/share/autoware_internal_msgs/cmake/ament_cmake_export_dependencies-extras.cmake
-- Symlinking: /mnt/hdd/autonomy/ws/Carla-autoware_interface/deps_ws/install/autoware_internal_msgs/share/autoware_internal_msgs/cmake/ament_cmake_export_include_directories-extras.cmake
-- Symlinking: /mnt/hdd/autonomy/ws/Carla-autoware_interface/deps_ws/install/autoware_internal_msgs/share/autoware_internal_msgs/cmake/ament_cmake_export_libraries-extras.cmake
-- Symlinking: /mnt/hdd/autonomy/ws/Carla-autoware_interface/deps_ws/install/autoware_internal_msgs/share/autoware_internal_msgs/cmake/ament_cmake_export_targets-extras.cmake
-- Symlinking: /mnt/hdd/autonomy/ws/Carla-autoware_interface/deps_ws/install/autoware_internal_msgs/share/autoware_internal_msgs/cmake/rosidl_cmake_export_typesupport_targets-extras.cmake
-- Symlinking: /mnt/hdd/autonomy/ws/Carla-autoware_interface/deps_ws/install/autoware_internal_msgs/share/autoware_internal_msgs/cmake/rosidl_cmake_export_typesupport_libraries-extras.cmake
-- Symlinking: /mnt/hdd/autonomy/ws/Carla-autoware_interface/deps_ws/install/autoware_internal_msgs/share/autoware_internal_msgs/cmake/autoware_internal_msgsConfig.cmake
-- Symlinking: /mnt/hdd/autonomy/ws/Carla-autoware_interface/deps_ws/install/autoware_internal_msgs/share/autoware_internal_msgs/cmake/autoware_internal_msgsConfig-version.cmake
-- Symlinking: /mnt/hdd/autonomy/ws/Carla-autoware_interface/deps_ws/install/autoware_internal_msgs/share/autoware_internal_msgs/package.xml
-- Installing: /mnt/hdd/autonomy/ws/Carla-autoware_interface/deps_ws/install/autoware_internal_msgs/lib/libautoware_internal_msgs__rosidl_generator_c.so
-- Set runtime path of "/mnt/hdd/autonomy/ws/Carla-autoware_interface/deps_ws/install/autoware_internal_msgs/lib/libautoware_internal_msgs__rosidl_generator_c.so" to ""
-- Installing: /mnt/hdd/autonomy/ws/Carla-autoware_interface/deps_ws/install/autoware_internal_msgs/lib/libautoware_internal_msgs__rosidl_typesupport_fastrtps_c.so
-- Set runtime path of "/mnt/hdd/autonomy/ws/Carla-autoware_interface/deps_ws/install/autoware_internal_msgs/lib/libautoware_internal_msgs__rosidl_typesupport_fastrtps_c.so" to ""
-- Installing: /mnt/hdd/autonomy/ws/Carla-autoware_interface/deps_ws/install/autoware_internal_msgs/lib/libautoware_internal_msgs__rosidl_typesupport_fastrtps_cpp.so
-- Set runtime path of "/mnt/hdd/autonomy/ws/Carla-autoware_interface/deps_ws/install/autoware_internal_msgs/lib/libautoware_internal_msgs__rosidl_typesupport_fastrtps_cpp.so" to ""
-- Installing: /mnt/hdd/autonomy/ws/Carla-autoware_interface/deps_ws/install/autoware_internal_msgs/lib/libautoware_internal_msgs__rosidl_typesupport_introspection_c.so
-- Set runtime path of "/mnt/hdd/autonomy/ws/Carla-autoware_interface/deps_ws/install/autoware_internal_msgs/lib/libautoware_internal_msgs__rosidl_typesupport_introspection_c.so" to ""
-- Installing: /mnt/hdd/autonomy/ws/Carla-autoware_interface/deps_ws/install/autoware_internal_msgs/lib/libautoware_internal_msgs__rosidl_typesupport_c.so
-- Set runtime path of "/mnt/hdd/autonomy/ws/Carla-autoware_interface/deps_ws/install/autoware_internal_msgs/lib/libautoware_internal_msgs__rosidl_typesupport_c.so" to ""
-- Installing: /mnt/hdd/autonomy/ws/Carla-autoware_interface/deps_ws/install/autoware_internal_msgs/lib/libautoware_internal_msgs__rosidl_typesupport_introspection_cpp.so
-- Set runtime path of "/mnt/hdd/autonomy/ws/Carla-autoware_interface/deps_ws/install/autoware_internal_msgs/lib/libautoware_internal_msgs__rosidl_typesupport_introspection_cpp.so" to ""
-- Installing: /mnt/hdd/autonomy/ws/Carla-autoware_interface/deps_ws/install/autoware_internal_msgs/lib/libautoware_internal_msgs__rosidl_typesupport_cpp.so
-- Set runtime path of "/mnt/hdd/autonomy/ws/Carla-autoware_interface/deps_ws/install/autoware_internal_msgs/lib/libautoware_internal_msgs__rosidl_typesupport_cpp.so" to ""
Listing '/mnt/hdd/autonomy/ws/Carla-autoware_interface/deps_ws/install/autoware_internal_msgs/local/lib/python3.10/dist-packages/autoware_internal_msgs'...
Compiling '/mnt/hdd/autonomy/ws/Carla-autoware_interface/deps_ws/install/autoware_internal_msgs/local/lib/python3.10/dist-packages/autoware_internal_msgs/__init__.py'...
Listing '/mnt/hdd/autonomy/ws/Carla-autoware_interface/deps_ws/install/autoware_internal_msgs/local/lib/python3.10/dist-packages/autoware_internal_msgs/msg'...
Compiling '/mnt/hdd/autonomy/ws/Carla-autoware_interface/deps_ws/install/autoware_internal_msgs/local/lib/python3.10/dist-packages/autoware_internal_msgs/msg/__init__.py'...
Compiling '/mnt/hdd/autonomy/ws/Carla-autoware_interface/deps_ws/install/autoware_internal_msgs/local/lib/python3.10/dist-packages/autoware_internal_msgs/msg/_mission_remaining_distance_time.py'...
Compiling '/mnt/hdd/autonomy/ws/Carla-autoware_interface/deps_ws/install/autoware_internal_msgs/local/lib/python3.10/dist-packages/autoware_internal_msgs/msg/_published_time.py'...
Compiling '/mnt/hdd/autonomy/ws/Carla-autoware_interface/deps_ws/install/autoware_internal_msgs/local/lib/python3.10/dist-packages/autoware_internal_msgs/msg/_resource_usage_report.py'...
-- Installing: /mnt/hdd/autonomy/ws/Carla-autoware_interface/deps_ws/install/autoware_internal_msgs/lib/libautoware_internal_msgs__rosidl_generator_py.so
-- Set runtime path of "/mnt/hdd/autonomy/ws/Carla-autoware_interface/deps_ws/install/autoware_internal_msgs/lib/libautoware_internal_msgs__rosidl_generator_py.so" to ""
-- Installing: /mnt/hdd/autonomy/ws/Carla-autoware_interface/deps_ws/install/autoware_internal_msgs/share/autoware_internal_msgs/cmake/export_autoware_internal_msgs__rosidl_generator_cExport.cmake
-- Installing: /mnt/hdd/autonomy/ws/Carla-autoware_interface/deps_ws/install/autoware_internal_msgs/share/autoware_internal_msgs/cmake/export_autoware_internal_msgs__rosidl_generator_cExport-noconfig.cmake
-- Installing: /mnt/hdd/autonomy/ws/Carla-autoware_interface/deps_ws/install/autoware_internal_msgs/share/autoware_internal_msgs/cmake/export_autoware_internal_msgs__rosidl_typesupport_fastrtps_cExport.cmake
-- Installing: /mnt/hdd/autonomy/ws/Carla-autoware_interface/deps_ws/install/autoware_internal_msgs/share/autoware_internal_msgs/cmake/export_autoware_internal_msgs__rosidl_typesupport_fastrtps_cExport-noconfig.cmake
-- Installing: /mnt/hdd/autonomy/ws/Carla-autoware_interface/deps_ws/install/autoware_internal_msgs/share/autoware_internal_msgs/cmake/export_autoware_internal_msgs__rosidl_generator_cppExport.cmake
-- Installing: /mnt/hdd/autonomy/ws/Carla-autoware_interface/deps_ws/install/autoware_internal_msgs/share/autoware_internal_msgs/cmake/export_autoware_internal_msgs__rosidl_typesupport_fastrtps_cppExport.cmake
-- Installing: /mnt/hdd/autonomy/ws/Carla-autoware_interface/deps_ws/install/autoware_internal_msgs/share/autoware_internal_msgs/cmake/export_autoware_internal_msgs__rosidl_typesupport_fastrtps_cppExport-noconfig.cmake
-- Installing: /mnt/hdd/autonomy/ws/Carla-autoware_interface/deps_ws/install/autoware_internal_msgs/share/autoware_internal_msgs/cmake/autoware_internal_msgs__rosidl_typesupport_introspection_cExport.cmake
-- Installing: /mnt/hdd/autonomy/ws/Carla-autoware_interface/deps_ws/install/autoware_internal_msgs/share/autoware_internal_msgs/cmake/autoware_internal_msgs__rosidl_typesupport_introspection_cExport-noconfig.cmake
-- Installing: /mnt/hdd/autonomy/ws/Carla-autoware_interface/deps_ws/install/autoware_internal_msgs/share/autoware_internal_msgs/cmake/autoware_internal_msgs__rosidl_typesupport_cExport.cmake
-- Installing: /mnt/hdd/autonomy/ws/Carla-autoware_interface/deps_ws/install/autoware_internal_msgs/share/autoware_internal_msgs/cmake/autoware_internal_msgs__rosidl_typesupport_cExport-noconfig.cmake
-- Installing: /mnt/hdd/autonomy/ws/Carla-autoware_interface/deps_ws/install/autoware_internal_msgs/share/autoware_internal_msgs/cmake/autoware_internal_msgs__rosidl_typesupport_introspection_cppExport.cmake
-- Installing: /mnt/hdd/autonomy/ws/Carla-autoware_interface/deps_ws/install/autoware_internal_msgs/share/autoware_internal_msgs/cmake/autoware_internal_msgs__rosidl_typesupport_introspection_cppExport-noconfig.cmake
-- Installing: /mnt/hdd/autonomy/ws/Carla-autoware_interface/deps_ws/install/autoware_internal_msgs/share/autoware_internal_msgs/cmake/autoware_internal_msgs__rosidl_typesupport_cppExport.cmake
-- Installing: /mnt/hdd/autonomy/ws/Carla-autoware_interface/deps_ws/install/autoware_internal_msgs/share/autoware_internal_msgs/cmake/autoware_internal_msgs__rosidl_typesupport_cppExport-noconfig.cmake
-- Installing: /mnt/hdd/autonomy/ws/Carla-autoware_interface/deps_ws/install/autoware_internal_msgs/share/autoware_internal_msgs/cmake/export_autoware_internal_msgs__rosidl_generator_pyExport.cmake
-- Installing: /mnt/hdd/autonomy/ws/Carla-autoware_interface/deps_ws/install/autoware_internal_msgs/share/autoware_internal_msgs/cmake/export_autoware_internal_msgs__rosidl_generator_pyExport-noconfig.cmake
