[0.152s] Invoking command in '/mnt/hdd/autonomy/ws/Carla-autoware_interface/deps_ws/build/autoware_internal_msgs': AMENT_PREFIX_PATH=/mnt/hdd/autonomy/ws/Carla-autoware_interface/deps_ws/install/autoware_internal_planning_msgs:/mnt/hdd/autonomy/ws/Carla-autoware_interface/deps_ws/install/autoware_planning_msgs:/mnt/hdd/autonomy/ws/Carla-autoware_interface/deps_ws/install/autoware_internal_perception_msgs:/mnt/hdd/autonomy/ws/Carla-autoware_interface/deps_ws/install/autoware_perception_msgs:/mnt/hdd/autonomy/ws/Carla-autoware_interface/deps_ws/install/autoware_internal_metric_msgs:/mnt/hdd/autonomy/ws/Carla-autoware_interface/deps_ws/install/autoware_internal_debug_msgs:/mnt/hdd/autonomy/ws/Carla-autoware_interface/deps_ws/install/autoware_common_msgs:${AMENT_PREFIX_PATH} CMAKE_PREFIX_PATH=/mnt/hdd/autonomy/ws/Carla-autoware_interface/deps_ws/install/autoware_internal_planning_msgs:/mnt/hdd/autonomy/ws/Carla-autoware_interface/deps_ws/install/autoware_planning_msgs:/mnt/hdd/autonomy/ws/Carla-autoware_interface/deps_ws/install/autoware_internal_perception_msgs:/mnt/hdd/autonomy/ws/Carla-autoware_interface/deps_ws/install/autoware_perception_msgs:/mnt/hdd/autonomy/ws/Carla-autoware_interface/deps_ws/install/autoware_internal_metric_msgs:/mnt/hdd/autonomy/ws/Carla-autoware_interface/deps_ws/install/autoware_internal_debug_msgs:/mnt/hdd/autonomy/ws/Carla-autoware_interface/deps_ws/install/autoware_common_msgs:/mnt/hdd/autonomy/ws/Carla-autoware_interface/msg_ws/install/autoware_auto_msgs:/mnt/hdd/autonomy/ws/Carla-autoware_interface/msg_ws/install/autoware_auto_vehicle_msgs:/mnt/hdd/autonomy/ws/Carla-autoware_interface/msg_ws/install/autoware_auto_system_msgs:/mnt/hdd/autonomy/ws/Carla-autoware_interface/msg_ws/install/autoware_auto_planning_msgs:/mnt/hdd/autonomy/ws/Carla-autoware_interface/msg_ws/install/autoware_auto_perception_msgs:/mnt/hdd/autonomy/ws/Carla-autoware_interface/msg_ws/install/autoware_auto_mapping_msgs:/mnt/hdd/autonomy/ws/Carla-autoware_interface/msg_ws/install/autoware_auto_geometry_msgs:/mnt/hdd/autonomy/ws/Carla-autoware_interface/msg_ws/install/autoware_auto_control_msgs:/opt/ros/humble LD_LIBRARY_PATH=/mnt/hdd/autonomy/ws/Carla-autoware_interface/deps_ws/install/autoware_internal_planning_msgs/lib:/mnt/hdd/autonomy/ws/Carla-autoware_interface/deps_ws/install/autoware_planning_msgs/lib:/mnt/hdd/autonomy/ws/Carla-autoware_interface/deps_ws/install/autoware_internal_perception_msgs/lib:/mnt/hdd/autonomy/ws/Carla-autoware_interface/deps_ws/install/autoware_perception_msgs/lib:/mnt/hdd/autonomy/ws/Carla-autoware_interface/deps_ws/install/autoware_internal_metric_msgs/lib:/mnt/hdd/autonomy/ws/Carla-autoware_interface/deps_ws/install/autoware_internal_debug_msgs/lib:/mnt/hdd/autonomy/ws/Carla-autoware_interface/deps_ws/install/autoware_common_msgs/lib:${LD_LIBRARY_PATH} PYTHONPATH=/mnt/hdd/autonomy/ws/Carla-autoware_interface/deps_ws/install/autoware_internal_planning_msgs/local/lib/python3.10/dist-packages:/mnt/hdd/autonomy/ws/Carla-autoware_interface/deps_ws/install/autoware_planning_msgs/local/lib/python3.10/dist-packages:/mnt/hdd/autonomy/ws/Carla-autoware_interface/deps_ws/install/autoware_internal_perception_msgs/local/lib/python3.10/dist-packages:/mnt/hdd/autonomy/ws/Carla-autoware_interface/deps_ws/install/autoware_perception_msgs/local/lib/python3.10/dist-packages:/mnt/hdd/autonomy/ws/Carla-autoware_interface/deps_ws/install/autoware_internal_metric_msgs/local/lib/python3.10/dist-packages:/mnt/hdd/autonomy/ws/Carla-autoware_interface/deps_ws/install/autoware_internal_debug_msgs/local/lib/python3.10/dist-packages:/mnt/hdd/autonomy/ws/Carla-autoware_interface/deps_ws/install/autoware_common_msgs/local/lib/python3.10/dist-packages:${PYTHONPATH} /usr/bin/cmake /mnt/hdd/autonomy/ws/Carla-autoware_interface/deps_ws/src/autoware_internal_msgs/autoware_internal_msgs -DAMENT_CMAKE_SYMLINK_INSTALL=1 -DCMAKE_INSTALL_PREFIX=/mnt/hdd/autonomy/ws/Carla-autoware_interface/deps_ws/install/autoware_internal_msgs
[0.414s] -- The C compiler identification is GNU 11.4.0
[0.598s] -- The CXX compiler identification is GNU 11.4.0
[0.652s] -- Detecting C compiler ABI info
[1.001s] -- Detecting C compiler ABI info - done
[1.008s] -- Check for working C compiler: /usr/lib/ccache/gcc - skipped
[1.008s] -- Detecting C compile features
[1.008s] -- Detecting C compile features - done
[1.011s] -- Detecting CXX compiler ABI info
[1.439s] -- Detecting CXX compiler ABI info - done
[1.448s] -- Check for working CXX compiler: /usr/lib/ccache/g++ - skipped
[1.448s] -- Detecting CXX compile features
[1.452s] -- Detecting CXX compile features - done
[1.458s] -- Found ament_cmake_auto: 1.3.12 (/opt/ros/humble/share/ament_cmake_auto/cmake)
[1.951s] -- Found Python3: /usr/bin/python3 (found version "3.10.12") found components: Interpreter 
[2.117s] -- Override CMake install command with custom implementation using symlinks instead of copying resources
[2.458s] -- Found rosidl_generator_c: 3.1.8 (/opt/ros/humble/share/rosidl_generator_c/cmake)
[2.465s] -- Found rosidl_adapter: 3.1.8 (/opt/ros/humble/share/rosidl_adapter/cmake)
[2.478s] -- Found rosidl_generator_cpp: 3.1.8 (/opt/ros/humble/share/rosidl_generator_cpp/cmake)
[2.504s] -- Using all available rosidl_typesupport_c: rosidl_typesupport_fastrtps_c;rosidl_typesupport_introspection_c
[2.537s] -- Using all available rosidl_typesupport_cpp: rosidl_typesupport_fastrtps_cpp;rosidl_typesupport_introspection_cpp
[3.141s] -- Found ament_cmake_cppcheck: 0.12.14 (/opt/ros/humble/share/ament_cmake_cppcheck/cmake)
[3.145s] -- Found ament_cmake_cpplint: 0.12.14 (/opt/ros/humble/share/ament_cmake_cpplint/cmake)
[3.150s] -- Found ament_cmake_uncrustify: 0.12.14 (/opt/ros/humble/share/ament_cmake_uncrustify/cmake)
[3.158s] -- Found ament_cmake_ros: 0.10.0 (/opt/ros/humble/share/ament_cmake_ros/cmake)
[4.118s] -- Using all available rosidl_typesupport_c: rosidl_typesupport_fastrtps_c;rosidl_typesupport_introspection_c
[4.511s] -- Using all available rosidl_typesupport_cpp: rosidl_typesupport_fastrtps_cpp;rosidl_typesupport_introspection_cpp
[4.589s] -- Found PythonInterp: /usr/bin/python3 (found suitable version "3.10.12", minimum required is "3.6") 
[4.593s] -- Found python_cmake_module: 0.10.0 (/opt/ros/humble/share/python_cmake_module/cmake)
[4.686s] -- Found PythonLibs: /usr/lib/x86_64-linux-gnu/libpython3.10.so (found suitable version "3.10.12", minimum required is "3.5") 
[4.686s] -- Using PYTHON_EXECUTABLE: /usr/bin/python3
[4.686s] -- Using PYTHON_INCLUDE_DIRS: /usr/include/python3.10
[4.686s] -- Using PYTHON_LIBRARIES: /usr/lib/x86_64-linux-gnu/libpython3.10.so
[4.779s] -- Found PythonExtra: .so  
[4.912s] -- Found ament_cmake_flake8: 0.12.14 (/opt/ros/humble/share/ament_cmake_flake8/cmake)
[4.920s] -- Found ament_cmake_pep257: 0.12.14 (/opt/ros/humble/share/ament_cmake_pep257/cmake)
[4.949s] -- Configuring done
[4.991s] -- Generating done
[5.002s] -- Build files have been written to: /mnt/hdd/autonomy/ws/Carla-autoware_interface/deps_ws/build/autoware_internal_msgs
[5.014s] Invoked command in '/mnt/hdd/autonomy/ws/Carla-autoware_interface/deps_ws/build/autoware_internal_msgs' returned '0': AMENT_PREFIX_PATH=/mnt/hdd/autonomy/ws/Carla-autoware_interface/deps_ws/install/autoware_internal_planning_msgs:/mnt/hdd/autonomy/ws/Carla-autoware_interface/deps_ws/install/autoware_planning_msgs:/mnt/hdd/autonomy/ws/Carla-autoware_interface/deps_ws/install/autoware_internal_perception_msgs:/mnt/hdd/autonomy/ws/Carla-autoware_interface/deps_ws/install/autoware_perception_msgs:/mnt/hdd/autonomy/ws/Carla-autoware_interface/deps_ws/install/autoware_internal_metric_msgs:/mnt/hdd/autonomy/ws/Carla-autoware_interface/deps_ws/install/autoware_internal_debug_msgs:/mnt/hdd/autonomy/ws/Carla-autoware_interface/deps_ws/install/autoware_common_msgs:${AMENT_PREFIX_PATH} CMAKE_PREFIX_PATH=/mnt/hdd/autonomy/ws/Carla-autoware_interface/deps_ws/install/autoware_internal_planning_msgs:/mnt/hdd/autonomy/ws/Carla-autoware_interface/deps_ws/install/autoware_planning_msgs:/mnt/hdd/autonomy/ws/Carla-autoware_interface/deps_ws/install/autoware_internal_perception_msgs:/mnt/hdd/autonomy/ws/Carla-autoware_interface/deps_ws/install/autoware_perception_msgs:/mnt/hdd/autonomy/ws/Carla-autoware_interface/deps_ws/install/autoware_internal_metric_msgs:/mnt/hdd/autonomy/ws/Carla-autoware_interface/deps_ws/install/autoware_internal_debug_msgs:/mnt/hdd/autonomy/ws/Carla-autoware_interface/deps_ws/install/autoware_common_msgs:/mnt/hdd/autonomy/ws/Carla-autoware_interface/msg_ws/install/autoware_auto_msgs:/mnt/hdd/autonomy/ws/Carla-autoware_interface/msg_ws/install/autoware_auto_vehicle_msgs:/mnt/hdd/autonomy/ws/Carla-autoware_interface/msg_ws/install/autoware_auto_system_msgs:/mnt/hdd/autonomy/ws/Carla-autoware_interface/msg_ws/install/autoware_auto_planning_msgs:/mnt/hdd/autonomy/ws/Carla-autoware_interface/msg_ws/install/autoware_auto_perception_msgs:/mnt/hdd/autonomy/ws/Carla-autoware_interface/msg_ws/install/autoware_auto_mapping_msgs:/mnt/hdd/autonomy/ws/Carla-autoware_interface/msg_ws/install/autoware_auto_geometry_msgs:/mnt/hdd/autonomy/ws/Carla-autoware_interface/msg_ws/install/autoware_auto_control_msgs:/opt/ros/humble LD_LIBRARY_PATH=/mnt/hdd/autonomy/ws/Carla-autoware_interface/deps_ws/install/autoware_internal_planning_msgs/lib:/mnt/hdd/autonomy/ws/Carla-autoware_interface/deps_ws/install/autoware_planning_msgs/lib:/mnt/hdd/autonomy/ws/Carla-autoware_interface/deps_ws/install/autoware_internal_perception_msgs/lib:/mnt/hdd/autonomy/ws/Carla-autoware_interface/deps_ws/install/autoware_perception_msgs/lib:/mnt/hdd/autonomy/ws/Carla-autoware_interface/deps_ws/install/autoware_internal_metric_msgs/lib:/mnt/hdd/autonomy/ws/Carla-autoware_interface/deps_ws/install/autoware_internal_debug_msgs/lib:/mnt/hdd/autonomy/ws/Carla-autoware_interface/deps_ws/install/autoware_common_msgs/lib:${LD_LIBRARY_PATH} PYTHONPATH=/mnt/hdd/autonomy/ws/Carla-autoware_interface/deps_ws/install/autoware_internal_planning_msgs/local/lib/python3.10/dist-packages:/mnt/hdd/autonomy/ws/Carla-autoware_interface/deps_ws/install/autoware_planning_msgs/local/lib/python3.10/dist-packages:/mnt/hdd/autonomy/ws/Carla-autoware_interface/deps_ws/install/autoware_internal_perception_msgs/local/lib/python3.10/dist-packages:/mnt/hdd/autonomy/ws/Carla-autoware_interface/deps_ws/install/autoware_perception_msgs/local/lib/python3.10/dist-packages:/mnt/hdd/autonomy/ws/Carla-autoware_interface/deps_ws/install/autoware_internal_metric_msgs/local/lib/python3.10/dist-packages:/mnt/hdd/autonomy/ws/Carla-autoware_interface/deps_ws/install/autoware_internal_debug_msgs/local/lib/python3.10/dist-packages:/mnt/hdd/autonomy/ws/Carla-autoware_interface/deps_ws/install/autoware_common_msgs/local/lib/python3.10/dist-packages:${PYTHONPATH} /usr/bin/cmake /mnt/hdd/autonomy/ws/Carla-autoware_interface/deps_ws/src/autoware_internal_msgs/autoware_internal_msgs -DAMENT_CMAKE_SYMLINK_INSTALL=1 -DCMAKE_INSTALL_PREFIX=/mnt/hdd/autonomy/ws/Carla-autoware_interface/deps_ws/install/autoware_internal_msgs
[5.017s] Invoking command in '/mnt/hdd/autonomy/ws/Carla-autoware_interface/deps_ws/build/autoware_internal_msgs': AMENT_PREFIX_PATH=/mnt/hdd/autonomy/ws/Carla-autoware_interface/deps_ws/install/autoware_internal_planning_msgs:/mnt/hdd/autonomy/ws/Carla-autoware_interface/deps_ws/install/autoware_planning_msgs:/mnt/hdd/autonomy/ws/Carla-autoware_interface/deps_ws/install/autoware_internal_perception_msgs:/mnt/hdd/autonomy/ws/Carla-autoware_interface/deps_ws/install/autoware_perception_msgs:/mnt/hdd/autonomy/ws/Carla-autoware_interface/deps_ws/install/autoware_internal_metric_msgs:/mnt/hdd/autonomy/ws/Carla-autoware_interface/deps_ws/install/autoware_internal_debug_msgs:/mnt/hdd/autonomy/ws/Carla-autoware_interface/deps_ws/install/autoware_common_msgs:${AMENT_PREFIX_PATH} CMAKE_PREFIX_PATH=/mnt/hdd/autonomy/ws/Carla-autoware_interface/deps_ws/install/autoware_internal_planning_msgs:/mnt/hdd/autonomy/ws/Carla-autoware_interface/deps_ws/install/autoware_planning_msgs:/mnt/hdd/autonomy/ws/Carla-autoware_interface/deps_ws/install/autoware_internal_perception_msgs:/mnt/hdd/autonomy/ws/Carla-autoware_interface/deps_ws/install/autoware_perception_msgs:/mnt/hdd/autonomy/ws/Carla-autoware_interface/deps_ws/install/autoware_internal_metric_msgs:/mnt/hdd/autonomy/ws/Carla-autoware_interface/deps_ws/install/autoware_internal_debug_msgs:/mnt/hdd/autonomy/ws/Carla-autoware_interface/deps_ws/install/autoware_common_msgs:/mnt/hdd/autonomy/ws/Carla-autoware_interface/msg_ws/install/autoware_auto_msgs:/mnt/hdd/autonomy/ws/Carla-autoware_interface/msg_ws/install/autoware_auto_vehicle_msgs:/mnt/hdd/autonomy/ws/Carla-autoware_interface/msg_ws/install/autoware_auto_system_msgs:/mnt/hdd/autonomy/ws/Carla-autoware_interface/msg_ws/install/autoware_auto_planning_msgs:/mnt/hdd/autonomy/ws/Carla-autoware_interface/msg_ws/install/autoware_auto_perception_msgs:/mnt/hdd/autonomy/ws/Carla-autoware_interface/msg_ws/install/autoware_auto_mapping_msgs:/mnt/hdd/autonomy/ws/Carla-autoware_interface/msg_ws/install/autoware_auto_geometry_msgs:/mnt/hdd/autonomy/ws/Carla-autoware_interface/msg_ws/install/autoware_auto_control_msgs:/opt/ros/humble LD_LIBRARY_PATH=/mnt/hdd/autonomy/ws/Carla-autoware_interface/deps_ws/install/autoware_internal_planning_msgs/lib:/mnt/hdd/autonomy/ws/Carla-autoware_interface/deps_ws/install/autoware_planning_msgs/lib:/mnt/hdd/autonomy/ws/Carla-autoware_interface/deps_ws/install/autoware_internal_perception_msgs/lib:/mnt/hdd/autonomy/ws/Carla-autoware_interface/deps_ws/install/autoware_perception_msgs/lib:/mnt/hdd/autonomy/ws/Carla-autoware_interface/deps_ws/install/autoware_internal_metric_msgs/lib:/mnt/hdd/autonomy/ws/Carla-autoware_interface/deps_ws/install/autoware_internal_debug_msgs/lib:/mnt/hdd/autonomy/ws/Carla-autoware_interface/deps_ws/install/autoware_common_msgs/lib:${LD_LIBRARY_PATH} PYTHONPATH=/mnt/hdd/autonomy/ws/Carla-autoware_interface/deps_ws/install/autoware_internal_planning_msgs/local/lib/python3.10/dist-packages:/mnt/hdd/autonomy/ws/Carla-autoware_interface/deps_ws/install/autoware_planning_msgs/local/lib/python3.10/dist-packages:/mnt/hdd/autonomy/ws/Carla-autoware_interface/deps_ws/install/autoware_internal_perception_msgs/local/lib/python3.10/dist-packages:/mnt/hdd/autonomy/ws/Carla-autoware_interface/deps_ws/install/autoware_perception_msgs/local/lib/python3.10/dist-packages:/mnt/hdd/autonomy/ws/Carla-autoware_interface/deps_ws/install/autoware_internal_metric_msgs/local/lib/python3.10/dist-packages:/mnt/hdd/autonomy/ws/Carla-autoware_interface/deps_ws/install/autoware_internal_debug_msgs/local/lib/python3.10/dist-packages:/mnt/hdd/autonomy/ws/Carla-autoware_interface/deps_ws/install/autoware_common_msgs/local/lib/python3.10/dist-packages:${PYTHONPATH} /usr/bin/cmake --build /mnt/hdd/autonomy/ws/Carla-autoware_interface/deps_ws/build/autoware_internal_msgs -- -j16 -l16
[5.471s] [  2%] Generating C++ code for ROS interfaces
[7.238s] [  2%] Built target autoware_internal_msgs__cpp
[7.457s] [  2%] Built target ament_cmake_python_symlink_autoware_internal_msgs
[7.557s] [  4%] Generating C++ introspection for ROS interfaces
[8.551s] [  6%] Building CXX object CMakeFiles/autoware_internal_msgs__rosidl_typesupport_introspection_cpp.dir/rosidl_typesupport_introspection_cpp/autoware_internal_msgs/msg/detail/published_time__type_support.cpp.o
[9.180s] [  8%] Building CXX object CMakeFiles/autoware_internal_msgs__rosidl_typesupport_introspection_cpp.dir/rosidl_typesupport_introspection_cpp/autoware_internal_msgs/msg/detail/resource_usage_report__type_support.cpp.o
[9.829s] [ 10%] Building CXX object CMakeFiles/autoware_internal_msgs__rosidl_typesupport_introspection_cpp.dir/rosidl_typesupport_introspection_cpp/autoware_internal_msgs/msg/detail/mission_remaining_distance_time__type_support.cpp.o
[10.426s] [ 12%] Linking CXX shared library libautoware_internal_msgs__rosidl_typesupport_introspection_cpp.so
[10.701s] [ 12%] Built target autoware_internal_msgs__rosidl_typesupport_introspection_cpp
[11.300s] running egg_info
[11.301s] creating autoware_internal_msgs.egg-info
[11.301s] writing autoware_internal_msgs.egg-info/PKG-INFO
[11.301s] writing dependency_links to autoware_internal_msgs.egg-info/dependency_links.txt
[11.301s] writing top-level names to autoware_internal_msgs.egg-info/top_level.txt
[11.301s] writing manifest file 'autoware_internal_msgs.egg-info/SOURCES.txt'
[11.304s] reading manifest file 'autoware_internal_msgs.egg-info/SOURCES.txt'
[11.306s] writing manifest file 'autoware_internal_msgs.egg-info/SOURCES.txt'
[11.421s] [ 12%] Built target ament_cmake_python_build_autoware_internal_msgs_egg
[11.524s] [ 14%] Generating C++ type support for eProsima Fast-RTPS
[12.820s] [ 17%] Building CXX object CMakeFiles/autoware_internal_msgs__rosidl_typesupport_fastrtps_cpp.dir/rosidl_typesupport_fastrtps_cpp/autoware_internal_msgs/msg/detail/dds_fastrtps/published_time__type_support.cpp.o
[13.441s] [ 19%] Building CXX object CMakeFiles/autoware_internal_msgs__rosidl_typesupport_fastrtps_cpp.dir/rosidl_typesupport_fastrtps_cpp/autoware_internal_msgs/msg/detail/dds_fastrtps/resource_usage_report__type_support.cpp.o
[14.153s] [ 21%] Building CXX object CMakeFiles/autoware_internal_msgs__rosidl_typesupport_fastrtps_cpp.dir/rosidl_typesupport_fastrtps_cpp/autoware_internal_msgs/msg/detail/dds_fastrtps/mission_remaining_distance_time__type_support.cpp.o
[14.808s] [ 23%] Linking CXX shared library libautoware_internal_msgs__rosidl_typesupport_fastrtps_cpp.so
[15.113s] [ 23%] Built target autoware_internal_msgs__rosidl_typesupport_fastrtps_cpp
[15.199s] [ 25%] Generating C++ type support dispatch for ROS interfaces
[16.018s] [ 27%] Building CXX object CMakeFiles/autoware_internal_msgs__rosidl_typesupport_cpp.dir/rosidl_typesupport_cpp/autoware_internal_msgs/msg/published_time__type_support.cpp.o
[16.476s] [ 29%] Building CXX object CMakeFiles/autoware_internal_msgs__rosidl_typesupport_cpp.dir/rosidl_typesupport_cpp/autoware_internal_msgs/msg/resource_usage_report__type_support.cpp.o
[16.993s] [ 31%] Building CXX object CMakeFiles/autoware_internal_msgs__rosidl_typesupport_cpp.dir/rosidl_typesupport_cpp/autoware_internal_msgs/msg/mission_remaining_distance_time__type_support.cpp.o
[17.456s] [ 34%] Linking CXX shared library libautoware_internal_msgs__rosidl_typesupport_cpp.so
[17.679s] [ 34%] Built target autoware_internal_msgs__rosidl_typesupport_cpp
[17.792s] [ 36%] Generating C code for ROS interfaces
[19.463s] [ 38%] Building C object CMakeFiles/autoware_internal_msgs__rosidl_generator_c.dir/rosidl_generator_c/autoware_internal_msgs/msg/detail/published_time__functions.c.o
[19.641s] [ 40%] Building C object CMakeFiles/autoware_internal_msgs__rosidl_generator_c.dir/rosidl_generator_c/autoware_internal_msgs/msg/detail/resource_usage_report__functions.c.o
[19.851s] [ 42%] Building C object CMakeFiles/autoware_internal_msgs__rosidl_generator_c.dir/rosidl_generator_c/autoware_internal_msgs/msg/detail/mission_remaining_distance_time__functions.c.o
[20.040s] [ 44%] Linking C shared library libautoware_internal_msgs__rosidl_generator_c.so
[20.238s] [ 44%] Built target autoware_internal_msgs__rosidl_generator_c
[20.328s] [ 46%] Generating C type support for eProsima Fast-RTPS
[21.417s] [ 48%] Building CXX object CMakeFiles/autoware_internal_msgs__rosidl_typesupport_fastrtps_c.dir/rosidl_typesupport_fastrtps_c/autoware_internal_msgs/msg/detail/published_time__type_support_c.cpp.o
[22.010s] [ 51%] Building CXX object CMakeFiles/autoware_internal_msgs__rosidl_typesupport_fastrtps_c.dir/rosidl_typesupport_fastrtps_c/autoware_internal_msgs/msg/detail/resource_usage_report__type_support_c.cpp.o
[22.602s] [ 53%] Building CXX object CMakeFiles/autoware_internal_msgs__rosidl_typesupport_fastrtps_c.dir/rosidl_typesupport_fastrtps_c/autoware_internal_msgs/msg/detail/mission_remaining_distance_time__type_support_c.cpp.o
[23.161s] [ 55%] Linking CXX shared library libautoware_internal_msgs__rosidl_typesupport_fastrtps_c.so
[23.461s] [ 55%] Built target autoware_internal_msgs__rosidl_typesupport_fastrtps_c
[23.542s] [ 57%] Generating C type support dispatch for ROS interfaces
[24.338s] [ 59%] Building CXX object CMakeFiles/autoware_internal_msgs__rosidl_typesupport_c.dir/rosidl_typesupport_c/autoware_internal_msgs/msg/published_time__type_support.cpp.o
[24.484s] [ 61%] Building CXX object CMakeFiles/autoware_internal_msgs__rosidl_typesupport_c.dir/rosidl_typesupport_c/autoware_internal_msgs/msg/resource_usage_report__type_support.cpp.o
[24.626s] [ 63%] Building CXX object CMakeFiles/autoware_internal_msgs__rosidl_typesupport_c.dir/rosidl_typesupport_c/autoware_internal_msgs/msg/mission_remaining_distance_time__type_support.cpp.o
[24.784s] [ 65%] Linking CXX shared library libautoware_internal_msgs__rosidl_typesupport_c.so
[25.012s] [ 65%] Built target autoware_internal_msgs__rosidl_typesupport_c
[25.112s] [ 68%] Generating C introspection for ROS interfaces
[26.078s] [ 70%] Building C object CMakeFiles/autoware_internal_msgs__rosidl_typesupport_introspection_c.dir/rosidl_typesupport_introspection_c/autoware_internal_msgs/msg/detail/published_time__type_support.c.o
[26.218s] [ 72%] Building C object CMakeFiles/autoware_internal_msgs__rosidl_typesupport_introspection_c.dir/rosidl_typesupport_introspection_c/autoware_internal_msgs/msg/detail/resource_usage_report__type_support.c.o
[26.370s] [ 74%] Building C object CMakeFiles/autoware_internal_msgs__rosidl_typesupport_introspection_c.dir/rosidl_typesupport_introspection_c/autoware_internal_msgs/msg/detail/mission_remaining_distance_time__type_support.c.o
[26.511s] [ 76%] Linking C shared library libautoware_internal_msgs__rosidl_typesupport_introspection_c.so
[26.686s] [ 76%] Built target autoware_internal_msgs__rosidl_typesupport_introspection_c
[26.838s] [ 76%] Built target autoware_internal_msgs
[27.051s] [ 78%] Generating Python code for ROS interfaces
[28.557s] [ 78%] Built target autoware_internal_msgs__py
[28.737s] [ 80%] Building C object CMakeFiles/autoware_internal_msgs__rosidl_generator_py.dir/rosidl_generator_py/autoware_internal_msgs/msg/_published_time_s.c.o
[29.016s] [ 82%] Building C object CMakeFiles/autoware_internal_msgs__rosidl_generator_py.dir/rosidl_generator_py/autoware_internal_msgs/msg/_resource_usage_report_s.c.o
[29.226s] [ 85%] Building C object CMakeFiles/autoware_internal_msgs__rosidl_generator_py.dir/rosidl_generator_py/autoware_internal_msgs/msg/_mission_remaining_distance_time_s.c.o
[29.468s] [ 87%] Linking C shared library rosidl_generator_py/autoware_internal_msgs/libautoware_internal_msgs__rosidl_generator_py.so
[29.690s] [ 87%] Built target autoware_internal_msgs__rosidl_generator_py
[29.889s] [ 89%] Building C object CMakeFiles/autoware_internal_msgs__rosidl_typesupport_fastrtps_c__pyext.dir/rosidl_generator_py/autoware_internal_msgs/_autoware_internal_msgs_s.ep.rosidl_typesupport_fastrtps_c.c.o
[30.161s] [ 91%] Linking C shared library rosidl_generator_py/autoware_internal_msgs/autoware_internal_msgs_s__rosidl_typesupport_fastrtps_c.cpython-310-x86_64-linux-gnu.so
[30.387s] [ 91%] Built target autoware_internal_msgs__rosidl_typesupport_fastrtps_c__pyext
[30.554s] [ 93%] Building C object CMakeFiles/autoware_internal_msgs__rosidl_typesupport_c__pyext.dir/rosidl_generator_py/autoware_internal_msgs/_autoware_internal_msgs_s.ep.rosidl_typesupport_c.c.o
[30.877s] [ 95%] Linking C shared library rosidl_generator_py/autoware_internal_msgs/autoware_internal_msgs_s__rosidl_typesupport_c.cpython-310-x86_64-linux-gnu.so
[31.044s] [ 95%] Built target autoware_internal_msgs__rosidl_typesupport_c__pyext
[31.201s] [ 97%] Building C object CMakeFiles/autoware_internal_msgs__rosidl_typesupport_introspection_c__pyext.dir/rosidl_generator_py/autoware_internal_msgs/_autoware_internal_msgs_s.ep.rosidl_typesupport_introspection_c.c.o
[31.472s] [100%] Linking C shared library rosidl_generator_py/autoware_internal_msgs/autoware_internal_msgs_s__rosidl_typesupport_introspection_c.cpython-310-x86_64-linux-gnu.so
[31.712s] [100%] Built target autoware_internal_msgs__rosidl_typesupport_introspection_c__pyext
[31.759s] Invoked command in '/mnt/hdd/autonomy/ws/Carla-autoware_interface/deps_ws/build/autoware_internal_msgs' returned '0': AMENT_PREFIX_PATH=/mnt/hdd/autonomy/ws/Carla-autoware_interface/deps_ws/install/autoware_internal_planning_msgs:/mnt/hdd/autonomy/ws/Carla-autoware_interface/deps_ws/install/autoware_planning_msgs:/mnt/hdd/autonomy/ws/Carla-autoware_interface/deps_ws/install/autoware_internal_perception_msgs:/mnt/hdd/autonomy/ws/Carla-autoware_interface/deps_ws/install/autoware_perception_msgs:/mnt/hdd/autonomy/ws/Carla-autoware_interface/deps_ws/install/autoware_internal_metric_msgs:/mnt/hdd/autonomy/ws/Carla-autoware_interface/deps_ws/install/autoware_internal_debug_msgs:/mnt/hdd/autonomy/ws/Carla-autoware_interface/deps_ws/install/autoware_common_msgs:${AMENT_PREFIX_PATH} CMAKE_PREFIX_PATH=/mnt/hdd/autonomy/ws/Carla-autoware_interface/deps_ws/install/autoware_internal_planning_msgs:/mnt/hdd/autonomy/ws/Carla-autoware_interface/deps_ws/install/autoware_planning_msgs:/mnt/hdd/autonomy/ws/Carla-autoware_interface/deps_ws/install/autoware_internal_perception_msgs:/mnt/hdd/autonomy/ws/Carla-autoware_interface/deps_ws/install/autoware_perception_msgs:/mnt/hdd/autonomy/ws/Carla-autoware_interface/deps_ws/install/autoware_internal_metric_msgs:/mnt/hdd/autonomy/ws/Carla-autoware_interface/deps_ws/install/autoware_internal_debug_msgs:/mnt/hdd/autonomy/ws/Carla-autoware_interface/deps_ws/install/autoware_common_msgs:/mnt/hdd/autonomy/ws/Carla-autoware_interface/msg_ws/install/autoware_auto_msgs:/mnt/hdd/autonomy/ws/Carla-autoware_interface/msg_ws/install/autoware_auto_vehicle_msgs:/mnt/hdd/autonomy/ws/Carla-autoware_interface/msg_ws/install/autoware_auto_system_msgs:/mnt/hdd/autonomy/ws/Carla-autoware_interface/msg_ws/install/autoware_auto_planning_msgs:/mnt/hdd/autonomy/ws/Carla-autoware_interface/msg_ws/install/autoware_auto_perception_msgs:/mnt/hdd/autonomy/ws/Carla-autoware_interface/msg_ws/install/autoware_auto_mapping_msgs:/mnt/hdd/autonomy/ws/Carla-autoware_interface/msg_ws/install/autoware_auto_geometry_msgs:/mnt/hdd/autonomy/ws/Carla-autoware_interface/msg_ws/install/autoware_auto_control_msgs:/opt/ros/humble LD_LIBRARY_PATH=/mnt/hdd/autonomy/ws/Carla-autoware_interface/deps_ws/install/autoware_internal_planning_msgs/lib:/mnt/hdd/autonomy/ws/Carla-autoware_interface/deps_ws/install/autoware_planning_msgs/lib:/mnt/hdd/autonomy/ws/Carla-autoware_interface/deps_ws/install/autoware_internal_perception_msgs/lib:/mnt/hdd/autonomy/ws/Carla-autoware_interface/deps_ws/install/autoware_perception_msgs/lib:/mnt/hdd/autonomy/ws/Carla-autoware_interface/deps_ws/install/autoware_internal_metric_msgs/lib:/mnt/hdd/autonomy/ws/Carla-autoware_interface/deps_ws/install/autoware_internal_debug_msgs/lib:/mnt/hdd/autonomy/ws/Carla-autoware_interface/deps_ws/install/autoware_common_msgs/lib:${LD_LIBRARY_PATH} PYTHONPATH=/mnt/hdd/autonomy/ws/Carla-autoware_interface/deps_ws/install/autoware_internal_planning_msgs/local/lib/python3.10/dist-packages:/mnt/hdd/autonomy/ws/Carla-autoware_interface/deps_ws/install/autoware_planning_msgs/local/lib/python3.10/dist-packages:/mnt/hdd/autonomy/ws/Carla-autoware_interface/deps_ws/install/autoware_internal_perception_msgs/local/lib/python3.10/dist-packages:/mnt/hdd/autonomy/ws/Carla-autoware_interface/deps_ws/install/autoware_perception_msgs/local/lib/python3.10/dist-packages:/mnt/hdd/autonomy/ws/Carla-autoware_interface/deps_ws/install/autoware_internal_metric_msgs/local/lib/python3.10/dist-packages:/mnt/hdd/autonomy/ws/Carla-autoware_interface/deps_ws/install/autoware_internal_debug_msgs/local/lib/python3.10/dist-packages:/mnt/hdd/autonomy/ws/Carla-autoware_interface/deps_ws/install/autoware_common_msgs/local/lib/python3.10/dist-packages:${PYTHONPATH} /usr/bin/cmake --build /mnt/hdd/autonomy/ws/Carla-autoware_interface/deps_ws/build/autoware_internal_msgs -- -j16 -l16
[31.761s] Invoking command in '/mnt/hdd/autonomy/ws/Carla-autoware_interface/deps_ws/build/autoware_internal_msgs': AMENT_PREFIX_PATH=/mnt/hdd/autonomy/ws/Carla-autoware_interface/deps_ws/install/autoware_internal_planning_msgs:/mnt/hdd/autonomy/ws/Carla-autoware_interface/deps_ws/install/autoware_planning_msgs:/mnt/hdd/autonomy/ws/Carla-autoware_interface/deps_ws/install/autoware_internal_perception_msgs:/mnt/hdd/autonomy/ws/Carla-autoware_interface/deps_ws/install/autoware_perception_msgs:/mnt/hdd/autonomy/ws/Carla-autoware_interface/deps_ws/install/autoware_internal_metric_msgs:/mnt/hdd/autonomy/ws/Carla-autoware_interface/deps_ws/install/autoware_internal_debug_msgs:/mnt/hdd/autonomy/ws/Carla-autoware_interface/deps_ws/install/autoware_common_msgs:${AMENT_PREFIX_PATH} CMAKE_PREFIX_PATH=/mnt/hdd/autonomy/ws/Carla-autoware_interface/deps_ws/install/autoware_internal_planning_msgs:/mnt/hdd/autonomy/ws/Carla-autoware_interface/deps_ws/install/autoware_planning_msgs:/mnt/hdd/autonomy/ws/Carla-autoware_interface/deps_ws/install/autoware_internal_perception_msgs:/mnt/hdd/autonomy/ws/Carla-autoware_interface/deps_ws/install/autoware_perception_msgs:/mnt/hdd/autonomy/ws/Carla-autoware_interface/deps_ws/install/autoware_internal_metric_msgs:/mnt/hdd/autonomy/ws/Carla-autoware_interface/deps_ws/install/autoware_internal_debug_msgs:/mnt/hdd/autonomy/ws/Carla-autoware_interface/deps_ws/install/autoware_common_msgs:/mnt/hdd/autonomy/ws/Carla-autoware_interface/msg_ws/install/autoware_auto_msgs:/mnt/hdd/autonomy/ws/Carla-autoware_interface/msg_ws/install/autoware_auto_vehicle_msgs:/mnt/hdd/autonomy/ws/Carla-autoware_interface/msg_ws/install/autoware_auto_system_msgs:/mnt/hdd/autonomy/ws/Carla-autoware_interface/msg_ws/install/autoware_auto_planning_msgs:/mnt/hdd/autonomy/ws/Carla-autoware_interface/msg_ws/install/autoware_auto_perception_msgs:/mnt/hdd/autonomy/ws/Carla-autoware_interface/msg_ws/install/autoware_auto_mapping_msgs:/mnt/hdd/autonomy/ws/Carla-autoware_interface/msg_ws/install/autoware_auto_geometry_msgs:/mnt/hdd/autonomy/ws/Carla-autoware_interface/msg_ws/install/autoware_auto_control_msgs:/opt/ros/humble LD_LIBRARY_PATH=/mnt/hdd/autonomy/ws/Carla-autoware_interface/deps_ws/install/autoware_internal_planning_msgs/lib:/mnt/hdd/autonomy/ws/Carla-autoware_interface/deps_ws/install/autoware_planning_msgs/lib:/mnt/hdd/autonomy/ws/Carla-autoware_interface/deps_ws/install/autoware_internal_perception_msgs/lib:/mnt/hdd/autonomy/ws/Carla-autoware_interface/deps_ws/install/autoware_perception_msgs/lib:/mnt/hdd/autonomy/ws/Carla-autoware_interface/deps_ws/install/autoware_internal_metric_msgs/lib:/mnt/hdd/autonomy/ws/Carla-autoware_interface/deps_ws/install/autoware_internal_debug_msgs/lib:/mnt/hdd/autonomy/ws/Carla-autoware_interface/deps_ws/install/autoware_common_msgs/lib:${LD_LIBRARY_PATH} PYTHONPATH=/mnt/hdd/autonomy/ws/Carla-autoware_interface/deps_ws/install/autoware_internal_planning_msgs/local/lib/python3.10/dist-packages:/mnt/hdd/autonomy/ws/Carla-autoware_interface/deps_ws/install/autoware_planning_msgs/local/lib/python3.10/dist-packages:/mnt/hdd/autonomy/ws/Carla-autoware_interface/deps_ws/install/autoware_internal_perception_msgs/local/lib/python3.10/dist-packages:/mnt/hdd/autonomy/ws/Carla-autoware_interface/deps_ws/install/autoware_perception_msgs/local/lib/python3.10/dist-packages:/mnt/hdd/autonomy/ws/Carla-autoware_interface/deps_ws/install/autoware_internal_metric_msgs/local/lib/python3.10/dist-packages:/mnt/hdd/autonomy/ws/Carla-autoware_interface/deps_ws/install/autoware_internal_debug_msgs/local/lib/python3.10/dist-packages:/mnt/hdd/autonomy/ws/Carla-autoware_interface/deps_ws/install/autoware_common_msgs/local/lib/python3.10/dist-packages:${PYTHONPATH} /usr/bin/cmake --install /mnt/hdd/autonomy/ws/Carla-autoware_interface/deps_ws/build/autoware_internal_msgs
[31.823s] -- Install configuration: ""
[31.823s] -- Execute custom install script
[31.823s] -- Symlinking: /mnt/hdd/autonomy/ws/Carla-autoware_interface/deps_ws/install/autoware_internal_msgs/share/ament_index/resource_index/rosidl_interfaces/autoware_internal_msgs
[31.882s] -- Symlinking: /mnt/hdd/autonomy/ws/Carla-autoware_interface/deps_ws/install/autoware_internal_msgs/include/autoware_internal_msgs/autoware_internal_msgs/msg/detail/mission_remaining_distance_time__functions.h
[31.934s] -- Symlinking: /mnt/hdd/autonomy/ws/Carla-autoware_interface/deps_ws/install/autoware_internal_msgs/include/autoware_internal_msgs/autoware_internal_msgs/msg/detail/mission_remaining_distance_time__struct.h
[32.005s] -- Symlinking: /mnt/hdd/autonomy/ws/Carla-autoware_interface/deps_ws/install/autoware_internal_msgs/include/autoware_internal_msgs/autoware_internal_msgs/msg/detail/mission_remaining_distance_time__type_support.h
[32.054s] -- Symlinking: /mnt/hdd/autonomy/ws/Carla-autoware_interface/deps_ws/install/autoware_internal_msgs/include/autoware_internal_msgs/autoware_internal_msgs/msg/detail/published_time__functions.h
[32.133s] -- Symlinking: /mnt/hdd/autonomy/ws/Carla-autoware_interface/deps_ws/install/autoware_internal_msgs/include/autoware_internal_msgs/autoware_internal_msgs/msg/detail/published_time__struct.h
[32.173s] -- Symlinking: /mnt/hdd/autonomy/ws/Carla-autoware_interface/deps_ws/install/autoware_internal_msgs/include/autoware_internal_msgs/autoware_internal_msgs/msg/detail/published_time__type_support.h
[32.216s] -- Symlinking: /mnt/hdd/autonomy/ws/Carla-autoware_interface/deps_ws/install/autoware_internal_msgs/include/autoware_internal_msgs/autoware_internal_msgs/msg/detail/resource_usage_report__functions.h
[32.282s] -- Symlinking: /mnt/hdd/autonomy/ws/Carla-autoware_interface/deps_ws/install/autoware_internal_msgs/include/autoware_internal_msgs/autoware_internal_msgs/msg/detail/resource_usage_report__struct.h
[32.324s] -- Symlinking: /mnt/hdd/autonomy/ws/Carla-autoware_interface/deps_ws/install/autoware_internal_msgs/include/autoware_internal_msgs/autoware_internal_msgs/msg/detail/resource_usage_report__type_support.h
[32.380s] -- Symlinking: /mnt/hdd/autonomy/ws/Carla-autoware_interface/deps_ws/install/autoware_internal_msgs/include/autoware_internal_msgs/autoware_internal_msgs/msg/mission_remaining_distance_time.h
[32.466s] -- Symlinking: /mnt/hdd/autonomy/ws/Carla-autoware_interface/deps_ws/install/autoware_internal_msgs/include/autoware_internal_msgs/autoware_internal_msgs/msg/published_time.h
[32.531s] -- Symlinking: /mnt/hdd/autonomy/ws/Carla-autoware_interface/deps_ws/install/autoware_internal_msgs/include/autoware_internal_msgs/autoware_internal_msgs/msg/resource_usage_report.h
[32.574s] -- Symlinking: /mnt/hdd/autonomy/ws/Carla-autoware_interface/deps_ws/install/autoware_internal_msgs/include/autoware_internal_msgs/autoware_internal_msgs/msg/rosidl_generator_c__visibility_control.h
[32.647s] -- Symlinking: /mnt/hdd/autonomy/ws/Carla-autoware_interface/deps_ws/install/autoware_internal_msgs/share/autoware_internal_msgs/environment/library_path.sh
[32.686s] -- Symlinking: /mnt/hdd/autonomy/ws/Carla-autoware_interface/deps_ws/install/autoware_internal_msgs/share/autoware_internal_msgs/environment/library_path.dsv
[32.767s] -- Symlinking: /mnt/hdd/autonomy/ws/Carla-autoware_interface/deps_ws/install/autoware_internal_msgs/include/autoware_internal_msgs/autoware_internal_msgs/msg/detail/mission_remaining_distance_time__rosidl_typesupport_fastrtps_c.h
[32.805s] -- Symlinking: /mnt/hdd/autonomy/ws/Carla-autoware_interface/deps_ws/install/autoware_internal_msgs/include/autoware_internal_msgs/autoware_internal_msgs/msg/detail/published_time__rosidl_typesupport_fastrtps_c.h
[32.874s] -- Symlinking: /mnt/hdd/autonomy/ws/Carla-autoware_interface/deps_ws/install/autoware_internal_msgs/include/autoware_internal_msgs/autoware_internal_msgs/msg/detail/resource_usage_report__rosidl_typesupport_fastrtps_c.h
[32.915s] -- Symlinking: /mnt/hdd/autonomy/ws/Carla-autoware_interface/deps_ws/install/autoware_internal_msgs/include/autoware_internal_msgs/autoware_internal_msgs/msg/rosidl_typesupport_fastrtps_c__visibility_control.h
[32.973s] -- Symlinking: /mnt/hdd/autonomy/ws/Carla-autoware_interface/deps_ws/install/autoware_internal_msgs/include/autoware_internal_msgs/autoware_internal_msgs/msg/detail/mission_remaining_distance_time__builder.hpp
[33.038s] -- Symlinking: /mnt/hdd/autonomy/ws/Carla-autoware_interface/deps_ws/install/autoware_internal_msgs/include/autoware_internal_msgs/autoware_internal_msgs/msg/detail/mission_remaining_distance_time__struct.hpp
[33.088s] -- Symlinking: /mnt/hdd/autonomy/ws/Carla-autoware_interface/deps_ws/install/autoware_internal_msgs/include/autoware_internal_msgs/autoware_internal_msgs/msg/detail/mission_remaining_distance_time__traits.hpp
[33.160s] -- Symlinking: /mnt/hdd/autonomy/ws/Carla-autoware_interface/deps_ws/install/autoware_internal_msgs/include/autoware_internal_msgs/autoware_internal_msgs/msg/detail/mission_remaining_distance_time__type_support.hpp
[33.218s] -- Symlinking: /mnt/hdd/autonomy/ws/Carla-autoware_interface/deps_ws/install/autoware_internal_msgs/include/autoware_internal_msgs/autoware_internal_msgs/msg/detail/published_time__builder.hpp
[33.261s] -- Symlinking: /mnt/hdd/autonomy/ws/Carla-autoware_interface/deps_ws/install/autoware_internal_msgs/include/autoware_internal_msgs/autoware_internal_msgs/msg/detail/published_time__struct.hpp
[33.319s] -- Symlinking: /mnt/hdd/autonomy/ws/Carla-autoware_interface/deps_ws/install/autoware_internal_msgs/include/autoware_internal_msgs/autoware_internal_msgs/msg/detail/published_time__traits.hpp
[33.373s] -- Symlinking: /mnt/hdd/autonomy/ws/Carla-autoware_interface/deps_ws/install/autoware_internal_msgs/include/autoware_internal_msgs/autoware_internal_msgs/msg/detail/published_time__type_support.hpp
[33.456s] -- Symlinking: /mnt/hdd/autonomy/ws/Carla-autoware_interface/deps_ws/install/autoware_internal_msgs/include/autoware_internal_msgs/autoware_internal_msgs/msg/detail/resource_usage_report__builder.hpp
[33.502s] -- Symlinking: /mnt/hdd/autonomy/ws/Carla-autoware_interface/deps_ws/install/autoware_internal_msgs/include/autoware_internal_msgs/autoware_internal_msgs/msg/detail/resource_usage_report__struct.hpp
[33.575s] -- Symlinking: /mnt/hdd/autonomy/ws/Carla-autoware_interface/deps_ws/install/autoware_internal_msgs/include/autoware_internal_msgs/autoware_internal_msgs/msg/detail/resource_usage_report__traits.hpp
[33.620s] -- Symlinking: /mnt/hdd/autonomy/ws/Carla-autoware_interface/deps_ws/install/autoware_internal_msgs/include/autoware_internal_msgs/autoware_internal_msgs/msg/detail/resource_usage_report__type_support.hpp
[33.696s] -- Symlinking: /mnt/hdd/autonomy/ws/Carla-autoware_interface/deps_ws/install/autoware_internal_msgs/include/autoware_internal_msgs/autoware_internal_msgs/msg/mission_remaining_distance_time.hpp
[33.749s] -- Symlinking: /mnt/hdd/autonomy/ws/Carla-autoware_interface/deps_ws/install/autoware_internal_msgs/include/autoware_internal_msgs/autoware_internal_msgs/msg/published_time.hpp
[33.820s] -- Symlinking: /mnt/hdd/autonomy/ws/Carla-autoware_interface/deps_ws/install/autoware_internal_msgs/include/autoware_internal_msgs/autoware_internal_msgs/msg/resource_usage_report.hpp
[33.871s] -- Symlinking: /mnt/hdd/autonomy/ws/Carla-autoware_interface/deps_ws/install/autoware_internal_msgs/include/autoware_internal_msgs/autoware_internal_msgs/msg/rosidl_generator_cpp__visibility_control.hpp
[33.948s] -- Symlinking: /mnt/hdd/autonomy/ws/Carla-autoware_interface/deps_ws/install/autoware_internal_msgs/include/autoware_internal_msgs/autoware_internal_msgs/msg/detail/mission_remaining_distance_time__rosidl_typesupport_fastrtps_cpp.hpp
[34.003s] -- Symlinking: /mnt/hdd/autonomy/ws/Carla-autoware_interface/deps_ws/install/autoware_internal_msgs/include/autoware_internal_msgs/autoware_internal_msgs/msg/detail/published_time__rosidl_typesupport_fastrtps_cpp.hpp
[34.073s] -- Symlinking: /mnt/hdd/autonomy/ws/Carla-autoware_interface/deps_ws/install/autoware_internal_msgs/include/autoware_internal_msgs/autoware_internal_msgs/msg/detail/resource_usage_report__rosidl_typesupport_fastrtps_cpp.hpp
[34.139s] -- Symlinking: /mnt/hdd/autonomy/ws/Carla-autoware_interface/deps_ws/install/autoware_internal_msgs/include/autoware_internal_msgs/autoware_internal_msgs/msg/rosidl_typesupport_fastrtps_cpp__visibility_control.h
[34.199s] -- Symlinking: /mnt/hdd/autonomy/ws/Carla-autoware_interface/deps_ws/install/autoware_internal_msgs/include/autoware_internal_msgs/autoware_internal_msgs/msg/detail/mission_remaining_distance_time__rosidl_typesupport_introspection_c.h
[34.273s] -- Symlinking: /mnt/hdd/autonomy/ws/Carla-autoware_interface/deps_ws/install/autoware_internal_msgs/include/autoware_internal_msgs/autoware_internal_msgs/msg/detail/published_time__rosidl_typesupport_introspection_c.h
[34.312s] -- Symlinking: /mnt/hdd/autonomy/ws/Carla-autoware_interface/deps_ws/install/autoware_internal_msgs/include/autoware_internal_msgs/autoware_internal_msgs/msg/detail/resource_usage_report__rosidl_typesupport_introspection_c.h
[34.379s] -- Symlinking: /mnt/hdd/autonomy/ws/Carla-autoware_interface/deps_ws/install/autoware_internal_msgs/include/autoware_internal_msgs/autoware_internal_msgs/msg/rosidl_typesupport_introspection_c__visibility_control.h
[34.428s] -- Symlinking: /mnt/hdd/autonomy/ws/Carla-autoware_interface/deps_ws/install/autoware_internal_msgs/include/autoware_internal_msgs/autoware_internal_msgs/msg/detail/mission_remaining_distance_time__rosidl_typesupport_introspection_cpp.hpp
[34.504s] -- Symlinking: /mnt/hdd/autonomy/ws/Carla-autoware_interface/deps_ws/install/autoware_internal_msgs/include/autoware_internal_msgs/autoware_internal_msgs/msg/detail/published_time__rosidl_typesupport_introspection_cpp.hpp
[34.559s] -- Symlinking: /mnt/hdd/autonomy/ws/Carla-autoware_interface/deps_ws/install/autoware_internal_msgs/include/autoware_internal_msgs/autoware_internal_msgs/msg/detail/resource_usage_report__rosidl_typesupport_introspection_cpp.hpp
[34.604s] -- Symlinking: /mnt/hdd/autonomy/ws/Carla-autoware_interface/deps_ws/install/autoware_internal_msgs/share/autoware_internal_msgs/environment/pythonpath.sh
[34.672s] -- Symlinking: /mnt/hdd/autonomy/ws/Carla-autoware_interface/deps_ws/install/autoware_internal_msgs/share/autoware_internal_msgs/environment/pythonpath.dsv
[34.732s] -- Symlinking: /mnt/hdd/autonomy/ws/Carla-autoware_interface/deps_ws/install/autoware_internal_msgs/local/lib/python3.10/dist-packages/autoware_internal_msgs-1.12.1-py3.10.egg-info/PKG-INFO
[34.810s] -- Symlinking: /mnt/hdd/autonomy/ws/Carla-autoware_interface/deps_ws/install/autoware_internal_msgs/local/lib/python3.10/dist-packages/autoware_internal_msgs-1.12.1-py3.10.egg-info/SOURCES.txt
[34.849s] -- Symlinking: /mnt/hdd/autonomy/ws/Carla-autoware_interface/deps_ws/install/autoware_internal_msgs/local/lib/python3.10/dist-packages/autoware_internal_msgs-1.12.1-py3.10.egg-info/dependency_links.txt
[34.935s] -- Symlinking: /mnt/hdd/autonomy/ws/Carla-autoware_interface/deps_ws/install/autoware_internal_msgs/local/lib/python3.10/dist-packages/autoware_internal_msgs-1.12.1-py3.10.egg-info/top_level.txt
[34.975s] -- Symlinking: /mnt/hdd/autonomy/ws/Carla-autoware_interface/deps_ws/install/autoware_internal_msgs/local/lib/python3.10/dist-packages/autoware_internal_msgs/__init__.py
[35.052s] -- Symlinking: /mnt/hdd/autonomy/ws/Carla-autoware_interface/deps_ws/install/autoware_internal_msgs/local/lib/python3.10/dist-packages/autoware_internal_msgs/_autoware_internal_msgs_s.ep.rosidl_typesupport_c.c
[35.097s] -- Symlinking: /mnt/hdd/autonomy/ws/Carla-autoware_interface/deps_ws/install/autoware_internal_msgs/local/lib/python3.10/dist-packages/autoware_internal_msgs/_autoware_internal_msgs_s.ep.rosidl_typesupport_fastrtps_c.c
[35.148s] -- Symlinking: /mnt/hdd/autonomy/ws/Carla-autoware_interface/deps_ws/install/autoware_internal_msgs/local/lib/python3.10/dist-packages/autoware_internal_msgs/_autoware_internal_msgs_s.ep.rosidl_typesupport_introspection_c.c
[35.235s] -- Symlinking: /mnt/hdd/autonomy/ws/Carla-autoware_interface/deps_ws/install/autoware_internal_msgs/local/lib/python3.10/dist-packages/autoware_internal_msgs/autoware_internal_msgs_s__rosidl_typesupport_c.cpython-310-x86_64-linux-gnu.so
[35.300s] -- Symlinking: /mnt/hdd/autonomy/ws/Carla-autoware_interface/deps_ws/install/autoware_internal_msgs/local/lib/python3.10/dist-packages/autoware_internal_msgs/autoware_internal_msgs_s__rosidl_typesupport_fastrtps_c.cpython-310-x86_64-linux-gnu.so
[35.388s] -- Symlinking: /mnt/hdd/autonomy/ws/Carla-autoware_interface/deps_ws/install/autoware_internal_msgs/local/lib/python3.10/dist-packages/autoware_internal_msgs/autoware_internal_msgs_s__rosidl_typesupport_introspection_c.cpython-310-x86_64-linux-gnu.so
[35.437s] -- Symlinking: /mnt/hdd/autonomy/ws/Carla-autoware_interface/deps_ws/install/autoware_internal_msgs/local/lib/python3.10/dist-packages/autoware_internal_msgs/libautoware_internal_msgs__rosidl_generator_py.so
[35.521s] -- Symlinking: /mnt/hdd/autonomy/ws/Carla-autoware_interface/deps_ws/install/autoware_internal_msgs/local/lib/python3.10/dist-packages/autoware_internal_msgs/msg/__init__.py
[35.560s] -- Symlinking: /mnt/hdd/autonomy/ws/Carla-autoware_interface/deps_ws/install/autoware_internal_msgs/local/lib/python3.10/dist-packages/autoware_internal_msgs/msg/_mission_remaining_distance_time.py
[35.646s] -- Symlinking: /mnt/hdd/autonomy/ws/Carla-autoware_interface/deps_ws/install/autoware_internal_msgs/local/lib/python3.10/dist-packages/autoware_internal_msgs/msg/_mission_remaining_distance_time_s.c
[35.688s] -- Symlinking: /mnt/hdd/autonomy/ws/Carla-autoware_interface/deps_ws/install/autoware_internal_msgs/local/lib/python3.10/dist-packages/autoware_internal_msgs/msg/_published_time.py
[35.752s] -- Symlinking: /mnt/hdd/autonomy/ws/Carla-autoware_interface/deps_ws/install/autoware_internal_msgs/local/lib/python3.10/dist-packages/autoware_internal_msgs/msg/_published_time_s.c
[35.809s] -- Symlinking: /mnt/hdd/autonomy/ws/Carla-autoware_interface/deps_ws/install/autoware_internal_msgs/local/lib/python3.10/dist-packages/autoware_internal_msgs/msg/_resource_usage_report.py
[35.876s] -- Symlinking: /mnt/hdd/autonomy/ws/Carla-autoware_interface/deps_ws/install/autoware_internal_msgs/local/lib/python3.10/dist-packages/autoware_internal_msgs/msg/_resource_usage_report_s.c
[35.955s] -- Up-to-date symlink: /mnt/hdd/autonomy/ws/Carla-autoware_interface/deps_ws/install/autoware_internal_msgs/local/lib/python3.10/dist-packages/autoware_internal_msgs/autoware_internal_msgs_s__rosidl_typesupport_fastrtps_c.cpython-310-x86_64-linux-gnu.so
[35.955s] -- Up-to-date symlink: /mnt/hdd/autonomy/ws/Carla-autoware_interface/deps_ws/install/autoware_internal_msgs/local/lib/python3.10/dist-packages/autoware_internal_msgs/autoware_internal_msgs_s__rosidl_typesupport_introspection_c.cpython-310-x86_64-linux-gnu.so
[35.955s] -- Up-to-date symlink: /mnt/hdd/autonomy/ws/Carla-autoware_interface/deps_ws/install/autoware_internal_msgs/local/lib/python3.10/dist-packages/autoware_internal_msgs/autoware_internal_msgs_s__rosidl_typesupport_c.cpython-310-x86_64-linux-gnu.so
[35.956s] -- Symlinking: /mnt/hdd/autonomy/ws/Carla-autoware_interface/deps_ws/install/autoware_internal_msgs/share/autoware_internal_msgs/msg/PublishedTime.idl
[36.020s] -- Symlinking: /mnt/hdd/autonomy/ws/Carla-autoware_interface/deps_ws/install/autoware_internal_msgs/share/autoware_internal_msgs/msg/MissionRemainingDistanceTime.idl
[36.096s] -- Symlinking: /mnt/hdd/autonomy/ws/Carla-autoware_interface/deps_ws/install/autoware_internal_msgs/share/autoware_internal_msgs/msg/ResourceUsageReport.idl
[36.145s] -- Symlinking: /mnt/hdd/autonomy/ws/Carla-autoware_interface/deps_ws/install/autoware_internal_msgs/share/autoware_internal_msgs/msg/PublishedTime.msg
[36.218s] -- Symlinking: /mnt/hdd/autonomy/ws/Carla-autoware_interface/deps_ws/install/autoware_internal_msgs/share/autoware_internal_msgs/msg/MissionRemainingDistanceTime.msg
[36.294s] -- Symlinking: /mnt/hdd/autonomy/ws/Carla-autoware_interface/deps_ws/install/autoware_internal_msgs/share/autoware_internal_msgs/msg/ResourceUsageReport.msg
[36.378s] -- Symlinking: /mnt/hdd/autonomy/ws/Carla-autoware_interface/deps_ws/install/autoware_internal_msgs/share/ament_index/resource_index/package_run_dependencies/autoware_internal_msgs
[36.422s] -- Symlinking: /mnt/hdd/autonomy/ws/Carla-autoware_interface/deps_ws/install/autoware_internal_msgs/share/ament_index/resource_index/parent_prefix_path/autoware_internal_msgs
[36.485s] -- Symlinking: /mnt/hdd/autonomy/ws/Carla-autoware_interface/deps_ws/install/autoware_internal_msgs/share/autoware_internal_msgs/environment/ament_prefix_path.sh
[36.546s] -- Symlinking: /mnt/hdd/autonomy/ws/Carla-autoware_interface/deps_ws/install/autoware_internal_msgs/share/autoware_internal_msgs/environment/ament_prefix_path.dsv
[36.591s] -- Symlinking: /mnt/hdd/autonomy/ws/Carla-autoware_interface/deps_ws/install/autoware_internal_msgs/share/autoware_internal_msgs/environment/path.sh
[36.665s] -- Symlinking: /mnt/hdd/autonomy/ws/Carla-autoware_interface/deps_ws/install/autoware_internal_msgs/share/autoware_internal_msgs/environment/path.dsv
[36.715s] -- Symlinking: /mnt/hdd/autonomy/ws/Carla-autoware_interface/deps_ws/install/autoware_internal_msgs/share/autoware_internal_msgs/local_setup.bash
[36.781s] -- Symlinking: /mnt/hdd/autonomy/ws/Carla-autoware_interface/deps_ws/install/autoware_internal_msgs/share/autoware_internal_msgs/local_setup.sh
[36.818s] -- Symlinking: /mnt/hdd/autonomy/ws/Carla-autoware_interface/deps_ws/install/autoware_internal_msgs/share/autoware_internal_msgs/local_setup.zsh
[36.888s] -- Symlinking: /mnt/hdd/autonomy/ws/Carla-autoware_interface/deps_ws/install/autoware_internal_msgs/share/autoware_internal_msgs/local_setup.dsv
[36.942s] -- Symlinking: /mnt/hdd/autonomy/ws/Carla-autoware_interface/deps_ws/install/autoware_internal_msgs/share/autoware_internal_msgs/package.dsv
[37.008s] -- Symlinking: /mnt/hdd/autonomy/ws/Carla-autoware_interface/deps_ws/install/autoware_internal_msgs/share/ament_index/resource_index/packages/autoware_internal_msgs
[37.072s] -- Symlinking: /mnt/hdd/autonomy/ws/Carla-autoware_interface/deps_ws/install/autoware_internal_msgs/share/autoware_internal_msgs/cmake/rosidl_cmake-extras.cmake
[37.112s] -- Symlinking: /mnt/hdd/autonomy/ws/Carla-autoware_interface/deps_ws/install/autoware_internal_msgs/share/autoware_internal_msgs/cmake/ament_cmake_export_dependencies-extras.cmake
[37.171s] -- Symlinking: /mnt/hdd/autonomy/ws/Carla-autoware_interface/deps_ws/install/autoware_internal_msgs/share/autoware_internal_msgs/cmake/ament_cmake_export_include_directories-extras.cmake
[37.243s] -- Symlinking: /mnt/hdd/autonomy/ws/Carla-autoware_interface/deps_ws/install/autoware_internal_msgs/share/autoware_internal_msgs/cmake/ament_cmake_export_libraries-extras.cmake
[37.336s] -- Symlinking: /mnt/hdd/autonomy/ws/Carla-autoware_interface/deps_ws/install/autoware_internal_msgs/share/autoware_internal_msgs/cmake/ament_cmake_export_targets-extras.cmake
[37.379s] -- Symlinking: /mnt/hdd/autonomy/ws/Carla-autoware_interface/deps_ws/install/autoware_internal_msgs/share/autoware_internal_msgs/cmake/rosidl_cmake_export_typesupport_targets-extras.cmake
[37.465s] -- Symlinking: /mnt/hdd/autonomy/ws/Carla-autoware_interface/deps_ws/install/autoware_internal_msgs/share/autoware_internal_msgs/cmake/rosidl_cmake_export_typesupport_libraries-extras.cmake
[37.530s] -- Symlinking: /mnt/hdd/autonomy/ws/Carla-autoware_interface/deps_ws/install/autoware_internal_msgs/share/autoware_internal_msgs/cmake/autoware_internal_msgsConfig.cmake
[37.606s] -- Symlinking: /mnt/hdd/autonomy/ws/Carla-autoware_interface/deps_ws/install/autoware_internal_msgs/share/autoware_internal_msgs/cmake/autoware_internal_msgsConfig-version.cmake
[37.661s] -- Symlinking: /mnt/hdd/autonomy/ws/Carla-autoware_interface/deps_ws/install/autoware_internal_msgs/share/autoware_internal_msgs/package.xml
[37.725s] -- Installing: /mnt/hdd/autonomy/ws/Carla-autoware_interface/deps_ws/install/autoware_internal_msgs/lib/libautoware_internal_msgs__rosidl_generator_c.so
[37.725s] -- Set runtime path of "/mnt/hdd/autonomy/ws/Carla-autoware_interface/deps_ws/install/autoware_internal_msgs/lib/libautoware_internal_msgs__rosidl_generator_c.so" to ""
[37.725s] -- Installing: /mnt/hdd/autonomy/ws/Carla-autoware_interface/deps_ws/install/autoware_internal_msgs/lib/libautoware_internal_msgs__rosidl_typesupport_fastrtps_c.so
[37.725s] -- Set runtime path of "/mnt/hdd/autonomy/ws/Carla-autoware_interface/deps_ws/install/autoware_internal_msgs/lib/libautoware_internal_msgs__rosidl_typesupport_fastrtps_c.so" to ""
[37.725s] -- Installing: /mnt/hdd/autonomy/ws/Carla-autoware_interface/deps_ws/install/autoware_internal_msgs/lib/libautoware_internal_msgs__rosidl_typesupport_fastrtps_cpp.so
[37.725s] -- Set runtime path of "/mnt/hdd/autonomy/ws/Carla-autoware_interface/deps_ws/install/autoware_internal_msgs/lib/libautoware_internal_msgs__rosidl_typesupport_fastrtps_cpp.so" to ""
[37.725s] -- Installing: /mnt/hdd/autonomy/ws/Carla-autoware_interface/deps_ws/install/autoware_internal_msgs/lib/libautoware_internal_msgs__rosidl_typesupport_introspection_c.so
[37.725s] -- Set runtime path of "/mnt/hdd/autonomy/ws/Carla-autoware_interface/deps_ws/install/autoware_internal_msgs/lib/libautoware_internal_msgs__rosidl_typesupport_introspection_c.so" to ""
[37.725s] -- Installing: /mnt/hdd/autonomy/ws/Carla-autoware_interface/deps_ws/install/autoware_internal_msgs/lib/libautoware_internal_msgs__rosidl_typesupport_c.so
[37.725s] -- Set runtime path of "/mnt/hdd/autonomy/ws/Carla-autoware_interface/deps_ws/install/autoware_internal_msgs/lib/libautoware_internal_msgs__rosidl_typesupport_c.so" to ""
[37.726s] -- Installing: /mnt/hdd/autonomy/ws/Carla-autoware_interface/deps_ws/install/autoware_internal_msgs/lib/libautoware_internal_msgs__rosidl_typesupport_introspection_cpp.so
[37.726s] -- Set runtime path of "/mnt/hdd/autonomy/ws/Carla-autoware_interface/deps_ws/install/autoware_internal_msgs/lib/libautoware_internal_msgs__rosidl_typesupport_introspection_cpp.so" to ""
[37.726s] -- Installing: /mnt/hdd/autonomy/ws/Carla-autoware_interface/deps_ws/install/autoware_internal_msgs/lib/libautoware_internal_msgs__rosidl_typesupport_cpp.so
[37.732s] -- Set runtime path of "/mnt/hdd/autonomy/ws/Carla-autoware_interface/deps_ws/install/autoware_internal_msgs/lib/libautoware_internal_msgs__rosidl_typesupport_cpp.so" to ""
[37.804s] Listing '/mnt/hdd/autonomy/ws/Carla-autoware_interface/deps_ws/install/autoware_internal_msgs/local/lib/python3.10/dist-packages/autoware_internal_msgs'...
[37.804s] Compiling '/mnt/hdd/autonomy/ws/Carla-autoware_interface/deps_ws/install/autoware_internal_msgs/local/lib/python3.10/dist-packages/autoware_internal_msgs/__init__.py'...
[37.804s] Listing '/mnt/hdd/autonomy/ws/Carla-autoware_interface/deps_ws/install/autoware_internal_msgs/local/lib/python3.10/dist-packages/autoware_internal_msgs/msg'...
[37.804s] Compiling '/mnt/hdd/autonomy/ws/Carla-autoware_interface/deps_ws/install/autoware_internal_msgs/local/lib/python3.10/dist-packages/autoware_internal_msgs/msg/__init__.py'...
[37.804s] Compiling '/mnt/hdd/autonomy/ws/Carla-autoware_interface/deps_ws/install/autoware_internal_msgs/local/lib/python3.10/dist-packages/autoware_internal_msgs/msg/_mission_remaining_distance_time.py'...
[37.804s] Compiling '/mnt/hdd/autonomy/ws/Carla-autoware_interface/deps_ws/install/autoware_internal_msgs/local/lib/python3.10/dist-packages/autoware_internal_msgs/msg/_published_time.py'...
[37.804s] Compiling '/mnt/hdd/autonomy/ws/Carla-autoware_interface/deps_ws/install/autoware_internal_msgs/local/lib/python3.10/dist-packages/autoware_internal_msgs/msg/_resource_usage_report.py'...
[37.814s] -- Installing: /mnt/hdd/autonomy/ws/Carla-autoware_interface/deps_ws/install/autoware_internal_msgs/lib/libautoware_internal_msgs__rosidl_generator_py.so
[37.814s] -- Set runtime path of "/mnt/hdd/autonomy/ws/Carla-autoware_interface/deps_ws/install/autoware_internal_msgs/lib/libautoware_internal_msgs__rosidl_generator_py.so" to ""
[37.814s] -- Installing: /mnt/hdd/autonomy/ws/Carla-autoware_interface/deps_ws/install/autoware_internal_msgs/share/autoware_internal_msgs/cmake/export_autoware_internal_msgs__rosidl_generator_cExport.cmake
[37.815s] -- Installing: /mnt/hdd/autonomy/ws/Carla-autoware_interface/deps_ws/install/autoware_internal_msgs/share/autoware_internal_msgs/cmake/export_autoware_internal_msgs__rosidl_generator_cExport-noconfig.cmake
[37.819s] -- Installing: /mnt/hdd/autonomy/ws/Carla-autoware_interface/deps_ws/install/autoware_internal_msgs/share/autoware_internal_msgs/cmake/export_autoware_internal_msgs__rosidl_typesupport_fastrtps_cExport.cmake
[37.819s] -- Installing: /mnt/hdd/autonomy/ws/Carla-autoware_interface/deps_ws/install/autoware_internal_msgs/share/autoware_internal_msgs/cmake/export_autoware_internal_msgs__rosidl_typesupport_fastrtps_cExport-noconfig.cmake
[37.819s] -- Installing: /mnt/hdd/autonomy/ws/Carla-autoware_interface/deps_ws/install/autoware_internal_msgs/share/autoware_internal_msgs/cmake/export_autoware_internal_msgs__rosidl_generator_cppExport.cmake
[37.819s] -- Installing: /mnt/hdd/autonomy/ws/Carla-autoware_interface/deps_ws/install/autoware_internal_msgs/share/autoware_internal_msgs/cmake/export_autoware_internal_msgs__rosidl_typesupport_fastrtps_cppExport.cmake
[37.819s] -- Installing: /mnt/hdd/autonomy/ws/Carla-autoware_interface/deps_ws/install/autoware_internal_msgs/share/autoware_internal_msgs/cmake/export_autoware_internal_msgs__rosidl_typesupport_fastrtps_cppExport-noconfig.cmake
[37.820s] -- Installing: /mnt/hdd/autonomy/ws/Carla-autoware_interface/deps_ws/install/autoware_internal_msgs/share/autoware_internal_msgs/cmake/autoware_internal_msgs__rosidl_typesupport_introspection_cExport.cmake
[37.820s] -- Installing: /mnt/hdd/autonomy/ws/Carla-autoware_interface/deps_ws/install/autoware_internal_msgs/share/autoware_internal_msgs/cmake/autoware_internal_msgs__rosidl_typesupport_introspection_cExport-noconfig.cmake
[37.820s] -- Installing: /mnt/hdd/autonomy/ws/Carla-autoware_interface/deps_ws/install/autoware_internal_msgs/share/autoware_internal_msgs/cmake/autoware_internal_msgs__rosidl_typesupport_cExport.cmake
[37.820s] -- Installing: /mnt/hdd/autonomy/ws/Carla-autoware_interface/deps_ws/install/autoware_internal_msgs/share/autoware_internal_msgs/cmake/autoware_internal_msgs__rosidl_typesupport_cExport-noconfig.cmake
[37.821s] -- Installing: /mnt/hdd/autonomy/ws/Carla-autoware_interface/deps_ws/install/autoware_internal_msgs/share/autoware_internal_msgs/cmake/autoware_internal_msgs__rosidl_typesupport_introspection_cppExport.cmake
[37.825s] -- Installing: /mnt/hdd/autonomy/ws/Carla-autoware_interface/deps_ws/install/autoware_internal_msgs/share/autoware_internal_msgs/cmake/autoware_internal_msgs__rosidl_typesupport_introspection_cppExport-noconfig.cmake
[37.825s] -- Installing: /mnt/hdd/autonomy/ws/Carla-autoware_interface/deps_ws/install/autoware_internal_msgs/share/autoware_internal_msgs/cmake/autoware_internal_msgs__rosidl_typesupport_cppExport.cmake
[37.826s] -- Installing: /mnt/hdd/autonomy/ws/Carla-autoware_interface/deps_ws/install/autoware_internal_msgs/share/autoware_internal_msgs/cmake/autoware_internal_msgs__rosidl_typesupport_cppExport-noconfig.cmake
[37.826s] -- Installing: /mnt/hdd/autonomy/ws/Carla-autoware_interface/deps_ws/install/autoware_internal_msgs/share/autoware_internal_msgs/cmake/export_autoware_internal_msgs__rosidl_generator_pyExport.cmake
[37.826s] -- Installing: /mnt/hdd/autonomy/ws/Carla-autoware_interface/deps_ws/install/autoware_internal_msgs/share/autoware_internal_msgs/cmake/export_autoware_internal_msgs__rosidl_generator_pyExport-noconfig.cmake
[37.834s] Invoked command in '/mnt/hdd/autonomy/ws/Carla-autoware_interface/deps_ws/build/autoware_internal_msgs' returned '0': AMENT_PREFIX_PATH=/mnt/hdd/autonomy/ws/Carla-autoware_interface/deps_ws/install/autoware_internal_planning_msgs:/mnt/hdd/autonomy/ws/Carla-autoware_interface/deps_ws/install/autoware_planning_msgs:/mnt/hdd/autonomy/ws/Carla-autoware_interface/deps_ws/install/autoware_internal_perception_msgs:/mnt/hdd/autonomy/ws/Carla-autoware_interface/deps_ws/install/autoware_perception_msgs:/mnt/hdd/autonomy/ws/Carla-autoware_interface/deps_ws/install/autoware_internal_metric_msgs:/mnt/hdd/autonomy/ws/Carla-autoware_interface/deps_ws/install/autoware_internal_debug_msgs:/mnt/hdd/autonomy/ws/Carla-autoware_interface/deps_ws/install/autoware_common_msgs:${AMENT_PREFIX_PATH} CMAKE_PREFIX_PATH=/mnt/hdd/autonomy/ws/Carla-autoware_interface/deps_ws/install/autoware_internal_planning_msgs:/mnt/hdd/autonomy/ws/Carla-autoware_interface/deps_ws/install/autoware_planning_msgs:/mnt/hdd/autonomy/ws/Carla-autoware_interface/deps_ws/install/autoware_internal_perception_msgs:/mnt/hdd/autonomy/ws/Carla-autoware_interface/deps_ws/install/autoware_perception_msgs:/mnt/hdd/autonomy/ws/Carla-autoware_interface/deps_ws/install/autoware_internal_metric_msgs:/mnt/hdd/autonomy/ws/Carla-autoware_interface/deps_ws/install/autoware_internal_debug_msgs:/mnt/hdd/autonomy/ws/Carla-autoware_interface/deps_ws/install/autoware_common_msgs:/mnt/hdd/autonomy/ws/Carla-autoware_interface/msg_ws/install/autoware_auto_msgs:/mnt/hdd/autonomy/ws/Carla-autoware_interface/msg_ws/install/autoware_auto_vehicle_msgs:/mnt/hdd/autonomy/ws/Carla-autoware_interface/msg_ws/install/autoware_auto_system_msgs:/mnt/hdd/autonomy/ws/Carla-autoware_interface/msg_ws/install/autoware_auto_planning_msgs:/mnt/hdd/autonomy/ws/Carla-autoware_interface/msg_ws/install/autoware_auto_perception_msgs:/mnt/hdd/autonomy/ws/Carla-autoware_interface/msg_ws/install/autoware_auto_mapping_msgs:/mnt/hdd/autonomy/ws/Carla-autoware_interface/msg_ws/install/autoware_auto_geometry_msgs:/mnt/hdd/autonomy/ws/Carla-autoware_interface/msg_ws/install/autoware_auto_control_msgs:/opt/ros/humble LD_LIBRARY_PATH=/mnt/hdd/autonomy/ws/Carla-autoware_interface/deps_ws/install/autoware_internal_planning_msgs/lib:/mnt/hdd/autonomy/ws/Carla-autoware_interface/deps_ws/install/autoware_planning_msgs/lib:/mnt/hdd/autonomy/ws/Carla-autoware_interface/deps_ws/install/autoware_internal_perception_msgs/lib:/mnt/hdd/autonomy/ws/Carla-autoware_interface/deps_ws/install/autoware_perception_msgs/lib:/mnt/hdd/autonomy/ws/Carla-autoware_interface/deps_ws/install/autoware_internal_metric_msgs/lib:/mnt/hdd/autonomy/ws/Carla-autoware_interface/deps_ws/install/autoware_internal_debug_msgs/lib:/mnt/hdd/autonomy/ws/Carla-autoware_interface/deps_ws/install/autoware_common_msgs/lib:${LD_LIBRARY_PATH} PYTHONPATH=/mnt/hdd/autonomy/ws/Carla-autoware_interface/deps_ws/install/autoware_internal_planning_msgs/local/lib/python3.10/dist-packages:/mnt/hdd/autonomy/ws/Carla-autoware_interface/deps_ws/install/autoware_planning_msgs/local/lib/python3.10/dist-packages:/mnt/hdd/autonomy/ws/Carla-autoware_interface/deps_ws/install/autoware_internal_perception_msgs/local/lib/python3.10/dist-packages:/mnt/hdd/autonomy/ws/Carla-autoware_interface/deps_ws/install/autoware_perception_msgs/local/lib/python3.10/dist-packages:/mnt/hdd/autonomy/ws/Carla-autoware_interface/deps_ws/install/autoware_internal_metric_msgs/local/lib/python3.10/dist-packages:/mnt/hdd/autonomy/ws/Carla-autoware_interface/deps_ws/install/autoware_internal_debug_msgs/local/lib/python3.10/dist-packages:/mnt/hdd/autonomy/ws/Carla-autoware_interface/deps_ws/install/autoware_common_msgs/local/lib/python3.10/dist-packages:${PYTHONPATH} /usr/bin/cmake --install /mnt/hdd/autonomy/ws/Carla-autoware_interface/deps_ws/build/autoware_internal_msgs
