[0.097s] DEBUG:colcon:Command line arguments: ['/usr/bin/colcon', 'build', '--symlink-install', '--packages-select', 'carla_autonomy_bridge', 'carla_autoware_type_bridge']
[0.097s] DEBUG:colcon:Parsed command line arguments: Namespace(log_base=None, log_level=None, verb_name='build', build_base='build', install_base='install', merge_install=False, symlink_install=True, test_result_base=None, continue_on_error=False, executor='parallel', parallel_workers=16, event_handlers=None, ignore_user_meta=False, metas=['./colcon.meta'], base_paths=['.'], packages_ignore=None, packages_ignore_regex=None, paths=None, packages_up_to=None, packages_up_to_regex=None, packages_above=None, packages_above_and_dependencies=None, packages_above_depth=None, packages_select_by_dep=None, packages_skip_by_dep=None, packages_skip_up_to=None, packages_select_build_failed=False, packages_skip_build_finished=False, packages_select_test_failures=False, packages_skip_test_passed=False, packages_select=['carla_autonomy_bridge', 'carla_autoware_type_bridge'], packages_skip=None, packages_select_regex=None, packages_skip_regex=None, packages_start=None, packages_end=None, allow_overriding=[], cmake_args=None, cmake_target=None, cmake_target_skip_unavailable=False, cmake_clean_cache=False, cmake_clean_first=False, cmake_force_configure=False, ament_cmake_args=None, catkin_cmake_args=None, catkin_skip_building_tests=False, mixin_files=None, mixin=None, verb_parser=<colcon_mixin.mixin.mixin_argument.MixinArgumentDecorator object at 0x7ef42e69f220>, verb_extension=<colcon_core.verb.build.BuildVerb object at 0x7ef42e7e4310>, main=<bound method BuildVerb.main of <colcon_core.verb.build.BuildVerb object at 0x7ef42e7e4310>>, mixin_verb=('build',))
[0.278s] Level 1:colcon.colcon_core.package_discovery:discover_packages(colcon_meta) check parameters
[0.278s] Level 1:colcon.colcon_core.package_discovery:discover_packages(recursive) check parameters
[0.278s] Level 1:colcon.colcon_core.package_discovery:discover_packages(ignore) check parameters
[0.278s] Level 1:colcon.colcon_core.package_discovery:discover_packages(path) check parameters
[0.278s] Level 1:colcon.colcon_core.package_discovery:discover_packages(colcon_meta) discover
[0.278s] Level 1:colcon.colcon_core.package_discovery:discover_packages(recursive) discover
[0.278s] INFO:colcon.colcon_core.package_discovery:Crawling recursively for packages in '/mnt/hdd/autonomy/ws/Carla-autoware_interface/bridge_ws'
[0.278s] Level 1:colcon.colcon_core.package_identification:_identify(.) by extensions ['ignore', 'ignore_ament_install']
[0.278s] Level 1:colcon.colcon_core.package_identification:_identify(.) by extension 'ignore'
[0.278s] Level 1:colcon.colcon_core.package_identification:_identify(.) by extension 'ignore_ament_install'
[0.278s] Level 1:colcon.colcon_core.package_identification:_identify(.) by extensions ['colcon_pkg']
[0.278s] Level 1:colcon.colcon_core.package_identification:_identify(.) by extension 'colcon_pkg'
[0.278s] Level 1:colcon.colcon_core.package_identification:_identify(.) by extensions ['colcon_meta']
[0.278s] Level 1:colcon.colcon_core.package_identification:_identify(.) by extension 'colcon_meta'
[0.278s] Level 1:colcon.colcon_core.package_identification:_identify(.) by extensions ['ros']
[0.278s] Level 1:colcon.colcon_core.package_identification:_identify(.) by extension 'ros'
[0.293s] Level 1:colcon.colcon_core.package_identification:_identify(.) by extensions ['cmake', 'python']
[0.294s] Level 1:colcon.colcon_core.package_identification:_identify(.) by extension 'cmake'
[0.294s] Level 1:colcon.colcon_core.package_identification:_identify(.) by extension 'python'
[0.294s] Level 1:colcon.colcon_core.package_identification:_identify(.) by extensions ['python_setup_py']
[0.294s] Level 1:colcon.colcon_core.package_identification:_identify(.) by extension 'python_setup_py'
[0.294s] Level 1:colcon.colcon_core.package_identification:_identify(build) by extensions ['ignore', 'ignore_ament_install']
[0.294s] Level 1:colcon.colcon_core.package_identification:_identify(build) by extension 'ignore'
[0.294s] Level 1:colcon.colcon_core.package_identification:_identify(build) ignored
[0.294s] Level 1:colcon.colcon_core.package_identification:_identify(install) by extensions ['ignore', 'ignore_ament_install']
[0.294s] Level 1:colcon.colcon_core.package_identification:_identify(install) by extension 'ignore'
[0.294s] Level 1:colcon.colcon_core.package_identification:_identify(install) ignored
[0.294s] Level 1:colcon.colcon_core.package_identification:_identify(log) by extensions ['ignore', 'ignore_ament_install']
[0.294s] Level 1:colcon.colcon_core.package_identification:_identify(log) by extension 'ignore'
[0.294s] Level 1:colcon.colcon_core.package_identification:_identify(log) ignored
[0.294s] Level 1:colcon.colcon_core.package_identification:_identify(src) by extensions ['ignore', 'ignore_ament_install']
[0.294s] Level 1:colcon.colcon_core.package_identification:_identify(src) by extension 'ignore'
[0.294s] Level 1:colcon.colcon_core.package_identification:_identify(src) by extension 'ignore_ament_install'
[0.294s] Level 1:colcon.colcon_core.package_identification:_identify(src) by extensions ['colcon_pkg']
[0.295s] Level 1:colcon.colcon_core.package_identification:_identify(src) by extension 'colcon_pkg'
[0.295s] Level 1:colcon.colcon_core.package_identification:_identify(src) by extensions ['colcon_meta']
[0.295s] Level 1:colcon.colcon_core.package_identification:_identify(src) by extension 'colcon_meta'
[0.295s] Level 1:colcon.colcon_core.package_identification:_identify(src) by extensions ['ros']
[0.295s] Level 1:colcon.colcon_core.package_identification:_identify(src) by extension 'ros'
[0.295s] Level 1:colcon.colcon_core.package_identification:_identify(src) by extensions ['cmake', 'python']
[0.295s] Level 1:colcon.colcon_core.package_identification:_identify(src) by extension 'cmake'
[0.295s] Level 1:colcon.colcon_core.package_identification:_identify(src) by extension 'python'
[0.295s] Level 1:colcon.colcon_core.package_identification:_identify(src) by extensions ['python_setup_py']
[0.295s] Level 1:colcon.colcon_core.package_identification:_identify(src) by extension 'python_setup_py'
[0.295s] Level 1:colcon.colcon_core.package_identification:_identify(src/carla_autonomy_bridge) by extensions ['ignore', 'ignore_ament_install']
[0.295s] Level 1:colcon.colcon_core.package_identification:_identify(src/carla_autonomy_bridge) by extension 'ignore'
[0.295s] Level 1:colcon.colcon_core.package_identification:_identify(src/carla_autonomy_bridge) by extension 'ignore_ament_install'
[0.295s] Level 1:colcon.colcon_core.package_identification:_identify(src/carla_autonomy_bridge) by extensions ['colcon_pkg']
[0.295s] Level 1:colcon.colcon_core.package_identification:_identify(src/carla_autonomy_bridge) by extension 'colcon_pkg'
[0.295s] Level 1:colcon.colcon_core.package_identification:_identify(src/carla_autonomy_bridge) by extensions ['colcon_meta']
[0.295s] Level 1:colcon.colcon_core.package_identification:_identify(src/carla_autonomy_bridge) by extension 'colcon_meta'
[0.295s] Level 1:colcon.colcon_core.package_identification:_identify(src/carla_autonomy_bridge) by extensions ['ros']
[0.295s] Level 1:colcon.colcon_core.package_identification:_identify(src/carla_autonomy_bridge) by extension 'ros'
[0.296s] DEBUG:colcon.colcon_core.package_identification:Failed to parse potential ROS package manifest in'src/carla_autonomy_bridge': Error(s) in package 'src/carla_autonomy_bridge/package.xml':
The manifest contains invalid XML:
not well-formed (invalid token): line 5, column 22
[0.296s] Level 1:colcon.colcon_core.package_identification:_identify(src/carla_autonomy_bridge) by extensions ['cmake', 'python']
[0.296s] Level 1:colcon.colcon_core.package_identification:_identify(src/carla_autonomy_bridge) by extension 'cmake'
[0.296s] Level 1:colcon.colcon_core.package_identification:_identify(src/carla_autonomy_bridge) by extension 'python'
[0.296s] DEBUG:colcon.colcon_core.package_identification:Python package in 'src/carla_autonomy_bridge' passes arguments to the setup() function which requires a different identification extension than 'python'
[0.296s] Level 1:colcon.colcon_core.package_identification:_identify(src/carla_autonomy_bridge) by extensions ['python_setup_py']
[0.296s] Level 1:colcon.colcon_core.package_identification:_identify(src/carla_autonomy_bridge) by extension 'python_setup_py'
[0.569s] DEBUG:colcon.colcon_core.package_identification:Package 'src/carla_autonomy_bridge' with type 'python' and name 'carla_autonomy_bridge'
[0.569s] Level 1:colcon.colcon_core.package_identification:_identify(src/carla_autoware_type_bridge) by extensions ['ignore', 'ignore_ament_install']
[0.569s] Level 1:colcon.colcon_core.package_identification:_identify(src/carla_autoware_type_bridge) by extension 'ignore'
[0.569s] Level 1:colcon.colcon_core.package_identification:_identify(src/carla_autoware_type_bridge) by extension 'ignore_ament_install'
[0.569s] Level 1:colcon.colcon_core.package_identification:_identify(src/carla_autoware_type_bridge) by extensions ['colcon_pkg']
[0.569s] Level 1:colcon.colcon_core.package_identification:_identify(src/carla_autoware_type_bridge) by extension 'colcon_pkg'
[0.569s] Level 1:colcon.colcon_core.package_identification:_identify(src/carla_autoware_type_bridge) by extensions ['colcon_meta']
[0.569s] Level 1:colcon.colcon_core.package_identification:_identify(src/carla_autoware_type_bridge) by extension 'colcon_meta'
[0.569s] Level 1:colcon.colcon_core.package_identification:_identify(src/carla_autoware_type_bridge) by extensions ['ros']
[0.569s] Level 1:colcon.colcon_core.package_identification:_identify(src/carla_autoware_type_bridge) by extension 'ros'
[0.571s] DEBUG:colcon.colcon_core.package_identification:Package 'src/carla_autoware_type_bridge' with type 'ros.ament_cmake' and name 'carla_autoware_type_bridge'
[0.571s] Level 1:colcon.colcon_core.package_discovery:discover_packages(recursive) using defaults
[0.571s] Level 1:colcon.colcon_core.package_discovery:discover_packages(ignore) discover
[0.571s] Level 1:colcon.colcon_core.package_discovery:discover_packages(ignore) using defaults
[0.571s] Level 1:colcon.colcon_core.package_discovery:discover_packages(path) discover
[0.571s] Level 1:colcon.colcon_core.package_discovery:discover_packages(path) using defaults
[0.588s] Level 1:colcon.colcon_core.package_discovery:discover_packages(prefix_path) check parameters
[0.588s] Level 1:colcon.colcon_core.package_discovery:discover_packages(prefix_path) discover
[0.591s] DEBUG:colcon.colcon_installed_package_information.package_discovery:Found 31 installed packages in /mnt/hdd/autonomy/ws/Carla-autoware_interface/deps_ws/install
[0.592s] DEBUG:colcon.colcon_installed_package_information.package_discovery:Found 8 installed packages in /mnt/hdd/autonomy/ws/Carla-autoware_interface/msg_ws/install
[0.593s] DEBUG:colcon.colcon_installed_package_information.package_discovery:Found 361 installed packages in /opt/ros/humble
[0.594s] Level 1:colcon.colcon_core.package_discovery:discover_packages(prefix_path) using defaults
[0.764s] Level 5:colcon.colcon_core.verb:set package 'carla_autonomy_bridge' build argument 'cmake_args' from command line to 'None'
[0.764s] Level 5:colcon.colcon_core.verb:set package 'carla_autonomy_bridge' build argument 'cmake_target' from command line to 'None'
[0.764s] Level 5:colcon.colcon_core.verb:set package 'carla_autonomy_bridge' build argument 'cmake_target_skip_unavailable' from command line to 'False'
[0.764s] Level 5:colcon.colcon_core.verb:set package 'carla_autonomy_bridge' build argument 'cmake_clean_cache' from command line to 'False'
[0.764s] Level 5:colcon.colcon_core.verb:set package 'carla_autonomy_bridge' build argument 'cmake_clean_first' from command line to 'False'
[0.764s] Level 5:colcon.colcon_core.verb:set package 'carla_autonomy_bridge' build argument 'cmake_force_configure' from command line to 'False'
[0.764s] Level 5:colcon.colcon_core.verb:set package 'carla_autonomy_bridge' build argument 'ament_cmake_args' from command line to 'None'
[0.764s] Level 5:colcon.colcon_core.verb:set package 'carla_autonomy_bridge' build argument 'catkin_cmake_args' from command line to 'None'
[0.764s] Level 5:colcon.colcon_core.verb:set package 'carla_autonomy_bridge' build argument 'catkin_skip_building_tests' from command line to 'False'
[0.764s] DEBUG:colcon.colcon_core.verb:Building package 'carla_autonomy_bridge' with the following arguments: {'ament_cmake_args': None, 'build_base': '/mnt/hdd/autonomy/ws/Carla-autoware_interface/bridge_ws/build/carla_autonomy_bridge', 'catkin_cmake_args': None, 'catkin_skip_building_tests': False, 'cmake_args': None, 'cmake_clean_cache': False, 'cmake_clean_first': False, 'cmake_force_configure': False, 'cmake_target': None, 'cmake_target_skip_unavailable': False, 'install_base': '/mnt/hdd/autonomy/ws/Carla-autoware_interface/bridge_ws/install/carla_autonomy_bridge', 'merge_install': False, 'path': '/mnt/hdd/autonomy/ws/Carla-autoware_interface/bridge_ws/src/carla_autonomy_bridge', 'symlink_install': True, 'test_result_base': None}
[0.765s] Level 5:colcon.colcon_core.verb:set package 'carla_autoware_type_bridge' build argument 'cmake_args' from command line to 'None'
[0.765s] Level 5:colcon.colcon_core.verb:set package 'carla_autoware_type_bridge' build argument 'cmake_target' from command line to 'None'
[0.765s] Level 5:colcon.colcon_core.verb:set package 'carla_autoware_type_bridge' build argument 'cmake_target_skip_unavailable' from command line to 'False'
[0.765s] Level 5:colcon.colcon_core.verb:set package 'carla_autoware_type_bridge' build argument 'cmake_clean_cache' from command line to 'False'
[0.765s] Level 5:colcon.colcon_core.verb:set package 'carla_autoware_type_bridge' build argument 'cmake_clean_first' from command line to 'False'
[0.765s] Level 5:colcon.colcon_core.verb:set package 'carla_autoware_type_bridge' build argument 'cmake_force_configure' from command line to 'False'
[0.765s] Level 5:colcon.colcon_core.verb:set package 'carla_autoware_type_bridge' build argument 'ament_cmake_args' from command line to 'None'
[0.765s] Level 5:colcon.colcon_core.verb:set package 'carla_autoware_type_bridge' build argument 'catkin_cmake_args' from command line to 'None'
[0.765s] Level 5:colcon.colcon_core.verb:set package 'carla_autoware_type_bridge' build argument 'catkin_skip_building_tests' from command line to 'False'
[0.765s] DEBUG:colcon.colcon_core.verb:Building package 'carla_autoware_type_bridge' with the following arguments: {'ament_cmake_args': None, 'build_base': '/mnt/hdd/autonomy/ws/Carla-autoware_interface/bridge_ws/build/carla_autoware_type_bridge', 'catkin_cmake_args': None, 'catkin_skip_building_tests': False, 'cmake_args': None, 'cmake_clean_cache': False, 'cmake_clean_first': False, 'cmake_force_configure': False, 'cmake_target': None, 'cmake_target_skip_unavailable': False, 'install_base': '/mnt/hdd/autonomy/ws/Carla-autoware_interface/bridge_ws/install/carla_autoware_type_bridge', 'merge_install': False, 'path': '/mnt/hdd/autonomy/ws/Carla-autoware_interface/bridge_ws/src/carla_autoware_type_bridge', 'symlink_install': True, 'test_result_base': None}
[0.765s] INFO:colcon.colcon_core.executor:Executing jobs using 'parallel' executor
[0.766s] DEBUG:colcon.colcon_parallel_executor.executor.parallel:run_until_complete
[0.766s] INFO:colcon.colcon_core.task.python.build:Building Python package in '/mnt/hdd/autonomy/ws/Carla-autoware_interface/bridge_ws/src/carla_autonomy_bridge'
[0.768s] INFO:colcon.colcon_core.plugin_system:Skipping extension 'colcon_core.shell.bat': Not used on non-Windows systems
[0.768s] INFO:colcon.colcon_core.shell:Skip shell extension 'powershell' for command environment: Not usable outside of PowerShell
[0.768s] DEBUG:colcon.colcon_core.shell:Skip shell extension 'dsv' for command environment
[0.773s] INFO:colcon.colcon_ros.task.ament_cmake.build:Building ROS package in '/mnt/hdd/autonomy/ws/Carla-autoware_interface/bridge_ws/src/carla_autoware_type_bridge' with build type 'ament_cmake'
[0.773s] INFO:colcon.colcon_cmake.task.cmake.build:Building CMake package in '/mnt/hdd/autonomy/ws/Carla-autoware_interface/bridge_ws/src/carla_autoware_type_bridge'
[0.773s] INFO:colcon.colcon_core.shell:Skip shell extension 'powershell' for command environment: Not usable outside of PowerShell
[0.773s] DEBUG:colcon.colcon_core.shell:Skip shell extension 'dsv' for command environment
[1.048s] DEBUG:colcon.colcon_core.event_handler.log_command:Invoking command in '/mnt/hdd/autonomy/ws/Carla-autoware_interface/bridge_ws/build/carla_autoware_type_bridge': CMAKE_PREFIX_PATH=${CMAKE_PREFIX_PATH}:/opt/ros/humble /usr/bin/cmake /mnt/hdd/autonomy/ws/Carla-autoware_interface/bridge_ws/src/carla_autoware_type_bridge -DAMENT_CMAKE_SYMLINK_INSTALL=1 -DCMAKE_INSTALL_PREFIX=/mnt/hdd/autonomy/ws/Carla-autoware_interface/bridge_ws/install/carla_autoware_type_bridge
[1.432s] DEBUG:colcon.colcon_core.event_handler.log_command:Invoking command in '/mnt/hdd/autonomy/ws/Carla-autoware_interface/bridge_ws/build/carla_autonomy_bridge': PYTHONPATH=/mnt/hdd/autonomy/ws/Carla-autoware_interface/bridge_ws/build/carla_autonomy_bridge/prefix_override:/usr/lib/python3/dist-packages/colcon_core/task/python/colcon_distutils_commands:/mnt/hdd/autonomy/ws/Carla-autoware_interface/bridge_ws/install/carla_autonomy_bridge/lib/python3.10/site-packages:${PYTHONPATH} /usr/bin/python3 -W ignore:setup.py install is deprecated -W ignore:easy_install command is deprecated setup.py develop --editable --build-directory /mnt/hdd/autonomy/ws/Carla-autoware_interface/bridge_ws/build/carla_autonomy_bridge/build --no-deps symlink_data
[1.627s] DEBUG:colcon.colcon_core.event_handler.log_command:Invoked command in '/mnt/hdd/autonomy/ws/Carla-autoware_interface/bridge_ws/build/carla_autoware_type_bridge' returned '0': CMAKE_PREFIX_PATH=${CMAKE_PREFIX_PATH}:/opt/ros/humble /usr/bin/cmake /mnt/hdd/autonomy/ws/Carla-autoware_interface/bridge_ws/src/carla_autoware_type_bridge -DAMENT_CMAKE_SYMLINK_INSTALL=1 -DCMAKE_INSTALL_PREFIX=/mnt/hdd/autonomy/ws/Carla-autoware_interface/bridge_ws/install/carla_autoware_type_bridge
[1.628s] DEBUG:colcon.colcon_core.event_handler.log_command:Invoking command in '/mnt/hdd/autonomy/ws/Carla-autoware_interface/bridge_ws/build/carla_autoware_type_bridge': CMAKE_PREFIX_PATH=${CMAKE_PREFIX_PATH}:/opt/ros/humble /usr/bin/cmake --build /mnt/hdd/autonomy/ws/Carla-autoware_interface/bridge_ws/build/carla_autoware_type_bridge -- -j16 -l16
[1.689s] DEBUG:colcon.colcon_core.event_handler.log_command:Invoked command in '/mnt/hdd/autonomy/ws/Carla-autoware_interface/bridge_ws/build/carla_autoware_type_bridge' returned '0': CMAKE_PREFIX_PATH=${CMAKE_PREFIX_PATH}:/opt/ros/humble /usr/bin/cmake --build /mnt/hdd/autonomy/ws/Carla-autoware_interface/bridge_ws/build/carla_autoware_type_bridge -- -j16 -l16
[1.698s] DEBUG:colcon.colcon_core.event_handler.log_command:Invoking command in '/mnt/hdd/autonomy/ws/Carla-autoware_interface/bridge_ws/build/carla_autoware_type_bridge': CMAKE_PREFIX_PATH=${CMAKE_PREFIX_PATH}:/opt/ros/humble /usr/bin/cmake --install /mnt/hdd/autonomy/ws/Carla-autoware_interface/bridge_ws/build/carla_autoware_type_bridge
[1.716s] Level 1:colcon.colcon_core.environment:create_environment_scripts_only(carla_autoware_type_bridge)
[1.717s] DEBUG:colcon.colcon_core.event_handler.log_command:Invoked command in '/mnt/hdd/autonomy/ws/Carla-autoware_interface/bridge_ws/build/carla_autoware_type_bridge' returned '0': CMAKE_PREFIX_PATH=${CMAKE_PREFIX_PATH}:/opt/ros/humble /usr/bin/cmake --install /mnt/hdd/autonomy/ws/Carla-autoware_interface/bridge_ws/build/carla_autoware_type_bridge
[1.720s] Level 1:colcon.colcon_core.environment:checking '/mnt/hdd/autonomy/ws/Carla-autoware_interface/bridge_ws/install/carla_autoware_type_bridge' for CMake module files
[1.720s] Level 1:colcon.colcon_core.environment:checking '/mnt/hdd/autonomy/ws/Carla-autoware_interface/bridge_ws/install/carla_autoware_type_bridge' for CMake config files
[1.720s] Level 1:colcon.colcon_core.shell:create_environment_hook('carla_autoware_type_bridge', 'cmake_prefix_path')
[1.721s] INFO:colcon.colcon_core.shell:Creating environment hook '/mnt/hdd/autonomy/ws/Carla-autoware_interface/bridge_ws/install/carla_autoware_type_bridge/share/carla_autoware_type_bridge/hook/cmake_prefix_path.ps1'
[1.721s] INFO:colcon.colcon_core.shell:Creating environment descriptor '/mnt/hdd/autonomy/ws/Carla-autoware_interface/bridge_ws/install/carla_autoware_type_bridge/share/carla_autoware_type_bridge/hook/cmake_prefix_path.dsv'
[1.722s] INFO:colcon.colcon_core.shell:Creating environment hook '/mnt/hdd/autonomy/ws/Carla-autoware_interface/bridge_ws/install/carla_autoware_type_bridge/share/carla_autoware_type_bridge/hook/cmake_prefix_path.sh'
[1.723s] Level 1:colcon.colcon_core.environment:checking '/mnt/hdd/autonomy/ws/Carla-autoware_interface/bridge_ws/install/carla_autoware_type_bridge/lib'
[1.723s] Level 1:colcon.colcon_core.environment:checking '/mnt/hdd/autonomy/ws/Carla-autoware_interface/bridge_ws/install/carla_autoware_type_bridge/bin'
[1.723s] Level 1:colcon.colcon_core.environment:checking '/mnt/hdd/autonomy/ws/Carla-autoware_interface/bridge_ws/install/carla_autoware_type_bridge/lib/pkgconfig/carla_autoware_type_bridge.pc'
[1.723s] Level 1:colcon.colcon_core.environment:checking '/mnt/hdd/autonomy/ws/Carla-autoware_interface/bridge_ws/install/carla_autoware_type_bridge/lib/python3.10/site-packages'
[1.724s] Level 1:colcon.colcon_core.environment:checking '/mnt/hdd/autonomy/ws/Carla-autoware_interface/bridge_ws/install/carla_autoware_type_bridge/bin'
[1.724s] INFO:colcon.colcon_core.shell:Creating package script '/mnt/hdd/autonomy/ws/Carla-autoware_interface/bridge_ws/install/carla_autoware_type_bridge/share/carla_autoware_type_bridge/package.ps1'
[1.725s] INFO:colcon.colcon_core.shell:Creating package descriptor '/mnt/hdd/autonomy/ws/Carla-autoware_interface/bridge_ws/install/carla_autoware_type_bridge/share/carla_autoware_type_bridge/package.dsv'
[1.726s] INFO:colcon.colcon_core.shell:Creating package script '/mnt/hdd/autonomy/ws/Carla-autoware_interface/bridge_ws/install/carla_autoware_type_bridge/share/carla_autoware_type_bridge/package.sh'
[1.727s] INFO:colcon.colcon_core.shell:Creating package script '/mnt/hdd/autonomy/ws/Carla-autoware_interface/bridge_ws/install/carla_autoware_type_bridge/share/carla_autoware_type_bridge/package.bash'
[1.727s] INFO:colcon.colcon_core.shell:Creating package script '/mnt/hdd/autonomy/ws/Carla-autoware_interface/bridge_ws/install/carla_autoware_type_bridge/share/carla_autoware_type_bridge/package.zsh'
[1.728s] Level 1:colcon.colcon_core.environment:create_file_with_runtime_dependencies(/mnt/hdd/autonomy/ws/Carla-autoware_interface/bridge_ws/install/carla_autoware_type_bridge/share/colcon-core/packages/carla_autoware_type_bridge)
[1.729s] Level 1:colcon.colcon_core.environment:create_environment_scripts_only(carla_autoware_type_bridge)
[1.729s] Level 1:colcon.colcon_core.environment:checking '/mnt/hdd/autonomy/ws/Carla-autoware_interface/bridge_ws/install/carla_autoware_type_bridge' for CMake module files
[1.730s] Level 1:colcon.colcon_core.environment:checking '/mnt/hdd/autonomy/ws/Carla-autoware_interface/bridge_ws/install/carla_autoware_type_bridge' for CMake config files
[1.730s] Level 1:colcon.colcon_core.shell:create_environment_hook('carla_autoware_type_bridge', 'cmake_prefix_path')
[1.730s] INFO:colcon.colcon_core.shell:Creating environment hook '/mnt/hdd/autonomy/ws/Carla-autoware_interface/bridge_ws/install/carla_autoware_type_bridge/share/carla_autoware_type_bridge/hook/cmake_prefix_path.ps1'
[1.731s] INFO:colcon.colcon_core.shell:Creating environment descriptor '/mnt/hdd/autonomy/ws/Carla-autoware_interface/bridge_ws/install/carla_autoware_type_bridge/share/carla_autoware_type_bridge/hook/cmake_prefix_path.dsv'
[1.731s] INFO:colcon.colcon_core.shell:Creating environment hook '/mnt/hdd/autonomy/ws/Carla-autoware_interface/bridge_ws/install/carla_autoware_type_bridge/share/carla_autoware_type_bridge/hook/cmake_prefix_path.sh'
[1.732s] Level 1:colcon.colcon_core.environment:checking '/mnt/hdd/autonomy/ws/Carla-autoware_interface/bridge_ws/install/carla_autoware_type_bridge/lib'
[1.732s] Level 1:colcon.colcon_core.environment:checking '/mnt/hdd/autonomy/ws/Carla-autoware_interface/bridge_ws/install/carla_autoware_type_bridge/bin'
[1.732s] Level 1:colcon.colcon_core.environment:checking '/mnt/hdd/autonomy/ws/Carla-autoware_interface/bridge_ws/install/carla_autoware_type_bridge/lib/pkgconfig/carla_autoware_type_bridge.pc'
[1.732s] Level 1:colcon.colcon_core.environment:checking '/mnt/hdd/autonomy/ws/Carla-autoware_interface/bridge_ws/install/carla_autoware_type_bridge/lib/python3.10/site-packages'
[1.732s] Level 1:colcon.colcon_core.environment:checking '/mnt/hdd/autonomy/ws/Carla-autoware_interface/bridge_ws/install/carla_autoware_type_bridge/bin'
[1.733s] INFO:colcon.colcon_core.shell:Creating package script '/mnt/hdd/autonomy/ws/Carla-autoware_interface/bridge_ws/install/carla_autoware_type_bridge/share/carla_autoware_type_bridge/package.ps1'
[1.733s] INFO:colcon.colcon_core.shell:Creating package descriptor '/mnt/hdd/autonomy/ws/Carla-autoware_interface/bridge_ws/install/carla_autoware_type_bridge/share/carla_autoware_type_bridge/package.dsv'
[1.734s] INFO:colcon.colcon_core.shell:Creating package script '/mnt/hdd/autonomy/ws/Carla-autoware_interface/bridge_ws/install/carla_autoware_type_bridge/share/carla_autoware_type_bridge/package.sh'
[1.734s] INFO:colcon.colcon_core.shell:Creating package script '/mnt/hdd/autonomy/ws/Carla-autoware_interface/bridge_ws/install/carla_autoware_type_bridge/share/carla_autoware_type_bridge/package.bash'
[1.735s] INFO:colcon.colcon_core.shell:Creating package script '/mnt/hdd/autonomy/ws/Carla-autoware_interface/bridge_ws/install/carla_autoware_type_bridge/share/carla_autoware_type_bridge/package.zsh'
[1.735s] Level 1:colcon.colcon_core.environment:create_file_with_runtime_dependencies(/mnt/hdd/autonomy/ws/Carla-autoware_interface/bridge_ws/install/carla_autoware_type_bridge/share/colcon-core/packages/carla_autoware_type_bridge)
[1.960s] Level 1:colcon.colcon_core.shell:create_environment_hook('carla_autonomy_bridge', 'pythonpath_develop')
[1.961s] INFO:colcon.colcon_core.shell:Creating environment hook '/mnt/hdd/autonomy/ws/Carla-autoware_interface/bridge_ws/build/carla_autonomy_bridge/share/carla_autonomy_bridge/hook/pythonpath_develop.ps1'
[1.961s] DEBUG:colcon.colcon_core.event_handler.log_command:Invoked command in '/mnt/hdd/autonomy/ws/Carla-autoware_interface/bridge_ws/build/carla_autonomy_bridge' returned '0': PYTHONPATH=/mnt/hdd/autonomy/ws/Carla-autoware_interface/bridge_ws/build/carla_autonomy_bridge/prefix_override:/usr/lib/python3/dist-packages/colcon_core/task/python/colcon_distutils_commands:/mnt/hdd/autonomy/ws/Carla-autoware_interface/bridge_ws/install/carla_autonomy_bridge/lib/python3.10/site-packages:${PYTHONPATH} /usr/bin/python3 -W ignore:setup.py install is deprecated -W ignore:easy_install command is deprecated setup.py develop --editable --build-directory /mnt/hdd/autonomy/ws/Carla-autoware_interface/bridge_ws/build/carla_autonomy_bridge/build --no-deps symlink_data
[1.962s] INFO:colcon.colcon_core.shell:Creating environment descriptor '/mnt/hdd/autonomy/ws/Carla-autoware_interface/bridge_ws/build/carla_autonomy_bridge/share/carla_autonomy_bridge/hook/pythonpath_develop.dsv'
[1.962s] INFO:colcon.colcon_core.shell:Creating environment hook '/mnt/hdd/autonomy/ws/Carla-autoware_interface/bridge_ws/build/carla_autonomy_bridge/share/carla_autonomy_bridge/hook/pythonpath_develop.sh'
[1.962s] Level 1:colcon.colcon_core.environment:checking '/mnt/hdd/autonomy/ws/Carla-autoware_interface/bridge_ws/install/carla_autonomy_bridge' for CMake module files
[1.963s] Level 1:colcon.colcon_core.environment:checking '/mnt/hdd/autonomy/ws/Carla-autoware_interface/bridge_ws/install/carla_autonomy_bridge' for CMake config files
[1.963s] Level 1:colcon.colcon_core.environment:checking '/mnt/hdd/autonomy/ws/Carla-autoware_interface/bridge_ws/install/carla_autonomy_bridge/lib'
[1.964s] Level 1:colcon.colcon_core.environment:checking '/mnt/hdd/autonomy/ws/Carla-autoware_interface/bridge_ws/install/carla_autonomy_bridge/bin'
[1.964s] Level 1:colcon.colcon_core.environment:checking '/mnt/hdd/autonomy/ws/Carla-autoware_interface/bridge_ws/install/carla_autonomy_bridge/lib/pkgconfig/carla_autonomy_bridge.pc'
[1.964s] Level 1:colcon.colcon_core.environment:checking '/mnt/hdd/autonomy/ws/Carla-autoware_interface/bridge_ws/install/carla_autonomy_bridge/lib/python3.10/site-packages'
[1.964s] Level 1:colcon.colcon_core.shell:create_environment_hook('carla_autonomy_bridge', 'pythonpath')
[1.964s] INFO:colcon.colcon_core.shell:Creating environment hook '/mnt/hdd/autonomy/ws/Carla-autoware_interface/bridge_ws/install/carla_autonomy_bridge/share/carla_autonomy_bridge/hook/pythonpath.ps1'
[1.965s] INFO:colcon.colcon_core.shell:Creating environment descriptor '/mnt/hdd/autonomy/ws/Carla-autoware_interface/bridge_ws/install/carla_autonomy_bridge/share/carla_autonomy_bridge/hook/pythonpath.dsv'
[1.965s] INFO:colcon.colcon_core.shell:Creating environment hook '/mnt/hdd/autonomy/ws/Carla-autoware_interface/bridge_ws/install/carla_autonomy_bridge/share/carla_autonomy_bridge/hook/pythonpath.sh'
[1.966s] Level 1:colcon.colcon_core.environment:checking '/mnt/hdd/autonomy/ws/Carla-autoware_interface/bridge_ws/install/carla_autonomy_bridge/bin'
[1.966s] Level 1:colcon.colcon_core.environment:create_environment_scripts_only(carla_autonomy_bridge)
[1.966s] INFO:colcon.colcon_core.shell:Creating package script '/mnt/hdd/autonomy/ws/Carla-autoware_interface/bridge_ws/install/carla_autonomy_bridge/share/carla_autonomy_bridge/package.ps1'
[1.966s] INFO:colcon.colcon_core.shell:Creating package descriptor '/mnt/hdd/autonomy/ws/Carla-autoware_interface/bridge_ws/install/carla_autonomy_bridge/share/carla_autonomy_bridge/package.dsv'
[1.967s] INFO:colcon.colcon_core.shell:Creating package script '/mnt/hdd/autonomy/ws/Carla-autoware_interface/bridge_ws/install/carla_autonomy_bridge/share/carla_autonomy_bridge/package.sh'
[1.967s] INFO:colcon.colcon_core.shell:Creating package script '/mnt/hdd/autonomy/ws/Carla-autoware_interface/bridge_ws/install/carla_autonomy_bridge/share/carla_autonomy_bridge/package.bash'
[1.968s] INFO:colcon.colcon_core.shell:Creating package script '/mnt/hdd/autonomy/ws/Carla-autoware_interface/bridge_ws/install/carla_autonomy_bridge/share/carla_autonomy_bridge/package.zsh'
[1.968s] Level 1:colcon.colcon_core.environment:create_file_with_runtime_dependencies(/mnt/hdd/autonomy/ws/Carla-autoware_interface/bridge_ws/install/carla_autonomy_bridge/share/colcon-core/packages/carla_autonomy_bridge)
[1.968s] DEBUG:colcon.colcon_parallel_executor.executor.parallel:closing loop
[1.969s] DEBUG:colcon.colcon_parallel_executor.executor.parallel:loop closed
[1.969s] DEBUG:colcon.colcon_parallel_executor.executor.parallel:run_until_complete finished with '0'
[1.969s] DEBUG:colcon.colcon_core.event_reactor:joining thread
[1.973s] INFO:colcon.colcon_core.plugin_system:Skipping extension 'colcon_notification.desktop_notification.terminal_notifier': Not used on non-Darwin systems
[1.973s] INFO:colcon.colcon_core.plugin_system:Skipping extension 'colcon_notification.desktop_notification.win32': Not used on non-Windows systems
[1.973s] INFO:colcon.colcon_notification.desktop_notification:Sending desktop notification using 'notify2'
[1.973s] DEBUG:colcon.colcon_notification.desktop_notification.notify2:Failed to initialize notify2: org.freedesktop.DBus.Error.NotSupported: Unable to autolaunch a dbus-daemon without a $DISPLAY for X11
[1.973s] DEBUG:colcon.colcon_core.event_reactor:joined thread
[1.973s] INFO:colcon.colcon_core.shell:Creating prefix script '/mnt/hdd/autonomy/ws/Carla-autoware_interface/bridge_ws/install/local_setup.ps1'
[1.975s] INFO:colcon.colcon_core.shell:Creating prefix util module '/mnt/hdd/autonomy/ws/Carla-autoware_interface/bridge_ws/install/_local_setup_util_ps1.py'
[1.976s] INFO:colcon.colcon_core.shell:Creating prefix chain script '/mnt/hdd/autonomy/ws/Carla-autoware_interface/bridge_ws/install/setup.ps1'
[1.979s] INFO:colcon.colcon_core.shell:Creating prefix script '/mnt/hdd/autonomy/ws/Carla-autoware_interface/bridge_ws/install/local_setup.sh'
[1.980s] INFO:colcon.colcon_core.shell:Creating prefix util module '/mnt/hdd/autonomy/ws/Carla-autoware_interface/bridge_ws/install/_local_setup_util_sh.py'
[1.980s] INFO:colcon.colcon_core.shell:Creating prefix chain script '/mnt/hdd/autonomy/ws/Carla-autoware_interface/bridge_ws/install/setup.sh'
[1.983s] INFO:colcon.colcon_core.shell:Creating prefix script '/mnt/hdd/autonomy/ws/Carla-autoware_interface/bridge_ws/install/local_setup.bash'
[1.984s] INFO:colcon.colcon_core.shell:Creating prefix chain script '/mnt/hdd/autonomy/ws/Carla-autoware_interface/bridge_ws/install/setup.bash'
[1.986s] INFO:colcon.colcon_core.shell:Creating prefix script '/mnt/hdd/autonomy/ws/Carla-autoware_interface/bridge_ws/install/local_setup.zsh'
[1.987s] INFO:colcon.colcon_core.shell:Creating prefix chain script '/mnt/hdd/autonomy/ws/Carla-autoware_interface/bridge_ws/install/setup.zsh'
