[0.093s] Invoking command in '/mnt/hdd/autonomy/ws/Carla-autoware_interface/deps_ws/build/tier4_vehicle_msgs': AMENT_PREFIX_PATH=/mnt/hdd/autonomy/ws/Carla-autoware_interface/deps_ws/install/tier4_control_msgs:/mnt/hdd/autonomy/ws/Carla-autoware_interface/deps_ws/install/autoware_common_msgs:${AMENT_PREFIX_PATH} CMAKE_PREFIX_PATH=/mnt/hdd/autonomy/ws/Carla-autoware_interface/deps_ws/install/tier4_control_msgs:/mnt/hdd/autonomy/ws/Carla-autoware_interface/deps_ws/install/autoware_common_msgs:/mnt/hdd/autonomy/ws/Carla-autoware_interface/msg_ws/install/autoware_auto_msgs:/mnt/hdd/autonomy/ws/Carla-autoware_interface/msg_ws/install/autoware_auto_vehicle_msgs:/mnt/hdd/autonomy/ws/Carla-autoware_interface/msg_ws/install/autoware_auto_system_msgs:/mnt/hdd/autonomy/ws/Carla-autoware_interface/msg_ws/install/autoware_auto_planning_msgs:/mnt/hdd/autonomy/ws/Carla-autoware_interface/msg_ws/install/autoware_auto_perception_msgs:/mnt/hdd/autonomy/ws/Carla-autoware_interface/msg_ws/install/autoware_auto_mapping_msgs:/mnt/hdd/autonomy/ws/Carla-autoware_interface/msg_ws/install/autoware_auto_geometry_msgs:/mnt/hdd/autonomy/ws/Carla-autoware_interface/msg_ws/install/autoware_auto_control_msgs:/opt/ros/humble LD_LIBRARY_PATH=/mnt/hdd/autonomy/ws/Carla-autoware_interface/deps_ws/install/tier4_control_msgs/lib:/mnt/hdd/autonomy/ws/Carla-autoware_interface/deps_ws/install/autoware_common_msgs/lib:${LD_LIBRARY_PATH} PYTHONPATH=/mnt/hdd/autonomy/ws/Carla-autoware_interface/deps_ws/install/tier4_control_msgs/local/lib/python3.10/dist-packages:/mnt/hdd/autonomy/ws/Carla-autoware_interface/deps_ws/install/autoware_common_msgs/local/lib/python3.10/dist-packages:${PYTHONPATH} /usr/bin/cmake /mnt/hdd/autonomy/ws/Carla-autoware_interface/deps_ws/src/tier4_autoware_msgs/tier4_vehicle_msgs -DAMENT_CMAKE_SYMLINK_INSTALL=1 -DCMAKE_INSTALL_PREFIX=/mnt/hdd/autonomy/ws/Carla-autoware_interface/deps_ws/install/tier4_vehicle_msgs
[0.315s] -- The C compiler identification is GNU 11.4.0
[0.560s] -- The CXX compiler identification is GNU 11.4.0
[0.606s] -- Detecting C compiler ABI info
[1.094s] -- Detecting C compiler ABI info - done
[1.109s] -- Check for working C compiler: /usr/lib/ccache/gcc - skipped
[1.109s] -- Detecting C compile features
[1.109s] -- Detecting C compile features - done
[1.121s] -- Detecting CXX compiler ABI info
[1.558s] -- Detecting CXX compiler ABI info - done
[1.566s] -- Check for working CXX compiler: /usr/lib/ccache/g++ - skipped
[1.567s] -- Detecting CXX compile features
[1.569s] -- Detecting CXX compile features - done
[1.578s] -- Found ament_cmake_auto: 1.3.12 (/opt/ros/humble/share/ament_cmake_auto/cmake)
[2.007s] -- Found Python3: /usr/bin/python3 (found version "3.10.12") found components: Interpreter 
[2.181s] -- Override CMake install command with custom implementation using symlinks instead of copying resources
[2.347s] -- Using all available rosidl_typesupport_c: rosidl_typesupport_fastrtps_c;rosidl_typesupport_introspection_c
[2.355s] -- Found rosidl_adapter: 3.1.8 (/opt/ros/humble/share/rosidl_adapter/cmake)
[2.409s] -- Using all available rosidl_typesupport_cpp: rosidl_typesupport_fastrtps_cpp;rosidl_typesupport_introspection_cpp
[3.254s] -- Found ament_cmake_ros: 0.10.0 (/opt/ros/humble/share/ament_cmake_ros/cmake)
[3.813s] -- Using all available rosidl_typesupport_c: rosidl_typesupport_fastrtps_c;rosidl_typesupport_introspection_c
[4.667s] -- Using all available rosidl_typesupport_cpp: rosidl_typesupport_fastrtps_cpp;rosidl_typesupport_introspection_cpp
[4.748s] -- Found PythonInterp: /usr/bin/python3 (found suitable version "3.10.12", minimum required is "3.6") 
[4.752s] -- Found python_cmake_module: 0.10.0 (/opt/ros/humble/share/python_cmake_module/cmake)
[4.826s] -- Found PythonLibs: /usr/lib/x86_64-linux-gnu/libpython3.10.so (found suitable version "3.10.12", minimum required is "3.5") 
[4.826s] -- Using PYTHON_EXECUTABLE: /usr/bin/python3
[4.826s] -- Using PYTHON_INCLUDE_DIRS: /usr/include/python3.10
[4.826s] -- Using PYTHON_LIBRARIES: /usr/lib/x86_64-linux-gnu/libpython3.10.so
[4.880s] -- Found PythonExtra: .so  
[5.062s] -- Found ament_lint_auto: 0.12.14 (/opt/ros/humble/share/ament_lint_auto/cmake)
[5.149s] -- Added test 'copyright' to check source files copyright and LICENSE
[5.158s] -- Added test 'lint_cmake' to check CMake code style
[5.158s] -- Added test 'xmllint' to check XML markup files
[5.164s] -- Configuring done
[5.255s] -- Generating done
[5.283s] -- Build files have been written to: /mnt/hdd/autonomy/ws/Carla-autoware_interface/deps_ws/build/tier4_vehicle_msgs
[5.346s] Invoked command in '/mnt/hdd/autonomy/ws/Carla-autoware_interface/deps_ws/build/tier4_vehicle_msgs' returned '0': AMENT_PREFIX_PATH=/mnt/hdd/autonomy/ws/Carla-autoware_interface/deps_ws/install/tier4_control_msgs:/mnt/hdd/autonomy/ws/Carla-autoware_interface/deps_ws/install/autoware_common_msgs:${AMENT_PREFIX_PATH} CMAKE_PREFIX_PATH=/mnt/hdd/autonomy/ws/Carla-autoware_interface/deps_ws/install/tier4_control_msgs:/mnt/hdd/autonomy/ws/Carla-autoware_interface/deps_ws/install/autoware_common_msgs:/mnt/hdd/autonomy/ws/Carla-autoware_interface/msg_ws/install/autoware_auto_msgs:/mnt/hdd/autonomy/ws/Carla-autoware_interface/msg_ws/install/autoware_auto_vehicle_msgs:/mnt/hdd/autonomy/ws/Carla-autoware_interface/msg_ws/install/autoware_auto_system_msgs:/mnt/hdd/autonomy/ws/Carla-autoware_interface/msg_ws/install/autoware_auto_planning_msgs:/mnt/hdd/autonomy/ws/Carla-autoware_interface/msg_ws/install/autoware_auto_perception_msgs:/mnt/hdd/autonomy/ws/Carla-autoware_interface/msg_ws/install/autoware_auto_mapping_msgs:/mnt/hdd/autonomy/ws/Carla-autoware_interface/msg_ws/install/autoware_auto_geometry_msgs:/mnt/hdd/autonomy/ws/Carla-autoware_interface/msg_ws/install/autoware_auto_control_msgs:/opt/ros/humble LD_LIBRARY_PATH=/mnt/hdd/autonomy/ws/Carla-autoware_interface/deps_ws/install/tier4_control_msgs/lib:/mnt/hdd/autonomy/ws/Carla-autoware_interface/deps_ws/install/autoware_common_msgs/lib:${LD_LIBRARY_PATH} PYTHONPATH=/mnt/hdd/autonomy/ws/Carla-autoware_interface/deps_ws/install/tier4_control_msgs/local/lib/python3.10/dist-packages:/mnt/hdd/autonomy/ws/Carla-autoware_interface/deps_ws/install/autoware_common_msgs/local/lib/python3.10/dist-packages:${PYTHONPATH} /usr/bin/cmake /mnt/hdd/autonomy/ws/Carla-autoware_interface/deps_ws/src/tier4_autoware_msgs/tier4_vehicle_msgs -DAMENT_CMAKE_SYMLINK_INSTALL=1 -DCMAKE_INSTALL_PREFIX=/mnt/hdd/autonomy/ws/Carla-autoware_interface/deps_ws/install/tier4_vehicle_msgs
[5.347s] Invoking command in '/mnt/hdd/autonomy/ws/Carla-autoware_interface/deps_ws/build/tier4_vehicle_msgs': AMENT_PREFIX_PATH=/mnt/hdd/autonomy/ws/Carla-autoware_interface/deps_ws/install/tier4_control_msgs:/mnt/hdd/autonomy/ws/Carla-autoware_interface/deps_ws/install/autoware_common_msgs:${AMENT_PREFIX_PATH} CMAKE_PREFIX_PATH=/mnt/hdd/autonomy/ws/Carla-autoware_interface/deps_ws/install/tier4_control_msgs:/mnt/hdd/autonomy/ws/Carla-autoware_interface/deps_ws/install/autoware_common_msgs:/mnt/hdd/autonomy/ws/Carla-autoware_interface/msg_ws/install/autoware_auto_msgs:/mnt/hdd/autonomy/ws/Carla-autoware_interface/msg_ws/install/autoware_auto_vehicle_msgs:/mnt/hdd/autonomy/ws/Carla-autoware_interface/msg_ws/install/autoware_auto_system_msgs:/mnt/hdd/autonomy/ws/Carla-autoware_interface/msg_ws/install/autoware_auto_planning_msgs:/mnt/hdd/autonomy/ws/Carla-autoware_interface/msg_ws/install/autoware_auto_perception_msgs:/mnt/hdd/autonomy/ws/Carla-autoware_interface/msg_ws/install/autoware_auto_mapping_msgs:/mnt/hdd/autonomy/ws/Carla-autoware_interface/msg_ws/install/autoware_auto_geometry_msgs:/mnt/hdd/autonomy/ws/Carla-autoware_interface/msg_ws/install/autoware_auto_control_msgs:/opt/ros/humble LD_LIBRARY_PATH=/mnt/hdd/autonomy/ws/Carla-autoware_interface/deps_ws/install/tier4_control_msgs/lib:/mnt/hdd/autonomy/ws/Carla-autoware_interface/deps_ws/install/autoware_common_msgs/lib:${LD_LIBRARY_PATH} PYTHONPATH=/mnt/hdd/autonomy/ws/Carla-autoware_interface/deps_ws/install/tier4_control_msgs/local/lib/python3.10/dist-packages:/mnt/hdd/autonomy/ws/Carla-autoware_interface/deps_ws/install/autoware_common_msgs/local/lib/python3.10/dist-packages:${PYTHONPATH} /usr/bin/cmake --build /mnt/hdd/autonomy/ws/Carla-autoware_interface/deps_ws/build/tier4_vehicle_msgs -- -j16 -l16
[5.707s] [  0%] Generating C++ code for ROS interfaces
[10.726s] [  0%] Built target tier4_vehicle_msgs__cpp
[10.931s] [  0%] Built target ament_cmake_python_symlink_tier4_vehicle_msgs
[11.050s] [  1%] Generating C++ introspection for ROS interfaces
[13.540s] [  1%] Building CXX object CMakeFiles/tier4_vehicle_msgs__rosidl_typesupport_introspection_cpp.dir/rosidl_typesupport_introspection_cpp/tier4_vehicle_msgs/msg/detail/actuation_command__type_support.cpp.o
[14.159s] [  2%] Building CXX object CMakeFiles/tier4_vehicle_msgs__rosidl_typesupport_introspection_cpp.dir/rosidl_typesupport_introspection_cpp/tier4_vehicle_msgs/srv/detail/update_accel_brake_map__type_support.cpp.o
[14.813s] [  3%] Building CXX object CMakeFiles/tier4_vehicle_msgs__rosidl_typesupport_introspection_cpp.dir/rosidl_typesupport_introspection_cpp/tier4_vehicle_msgs/msg/detail/vehicle_emergency_stamped__type_support.cpp.o
[15.572s] [  4%] Building CXX object CMakeFiles/tier4_vehicle_msgs__rosidl_typesupport_introspection_cpp.dir/rosidl_typesupport_introspection_cpp/tier4_vehicle_msgs/msg/detail/steering_wheel_status_stamped__type_support.cpp.o
[16.195s] [  5%] Building CXX object CMakeFiles/tier4_vehicle_msgs__rosidl_typesupport_introspection_cpp.dir/rosidl_typesupport_introspection_cpp/tier4_vehicle_msgs/msg/detail/steering__type_support.cpp.o
[16.863s] [  6%] Building CXX object CMakeFiles/tier4_vehicle_msgs__rosidl_typesupport_introspection_cpp.dir/rosidl_typesupport_introspection_cpp/tier4_vehicle_msgs/msg/detail/turn_signal__type_support.cpp.o
[17.522s] [  6%] Building CXX object CMakeFiles/tier4_vehicle_msgs__rosidl_typesupport_introspection_cpp.dir/rosidl_typesupport_introspection_cpp/tier4_vehicle_msgs/msg/detail/shift_stamped__type_support.cpp.o
[18.244s] [  7%] Building CXX object CMakeFiles/tier4_vehicle_msgs__rosidl_typesupport_introspection_cpp.dir/rosidl_typesupport_introspection_cpp/tier4_vehicle_msgs/msg/detail/shift__type_support.cpp.o
[18.963s] [  8%] Building CXX object CMakeFiles/tier4_vehicle_msgs__rosidl_typesupport_introspection_cpp.dir/rosidl_typesupport_introspection_cpp/tier4_vehicle_msgs/msg/detail/battery_status__type_support.cpp.o
[19.623s] [  9%] Building CXX object CMakeFiles/tier4_vehicle_msgs__rosidl_typesupport_introspection_cpp.dir/rosidl_typesupport_introspection_cpp/tier4_vehicle_msgs/msg/detail/actuation_status_stamped__type_support.cpp.o
[20.317s] [ 10%] Building CXX object CMakeFiles/tier4_vehicle_msgs__rosidl_typesupport_introspection_cpp.dir/rosidl_typesupport_introspection_cpp/tier4_vehicle_msgs/msg/detail/actuation_status__type_support.cpp.o
[21.006s] [ 11%] Building CXX object CMakeFiles/tier4_vehicle_msgs__rosidl_typesupport_introspection_cpp.dir/rosidl_typesupport_introspection_cpp/tier4_vehicle_msgs/msg/detail/actuation_command_stamped__type_support.cpp.o
[21.727s] [ 12%] Linking CXX shared library libtier4_vehicle_msgs__rosidl_typesupport_introspection_cpp.so
[22.022s] [ 12%] Built target tier4_vehicle_msgs__rosidl_typesupport_introspection_cpp
[22.517s] running egg_info
[22.519s] creating tier4_vehicle_msgs.egg-info
[22.519s] writing tier4_vehicle_msgs.egg-info/PKG-INFO
[22.519s] writing dependency_links to tier4_vehicle_msgs.egg-info/dependency_links.txt
[22.519s] writing top-level names to tier4_vehicle_msgs.egg-info/top_level.txt
[22.521s] writing manifest file 'tier4_vehicle_msgs.egg-info/SOURCES.txt'
[22.524s] reading manifest file 'tier4_vehicle_msgs.egg-info/SOURCES.txt'
[22.529s] writing manifest file 'tier4_vehicle_msgs.egg-info/SOURCES.txt'
[22.658s] [ 12%] Built target ament_cmake_python_build_tier4_vehicle_msgs_egg
[22.739s] [ 12%] Generating C++ type support for eProsima Fast-RTPS
[25.382s] [ 13%] Building CXX object CMakeFiles/tier4_vehicle_msgs__rosidl_typesupport_fastrtps_cpp.dir/rosidl_typesupport_fastrtps_cpp/tier4_vehicle_msgs/msg/detail/dds_fastrtps/actuation_command__type_support.cpp.o
[26.062s] [ 13%] Building CXX object CMakeFiles/tier4_vehicle_msgs__rosidl_typesupport_fastrtps_cpp.dir/rosidl_typesupport_fastrtps_cpp/tier4_vehicle_msgs/srv/detail/dds_fastrtps/update_accel_brake_map__type_support.cpp.o
[26.720s] [ 14%] Building CXX object CMakeFiles/tier4_vehicle_msgs__rosidl_typesupport_fastrtps_cpp.dir/rosidl_typesupport_fastrtps_cpp/tier4_vehicle_msgs/msg/detail/dds_fastrtps/vehicle_emergency_stamped__type_support.cpp.o
[27.398s] [ 15%] Building CXX object CMakeFiles/tier4_vehicle_msgs__rosidl_typesupport_fastrtps_cpp.dir/rosidl_typesupport_fastrtps_cpp/tier4_vehicle_msgs/msg/detail/dds_fastrtps/steering_wheel_status_stamped__type_support.cpp.o
[28.089s] [ 16%] Building CXX object CMakeFiles/tier4_vehicle_msgs__rosidl_typesupport_fastrtps_cpp.dir/rosidl_typesupport_fastrtps_cpp/tier4_vehicle_msgs/msg/detail/dds_fastrtps/steering__type_support.cpp.o
[28.749s] [ 17%] Building CXX object CMakeFiles/tier4_vehicle_msgs__rosidl_typesupport_fastrtps_cpp.dir/rosidl_typesupport_fastrtps_cpp/tier4_vehicle_msgs/msg/detail/dds_fastrtps/turn_signal__type_support.cpp.o
[29.544s] [ 18%] Building CXX object CMakeFiles/tier4_vehicle_msgs__rosidl_typesupport_fastrtps_cpp.dir/rosidl_typesupport_fastrtps_cpp/tier4_vehicle_msgs/msg/detail/dds_fastrtps/shift_stamped__type_support.cpp.o
[30.158s] [ 18%] Building CXX object CMakeFiles/tier4_vehicle_msgs__rosidl_typesupport_fastrtps_cpp.dir/rosidl_typesupport_fastrtps_cpp/tier4_vehicle_msgs/msg/detail/dds_fastrtps/shift__type_support.cpp.o
[30.785s] [ 19%] Building CXX object CMakeFiles/tier4_vehicle_msgs__rosidl_typesupport_fastrtps_cpp.dir/rosidl_typesupport_fastrtps_cpp/tier4_vehicle_msgs/msg/detail/dds_fastrtps/battery_status__type_support.cpp.o
[31.478s] [ 20%] Building CXX object CMakeFiles/tier4_vehicle_msgs__rosidl_typesupport_fastrtps_cpp.dir/rosidl_typesupport_fastrtps_cpp/tier4_vehicle_msgs/msg/detail/dds_fastrtps/actuation_status_stamped__type_support.cpp.o
[32.142s] [ 21%] Building CXX object CMakeFiles/tier4_vehicle_msgs__rosidl_typesupport_fastrtps_cpp.dir/rosidl_typesupport_fastrtps_cpp/tier4_vehicle_msgs/msg/detail/dds_fastrtps/actuation_status__type_support.cpp.o
[32.906s] [ 22%] Building CXX object CMakeFiles/tier4_vehicle_msgs__rosidl_typesupport_fastrtps_cpp.dir/rosidl_typesupport_fastrtps_cpp/tier4_vehicle_msgs/msg/detail/dds_fastrtps/actuation_command_stamped__type_support.cpp.o
[33.576s] [ 23%] Linking CXX shared library libtier4_vehicle_msgs__rosidl_typesupport_fastrtps_cpp.so
[33.899s] [ 23%] Built target tier4_vehicle_msgs__rosidl_typesupport_fastrtps_cpp
[33.984s] [ 24%] Generating C++ type support dispatch for ROS interfaces
[35.441s] [ 25%] Building CXX object CMakeFiles/tier4_vehicle_msgs__rosidl_typesupport_cpp.dir/rosidl_typesupport_cpp/tier4_vehicle_msgs/msg/actuation_command__type_support.cpp.o
[35.945s] [ 26%] Building CXX object CMakeFiles/tier4_vehicle_msgs__rosidl_typesupport_cpp.dir/rosidl_typesupport_cpp/tier4_vehicle_msgs/srv/update_accel_brake_map__type_support.cpp.o
[36.430s] [ 26%] Building CXX object CMakeFiles/tier4_vehicle_msgs__rosidl_typesupport_cpp.dir/rosidl_typesupport_cpp/tier4_vehicle_msgs/msg/vehicle_emergency_stamped__type_support.cpp.o
[36.994s] [ 27%] Building CXX object CMakeFiles/tier4_vehicle_msgs__rosidl_typesupport_cpp.dir/rosidl_typesupport_cpp/tier4_vehicle_msgs/msg/steering_wheel_status_stamped__type_support.cpp.o
[37.450s] [ 28%] Building CXX object CMakeFiles/tier4_vehicle_msgs__rosidl_typesupport_cpp.dir/rosidl_typesupport_cpp/tier4_vehicle_msgs/msg/steering__type_support.cpp.o
[37.981s] [ 29%] Building CXX object CMakeFiles/tier4_vehicle_msgs__rosidl_typesupport_cpp.dir/rosidl_typesupport_cpp/tier4_vehicle_msgs/msg/turn_signal__type_support.cpp.o
[38.496s] [ 30%] Building CXX object CMakeFiles/tier4_vehicle_msgs__rosidl_typesupport_cpp.dir/rosidl_typesupport_cpp/tier4_vehicle_msgs/msg/shift_stamped__type_support.cpp.o
[38.986s] [ 31%] Building CXX object CMakeFiles/tier4_vehicle_msgs__rosidl_typesupport_cpp.dir/rosidl_typesupport_cpp/tier4_vehicle_msgs/msg/shift__type_support.cpp.o
[39.481s] [ 31%] Building CXX object CMakeFiles/tier4_vehicle_msgs__rosidl_typesupport_cpp.dir/rosidl_typesupport_cpp/tier4_vehicle_msgs/msg/battery_status__type_support.cpp.o
[40.022s] [ 32%] Building CXX object CMakeFiles/tier4_vehicle_msgs__rosidl_typesupport_cpp.dir/rosidl_typesupport_cpp/tier4_vehicle_msgs/msg/actuation_status_stamped__type_support.cpp.o
[40.589s] [ 33%] Building CXX object CMakeFiles/tier4_vehicle_msgs__rosidl_typesupport_cpp.dir/rosidl_typesupport_cpp/tier4_vehicle_msgs/msg/actuation_status__type_support.cpp.o
[41.072s] [ 34%] Building CXX object CMakeFiles/tier4_vehicle_msgs__rosidl_typesupport_cpp.dir/rosidl_typesupport_cpp/tier4_vehicle_msgs/msg/actuation_command_stamped__type_support.cpp.o
[41.625s] [ 35%] Linking CXX shared library libtier4_vehicle_msgs__rosidl_typesupport_cpp.so
[41.867s] [ 35%] Built target tier4_vehicle_msgs__rosidl_typesupport_cpp
[41.962s] [ 36%] Generating C code for ROS interfaces
[46.730s] [ 37%] Building C object CMakeFiles/tier4_vehicle_msgs__rosidl_generator_c.dir/rosidl_generator_c/tier4_vehicle_msgs/msg/detail/actuation_command__functions.c.o
[46.909s] [ 38%] Building C object CMakeFiles/tier4_vehicle_msgs__rosidl_generator_c.dir/rosidl_generator_c/tier4_vehicle_msgs/srv/detail/update_accel_brake_map__functions.c.o
[47.095s] [ 39%] Building C object CMakeFiles/tier4_vehicle_msgs__rosidl_generator_c.dir/rosidl_generator_c/tier4_vehicle_msgs/msg/detail/vehicle_emergency_stamped__functions.c.o
[47.271s] [ 39%] Building C object CMakeFiles/tier4_vehicle_msgs__rosidl_generator_c.dir/rosidl_generator_c/tier4_vehicle_msgs/msg/detail/steering_wheel_status_stamped__functions.c.o
[47.470s] [ 40%] Building C object CMakeFiles/tier4_vehicle_msgs__rosidl_generator_c.dir/rosidl_generator_c/tier4_vehicle_msgs/msg/detail/steering__functions.c.o
[47.665s] [ 41%] Building C object CMakeFiles/tier4_vehicle_msgs__rosidl_generator_c.dir/rosidl_generator_c/tier4_vehicle_msgs/msg/detail/turn_signal__functions.c.o
[47.836s] [ 42%] Building C object CMakeFiles/tier4_vehicle_msgs__rosidl_generator_c.dir/rosidl_generator_c/tier4_vehicle_msgs/msg/detail/shift_stamped__functions.c.o
[48.003s] [ 43%] Building C object CMakeFiles/tier4_vehicle_msgs__rosidl_generator_c.dir/rosidl_generator_c/tier4_vehicle_msgs/msg/detail/shift__functions.c.o
[48.182s] [ 44%] Building C object CMakeFiles/tier4_vehicle_msgs__rosidl_generator_c.dir/rosidl_generator_c/tier4_vehicle_msgs/msg/detail/battery_status__functions.c.o
[48.389s] [ 44%] Building C object CMakeFiles/tier4_vehicle_msgs__rosidl_generator_c.dir/rosidl_generator_c/tier4_vehicle_msgs/msg/detail/actuation_status_stamped__functions.c.o
[48.589s] [ 45%] Building C object CMakeFiles/tier4_vehicle_msgs__rosidl_generator_c.dir/rosidl_generator_c/tier4_vehicle_msgs/msg/detail/actuation_status__functions.c.o
[48.768s] [ 46%] Building C object CMakeFiles/tier4_vehicle_msgs__rosidl_generator_c.dir/rosidl_generator_c/tier4_vehicle_msgs/msg/detail/actuation_command_stamped__functions.c.o
[48.922s] [ 47%] Linking C shared library libtier4_vehicle_msgs__rosidl_generator_c.so
[49.104s] [ 47%] Built target tier4_vehicle_msgs__rosidl_generator_c
[49.188s] [ 48%] Generating C type support for eProsima Fast-RTPS
[51.737s] [ 49%] Building CXX object CMakeFiles/tier4_vehicle_msgs__rosidl_typesupport_fastrtps_c.dir/rosidl_typesupport_fastrtps_c/tier4_vehicle_msgs/msg/detail/actuation_command__type_support_c.cpp.o
[52.377s] [ 50%] Building CXX object CMakeFiles/tier4_vehicle_msgs__rosidl_typesupport_fastrtps_c.dir/rosidl_typesupport_fastrtps_c/tier4_vehicle_msgs/srv/detail/update_accel_brake_map__type_support_c.cpp.o
[53.053s] [ 51%] Building CXX object CMakeFiles/tier4_vehicle_msgs__rosidl_typesupport_fastrtps_c.dir/rosidl_typesupport_fastrtps_c/tier4_vehicle_msgs/msg/detail/vehicle_emergency_stamped__type_support_c.cpp.o
[53.710s] [ 52%] Building CXX object CMakeFiles/tier4_vehicle_msgs__rosidl_typesupport_fastrtps_c.dir/rosidl_typesupport_fastrtps_c/tier4_vehicle_msgs/msg/detail/steering_wheel_status_stamped__type_support_c.cpp.o
[54.404s] [ 52%] Building CXX object CMakeFiles/tier4_vehicle_msgs__rosidl_typesupport_fastrtps_c.dir/rosidl_typesupport_fastrtps_c/tier4_vehicle_msgs/msg/detail/steering__type_support_c.cpp.o
[55.004s] [ 53%] Building CXX object CMakeFiles/tier4_vehicle_msgs__rosidl_typesupport_fastrtps_c.dir/rosidl_typesupport_fastrtps_c/tier4_vehicle_msgs/msg/detail/turn_signal__type_support_c.cpp.o
[55.607s] [ 54%] Building CXX object CMakeFiles/tier4_vehicle_msgs__rosidl_typesupport_fastrtps_c.dir/rosidl_typesupport_fastrtps_c/tier4_vehicle_msgs/msg/detail/shift_stamped__type_support_c.cpp.o
[56.297s] [ 55%] Building CXX object CMakeFiles/tier4_vehicle_msgs__rosidl_typesupport_fastrtps_c.dir/rosidl_typesupport_fastrtps_c/tier4_vehicle_msgs/msg/detail/shift__type_support_c.cpp.o
[56.937s] [ 56%] Building CXX object CMakeFiles/tier4_vehicle_msgs__rosidl_typesupport_fastrtps_c.dir/rosidl_typesupport_fastrtps_c/tier4_vehicle_msgs/msg/detail/battery_status__type_support_c.cpp.o
[57.614s] [ 57%] Building CXX object CMakeFiles/tier4_vehicle_msgs__rosidl_typesupport_fastrtps_c.dir/rosidl_typesupport_fastrtps_c/tier4_vehicle_msgs/msg/detail/actuation_status_stamped__type_support_c.cpp.o
[58.240s] [ 57%] Building CXX object CMakeFiles/tier4_vehicle_msgs__rosidl_typesupport_fastrtps_c.dir/rosidl_typesupport_fastrtps_c/tier4_vehicle_msgs/msg/detail/actuation_status__type_support_c.cpp.o
[58.884s] [ 58%] Building CXX object CMakeFiles/tier4_vehicle_msgs__rosidl_typesupport_fastrtps_c.dir/rosidl_typesupport_fastrtps_c/tier4_vehicle_msgs/msg/detail/actuation_command_stamped__type_support_c.cpp.o
[59.578s] [ 59%] Linking CXX shared library libtier4_vehicle_msgs__rosidl_typesupport_fastrtps_c.so
[59.877s] [ 59%] Built target tier4_vehicle_msgs__rosidl_typesupport_fastrtps_c
[59.941s] [ 60%] Generating C type support dispatch for ROS interfaces
[61.640s] [ 61%] Building CXX object CMakeFiles/tier4_vehicle_msgs__rosidl_typesupport_c.dir/rosidl_typesupport_c/tier4_vehicle_msgs/msg/actuation_command__type_support.cpp.o
[61.799s] [ 62%] Building CXX object CMakeFiles/tier4_vehicle_msgs__rosidl_typesupport_c.dir/rosidl_typesupport_c/tier4_vehicle_msgs/srv/update_accel_brake_map__type_support.cpp.o
[61.971s] [ 63%] Building CXX object CMakeFiles/tier4_vehicle_msgs__rosidl_typesupport_c.dir/rosidl_typesupport_c/tier4_vehicle_msgs/msg/vehicle_emergency_stamped__type_support.cpp.o
[62.106s] [ 64%] Building CXX object CMakeFiles/tier4_vehicle_msgs__rosidl_typesupport_c.dir/rosidl_typesupport_c/tier4_vehicle_msgs/msg/steering_wheel_status_stamped__type_support.cpp.o
[62.280s] [ 65%] Building CXX object CMakeFiles/tier4_vehicle_msgs__rosidl_typesupport_c.dir/rosidl_typesupport_c/tier4_vehicle_msgs/msg/steering__type_support.cpp.o
[62.437s] [ 65%] Building CXX object CMakeFiles/tier4_vehicle_msgs__rosidl_typesupport_c.dir/rosidl_typesupport_c/tier4_vehicle_msgs/msg/turn_signal__type_support.cpp.o
[62.585s] [ 66%] Building CXX object CMakeFiles/tier4_vehicle_msgs__rosidl_typesupport_c.dir/rosidl_typesupport_c/tier4_vehicle_msgs/msg/shift_stamped__type_support.cpp.o
[62.776s] [ 67%] Building CXX object CMakeFiles/tier4_vehicle_msgs__rosidl_typesupport_c.dir/rosidl_typesupport_c/tier4_vehicle_msgs/msg/shift__type_support.cpp.o
[62.941s] [ 68%] Building CXX object CMakeFiles/tier4_vehicle_msgs__rosidl_typesupport_c.dir/rosidl_typesupport_c/tier4_vehicle_msgs/msg/battery_status__type_support.cpp.o
[63.146s] [ 69%] Building CXX object CMakeFiles/tier4_vehicle_msgs__rosidl_typesupport_c.dir/rosidl_typesupport_c/tier4_vehicle_msgs/msg/actuation_status_stamped__type_support.cpp.o
[63.301s] [ 70%] Building CXX object CMakeFiles/tier4_vehicle_msgs__rosidl_typesupport_c.dir/rosidl_typesupport_c/tier4_vehicle_msgs/msg/actuation_status__type_support.cpp.o
[63.478s] [ 70%] Building CXX object CMakeFiles/tier4_vehicle_msgs__rosidl_typesupport_c.dir/rosidl_typesupport_c/tier4_vehicle_msgs/msg/actuation_command_stamped__type_support.cpp.o
[63.665s] [ 71%] Linking CXX shared library libtier4_vehicle_msgs__rosidl_typesupport_c.so
[63.884s] [ 71%] Built target tier4_vehicle_msgs__rosidl_typesupport_c
[63.987s] [ 72%] Generating C introspection for ROS interfaces
[66.698s] [ 73%] Building C object CMakeFiles/tier4_vehicle_msgs__rosidl_typesupport_introspection_c.dir/rosidl_typesupport_introspection_c/tier4_vehicle_msgs/msg/detail/actuation_command__type_support.c.o
[66.839s] [ 74%] Building C object CMakeFiles/tier4_vehicle_msgs__rosidl_typesupport_introspection_c.dir/rosidl_typesupport_introspection_c/tier4_vehicle_msgs/srv/detail/update_accel_brake_map__type_support.c.o
[67.002s] [ 74%] Building C object CMakeFiles/tier4_vehicle_msgs__rosidl_typesupport_introspection_c.dir/rosidl_typesupport_introspection_c/tier4_vehicle_msgs/msg/detail/vehicle_emergency_stamped__type_support.c.o
[67.215s] [ 75%] Building C object CMakeFiles/tier4_vehicle_msgs__rosidl_typesupport_introspection_c.dir/rosidl_typesupport_introspection_c/tier4_vehicle_msgs/msg/detail/steering_wheel_status_stamped__type_support.c.o
[67.406s] [ 76%] Building C object CMakeFiles/tier4_vehicle_msgs__rosidl_typesupport_introspection_c.dir/rosidl_typesupport_introspection_c/tier4_vehicle_msgs/msg/detail/steering__type_support.c.o
[67.554s] [ 77%] Building C object CMakeFiles/tier4_vehicle_msgs__rosidl_typesupport_introspection_c.dir/rosidl_typesupport_introspection_c/tier4_vehicle_msgs/msg/detail/turn_signal__type_support.c.o
[67.750s] [ 78%] Building C object CMakeFiles/tier4_vehicle_msgs__rosidl_typesupport_introspection_c.dir/rosidl_typesupport_introspection_c/tier4_vehicle_msgs/msg/detail/shift_stamped__type_support.c.o
[67.906s] [ 79%] Building C object CMakeFiles/tier4_vehicle_msgs__rosidl_typesupport_introspection_c.dir/rosidl_typesupport_introspection_c/tier4_vehicle_msgs/msg/detail/shift__type_support.c.o
[68.091s] [ 80%] Building C object CMakeFiles/tier4_vehicle_msgs__rosidl_typesupport_introspection_c.dir/rosidl_typesupport_introspection_c/tier4_vehicle_msgs/msg/detail/battery_status__type_support.c.o
[68.334s] [ 80%] Building C object CMakeFiles/tier4_vehicle_msgs__rosidl_typesupport_introspection_c.dir/rosidl_typesupport_introspection_c/tier4_vehicle_msgs/msg/detail/actuation_status_stamped__type_support.c.o
[68.510s] [ 81%] Building C object CMakeFiles/tier4_vehicle_msgs__rosidl_typesupport_introspection_c.dir/rosidl_typesupport_introspection_c/tier4_vehicle_msgs/msg/detail/actuation_status__type_support.c.o
[68.691s] [ 82%] Building C object CMakeFiles/tier4_vehicle_msgs__rosidl_typesupport_introspection_c.dir/rosidl_typesupport_introspection_c/tier4_vehicle_msgs/msg/detail/actuation_command_stamped__type_support.c.o
[68.863s] [ 83%] Linking C shared library libtier4_vehicle_msgs__rosidl_typesupport_introspection_c.so
[69.126s] [ 83%] Built target tier4_vehicle_msgs__rosidl_typesupport_introspection_c
[69.299s] [ 83%] Built target tier4_vehicle_msgs
[69.451s] [ 84%] Generating Python code for ROS interfaces
[73.487s] [ 84%] Built target tier4_vehicle_msgs__py
[73.662s] [ 85%] Building C object CMakeFiles/tier4_vehicle_msgs__rosidl_generator_py.dir/rosidl_generator_py/tier4_vehicle_msgs/msg/_actuation_command_s.c.o
[73.975s] [ 86%] Building C object CMakeFiles/tier4_vehicle_msgs__rosidl_generator_py.dir/rosidl_generator_py/tier4_vehicle_msgs/srv/_update_accel_brake_map_s.c.o
[74.271s] [ 87%] Building C object CMakeFiles/tier4_vehicle_msgs__rosidl_generator_py.dir/rosidl_generator_py/tier4_vehicle_msgs/msg/_vehicle_emergency_stamped_s.c.o
[74.552s] [ 87%] Building C object CMakeFiles/tier4_vehicle_msgs__rosidl_generator_py.dir/rosidl_generator_py/tier4_vehicle_msgs/msg/_steering_wheel_status_stamped_s.c.o
[74.843s] [ 88%] Building C object CMakeFiles/tier4_vehicle_msgs__rosidl_generator_py.dir/rosidl_generator_py/tier4_vehicle_msgs/msg/_steering_s.c.o
[75.169s] [ 89%] Building C object CMakeFiles/tier4_vehicle_msgs__rosidl_generator_py.dir/rosidl_generator_py/tier4_vehicle_msgs/msg/_turn_signal_s.c.o
[75.431s] [ 90%] Building C object CMakeFiles/tier4_vehicle_msgs__rosidl_generator_py.dir/rosidl_generator_py/tier4_vehicle_msgs/msg/_shift_stamped_s.c.o
[75.664s] [ 91%] Building C object CMakeFiles/tier4_vehicle_msgs__rosidl_generator_py.dir/rosidl_generator_py/tier4_vehicle_msgs/msg/_shift_s.c.o
[75.911s] [ 92%] Building C object CMakeFiles/tier4_vehicle_msgs__rosidl_generator_py.dir/rosidl_generator_py/tier4_vehicle_msgs/msg/_battery_status_s.c.o
[76.209s] [ 93%] Building C object CMakeFiles/tier4_vehicle_msgs__rosidl_generator_py.dir/rosidl_generator_py/tier4_vehicle_msgs/msg/_actuation_status_stamped_s.c.o
[76.509s] [ 93%] Building C object CMakeFiles/tier4_vehicle_msgs__rosidl_generator_py.dir/rosidl_generator_py/tier4_vehicle_msgs/msg/_actuation_status_s.c.o
[76.800s] [ 94%] Building C object CMakeFiles/tier4_vehicle_msgs__rosidl_generator_py.dir/rosidl_generator_py/tier4_vehicle_msgs/msg/_actuation_command_stamped_s.c.o
[77.129s] [ 95%] Linking C shared library rosidl_generator_py/tier4_vehicle_msgs/libtier4_vehicle_msgs__rosidl_generator_py.so
[77.381s] [ 95%] Built target tier4_vehicle_msgs__rosidl_generator_py
[77.567s] [ 96%] Building C object CMakeFiles/tier4_vehicle_msgs__rosidl_typesupport_fastrtps_c__pyext.dir/rosidl_generator_py/tier4_vehicle_msgs/_tier4_vehicle_msgs_s.ep.rosidl_typesupport_fastrtps_c.c.o
[77.920s] [ 97%] Linking C shared library rosidl_generator_py/tier4_vehicle_msgs/tier4_vehicle_msgs_s__rosidl_typesupport_fastrtps_c.cpython-310-x86_64-linux-gnu.so
[78.130s] [ 97%] Built target tier4_vehicle_msgs__rosidl_typesupport_fastrtps_c__pyext
[78.322s] [ 97%] Building C object CMakeFiles/tier4_vehicle_msgs__rosidl_typesupport_c__pyext.dir/rosidl_generator_py/tier4_vehicle_msgs/_tier4_vehicle_msgs_s.ep.rosidl_typesupport_c.c.o
[78.626s] [ 98%] Linking C shared library rosidl_generator_py/tier4_vehicle_msgs/tier4_vehicle_msgs_s__rosidl_typesupport_c.cpython-310-x86_64-linux-gnu.so
[78.864s] [ 98%] Built target tier4_vehicle_msgs__rosidl_typesupport_c__pyext
[79.070s] [ 99%] Building C object CMakeFiles/tier4_vehicle_msgs__rosidl_typesupport_introspection_c__pyext.dir/rosidl_generator_py/tier4_vehicle_msgs/_tier4_vehicle_msgs_s.ep.rosidl_typesupport_introspection_c.c.o
[79.378s] [100%] Linking C shared library rosidl_generator_py/tier4_vehicle_msgs/tier4_vehicle_msgs_s__rosidl_typesupport_introspection_c.cpython-310-x86_64-linux-gnu.so
[79.640s] [100%] Built target tier4_vehicle_msgs__rosidl_typesupport_introspection_c__pyext
[79.720s] Invoked command in '/mnt/hdd/autonomy/ws/Carla-autoware_interface/deps_ws/build/tier4_vehicle_msgs' returned '0': AMENT_PREFIX_PATH=/mnt/hdd/autonomy/ws/Carla-autoware_interface/deps_ws/install/tier4_control_msgs:/mnt/hdd/autonomy/ws/Carla-autoware_interface/deps_ws/install/autoware_common_msgs:${AMENT_PREFIX_PATH} CMAKE_PREFIX_PATH=/mnt/hdd/autonomy/ws/Carla-autoware_interface/deps_ws/install/tier4_control_msgs:/mnt/hdd/autonomy/ws/Carla-autoware_interface/deps_ws/install/autoware_common_msgs:/mnt/hdd/autonomy/ws/Carla-autoware_interface/msg_ws/install/autoware_auto_msgs:/mnt/hdd/autonomy/ws/Carla-autoware_interface/msg_ws/install/autoware_auto_vehicle_msgs:/mnt/hdd/autonomy/ws/Carla-autoware_interface/msg_ws/install/autoware_auto_system_msgs:/mnt/hdd/autonomy/ws/Carla-autoware_interface/msg_ws/install/autoware_auto_planning_msgs:/mnt/hdd/autonomy/ws/Carla-autoware_interface/msg_ws/install/autoware_auto_perception_msgs:/mnt/hdd/autonomy/ws/Carla-autoware_interface/msg_ws/install/autoware_auto_mapping_msgs:/mnt/hdd/autonomy/ws/Carla-autoware_interface/msg_ws/install/autoware_auto_geometry_msgs:/mnt/hdd/autonomy/ws/Carla-autoware_interface/msg_ws/install/autoware_auto_control_msgs:/opt/ros/humble LD_LIBRARY_PATH=/mnt/hdd/autonomy/ws/Carla-autoware_interface/deps_ws/install/tier4_control_msgs/lib:/mnt/hdd/autonomy/ws/Carla-autoware_interface/deps_ws/install/autoware_common_msgs/lib:${LD_LIBRARY_PATH} PYTHONPATH=/mnt/hdd/autonomy/ws/Carla-autoware_interface/deps_ws/install/tier4_control_msgs/local/lib/python3.10/dist-packages:/mnt/hdd/autonomy/ws/Carla-autoware_interface/deps_ws/install/autoware_common_msgs/local/lib/python3.10/dist-packages:${PYTHONPATH} /usr/bin/cmake --build /mnt/hdd/autonomy/ws/Carla-autoware_interface/deps_ws/build/tier4_vehicle_msgs -- -j16 -l16
[79.722s] Invoking command in '/mnt/hdd/autonomy/ws/Carla-autoware_interface/deps_ws/build/tier4_vehicle_msgs': AMENT_PREFIX_PATH=/mnt/hdd/autonomy/ws/Carla-autoware_interface/deps_ws/install/tier4_control_msgs:/mnt/hdd/autonomy/ws/Carla-autoware_interface/deps_ws/install/autoware_common_msgs:${AMENT_PREFIX_PATH} CMAKE_PREFIX_PATH=/mnt/hdd/autonomy/ws/Carla-autoware_interface/deps_ws/install/tier4_control_msgs:/mnt/hdd/autonomy/ws/Carla-autoware_interface/deps_ws/install/autoware_common_msgs:/mnt/hdd/autonomy/ws/Carla-autoware_interface/msg_ws/install/autoware_auto_msgs:/mnt/hdd/autonomy/ws/Carla-autoware_interface/msg_ws/install/autoware_auto_vehicle_msgs:/mnt/hdd/autonomy/ws/Carla-autoware_interface/msg_ws/install/autoware_auto_system_msgs:/mnt/hdd/autonomy/ws/Carla-autoware_interface/msg_ws/install/autoware_auto_planning_msgs:/mnt/hdd/autonomy/ws/Carla-autoware_interface/msg_ws/install/autoware_auto_perception_msgs:/mnt/hdd/autonomy/ws/Carla-autoware_interface/msg_ws/install/autoware_auto_mapping_msgs:/mnt/hdd/autonomy/ws/Carla-autoware_interface/msg_ws/install/autoware_auto_geometry_msgs:/mnt/hdd/autonomy/ws/Carla-autoware_interface/msg_ws/install/autoware_auto_control_msgs:/opt/ros/humble LD_LIBRARY_PATH=/mnt/hdd/autonomy/ws/Carla-autoware_interface/deps_ws/install/tier4_control_msgs/lib:/mnt/hdd/autonomy/ws/Carla-autoware_interface/deps_ws/install/autoware_common_msgs/lib:${LD_LIBRARY_PATH} PYTHONPATH=/mnt/hdd/autonomy/ws/Carla-autoware_interface/deps_ws/install/tier4_control_msgs/local/lib/python3.10/dist-packages:/mnt/hdd/autonomy/ws/Carla-autoware_interface/deps_ws/install/autoware_common_msgs/local/lib/python3.10/dist-packages:${PYTHONPATH} /usr/bin/cmake --install /mnt/hdd/autonomy/ws/Carla-autoware_interface/deps_ws/build/tier4_vehicle_msgs
[79.782s] -- Install configuration: ""
[79.782s] -- Execute custom install script
[79.782s] -- Symlinking: /mnt/hdd/autonomy/ws/Carla-autoware_interface/deps_ws/install/tier4_vehicle_msgs/share/ament_index/resource_index/rosidl_interfaces/tier4_vehicle_msgs
[79.867s] -- Symlinking: /mnt/hdd/autonomy/ws/Carla-autoware_interface/deps_ws/install/tier4_vehicle_msgs/include/tier4_vehicle_msgs/tier4_vehicle_msgs/msg/actuation_command.h
[79.947s] -- Symlinking: /mnt/hdd/autonomy/ws/Carla-autoware_interface/deps_ws/install/tier4_vehicle_msgs/include/tier4_vehicle_msgs/tier4_vehicle_msgs/msg/actuation_command_stamped.h
[80.019s] -- Symlinking: /mnt/hdd/autonomy/ws/Carla-autoware_interface/deps_ws/install/tier4_vehicle_msgs/include/tier4_vehicle_msgs/tier4_vehicle_msgs/msg/actuation_status.h
[80.077s] -- Symlinking: /mnt/hdd/autonomy/ws/Carla-autoware_interface/deps_ws/install/tier4_vehicle_msgs/include/tier4_vehicle_msgs/tier4_vehicle_msgs/msg/actuation_status_stamped.h
[80.125s] -- Symlinking: /mnt/hdd/autonomy/ws/Carla-autoware_interface/deps_ws/install/tier4_vehicle_msgs/include/tier4_vehicle_msgs/tier4_vehicle_msgs/msg/battery_status.h
[80.193s] -- Symlinking: /mnt/hdd/autonomy/ws/Carla-autoware_interface/deps_ws/install/tier4_vehicle_msgs/include/tier4_vehicle_msgs/tier4_vehicle_msgs/msg/detail/actuation_command__functions.h
[80.237s] -- Symlinking: /mnt/hdd/autonomy/ws/Carla-autoware_interface/deps_ws/install/tier4_vehicle_msgs/include/tier4_vehicle_msgs/tier4_vehicle_msgs/msg/detail/actuation_command__struct.h
[80.316s] -- Symlinking: /mnt/hdd/autonomy/ws/Carla-autoware_interface/deps_ws/install/tier4_vehicle_msgs/include/tier4_vehicle_msgs/tier4_vehicle_msgs/msg/detail/actuation_command__type_support.h
[80.366s] -- Symlinking: /mnt/hdd/autonomy/ws/Carla-autoware_interface/deps_ws/install/tier4_vehicle_msgs/include/tier4_vehicle_msgs/tier4_vehicle_msgs/msg/detail/actuation_command_stamped__functions.h
[80.486s] -- Symlinking: /mnt/hdd/autonomy/ws/Carla-autoware_interface/deps_ws/install/tier4_vehicle_msgs/include/tier4_vehicle_msgs/tier4_vehicle_msgs/msg/detail/actuation_command_stamped__struct.h
[80.539s] -- Symlinking: /mnt/hdd/autonomy/ws/Carla-autoware_interface/deps_ws/install/tier4_vehicle_msgs/include/tier4_vehicle_msgs/tier4_vehicle_msgs/msg/detail/actuation_command_stamped__type_support.h
[80.606s] -- Symlinking: /mnt/hdd/autonomy/ws/Carla-autoware_interface/deps_ws/install/tier4_vehicle_msgs/include/tier4_vehicle_msgs/tier4_vehicle_msgs/msg/detail/actuation_status__functions.h
[80.668s] -- Symlinking: /mnt/hdd/autonomy/ws/Carla-autoware_interface/deps_ws/install/tier4_vehicle_msgs/include/tier4_vehicle_msgs/tier4_vehicle_msgs/msg/detail/actuation_status__struct.h
[80.709s] -- Symlinking: /mnt/hdd/autonomy/ws/Carla-autoware_interface/deps_ws/install/tier4_vehicle_msgs/include/tier4_vehicle_msgs/tier4_vehicle_msgs/msg/detail/actuation_status__type_support.h
[80.758s] -- Symlinking: /mnt/hdd/autonomy/ws/Carla-autoware_interface/deps_ws/install/tier4_vehicle_msgs/include/tier4_vehicle_msgs/tier4_vehicle_msgs/msg/detail/actuation_status_stamped__functions.h
[80.809s] -- Symlinking: /mnt/hdd/autonomy/ws/Carla-autoware_interface/deps_ws/install/tier4_vehicle_msgs/include/tier4_vehicle_msgs/tier4_vehicle_msgs/msg/detail/actuation_status_stamped__struct.h
[80.860s] -- Symlinking: /mnt/hdd/autonomy/ws/Carla-autoware_interface/deps_ws/install/tier4_vehicle_msgs/include/tier4_vehicle_msgs/tier4_vehicle_msgs/msg/detail/actuation_status_stamped__type_support.h
[80.957s] -- Symlinking: /mnt/hdd/autonomy/ws/Carla-autoware_interface/deps_ws/install/tier4_vehicle_msgs/include/tier4_vehicle_msgs/tier4_vehicle_msgs/msg/detail/battery_status__functions.h
[81.014s] -- Symlinking: /mnt/hdd/autonomy/ws/Carla-autoware_interface/deps_ws/install/tier4_vehicle_msgs/include/tier4_vehicle_msgs/tier4_vehicle_msgs/msg/detail/battery_status__struct.h
[81.085s] -- Symlinking: /mnt/hdd/autonomy/ws/Carla-autoware_interface/deps_ws/install/tier4_vehicle_msgs/include/tier4_vehicle_msgs/tier4_vehicle_msgs/msg/detail/battery_status__type_support.h
[81.137s] -- Symlinking: /mnt/hdd/autonomy/ws/Carla-autoware_interface/deps_ws/install/tier4_vehicle_msgs/include/tier4_vehicle_msgs/tier4_vehicle_msgs/msg/detail/shift__functions.h
[81.191s] -- Symlinking: /mnt/hdd/autonomy/ws/Carla-autoware_interface/deps_ws/install/tier4_vehicle_msgs/include/tier4_vehicle_msgs/tier4_vehicle_msgs/msg/detail/shift__struct.h
[81.297s] -- Symlinking: /mnt/hdd/autonomy/ws/Carla-autoware_interface/deps_ws/install/tier4_vehicle_msgs/include/tier4_vehicle_msgs/tier4_vehicle_msgs/msg/detail/shift__type_support.h
[81.333s] -- Symlinking: /mnt/hdd/autonomy/ws/Carla-autoware_interface/deps_ws/install/tier4_vehicle_msgs/include/tier4_vehicle_msgs/tier4_vehicle_msgs/msg/detail/shift_stamped__functions.h
[81.408s] -- Symlinking: /mnt/hdd/autonomy/ws/Carla-autoware_interface/deps_ws/install/tier4_vehicle_msgs/include/tier4_vehicle_msgs/tier4_vehicle_msgs/msg/detail/shift_stamped__struct.h
[81.461s] -- Symlinking: /mnt/hdd/autonomy/ws/Carla-autoware_interface/deps_ws/install/tier4_vehicle_msgs/include/tier4_vehicle_msgs/tier4_vehicle_msgs/msg/detail/shift_stamped__type_support.h
[81.519s] -- Symlinking: /mnt/hdd/autonomy/ws/Carla-autoware_interface/deps_ws/install/tier4_vehicle_msgs/include/tier4_vehicle_msgs/tier4_vehicle_msgs/msg/detail/steering__functions.h
[81.576s] -- Symlinking: /mnt/hdd/autonomy/ws/Carla-autoware_interface/deps_ws/install/tier4_vehicle_msgs/include/tier4_vehicle_msgs/tier4_vehicle_msgs/msg/detail/steering__struct.h
[81.627s] -- Symlinking: /mnt/hdd/autonomy/ws/Carla-autoware_interface/deps_ws/install/tier4_vehicle_msgs/include/tier4_vehicle_msgs/tier4_vehicle_msgs/msg/detail/steering__type_support.h
[81.704s] -- Symlinking: /mnt/hdd/autonomy/ws/Carla-autoware_interface/deps_ws/install/tier4_vehicle_msgs/include/tier4_vehicle_msgs/tier4_vehicle_msgs/msg/detail/steering_wheel_status_stamped__functions.h
[81.758s] -- Symlinking: /mnt/hdd/autonomy/ws/Carla-autoware_interface/deps_ws/install/tier4_vehicle_msgs/include/tier4_vehicle_msgs/tier4_vehicle_msgs/msg/detail/steering_wheel_status_stamped__struct.h
[81.804s] -- Symlinking: /mnt/hdd/autonomy/ws/Carla-autoware_interface/deps_ws/install/tier4_vehicle_msgs/include/tier4_vehicle_msgs/tier4_vehicle_msgs/msg/detail/steering_wheel_status_stamped__type_support.h
[81.877s] -- Symlinking: /mnt/hdd/autonomy/ws/Carla-autoware_interface/deps_ws/install/tier4_vehicle_msgs/include/tier4_vehicle_msgs/tier4_vehicle_msgs/msg/detail/turn_signal__functions.h
[81.933s] -- Symlinking: /mnt/hdd/autonomy/ws/Carla-autoware_interface/deps_ws/install/tier4_vehicle_msgs/include/tier4_vehicle_msgs/tier4_vehicle_msgs/msg/detail/turn_signal__struct.h
[81.983s] -- Symlinking: /mnt/hdd/autonomy/ws/Carla-autoware_interface/deps_ws/install/tier4_vehicle_msgs/include/tier4_vehicle_msgs/tier4_vehicle_msgs/msg/detail/turn_signal__type_support.h
[82.051s] -- Symlinking: /mnt/hdd/autonomy/ws/Carla-autoware_interface/deps_ws/install/tier4_vehicle_msgs/include/tier4_vehicle_msgs/tier4_vehicle_msgs/msg/detail/vehicle_emergency_stamped__functions.h
[82.110s] -- Symlinking: /mnt/hdd/autonomy/ws/Carla-autoware_interface/deps_ws/install/tier4_vehicle_msgs/include/tier4_vehicle_msgs/tier4_vehicle_msgs/msg/detail/vehicle_emergency_stamped__struct.h
[82.178s] -- Symlinking: /mnt/hdd/autonomy/ws/Carla-autoware_interface/deps_ws/install/tier4_vehicle_msgs/include/tier4_vehicle_msgs/tier4_vehicle_msgs/msg/detail/vehicle_emergency_stamped__type_support.h
[82.237s] -- Symlinking: /mnt/hdd/autonomy/ws/Carla-autoware_interface/deps_ws/install/tier4_vehicle_msgs/include/tier4_vehicle_msgs/tier4_vehicle_msgs/msg/rosidl_generator_c__visibility_control.h
[82.298s] -- Symlinking: /mnt/hdd/autonomy/ws/Carla-autoware_interface/deps_ws/install/tier4_vehicle_msgs/include/tier4_vehicle_msgs/tier4_vehicle_msgs/msg/shift.h
[82.368s] -- Symlinking: /mnt/hdd/autonomy/ws/Carla-autoware_interface/deps_ws/install/tier4_vehicle_msgs/include/tier4_vehicle_msgs/tier4_vehicle_msgs/msg/shift_stamped.h
[82.426s] -- Symlinking: /mnt/hdd/autonomy/ws/Carla-autoware_interface/deps_ws/install/tier4_vehicle_msgs/include/tier4_vehicle_msgs/tier4_vehicle_msgs/msg/steering.h
[82.503s] -- Symlinking: /mnt/hdd/autonomy/ws/Carla-autoware_interface/deps_ws/install/tier4_vehicle_msgs/include/tier4_vehicle_msgs/tier4_vehicle_msgs/msg/steering_wheel_status_stamped.h
[82.558s] -- Symlinking: /mnt/hdd/autonomy/ws/Carla-autoware_interface/deps_ws/install/tier4_vehicle_msgs/include/tier4_vehicle_msgs/tier4_vehicle_msgs/msg/turn_signal.h
[82.606s] -- Symlinking: /mnt/hdd/autonomy/ws/Carla-autoware_interface/deps_ws/install/tier4_vehicle_msgs/include/tier4_vehicle_msgs/tier4_vehicle_msgs/msg/vehicle_emergency_stamped.h
[82.679s] -- Symlinking: /mnt/hdd/autonomy/ws/Carla-autoware_interface/deps_ws/install/tier4_vehicle_msgs/include/tier4_vehicle_msgs/tier4_vehicle_msgs/srv/detail/update_accel_brake_map__functions.h
[82.747s] -- Symlinking: /mnt/hdd/autonomy/ws/Carla-autoware_interface/deps_ws/install/tier4_vehicle_msgs/include/tier4_vehicle_msgs/tier4_vehicle_msgs/srv/detail/update_accel_brake_map__struct.h
[82.822s] -- Symlinking: /mnt/hdd/autonomy/ws/Carla-autoware_interface/deps_ws/install/tier4_vehicle_msgs/include/tier4_vehicle_msgs/tier4_vehicle_msgs/srv/detail/update_accel_brake_map__type_support.h
[82.875s] -- Symlinking: /mnt/hdd/autonomy/ws/Carla-autoware_interface/deps_ws/install/tier4_vehicle_msgs/include/tier4_vehicle_msgs/tier4_vehicle_msgs/srv/update_accel_brake_map.h
[82.964s] -- Symlinking: /mnt/hdd/autonomy/ws/Carla-autoware_interface/deps_ws/install/tier4_vehicle_msgs/share/tier4_vehicle_msgs/environment/library_path.sh
[83.013s] -- Symlinking: /mnt/hdd/autonomy/ws/Carla-autoware_interface/deps_ws/install/tier4_vehicle_msgs/share/tier4_vehicle_msgs/environment/library_path.dsv
[83.105s] -- Symlinking: /mnt/hdd/autonomy/ws/Carla-autoware_interface/deps_ws/install/tier4_vehicle_msgs/include/tier4_vehicle_msgs/tier4_vehicle_msgs/msg/detail/actuation_command__rosidl_typesupport_fastrtps_c.h
[83.144s] -- Symlinking: /mnt/hdd/autonomy/ws/Carla-autoware_interface/deps_ws/install/tier4_vehicle_msgs/include/tier4_vehicle_msgs/tier4_vehicle_msgs/msg/detail/actuation_command_stamped__rosidl_typesupport_fastrtps_c.h
[83.235s] -- Symlinking: /mnt/hdd/autonomy/ws/Carla-autoware_interface/deps_ws/install/tier4_vehicle_msgs/include/tier4_vehicle_msgs/tier4_vehicle_msgs/msg/detail/actuation_status__rosidl_typesupport_fastrtps_c.h
[83.279s] -- Symlinking: /mnt/hdd/autonomy/ws/Carla-autoware_interface/deps_ws/install/tier4_vehicle_msgs/include/tier4_vehicle_msgs/tier4_vehicle_msgs/msg/detail/actuation_status_stamped__rosidl_typesupport_fastrtps_c.h
[83.364s] -- Symlinking: /mnt/hdd/autonomy/ws/Carla-autoware_interface/deps_ws/install/tier4_vehicle_msgs/include/tier4_vehicle_msgs/tier4_vehicle_msgs/msg/detail/battery_status__rosidl_typesupport_fastrtps_c.h
[83.421s] -- Symlinking: /mnt/hdd/autonomy/ws/Carla-autoware_interface/deps_ws/install/tier4_vehicle_msgs/include/tier4_vehicle_msgs/tier4_vehicle_msgs/msg/detail/shift__rosidl_typesupport_fastrtps_c.h
[83.504s] -- Symlinking: /mnt/hdd/autonomy/ws/Carla-autoware_interface/deps_ws/install/tier4_vehicle_msgs/include/tier4_vehicle_msgs/tier4_vehicle_msgs/msg/detail/shift_stamped__rosidl_typesupport_fastrtps_c.h
[83.568s] -- Symlinking: /mnt/hdd/autonomy/ws/Carla-autoware_interface/deps_ws/install/tier4_vehicle_msgs/include/tier4_vehicle_msgs/tier4_vehicle_msgs/msg/detail/steering__rosidl_typesupport_fastrtps_c.h
[83.624s] -- Symlinking: /mnt/hdd/autonomy/ws/Carla-autoware_interface/deps_ws/install/tier4_vehicle_msgs/include/tier4_vehicle_msgs/tier4_vehicle_msgs/msg/detail/steering_wheel_status_stamped__rosidl_typesupport_fastrtps_c.h
[83.675s] -- Symlinking: /mnt/hdd/autonomy/ws/Carla-autoware_interface/deps_ws/install/tier4_vehicle_msgs/include/tier4_vehicle_msgs/tier4_vehicle_msgs/msg/detail/turn_signal__rosidl_typesupport_fastrtps_c.h
[83.742s] -- Symlinking: /mnt/hdd/autonomy/ws/Carla-autoware_interface/deps_ws/install/tier4_vehicle_msgs/include/tier4_vehicle_msgs/tier4_vehicle_msgs/msg/detail/vehicle_emergency_stamped__rosidl_typesupport_fastrtps_c.h
[83.816s] -- Symlinking: /mnt/hdd/autonomy/ws/Carla-autoware_interface/deps_ws/install/tier4_vehicle_msgs/include/tier4_vehicle_msgs/tier4_vehicle_msgs/msg/rosidl_typesupport_fastrtps_c__visibility_control.h
[83.886s] -- Symlinking: /mnt/hdd/autonomy/ws/Carla-autoware_interface/deps_ws/install/tier4_vehicle_msgs/include/tier4_vehicle_msgs/tier4_vehicle_msgs/srv/detail/update_accel_brake_map__rosidl_typesupport_fastrtps_c.h
[83.983s] -- Symlinking: /mnt/hdd/autonomy/ws/Carla-autoware_interface/deps_ws/install/tier4_vehicle_msgs/include/tier4_vehicle_msgs/tier4_vehicle_msgs/msg/detail/actuation_command__rosidl_typesupport_introspection_c.h
[84.035s] -- Symlinking: /mnt/hdd/autonomy/ws/Carla-autoware_interface/deps_ws/install/tier4_vehicle_msgs/include/tier4_vehicle_msgs/tier4_vehicle_msgs/msg/detail/actuation_command_stamped__rosidl_typesupport_introspection_c.h
[84.122s] -- Symlinking: /mnt/hdd/autonomy/ws/Carla-autoware_interface/deps_ws/install/tier4_vehicle_msgs/include/tier4_vehicle_msgs/tier4_vehicle_msgs/msg/detail/actuation_status__rosidl_typesupport_introspection_c.h
[84.173s] -- Symlinking: /mnt/hdd/autonomy/ws/Carla-autoware_interface/deps_ws/install/tier4_vehicle_msgs/include/tier4_vehicle_msgs/tier4_vehicle_msgs/msg/detail/actuation_status_stamped__rosidl_typesupport_introspection_c.h
[84.236s] -- Symlinking: /mnt/hdd/autonomy/ws/Carla-autoware_interface/deps_ws/install/tier4_vehicle_msgs/include/tier4_vehicle_msgs/tier4_vehicle_msgs/msg/detail/battery_status__rosidl_typesupport_introspection_c.h
[84.303s] -- Symlinking: /mnt/hdd/autonomy/ws/Carla-autoware_interface/deps_ws/install/tier4_vehicle_msgs/include/tier4_vehicle_msgs/tier4_vehicle_msgs/msg/detail/shift__rosidl_typesupport_introspection_c.h
[84.359s] -- Symlinking: /mnt/hdd/autonomy/ws/Carla-autoware_interface/deps_ws/install/tier4_vehicle_msgs/include/tier4_vehicle_msgs/tier4_vehicle_msgs/msg/detail/shift_stamped__rosidl_typesupport_introspection_c.h
[84.425s] -- Symlinking: /mnt/hdd/autonomy/ws/Carla-autoware_interface/deps_ws/install/tier4_vehicle_msgs/include/tier4_vehicle_msgs/tier4_vehicle_msgs/msg/detail/steering__rosidl_typesupport_introspection_c.h
[84.473s] -- Symlinking: /mnt/hdd/autonomy/ws/Carla-autoware_interface/deps_ws/install/tier4_vehicle_msgs/include/tier4_vehicle_msgs/tier4_vehicle_msgs/msg/detail/steering_wheel_status_stamped__rosidl_typesupport_introspection_c.h
[84.534s] -- Symlinking: /mnt/hdd/autonomy/ws/Carla-autoware_interface/deps_ws/install/tier4_vehicle_msgs/include/tier4_vehicle_msgs/tier4_vehicle_msgs/msg/detail/turn_signal__rosidl_typesupport_introspection_c.h
[84.587s] -- Symlinking: /mnt/hdd/autonomy/ws/Carla-autoware_interface/deps_ws/install/tier4_vehicle_msgs/include/tier4_vehicle_msgs/tier4_vehicle_msgs/msg/detail/vehicle_emergency_stamped__rosidl_typesupport_introspection_c.h
[84.636s] -- Symlinking: /mnt/hdd/autonomy/ws/Carla-autoware_interface/deps_ws/install/tier4_vehicle_msgs/include/tier4_vehicle_msgs/tier4_vehicle_msgs/msg/rosidl_typesupport_introspection_c__visibility_control.h
[84.695s] -- Symlinking: /mnt/hdd/autonomy/ws/Carla-autoware_interface/deps_ws/install/tier4_vehicle_msgs/include/tier4_vehicle_msgs/tier4_vehicle_msgs/srv/detail/update_accel_brake_map__rosidl_typesupport_introspection_c.h
[84.748s] -- Symlinking: /mnt/hdd/autonomy/ws/Carla-autoware_interface/deps_ws/install/tier4_vehicle_msgs/include/tier4_vehicle_msgs/tier4_vehicle_msgs/msg/actuation_command.hpp
[84.838s] -- Symlinking: /mnt/hdd/autonomy/ws/Carla-autoware_interface/deps_ws/install/tier4_vehicle_msgs/include/tier4_vehicle_msgs/tier4_vehicle_msgs/msg/actuation_command_stamped.hpp
[84.897s] -- Symlinking: /mnt/hdd/autonomy/ws/Carla-autoware_interface/deps_ws/install/tier4_vehicle_msgs/include/tier4_vehicle_msgs/tier4_vehicle_msgs/msg/actuation_status.hpp
[84.951s] -- Symlinking: /mnt/hdd/autonomy/ws/Carla-autoware_interface/deps_ws/install/tier4_vehicle_msgs/include/tier4_vehicle_msgs/tier4_vehicle_msgs/msg/actuation_status_stamped.hpp
[85.006s] -- Symlinking: /mnt/hdd/autonomy/ws/Carla-autoware_interface/deps_ws/install/tier4_vehicle_msgs/include/tier4_vehicle_msgs/tier4_vehicle_msgs/msg/battery_status.hpp
[85.046s] -- Symlinking: /mnt/hdd/autonomy/ws/Carla-autoware_interface/deps_ws/install/tier4_vehicle_msgs/include/tier4_vehicle_msgs/tier4_vehicle_msgs/msg/detail/actuation_command__builder.hpp
[85.119s] -- Symlinking: /mnt/hdd/autonomy/ws/Carla-autoware_interface/deps_ws/install/tier4_vehicle_msgs/include/tier4_vehicle_msgs/tier4_vehicle_msgs/msg/detail/actuation_command__struct.hpp
[85.189s] -- Symlinking: /mnt/hdd/autonomy/ws/Carla-autoware_interface/deps_ws/install/tier4_vehicle_msgs/include/tier4_vehicle_msgs/tier4_vehicle_msgs/msg/detail/actuation_command__traits.hpp
[85.235s] -- Symlinking: /mnt/hdd/autonomy/ws/Carla-autoware_interface/deps_ws/install/tier4_vehicle_msgs/include/tier4_vehicle_msgs/tier4_vehicle_msgs/msg/detail/actuation_command__type_support.hpp
[85.281s] -- Symlinking: /mnt/hdd/autonomy/ws/Carla-autoware_interface/deps_ws/install/tier4_vehicle_msgs/include/tier4_vehicle_msgs/tier4_vehicle_msgs/msg/detail/actuation_command_stamped__builder.hpp
[85.377s] -- Symlinking: /mnt/hdd/autonomy/ws/Carla-autoware_interface/deps_ws/install/tier4_vehicle_msgs/include/tier4_vehicle_msgs/tier4_vehicle_msgs/msg/detail/actuation_command_stamped__struct.hpp
[85.433s] -- Symlinking: /mnt/hdd/autonomy/ws/Carla-autoware_interface/deps_ws/install/tier4_vehicle_msgs/include/tier4_vehicle_msgs/tier4_vehicle_msgs/msg/detail/actuation_command_stamped__traits.hpp
[85.518s] -- Symlinking: /mnt/hdd/autonomy/ws/Carla-autoware_interface/deps_ws/install/tier4_vehicle_msgs/include/tier4_vehicle_msgs/tier4_vehicle_msgs/msg/detail/actuation_command_stamped__type_support.hpp
[85.586s] -- Symlinking: /mnt/hdd/autonomy/ws/Carla-autoware_interface/deps_ws/install/tier4_vehicle_msgs/include/tier4_vehicle_msgs/tier4_vehicle_msgs/msg/detail/actuation_status__builder.hpp
[85.656s] -- Symlinking: /mnt/hdd/autonomy/ws/Carla-autoware_interface/deps_ws/install/tier4_vehicle_msgs/include/tier4_vehicle_msgs/tier4_vehicle_msgs/msg/detail/actuation_status__struct.hpp
[85.752s] -- Symlinking: /mnt/hdd/autonomy/ws/Carla-autoware_interface/deps_ws/install/tier4_vehicle_msgs/include/tier4_vehicle_msgs/tier4_vehicle_msgs/msg/detail/actuation_status__traits.hpp
[85.810s] -- Symlinking: /mnt/hdd/autonomy/ws/Carla-autoware_interface/deps_ws/install/tier4_vehicle_msgs/include/tier4_vehicle_msgs/tier4_vehicle_msgs/msg/detail/actuation_status__type_support.hpp
[85.883s] -- Symlinking: /mnt/hdd/autonomy/ws/Carla-autoware_interface/deps_ws/install/tier4_vehicle_msgs/include/tier4_vehicle_msgs/tier4_vehicle_msgs/msg/detail/actuation_status_stamped__builder.hpp
[85.962s] -- Symlinking: /mnt/hdd/autonomy/ws/Carla-autoware_interface/deps_ws/install/tier4_vehicle_msgs/include/tier4_vehicle_msgs/tier4_vehicle_msgs/msg/detail/actuation_status_stamped__struct.hpp
[86.048s] -- Symlinking: /mnt/hdd/autonomy/ws/Carla-autoware_interface/deps_ws/install/tier4_vehicle_msgs/include/tier4_vehicle_msgs/tier4_vehicle_msgs/msg/detail/actuation_status_stamped__traits.hpp
[86.120s] -- Symlinking: /mnt/hdd/autonomy/ws/Carla-autoware_interface/deps_ws/install/tier4_vehicle_msgs/include/tier4_vehicle_msgs/tier4_vehicle_msgs/msg/detail/actuation_status_stamped__type_support.hpp
[86.224s] -- Symlinking: /mnt/hdd/autonomy/ws/Carla-autoware_interface/deps_ws/install/tier4_vehicle_msgs/include/tier4_vehicle_msgs/tier4_vehicle_msgs/msg/detail/battery_status__builder.hpp
[86.302s] -- Symlinking: /mnt/hdd/autonomy/ws/Carla-autoware_interface/deps_ws/install/tier4_vehicle_msgs/include/tier4_vehicle_msgs/tier4_vehicle_msgs/msg/detail/battery_status__struct.hpp
[86.393s] -- Symlinking: /mnt/hdd/autonomy/ws/Carla-autoware_interface/deps_ws/install/tier4_vehicle_msgs/include/tier4_vehicle_msgs/tier4_vehicle_msgs/msg/detail/battery_status__traits.hpp
[86.459s] -- Symlinking: /mnt/hdd/autonomy/ws/Carla-autoware_interface/deps_ws/install/tier4_vehicle_msgs/include/tier4_vehicle_msgs/tier4_vehicle_msgs/msg/detail/battery_status__type_support.hpp
[86.538s] -- Symlinking: /mnt/hdd/autonomy/ws/Carla-autoware_interface/deps_ws/install/tier4_vehicle_msgs/include/tier4_vehicle_msgs/tier4_vehicle_msgs/msg/detail/shift__builder.hpp
[86.585s] -- Symlinking: /mnt/hdd/autonomy/ws/Carla-autoware_interface/deps_ws/install/tier4_vehicle_msgs/include/tier4_vehicle_msgs/tier4_vehicle_msgs/msg/detail/shift__struct.hpp
[86.647s] -- Symlinking: /mnt/hdd/autonomy/ws/Carla-autoware_interface/deps_ws/install/tier4_vehicle_msgs/include/tier4_vehicle_msgs/tier4_vehicle_msgs/msg/detail/shift__traits.hpp
[86.726s] -- Symlinking: /mnt/hdd/autonomy/ws/Carla-autoware_interface/deps_ws/install/tier4_vehicle_msgs/include/tier4_vehicle_msgs/tier4_vehicle_msgs/msg/detail/shift__type_support.hpp
[86.785s] -- Symlinking: /mnt/hdd/autonomy/ws/Carla-autoware_interface/deps_ws/install/tier4_vehicle_msgs/include/tier4_vehicle_msgs/tier4_vehicle_msgs/msg/detail/shift_stamped__builder.hpp
[86.850s] -- Symlinking: /mnt/hdd/autonomy/ws/Carla-autoware_interface/deps_ws/install/tier4_vehicle_msgs/include/tier4_vehicle_msgs/tier4_vehicle_msgs/msg/detail/shift_stamped__struct.hpp
[86.899s] -- Symlinking: /mnt/hdd/autonomy/ws/Carla-autoware_interface/deps_ws/install/tier4_vehicle_msgs/include/tier4_vehicle_msgs/tier4_vehicle_msgs/msg/detail/shift_stamped__traits.hpp
[86.997s] -- Symlinking: /mnt/hdd/autonomy/ws/Carla-autoware_interface/deps_ws/install/tier4_vehicle_msgs/include/tier4_vehicle_msgs/tier4_vehicle_msgs/msg/detail/shift_stamped__type_support.hpp
[87.086s] -- Symlinking: /mnt/hdd/autonomy/ws/Carla-autoware_interface/deps_ws/install/tier4_vehicle_msgs/include/tier4_vehicle_msgs/tier4_vehicle_msgs/msg/detail/steering__builder.hpp
[87.163s] -- Symlinking: /mnt/hdd/autonomy/ws/Carla-autoware_interface/deps_ws/install/tier4_vehicle_msgs/include/tier4_vehicle_msgs/tier4_vehicle_msgs/msg/detail/steering__struct.hpp
[87.242s] -- Symlinking: /mnt/hdd/autonomy/ws/Carla-autoware_interface/deps_ws/install/tier4_vehicle_msgs/include/tier4_vehicle_msgs/tier4_vehicle_msgs/msg/detail/steering__traits.hpp
[87.308s] -- Symlinking: /mnt/hdd/autonomy/ws/Carla-autoware_interface/deps_ws/install/tier4_vehicle_msgs/include/tier4_vehicle_msgs/tier4_vehicle_msgs/msg/detail/steering__type_support.hpp
[87.389s] -- Symlinking: /mnt/hdd/autonomy/ws/Carla-autoware_interface/deps_ws/install/tier4_vehicle_msgs/include/tier4_vehicle_msgs/tier4_vehicle_msgs/msg/detail/steering_wheel_status_stamped__builder.hpp
[87.450s] -- Symlinking: /mnt/hdd/autonomy/ws/Carla-autoware_interface/deps_ws/install/tier4_vehicle_msgs/include/tier4_vehicle_msgs/tier4_vehicle_msgs/msg/detail/steering_wheel_status_stamped__struct.hpp
[87.516s] -- Symlinking: /mnt/hdd/autonomy/ws/Carla-autoware_interface/deps_ws/install/tier4_vehicle_msgs/include/tier4_vehicle_msgs/tier4_vehicle_msgs/msg/detail/steering_wheel_status_stamped__traits.hpp
[87.552s] -- Symlinking: /mnt/hdd/autonomy/ws/Carla-autoware_interface/deps_ws/install/tier4_vehicle_msgs/include/tier4_vehicle_msgs/tier4_vehicle_msgs/msg/detail/steering_wheel_status_stamped__type_support.hpp
[87.645s] -- Symlinking: /mnt/hdd/autonomy/ws/Carla-autoware_interface/deps_ws/install/tier4_vehicle_msgs/include/tier4_vehicle_msgs/tier4_vehicle_msgs/msg/detail/turn_signal__builder.hpp
[87.698s] -- Symlinking: /mnt/hdd/autonomy/ws/Carla-autoware_interface/deps_ws/install/tier4_vehicle_msgs/include/tier4_vehicle_msgs/tier4_vehicle_msgs/msg/detail/turn_signal__struct.hpp
[87.756s] -- Symlinking: /mnt/hdd/autonomy/ws/Carla-autoware_interface/deps_ws/install/tier4_vehicle_msgs/include/tier4_vehicle_msgs/tier4_vehicle_msgs/msg/detail/turn_signal__traits.hpp
[87.815s] -- Symlinking: /mnt/hdd/autonomy/ws/Carla-autoware_interface/deps_ws/install/tier4_vehicle_msgs/include/tier4_vehicle_msgs/tier4_vehicle_msgs/msg/detail/turn_signal__type_support.hpp
[87.866s] -- Symlinking: /mnt/hdd/autonomy/ws/Carla-autoware_interface/deps_ws/install/tier4_vehicle_msgs/include/tier4_vehicle_msgs/tier4_vehicle_msgs/msg/detail/vehicle_emergency_stamped__builder.hpp
[87.927s] -- Symlinking: /mnt/hdd/autonomy/ws/Carla-autoware_interface/deps_ws/install/tier4_vehicle_msgs/include/tier4_vehicle_msgs/tier4_vehicle_msgs/msg/detail/vehicle_emergency_stamped__struct.hpp
[87.984s] -- Symlinking: /mnt/hdd/autonomy/ws/Carla-autoware_interface/deps_ws/install/tier4_vehicle_msgs/include/tier4_vehicle_msgs/tier4_vehicle_msgs/msg/detail/vehicle_emergency_stamped__traits.hpp
[88.043s] -- Symlinking: /mnt/hdd/autonomy/ws/Carla-autoware_interface/deps_ws/install/tier4_vehicle_msgs/include/tier4_vehicle_msgs/tier4_vehicle_msgs/msg/detail/vehicle_emergency_stamped__type_support.hpp
[88.123s] -- Symlinking: /mnt/hdd/autonomy/ws/Carla-autoware_interface/deps_ws/install/tier4_vehicle_msgs/include/tier4_vehicle_msgs/tier4_vehicle_msgs/msg/rosidl_generator_cpp__visibility_control.hpp
[88.167s] -- Symlinking: /mnt/hdd/autonomy/ws/Carla-autoware_interface/deps_ws/install/tier4_vehicle_msgs/include/tier4_vehicle_msgs/tier4_vehicle_msgs/msg/shift.hpp
[88.236s] -- Symlinking: /mnt/hdd/autonomy/ws/Carla-autoware_interface/deps_ws/install/tier4_vehicle_msgs/include/tier4_vehicle_msgs/tier4_vehicle_msgs/msg/shift_stamped.hpp
[88.287s] -- Symlinking: /mnt/hdd/autonomy/ws/Carla-autoware_interface/deps_ws/install/tier4_vehicle_msgs/include/tier4_vehicle_msgs/tier4_vehicle_msgs/msg/steering.hpp
[88.342s] -- Symlinking: /mnt/hdd/autonomy/ws/Carla-autoware_interface/deps_ws/install/tier4_vehicle_msgs/include/tier4_vehicle_msgs/tier4_vehicle_msgs/msg/steering_wheel_status_stamped.hpp
[88.418s] -- Symlinking: /mnt/hdd/autonomy/ws/Carla-autoware_interface/deps_ws/install/tier4_vehicle_msgs/include/tier4_vehicle_msgs/tier4_vehicle_msgs/msg/turn_signal.hpp
[88.463s] -- Symlinking: /mnt/hdd/autonomy/ws/Carla-autoware_interface/deps_ws/install/tier4_vehicle_msgs/include/tier4_vehicle_msgs/tier4_vehicle_msgs/msg/vehicle_emergency_stamped.hpp
[88.520s] -- Symlinking: /mnt/hdd/autonomy/ws/Carla-autoware_interface/deps_ws/install/tier4_vehicle_msgs/include/tier4_vehicle_msgs/tier4_vehicle_msgs/srv/detail/update_accel_brake_map__builder.hpp
[88.577s] -- Symlinking: /mnt/hdd/autonomy/ws/Carla-autoware_interface/deps_ws/install/tier4_vehicle_msgs/include/tier4_vehicle_msgs/tier4_vehicle_msgs/srv/detail/update_accel_brake_map__struct.hpp
[88.630s] -- Symlinking: /mnt/hdd/autonomy/ws/Carla-autoware_interface/deps_ws/install/tier4_vehicle_msgs/include/tier4_vehicle_msgs/tier4_vehicle_msgs/srv/detail/update_accel_brake_map__traits.hpp
[88.688s] -- Symlinking: /mnt/hdd/autonomy/ws/Carla-autoware_interface/deps_ws/install/tier4_vehicle_msgs/include/tier4_vehicle_msgs/tier4_vehicle_msgs/srv/detail/update_accel_brake_map__type_support.hpp
[88.745s] -- Symlinking: /mnt/hdd/autonomy/ws/Carla-autoware_interface/deps_ws/install/tier4_vehicle_msgs/include/tier4_vehicle_msgs/tier4_vehicle_msgs/srv/update_accel_brake_map.hpp
[88.825s] -- Symlinking: /mnt/hdd/autonomy/ws/Carla-autoware_interface/deps_ws/install/tier4_vehicle_msgs/include/tier4_vehicle_msgs/tier4_vehicle_msgs/msg/detail/actuation_command__rosidl_typesupport_fastrtps_cpp.hpp
[88.908s] -- Symlinking: /mnt/hdd/autonomy/ws/Carla-autoware_interface/deps_ws/install/tier4_vehicle_msgs/include/tier4_vehicle_msgs/tier4_vehicle_msgs/msg/detail/actuation_command_stamped__rosidl_typesupport_fastrtps_cpp.hpp
[88.987s] -- Symlinking: /mnt/hdd/autonomy/ws/Carla-autoware_interface/deps_ws/install/tier4_vehicle_msgs/include/tier4_vehicle_msgs/tier4_vehicle_msgs/msg/detail/actuation_status__rosidl_typesupport_fastrtps_cpp.hpp
[89.031s] -- Symlinking: /mnt/hdd/autonomy/ws/Carla-autoware_interface/deps_ws/install/tier4_vehicle_msgs/include/tier4_vehicle_msgs/tier4_vehicle_msgs/msg/detail/actuation_status_stamped__rosidl_typesupport_fastrtps_cpp.hpp
[89.096s] -- Symlinking: /mnt/hdd/autonomy/ws/Carla-autoware_interface/deps_ws/install/tier4_vehicle_msgs/include/tier4_vehicle_msgs/tier4_vehicle_msgs/msg/detail/battery_status__rosidl_typesupport_fastrtps_cpp.hpp
[89.176s] -- Symlinking: /mnt/hdd/autonomy/ws/Carla-autoware_interface/deps_ws/install/tier4_vehicle_msgs/include/tier4_vehicle_msgs/tier4_vehicle_msgs/msg/detail/shift__rosidl_typesupport_fastrtps_cpp.hpp
[89.237s] -- Symlinking: /mnt/hdd/autonomy/ws/Carla-autoware_interface/deps_ws/install/tier4_vehicle_msgs/include/tier4_vehicle_msgs/tier4_vehicle_msgs/msg/detail/shift_stamped__rosidl_typesupport_fastrtps_cpp.hpp
[89.323s] -- Symlinking: /mnt/hdd/autonomy/ws/Carla-autoware_interface/deps_ws/install/tier4_vehicle_msgs/include/tier4_vehicle_msgs/tier4_vehicle_msgs/msg/detail/steering__rosidl_typesupport_fastrtps_cpp.hpp
[89.386s] -- Symlinking: /mnt/hdd/autonomy/ws/Carla-autoware_interface/deps_ws/install/tier4_vehicle_msgs/include/tier4_vehicle_msgs/tier4_vehicle_msgs/msg/detail/steering_wheel_status_stamped__rosidl_typesupport_fastrtps_cpp.hpp
[89.472s] -- Symlinking: /mnt/hdd/autonomy/ws/Carla-autoware_interface/deps_ws/install/tier4_vehicle_msgs/include/tier4_vehicle_msgs/tier4_vehicle_msgs/msg/detail/turn_signal__rosidl_typesupport_fastrtps_cpp.hpp
[89.535s] -- Symlinking: /mnt/hdd/autonomy/ws/Carla-autoware_interface/deps_ws/install/tier4_vehicle_msgs/include/tier4_vehicle_msgs/tier4_vehicle_msgs/msg/detail/vehicle_emergency_stamped__rosidl_typesupport_fastrtps_cpp.hpp
[89.597s] -- Symlinking: /mnt/hdd/autonomy/ws/Carla-autoware_interface/deps_ws/install/tier4_vehicle_msgs/include/tier4_vehicle_msgs/tier4_vehicle_msgs/msg/rosidl_typesupport_fastrtps_cpp__visibility_control.h
[89.642s] -- Symlinking: /mnt/hdd/autonomy/ws/Carla-autoware_interface/deps_ws/install/tier4_vehicle_msgs/include/tier4_vehicle_msgs/tier4_vehicle_msgs/srv/detail/update_accel_brake_map__rosidl_typesupport_fastrtps_cpp.hpp
[89.724s] -- Symlinking: /mnt/hdd/autonomy/ws/Carla-autoware_interface/deps_ws/install/tier4_vehicle_msgs/include/tier4_vehicle_msgs/tier4_vehicle_msgs/msg/detail/actuation_command__rosidl_typesupport_introspection_cpp.hpp
[89.785s] -- Symlinking: /mnt/hdd/autonomy/ws/Carla-autoware_interface/deps_ws/install/tier4_vehicle_msgs/include/tier4_vehicle_msgs/tier4_vehicle_msgs/msg/detail/actuation_command_stamped__rosidl_typesupport_introspection_cpp.hpp
[89.850s] -- Symlinking: /mnt/hdd/autonomy/ws/Carla-autoware_interface/deps_ws/install/tier4_vehicle_msgs/include/tier4_vehicle_msgs/tier4_vehicle_msgs/msg/detail/actuation_status__rosidl_typesupport_introspection_cpp.hpp
[89.925s] -- Symlinking: /mnt/hdd/autonomy/ws/Carla-autoware_interface/deps_ws/install/tier4_vehicle_msgs/include/tier4_vehicle_msgs/tier4_vehicle_msgs/msg/detail/actuation_status_stamped__rosidl_typesupport_introspection_cpp.hpp
[89.974s] -- Symlinking: /mnt/hdd/autonomy/ws/Carla-autoware_interface/deps_ws/install/tier4_vehicle_msgs/include/tier4_vehicle_msgs/tier4_vehicle_msgs/msg/detail/battery_status__rosidl_typesupport_introspection_cpp.hpp
[90.051s] -- Symlinking: /mnt/hdd/autonomy/ws/Carla-autoware_interface/deps_ws/install/tier4_vehicle_msgs/include/tier4_vehicle_msgs/tier4_vehicle_msgs/msg/detail/shift__rosidl_typesupport_introspection_cpp.hpp
[90.106s] -- Symlinking: /mnt/hdd/autonomy/ws/Carla-autoware_interface/deps_ws/install/tier4_vehicle_msgs/include/tier4_vehicle_msgs/tier4_vehicle_msgs/msg/detail/shift_stamped__rosidl_typesupport_introspection_cpp.hpp
[90.199s] -- Symlinking: /mnt/hdd/autonomy/ws/Carla-autoware_interface/deps_ws/install/tier4_vehicle_msgs/include/tier4_vehicle_msgs/tier4_vehicle_msgs/msg/detail/steering__rosidl_typesupport_introspection_cpp.hpp
[90.261s] -- Symlinking: /mnt/hdd/autonomy/ws/Carla-autoware_interface/deps_ws/install/tier4_vehicle_msgs/include/tier4_vehicle_msgs/tier4_vehicle_msgs/msg/detail/steering_wheel_status_stamped__rosidl_typesupport_introspection_cpp.hpp
[90.314s] -- Symlinking: /mnt/hdd/autonomy/ws/Carla-autoware_interface/deps_ws/install/tier4_vehicle_msgs/include/tier4_vehicle_msgs/tier4_vehicle_msgs/msg/detail/turn_signal__rosidl_typesupport_introspection_cpp.hpp
[90.389s] -- Symlinking: /mnt/hdd/autonomy/ws/Carla-autoware_interface/deps_ws/install/tier4_vehicle_msgs/include/tier4_vehicle_msgs/tier4_vehicle_msgs/msg/detail/vehicle_emergency_stamped__rosidl_typesupport_introspection_cpp.hpp
[90.430s] -- Symlinking: /mnt/hdd/autonomy/ws/Carla-autoware_interface/deps_ws/install/tier4_vehicle_msgs/include/tier4_vehicle_msgs/tier4_vehicle_msgs/srv/detail/update_accel_brake_map__rosidl_typesupport_introspection_cpp.hpp
[90.505s] -- Symlinking: /mnt/hdd/autonomy/ws/Carla-autoware_interface/deps_ws/install/tier4_vehicle_msgs/share/tier4_vehicle_msgs/environment/pythonpath.sh
[90.569s] -- Symlinking: /mnt/hdd/autonomy/ws/Carla-autoware_interface/deps_ws/install/tier4_vehicle_msgs/share/tier4_vehicle_msgs/environment/pythonpath.dsv
[90.618s] -- Symlinking: /mnt/hdd/autonomy/ws/Carla-autoware_interface/deps_ws/install/tier4_vehicle_msgs/local/lib/python3.10/dist-packages/tier4_vehicle_msgs-0.1.0-py3.10.egg-info/PKG-INFO
[90.699s] -- Symlinking: /mnt/hdd/autonomy/ws/Carla-autoware_interface/deps_ws/install/tier4_vehicle_msgs/local/lib/python3.10/dist-packages/tier4_vehicle_msgs-0.1.0-py3.10.egg-info/SOURCES.txt
[90.760s] -- Symlinking: /mnt/hdd/autonomy/ws/Carla-autoware_interface/deps_ws/install/tier4_vehicle_msgs/local/lib/python3.10/dist-packages/tier4_vehicle_msgs-0.1.0-py3.10.egg-info/dependency_links.txt
[90.828s] -- Symlinking: /mnt/hdd/autonomy/ws/Carla-autoware_interface/deps_ws/install/tier4_vehicle_msgs/local/lib/python3.10/dist-packages/tier4_vehicle_msgs-0.1.0-py3.10.egg-info/top_level.txt
[90.871s] -- Symlinking: /mnt/hdd/autonomy/ws/Carla-autoware_interface/deps_ws/install/tier4_vehicle_msgs/local/lib/python3.10/dist-packages/tier4_vehicle_msgs/__init__.py
[90.956s] -- Symlinking: /mnt/hdd/autonomy/ws/Carla-autoware_interface/deps_ws/install/tier4_vehicle_msgs/local/lib/python3.10/dist-packages/tier4_vehicle_msgs/_tier4_vehicle_msgs_s.ep.rosidl_typesupport_c.c
[91.017s] -- Symlinking: /mnt/hdd/autonomy/ws/Carla-autoware_interface/deps_ws/install/tier4_vehicle_msgs/local/lib/python3.10/dist-packages/tier4_vehicle_msgs/_tier4_vehicle_msgs_s.ep.rosidl_typesupport_fastrtps_c.c
[91.119s] -- Symlinking: /mnt/hdd/autonomy/ws/Carla-autoware_interface/deps_ws/install/tier4_vehicle_msgs/local/lib/python3.10/dist-packages/tier4_vehicle_msgs/_tier4_vehicle_msgs_s.ep.rosidl_typesupport_introspection_c.c
[91.201s] -- Symlinking: /mnt/hdd/autonomy/ws/Carla-autoware_interface/deps_ws/install/tier4_vehicle_msgs/local/lib/python3.10/dist-packages/tier4_vehicle_msgs/libtier4_vehicle_msgs__rosidl_generator_py.so
[91.269s] -- Symlinking: /mnt/hdd/autonomy/ws/Carla-autoware_interface/deps_ws/install/tier4_vehicle_msgs/local/lib/python3.10/dist-packages/tier4_vehicle_msgs/msg/__init__.py
[91.319s] -- Symlinking: /mnt/hdd/autonomy/ws/Carla-autoware_interface/deps_ws/install/tier4_vehicle_msgs/local/lib/python3.10/dist-packages/tier4_vehicle_msgs/msg/_actuation_command.py
[91.363s] -- Symlinking: /mnt/hdd/autonomy/ws/Carla-autoware_interface/deps_ws/install/tier4_vehicle_msgs/local/lib/python3.10/dist-packages/tier4_vehicle_msgs/msg/_actuation_command_s.c
[91.419s] -- Symlinking: /mnt/hdd/autonomy/ws/Carla-autoware_interface/deps_ws/install/tier4_vehicle_msgs/local/lib/python3.10/dist-packages/tier4_vehicle_msgs/msg/_actuation_command_stamped.py
[91.510s] -- Symlinking: /mnt/hdd/autonomy/ws/Carla-autoware_interface/deps_ws/install/tier4_vehicle_msgs/local/lib/python3.10/dist-packages/tier4_vehicle_msgs/msg/_actuation_command_stamped_s.c
[91.612s] -- Symlinking: /mnt/hdd/autonomy/ws/Carla-autoware_interface/deps_ws/install/tier4_vehicle_msgs/local/lib/python3.10/dist-packages/tier4_vehicle_msgs/msg/_actuation_status.py
[91.670s] -- Symlinking: /mnt/hdd/autonomy/ws/Carla-autoware_interface/deps_ws/install/tier4_vehicle_msgs/local/lib/python3.10/dist-packages/tier4_vehicle_msgs/msg/_actuation_status_s.c
[91.736s] -- Symlinking: /mnt/hdd/autonomy/ws/Carla-autoware_interface/deps_ws/install/tier4_vehicle_msgs/local/lib/python3.10/dist-packages/tier4_vehicle_msgs/msg/_actuation_status_stamped.py
[91.815s] -- Symlinking: /mnt/hdd/autonomy/ws/Carla-autoware_interface/deps_ws/install/tier4_vehicle_msgs/local/lib/python3.10/dist-packages/tier4_vehicle_msgs/msg/_actuation_status_stamped_s.c
[91.875s] -- Symlinking: /mnt/hdd/autonomy/ws/Carla-autoware_interface/deps_ws/install/tier4_vehicle_msgs/local/lib/python3.10/dist-packages/tier4_vehicle_msgs/msg/_battery_status.py
[91.945s] -- Symlinking: /mnt/hdd/autonomy/ws/Carla-autoware_interface/deps_ws/install/tier4_vehicle_msgs/local/lib/python3.10/dist-packages/tier4_vehicle_msgs/msg/_battery_status_s.c
[91.991s] -- Symlinking: /mnt/hdd/autonomy/ws/Carla-autoware_interface/deps_ws/install/tier4_vehicle_msgs/local/lib/python3.10/dist-packages/tier4_vehicle_msgs/msg/_shift.py
[92.064s] -- Symlinking: /mnt/hdd/autonomy/ws/Carla-autoware_interface/deps_ws/install/tier4_vehicle_msgs/local/lib/python3.10/dist-packages/tier4_vehicle_msgs/msg/_shift_s.c
[92.125s] -- Symlinking: /mnt/hdd/autonomy/ws/Carla-autoware_interface/deps_ws/install/tier4_vehicle_msgs/local/lib/python3.10/dist-packages/tier4_vehicle_msgs/msg/_shift_stamped.py
[92.222s] -- Symlinking: /mnt/hdd/autonomy/ws/Carla-autoware_interface/deps_ws/install/tier4_vehicle_msgs/local/lib/python3.10/dist-packages/tier4_vehicle_msgs/msg/_shift_stamped_s.c
[92.274s] -- Symlinking: /mnt/hdd/autonomy/ws/Carla-autoware_interface/deps_ws/install/tier4_vehicle_msgs/local/lib/python3.10/dist-packages/tier4_vehicle_msgs/msg/_steering.py
[92.356s] -- Symlinking: /mnt/hdd/autonomy/ws/Carla-autoware_interface/deps_ws/install/tier4_vehicle_msgs/local/lib/python3.10/dist-packages/tier4_vehicle_msgs/msg/_steering_s.c
[92.407s] -- Symlinking: /mnt/hdd/autonomy/ws/Carla-autoware_interface/deps_ws/install/tier4_vehicle_msgs/local/lib/python3.10/dist-packages/tier4_vehicle_msgs/msg/_steering_wheel_status_stamped.py
[92.497s] -- Symlinking: /mnt/hdd/autonomy/ws/Carla-autoware_interface/deps_ws/install/tier4_vehicle_msgs/local/lib/python3.10/dist-packages/tier4_vehicle_msgs/msg/_steering_wheel_status_stamped_s.c
[92.559s] -- Symlinking: /mnt/hdd/autonomy/ws/Carla-autoware_interface/deps_ws/install/tier4_vehicle_msgs/local/lib/python3.10/dist-packages/tier4_vehicle_msgs/msg/_turn_signal.py
[92.652s] -- Symlinking: /mnt/hdd/autonomy/ws/Carla-autoware_interface/deps_ws/install/tier4_vehicle_msgs/local/lib/python3.10/dist-packages/tier4_vehicle_msgs/msg/_turn_signal_s.c
[92.708s] -- Symlinking: /mnt/hdd/autonomy/ws/Carla-autoware_interface/deps_ws/install/tier4_vehicle_msgs/local/lib/python3.10/dist-packages/tier4_vehicle_msgs/msg/_vehicle_emergency_stamped.py
[92.782s] -- Symlinking: /mnt/hdd/autonomy/ws/Carla-autoware_interface/deps_ws/install/tier4_vehicle_msgs/local/lib/python3.10/dist-packages/tier4_vehicle_msgs/msg/_vehicle_emergency_stamped_s.c
[92.821s] -- Symlinking: /mnt/hdd/autonomy/ws/Carla-autoware_interface/deps_ws/install/tier4_vehicle_msgs/local/lib/python3.10/dist-packages/tier4_vehicle_msgs/srv/__init__.py
[92.910s] -- Symlinking: /mnt/hdd/autonomy/ws/Carla-autoware_interface/deps_ws/install/tier4_vehicle_msgs/local/lib/python3.10/dist-packages/tier4_vehicle_msgs/srv/_update_accel_brake_map.py
[92.971s] -- Symlinking: /mnt/hdd/autonomy/ws/Carla-autoware_interface/deps_ws/install/tier4_vehicle_msgs/local/lib/python3.10/dist-packages/tier4_vehicle_msgs/srv/_update_accel_brake_map_s.c
[93.054s] -- Symlinking: /mnt/hdd/autonomy/ws/Carla-autoware_interface/deps_ws/install/tier4_vehicle_msgs/local/lib/python3.10/dist-packages/tier4_vehicle_msgs/tier4_vehicle_msgs_s__rosidl_typesupport_c.cpython-310-x86_64-linux-gnu.so
[93.119s] -- Symlinking: /mnt/hdd/autonomy/ws/Carla-autoware_interface/deps_ws/install/tier4_vehicle_msgs/local/lib/python3.10/dist-packages/tier4_vehicle_msgs/tier4_vehicle_msgs_s__rosidl_typesupport_fastrtps_c.cpython-310-x86_64-linux-gnu.so
[93.203s] -- Symlinking: /mnt/hdd/autonomy/ws/Carla-autoware_interface/deps_ws/install/tier4_vehicle_msgs/local/lib/python3.10/dist-packages/tier4_vehicle_msgs/tier4_vehicle_msgs_s__rosidl_typesupport_introspection_c.cpython-310-x86_64-linux-gnu.so
[93.261s] -- Up-to-date symlink: /mnt/hdd/autonomy/ws/Carla-autoware_interface/deps_ws/install/tier4_vehicle_msgs/local/lib/python3.10/dist-packages/tier4_vehicle_msgs/tier4_vehicle_msgs_s__rosidl_typesupport_fastrtps_c.cpython-310-x86_64-linux-gnu.so
[93.261s] -- Up-to-date symlink: /mnt/hdd/autonomy/ws/Carla-autoware_interface/deps_ws/install/tier4_vehicle_msgs/local/lib/python3.10/dist-packages/tier4_vehicle_msgs/tier4_vehicle_msgs_s__rosidl_typesupport_introspection_c.cpython-310-x86_64-linux-gnu.so
[93.261s] -- Up-to-date symlink: /mnt/hdd/autonomy/ws/Carla-autoware_interface/deps_ws/install/tier4_vehicle_msgs/local/lib/python3.10/dist-packages/tier4_vehicle_msgs/tier4_vehicle_msgs_s__rosidl_typesupport_c.cpython-310-x86_64-linux-gnu.so
[93.263s] -- Symlinking: /mnt/hdd/autonomy/ws/Carla-autoware_interface/deps_ws/install/tier4_vehicle_msgs/share/tier4_vehicle_msgs/msg/ActuationCommand.idl
[93.325s] -- Symlinking: /mnt/hdd/autonomy/ws/Carla-autoware_interface/deps_ws/install/tier4_vehicle_msgs/share/tier4_vehicle_msgs/msg/ActuationCommandStamped.idl
[93.369s] -- Symlinking: /mnt/hdd/autonomy/ws/Carla-autoware_interface/deps_ws/install/tier4_vehicle_msgs/share/tier4_vehicle_msgs/msg/ActuationStatus.idl
[93.454s] -- Symlinking: /mnt/hdd/autonomy/ws/Carla-autoware_interface/deps_ws/install/tier4_vehicle_msgs/share/tier4_vehicle_msgs/msg/ActuationStatusStamped.idl
[93.510s] -- Symlinking: /mnt/hdd/autonomy/ws/Carla-autoware_interface/deps_ws/install/tier4_vehicle_msgs/share/tier4_vehicle_msgs/msg/BatteryStatus.idl
[93.572s] -- Symlinking: /mnt/hdd/autonomy/ws/Carla-autoware_interface/deps_ws/install/tier4_vehicle_msgs/share/tier4_vehicle_msgs/msg/Shift.idl
[93.629s] -- Symlinking: /mnt/hdd/autonomy/ws/Carla-autoware_interface/deps_ws/install/tier4_vehicle_msgs/share/tier4_vehicle_msgs/msg/ShiftStamped.idl
[93.680s] -- Symlinking: /mnt/hdd/autonomy/ws/Carla-autoware_interface/deps_ws/install/tier4_vehicle_msgs/share/tier4_vehicle_msgs/msg/TurnSignal.idl
[93.764s] -- Symlinking: /mnt/hdd/autonomy/ws/Carla-autoware_interface/deps_ws/install/tier4_vehicle_msgs/share/tier4_vehicle_msgs/msg/Steering.idl
[93.826s] -- Symlinking: /mnt/hdd/autonomy/ws/Carla-autoware_interface/deps_ws/install/tier4_vehicle_msgs/share/tier4_vehicle_msgs/msg/SteeringWheelStatusStamped.idl
[93.899s] -- Symlinking: /mnt/hdd/autonomy/ws/Carla-autoware_interface/deps_ws/install/tier4_vehicle_msgs/share/tier4_vehicle_msgs/msg/VehicleEmergencyStamped.idl
[93.965s] -- Symlinking: /mnt/hdd/autonomy/ws/Carla-autoware_interface/deps_ws/install/tier4_vehicle_msgs/share/tier4_vehicle_msgs/srv/UpdateAccelBrakeMap.idl
[94.033s] -- Symlinking: /mnt/hdd/autonomy/ws/Carla-autoware_interface/deps_ws/install/tier4_vehicle_msgs/share/tier4_vehicle_msgs/msg/ActuationCommand.msg
[94.096s] -- Symlinking: /mnt/hdd/autonomy/ws/Carla-autoware_interface/deps_ws/install/tier4_vehicle_msgs/share/tier4_vehicle_msgs/msg/ActuationCommandStamped.msg
[94.141s] -- Symlinking: /mnt/hdd/autonomy/ws/Carla-autoware_interface/deps_ws/install/tier4_vehicle_msgs/share/tier4_vehicle_msgs/msg/ActuationStatus.msg
[94.235s] -- Symlinking: /mnt/hdd/autonomy/ws/Carla-autoware_interface/deps_ws/install/tier4_vehicle_msgs/share/tier4_vehicle_msgs/msg/ActuationStatusStamped.msg
[94.333s] -- Symlinking: /mnt/hdd/autonomy/ws/Carla-autoware_interface/deps_ws/install/tier4_vehicle_msgs/share/tier4_vehicle_msgs/msg/BatteryStatus.msg
[94.419s] -- Symlinking: /mnt/hdd/autonomy/ws/Carla-autoware_interface/deps_ws/install/tier4_vehicle_msgs/share/tier4_vehicle_msgs/msg/Shift.msg
[94.474s] -- Symlinking: /mnt/hdd/autonomy/ws/Carla-autoware_interface/deps_ws/install/tier4_vehicle_msgs/share/tier4_vehicle_msgs/msg/ShiftStamped.msg
[94.543s] -- Symlinking: /mnt/hdd/autonomy/ws/Carla-autoware_interface/deps_ws/install/tier4_vehicle_msgs/share/tier4_vehicle_msgs/msg/TurnSignal.msg
[94.603s] -- Symlinking: /mnt/hdd/autonomy/ws/Carla-autoware_interface/deps_ws/install/tier4_vehicle_msgs/share/tier4_vehicle_msgs/msg/Steering.msg
[94.677s] -- Symlinking: /mnt/hdd/autonomy/ws/Carla-autoware_interface/deps_ws/install/tier4_vehicle_msgs/share/tier4_vehicle_msgs/msg/SteeringWheelStatusStamped.msg
[94.743s] -- Symlinking: /mnt/hdd/autonomy/ws/Carla-autoware_interface/deps_ws/install/tier4_vehicle_msgs/share/tier4_vehicle_msgs/msg/VehicleEmergencyStamped.msg
[94.804s] -- Symlinking: /mnt/hdd/autonomy/ws/Carla-autoware_interface/deps_ws/install/tier4_vehicle_msgs/share/tier4_vehicle_msgs/srv/UpdateAccelBrakeMap.srv
[94.888s] -- Symlinking: /mnt/hdd/autonomy/ws/Carla-autoware_interface/deps_ws/install/tier4_vehicle_msgs/share/tier4_vehicle_msgs/srv/UpdateAccelBrakeMap_Request.msg
[94.963s] -- Symlinking: /mnt/hdd/autonomy/ws/Carla-autoware_interface/deps_ws/install/tier4_vehicle_msgs/share/tier4_vehicle_msgs/srv/UpdateAccelBrakeMap_Response.msg
[95.029s] -- Symlinking: /mnt/hdd/autonomy/ws/Carla-autoware_interface/deps_ws/install/tier4_vehicle_msgs/share/ament_index/resource_index/package_run_dependencies/tier4_vehicle_msgs
[95.066s] -- Symlinking: /mnt/hdd/autonomy/ws/Carla-autoware_interface/deps_ws/install/tier4_vehicle_msgs/share/ament_index/resource_index/parent_prefix_path/tier4_vehicle_msgs
[95.124s] -- Symlinking: /mnt/hdd/autonomy/ws/Carla-autoware_interface/deps_ws/install/tier4_vehicle_msgs/share/tier4_vehicle_msgs/environment/ament_prefix_path.sh
[95.204s] -- Symlinking: /mnt/hdd/autonomy/ws/Carla-autoware_interface/deps_ws/install/tier4_vehicle_msgs/share/tier4_vehicle_msgs/environment/ament_prefix_path.dsv
[95.243s] -- Symlinking: /mnt/hdd/autonomy/ws/Carla-autoware_interface/deps_ws/install/tier4_vehicle_msgs/share/tier4_vehicle_msgs/environment/path.sh
[95.322s] -- Symlinking: /mnt/hdd/autonomy/ws/Carla-autoware_interface/deps_ws/install/tier4_vehicle_msgs/share/tier4_vehicle_msgs/environment/path.dsv
[95.371s] -- Symlinking: /mnt/hdd/autonomy/ws/Carla-autoware_interface/deps_ws/install/tier4_vehicle_msgs/share/tier4_vehicle_msgs/local_setup.bash
[95.442s] -- Symlinking: /mnt/hdd/autonomy/ws/Carla-autoware_interface/deps_ws/install/tier4_vehicle_msgs/share/tier4_vehicle_msgs/local_setup.sh
[95.505s] -- Symlinking: /mnt/hdd/autonomy/ws/Carla-autoware_interface/deps_ws/install/tier4_vehicle_msgs/share/tier4_vehicle_msgs/local_setup.zsh
[95.556s] -- Symlinking: /mnt/hdd/autonomy/ws/Carla-autoware_interface/deps_ws/install/tier4_vehicle_msgs/share/tier4_vehicle_msgs/local_setup.dsv
[95.652s] -- Symlinking: /mnt/hdd/autonomy/ws/Carla-autoware_interface/deps_ws/install/tier4_vehicle_msgs/share/tier4_vehicle_msgs/package.dsv
[95.715s] -- Symlinking: /mnt/hdd/autonomy/ws/Carla-autoware_interface/deps_ws/install/tier4_vehicle_msgs/share/ament_index/resource_index/packages/tier4_vehicle_msgs
[95.783s] -- Symlinking: /mnt/hdd/autonomy/ws/Carla-autoware_interface/deps_ws/install/tier4_vehicle_msgs/share/tier4_vehicle_msgs/cmake/rosidl_cmake-extras.cmake
[95.823s] -- Symlinking: /mnt/hdd/autonomy/ws/Carla-autoware_interface/deps_ws/install/tier4_vehicle_msgs/share/tier4_vehicle_msgs/cmake/ament_cmake_export_dependencies-extras.cmake
[95.891s] -- Symlinking: /mnt/hdd/autonomy/ws/Carla-autoware_interface/deps_ws/install/tier4_vehicle_msgs/share/tier4_vehicle_msgs/cmake/ament_cmake_export_include_directories-extras.cmake
[95.967s] -- Symlinking: /mnt/hdd/autonomy/ws/Carla-autoware_interface/deps_ws/install/tier4_vehicle_msgs/share/tier4_vehicle_msgs/cmake/ament_cmake_export_libraries-extras.cmake
[96.018s] -- Symlinking: /mnt/hdd/autonomy/ws/Carla-autoware_interface/deps_ws/install/tier4_vehicle_msgs/share/tier4_vehicle_msgs/cmake/ament_cmake_export_targets-extras.cmake
[96.092s] -- Symlinking: /mnt/hdd/autonomy/ws/Carla-autoware_interface/deps_ws/install/tier4_vehicle_msgs/share/tier4_vehicle_msgs/cmake/rosidl_cmake_export_typesupport_targets-extras.cmake
[96.175s] -- Symlinking: /mnt/hdd/autonomy/ws/Carla-autoware_interface/deps_ws/install/tier4_vehicle_msgs/share/tier4_vehicle_msgs/cmake/rosidl_cmake_export_typesupport_libraries-extras.cmake
[96.225s] -- Symlinking: /mnt/hdd/autonomy/ws/Carla-autoware_interface/deps_ws/install/tier4_vehicle_msgs/share/tier4_vehicle_msgs/cmake/tier4_vehicle_msgsConfig.cmake
[96.307s] -- Symlinking: /mnt/hdd/autonomy/ws/Carla-autoware_interface/deps_ws/install/tier4_vehicle_msgs/share/tier4_vehicle_msgs/cmake/tier4_vehicle_msgsConfig-version.cmake
[96.396s] -- Symlinking: /mnt/hdd/autonomy/ws/Carla-autoware_interface/deps_ws/install/tier4_vehicle_msgs/share/tier4_vehicle_msgs/package.xml
[96.488s] -- Installing: /mnt/hdd/autonomy/ws/Carla-autoware_interface/deps_ws/install/tier4_vehicle_msgs/lib/libtier4_vehicle_msgs__rosidl_generator_c.so
[96.498s] -- Set runtime path of "/mnt/hdd/autonomy/ws/Carla-autoware_interface/deps_ws/install/tier4_vehicle_msgs/lib/libtier4_vehicle_msgs__rosidl_generator_c.so" to ""
[96.498s] -- Installing: /mnt/hdd/autonomy/ws/Carla-autoware_interface/deps_ws/install/tier4_vehicle_msgs/lib/libtier4_vehicle_msgs__rosidl_typesupport_fastrtps_c.so
[96.498s] -- Set runtime path of "/mnt/hdd/autonomy/ws/Carla-autoware_interface/deps_ws/install/tier4_vehicle_msgs/lib/libtier4_vehicle_msgs__rosidl_typesupport_fastrtps_c.so" to ""
[96.498s] -- Installing: /mnt/hdd/autonomy/ws/Carla-autoware_interface/deps_ws/install/tier4_vehicle_msgs/lib/libtier4_vehicle_msgs__rosidl_typesupport_introspection_c.so
[96.499s] -- Set runtime path of "/mnt/hdd/autonomy/ws/Carla-autoware_interface/deps_ws/install/tier4_vehicle_msgs/lib/libtier4_vehicle_msgs__rosidl_typesupport_introspection_c.so" to ""
[96.499s] -- Installing: /mnt/hdd/autonomy/ws/Carla-autoware_interface/deps_ws/install/tier4_vehicle_msgs/lib/libtier4_vehicle_msgs__rosidl_typesupport_c.so
[96.499s] -- Set runtime path of "/mnt/hdd/autonomy/ws/Carla-autoware_interface/deps_ws/install/tier4_vehicle_msgs/lib/libtier4_vehicle_msgs__rosidl_typesupport_c.so" to ""
[96.499s] -- Installing: /mnt/hdd/autonomy/ws/Carla-autoware_interface/deps_ws/install/tier4_vehicle_msgs/lib/libtier4_vehicle_msgs__rosidl_typesupport_fastrtps_cpp.so
[96.499s] -- Set runtime path of "/mnt/hdd/autonomy/ws/Carla-autoware_interface/deps_ws/install/tier4_vehicle_msgs/lib/libtier4_vehicle_msgs__rosidl_typesupport_fastrtps_cpp.so" to ""
[96.499s] -- Installing: /mnt/hdd/autonomy/ws/Carla-autoware_interface/deps_ws/install/tier4_vehicle_msgs/lib/libtier4_vehicle_msgs__rosidl_typesupport_introspection_cpp.so
[96.499s] -- Set runtime path of "/mnt/hdd/autonomy/ws/Carla-autoware_interface/deps_ws/install/tier4_vehicle_msgs/lib/libtier4_vehicle_msgs__rosidl_typesupport_introspection_cpp.so" to ""
[96.499s] -- Installing: /mnt/hdd/autonomy/ws/Carla-autoware_interface/deps_ws/install/tier4_vehicle_msgs/lib/libtier4_vehicle_msgs__rosidl_typesupport_cpp.so
[96.499s] -- Set runtime path of "/mnt/hdd/autonomy/ws/Carla-autoware_interface/deps_ws/install/tier4_vehicle_msgs/lib/libtier4_vehicle_msgs__rosidl_typesupport_cpp.so" to ""
[96.577s] Listing '/mnt/hdd/autonomy/ws/Carla-autoware_interface/deps_ws/install/tier4_vehicle_msgs/local/lib/python3.10/dist-packages/tier4_vehicle_msgs'...
[96.577s] Compiling '/mnt/hdd/autonomy/ws/Carla-autoware_interface/deps_ws/install/tier4_vehicle_msgs/local/lib/python3.10/dist-packages/tier4_vehicle_msgs/__init__.py'...
[96.577s] Listing '/mnt/hdd/autonomy/ws/Carla-autoware_interface/deps_ws/install/tier4_vehicle_msgs/local/lib/python3.10/dist-packages/tier4_vehicle_msgs/msg'...
[96.577s] Compiling '/mnt/hdd/autonomy/ws/Carla-autoware_interface/deps_ws/install/tier4_vehicle_msgs/local/lib/python3.10/dist-packages/tier4_vehicle_msgs/msg/__init__.py'...
[96.577s] Compiling '/mnt/hdd/autonomy/ws/Carla-autoware_interface/deps_ws/install/tier4_vehicle_msgs/local/lib/python3.10/dist-packages/tier4_vehicle_msgs/msg/_actuation_command.py'...
[96.577s] Compiling '/mnt/hdd/autonomy/ws/Carla-autoware_interface/deps_ws/install/tier4_vehicle_msgs/local/lib/python3.10/dist-packages/tier4_vehicle_msgs/msg/_actuation_command_stamped.py'...
[96.577s] Compiling '/mnt/hdd/autonomy/ws/Carla-autoware_interface/deps_ws/install/tier4_vehicle_msgs/local/lib/python3.10/dist-packages/tier4_vehicle_msgs/msg/_actuation_status.py'...
[96.577s] Compiling '/mnt/hdd/autonomy/ws/Carla-autoware_interface/deps_ws/install/tier4_vehicle_msgs/local/lib/python3.10/dist-packages/tier4_vehicle_msgs/msg/_actuation_status_stamped.py'...
[96.577s] Compiling '/mnt/hdd/autonomy/ws/Carla-autoware_interface/deps_ws/install/tier4_vehicle_msgs/local/lib/python3.10/dist-packages/tier4_vehicle_msgs/msg/_battery_status.py'...
[96.577s] Compiling '/mnt/hdd/autonomy/ws/Carla-autoware_interface/deps_ws/install/tier4_vehicle_msgs/local/lib/python3.10/dist-packages/tier4_vehicle_msgs/msg/_shift.py'...
[96.577s] Compiling '/mnt/hdd/autonomy/ws/Carla-autoware_interface/deps_ws/install/tier4_vehicle_msgs/local/lib/python3.10/dist-packages/tier4_vehicle_msgs/msg/_shift_stamped.py'...
[96.577s] Compiling '/mnt/hdd/autonomy/ws/Carla-autoware_interface/deps_ws/install/tier4_vehicle_msgs/local/lib/python3.10/dist-packages/tier4_vehicle_msgs/msg/_steering.py'...
[96.578s] Compiling '/mnt/hdd/autonomy/ws/Carla-autoware_interface/deps_ws/install/tier4_vehicle_msgs/local/lib/python3.10/dist-packages/tier4_vehicle_msgs/msg/_steering_wheel_status_stamped.py'...
[96.578s] Compiling '/mnt/hdd/autonomy/ws/Carla-autoware_interface/deps_ws/install/tier4_vehicle_msgs/local/lib/python3.10/dist-packages/tier4_vehicle_msgs/msg/_turn_signal.py'...
[96.578s] Compiling '/mnt/hdd/autonomy/ws/Carla-autoware_interface/deps_ws/install/tier4_vehicle_msgs/local/lib/python3.10/dist-packages/tier4_vehicle_msgs/msg/_vehicle_emergency_stamped.py'...
[96.578s] Listing '/mnt/hdd/autonomy/ws/Carla-autoware_interface/deps_ws/install/tier4_vehicle_msgs/local/lib/python3.10/dist-packages/tier4_vehicle_msgs/srv'...
[96.578s] Compiling '/mnt/hdd/autonomy/ws/Carla-autoware_interface/deps_ws/install/tier4_vehicle_msgs/local/lib/python3.10/dist-packages/tier4_vehicle_msgs/srv/__init__.py'...
[96.578s] Compiling '/mnt/hdd/autonomy/ws/Carla-autoware_interface/deps_ws/install/tier4_vehicle_msgs/local/lib/python3.10/dist-packages/tier4_vehicle_msgs/srv/_update_accel_brake_map.py'...
[96.607s] -- Installing: /mnt/hdd/autonomy/ws/Carla-autoware_interface/deps_ws/install/tier4_vehicle_msgs/lib/libtier4_vehicle_msgs__rosidl_generator_py.so
[96.607s] -- Set runtime path of "/mnt/hdd/autonomy/ws/Carla-autoware_interface/deps_ws/install/tier4_vehicle_msgs/lib/libtier4_vehicle_msgs__rosidl_generator_py.so" to ""
[96.607s] -- Installing: /mnt/hdd/autonomy/ws/Carla-autoware_interface/deps_ws/install/tier4_vehicle_msgs/share/tier4_vehicle_msgs/cmake/export_tier4_vehicle_msgs__rosidl_generator_cExport.cmake
[96.607s] -- Installing: /mnt/hdd/autonomy/ws/Carla-autoware_interface/deps_ws/install/tier4_vehicle_msgs/share/tier4_vehicle_msgs/cmake/export_tier4_vehicle_msgs__rosidl_generator_cExport-noconfig.cmake
[96.607s] -- Installing: /mnt/hdd/autonomy/ws/Carla-autoware_interface/deps_ws/install/tier4_vehicle_msgs/share/tier4_vehicle_msgs/cmake/export_tier4_vehicle_msgs__rosidl_typesupport_fastrtps_cExport.cmake
[96.607s] -- Installing: /mnt/hdd/autonomy/ws/Carla-autoware_interface/deps_ws/install/tier4_vehicle_msgs/share/tier4_vehicle_msgs/cmake/export_tier4_vehicle_msgs__rosidl_typesupport_fastrtps_cExport-noconfig.cmake
[96.607s] -- Installing: /mnt/hdd/autonomy/ws/Carla-autoware_interface/deps_ws/install/tier4_vehicle_msgs/share/tier4_vehicle_msgs/cmake/tier4_vehicle_msgs__rosidl_typesupport_introspection_cExport.cmake
[96.607s] -- Installing: /mnt/hdd/autonomy/ws/Carla-autoware_interface/deps_ws/install/tier4_vehicle_msgs/share/tier4_vehicle_msgs/cmake/tier4_vehicle_msgs__rosidl_typesupport_introspection_cExport-noconfig.cmake
[96.607s] -- Installing: /mnt/hdd/autonomy/ws/Carla-autoware_interface/deps_ws/install/tier4_vehicle_msgs/share/tier4_vehicle_msgs/cmake/tier4_vehicle_msgs__rosidl_typesupport_cExport.cmake
[96.607s] -- Installing: /mnt/hdd/autonomy/ws/Carla-autoware_interface/deps_ws/install/tier4_vehicle_msgs/share/tier4_vehicle_msgs/cmake/tier4_vehicle_msgs__rosidl_typesupport_cExport-noconfig.cmake
[96.607s] -- Installing: /mnt/hdd/autonomy/ws/Carla-autoware_interface/deps_ws/install/tier4_vehicle_msgs/share/tier4_vehicle_msgs/cmake/export_tier4_vehicle_msgs__rosidl_generator_cppExport.cmake
[96.607s] -- Installing: /mnt/hdd/autonomy/ws/Carla-autoware_interface/deps_ws/install/tier4_vehicle_msgs/share/tier4_vehicle_msgs/cmake/export_tier4_vehicle_msgs__rosidl_typesupport_fastrtps_cppExport.cmake
[96.608s] -- Installing: /mnt/hdd/autonomy/ws/Carla-autoware_interface/deps_ws/install/tier4_vehicle_msgs/share/tier4_vehicle_msgs/cmake/export_tier4_vehicle_msgs__rosidl_typesupport_fastrtps_cppExport-noconfig.cmake
[96.608s] -- Installing: /mnt/hdd/autonomy/ws/Carla-autoware_interface/deps_ws/install/tier4_vehicle_msgs/share/tier4_vehicle_msgs/cmake/tier4_vehicle_msgs__rosidl_typesupport_introspection_cppExport.cmake
[96.608s] -- Installing: /mnt/hdd/autonomy/ws/Carla-autoware_interface/deps_ws/install/tier4_vehicle_msgs/share/tier4_vehicle_msgs/cmake/tier4_vehicle_msgs__rosidl_typesupport_introspection_cppExport-noconfig.cmake
[96.608s] -- Installing: /mnt/hdd/autonomy/ws/Carla-autoware_interface/deps_ws/install/tier4_vehicle_msgs/share/tier4_vehicle_msgs/cmake/tier4_vehicle_msgs__rosidl_typesupport_cppExport.cmake
[96.608s] -- Installing: /mnt/hdd/autonomy/ws/Carla-autoware_interface/deps_ws/install/tier4_vehicle_msgs/share/tier4_vehicle_msgs/cmake/tier4_vehicle_msgs__rosidl_typesupport_cppExport-noconfig.cmake
[96.608s] -- Installing: /mnt/hdd/autonomy/ws/Carla-autoware_interface/deps_ws/install/tier4_vehicle_msgs/share/tier4_vehicle_msgs/cmake/export_tier4_vehicle_msgs__rosidl_generator_pyExport.cmake
[96.608s] -- Installing: /mnt/hdd/autonomy/ws/Carla-autoware_interface/deps_ws/install/tier4_vehicle_msgs/share/tier4_vehicle_msgs/cmake/export_tier4_vehicle_msgs__rosidl_generator_pyExport-noconfig.cmake
[97.224s] Invoked command in '/mnt/hdd/autonomy/ws/Carla-autoware_interface/deps_ws/build/tier4_vehicle_msgs' returned '0': AMENT_PREFIX_PATH=/mnt/hdd/autonomy/ws/Carla-autoware_interface/deps_ws/install/tier4_control_msgs:/mnt/hdd/autonomy/ws/Carla-autoware_interface/deps_ws/install/autoware_common_msgs:${AMENT_PREFIX_PATH} CMAKE_PREFIX_PATH=/mnt/hdd/autonomy/ws/Carla-autoware_interface/deps_ws/install/tier4_control_msgs:/mnt/hdd/autonomy/ws/Carla-autoware_interface/deps_ws/install/autoware_common_msgs:/mnt/hdd/autonomy/ws/Carla-autoware_interface/msg_ws/install/autoware_auto_msgs:/mnt/hdd/autonomy/ws/Carla-autoware_interface/msg_ws/install/autoware_auto_vehicle_msgs:/mnt/hdd/autonomy/ws/Carla-autoware_interface/msg_ws/install/autoware_auto_system_msgs:/mnt/hdd/autonomy/ws/Carla-autoware_interface/msg_ws/install/autoware_auto_planning_msgs:/mnt/hdd/autonomy/ws/Carla-autoware_interface/msg_ws/install/autoware_auto_perception_msgs:/mnt/hdd/autonomy/ws/Carla-autoware_interface/msg_ws/install/autoware_auto_mapping_msgs:/mnt/hdd/autonomy/ws/Carla-autoware_interface/msg_ws/install/autoware_auto_geometry_msgs:/mnt/hdd/autonomy/ws/Carla-autoware_interface/msg_ws/install/autoware_auto_control_msgs:/opt/ros/humble LD_LIBRARY_PATH=/mnt/hdd/autonomy/ws/Carla-autoware_interface/deps_ws/install/tier4_control_msgs/lib:/mnt/hdd/autonomy/ws/Carla-autoware_interface/deps_ws/install/autoware_common_msgs/lib:${LD_LIBRARY_PATH} PYTHONPATH=/mnt/hdd/autonomy/ws/Carla-autoware_interface/deps_ws/install/tier4_control_msgs/local/lib/python3.10/dist-packages:/mnt/hdd/autonomy/ws/Carla-autoware_interface/deps_ws/install/autoware_common_msgs/local/lib/python3.10/dist-packages:${PYTHONPATH} /usr/bin/cmake --install /mnt/hdd/autonomy/ws/Carla-autoware_interface/deps_ws/build/tier4_vehicle_msgs
