[0.526s] Invoking command in '/mnt/hdd/autonomy/ws/Carla-autoware_interface/bridge_ws/build/carla_autoware_type_bridge': CMAKE_PREFIX_PATH=${CMAKE_PREFIX_PATH}:/opt/ros/humble /usr/bin/cmake /mnt/hdd/autonomy/ws/Carla-autoware_interface/bridge_ws/src/carla_autoware_type_bridge -Dautoware_auto_vehicle_msgs_DIR=/mnt/hdd/autonomy/ws/Carla-autoware_interface/msg_ws/install/autoware_auto_vehicle_msgs/share/autoware_auto_vehicle_msgs/cmake -Dautoware_auto_control_msgs_DIR=/mnt/hdd/autonomy/ws/Carla-autoware_interface/msg_ws/install/autoware_auto_control_msgs/share/autoware_auto_control_msgs/cmake -Dautoware_vehicle_msgs_DIR=/mnt/hdd/autonomy/ws/Carla-autoware_interface/deps_ws/install/autoware_vehicle_msgs/share/autoware_vehicle_msgs/cmake -Dautoware_control_msgs_DIR=/mnt/hdd/autonomy/ws/Carla-autoware_interface/deps_ws/install/autoware_control_msgs/share/autoware_control_msgs/cmake -DAMENT_CMAKE_SYMLINK_INSTALL=1 -DCMAKE_INSTALL_PREFIX=/mnt/hdd/autonomy/ws/Carla-autoware_interface/bridge_ws/install/carla_autoware_type_bridge
[0.755s] -- The C compiler identification is GNU 11.4.0
[0.918s] -- The CXX compiler identification is GNU 11.4.0
[0.947s] -- Detecting C compiler ABI info
[1.360s] -- Detecting C compiler ABI info - done
[1.368s] -- Check for working C compiler: /usr/lib/ccache/gcc - skipped
[1.368s] -- Detecting C compile features
[1.368s] -- Detecting C compile features - done
[1.372s] -- Detecting CXX compiler ABI info
[1.762s] -- Detecting CXX compiler ABI info - done
[1.769s] -- Check for working CXX compiler: /usr/lib/ccache/g++ - skipped
[1.769s] -- Detecting CXX compile features
[1.769s] -- Detecting CXX compile features - done
[1.775s] -- Found ament_cmake: 1.3.12 (/opt/ros/humble/share/ament_cmake/cmake)
[2.247s] -- Found Python3: /usr/bin/python3 (found version "3.10.12") found components: Interpreter 
[2.393s] -- Override CMake install command with custom implementation using symlinks instead of copying resources
[2.503s] -- Found rclcpp: 16.0.17 (/opt/ros/humble/share/rclcpp/cmake)
[2.592s] -- Found rosidl_generator_c: 3.1.8 (/opt/ros/humble/share/rosidl_generator_c/cmake)
[2.602s] -- Found rosidl_adapter: 3.1.8 (/opt/ros/humble/share/rosidl_adapter/cmake)
[2.615s] -- Found rosidl_generator_cpp: 3.1.8 (/opt/ros/humble/share/rosidl_generator_cpp/cmake)
[2.629s] -- Using all available rosidl_typesupport_c: rosidl_typesupport_fastrtps_c;rosidl_typesupport_introspection_c
[2.662s] -- Using all available rosidl_typesupport_cpp: rosidl_typesupport_fastrtps_cpp;rosidl_typesupport_introspection_cpp
[2.744s] -- Found rmw_implementation_cmake: 6.1.2 (/opt/ros/humble/share/rmw_implementation_cmake/cmake)
[2.751s] -- Found rmw_cyclonedds_cpp: 1.3.4 (/opt/ros/humble/share/rmw_cyclonedds_cpp/cmake)
[2.801s] -- Using RMW implementation 'rmw_cyclonedds_cpp' as default
[2.818s] -- Looking for pthread.h
[3.155s] -- Looking for pthread.h - found
[3.155s] -- Performing Test CMAKE_HAVE_LIBC_PTHREAD
[3.531s] -- Performing Test CMAKE_HAVE_LIBC_PTHREAD - Success
[3.531s] -- Found Threads: TRUE  
[3.634s] -- Found autoware_auto_control_msgs: 1.0.0 (/mnt/hdd/autonomy/ws/Carla-autoware_interface/msg_ws/install/autoware_auto_control_msgs/share/autoware_auto_control_msgs/cmake)
[3.657s] -- Found autoware_control_msgs: 1.11.0 (/mnt/hdd/autonomy/ws/Carla-autoware_interface/deps_ws/install/autoware_control_msgs/share/autoware_control_msgs/cmake)
[3.680s] -- Found autoware_auto_vehicle_msgs: 1.0.0 (/mnt/hdd/autonomy/ws/Carla-autoware_interface/msg_ws/install/autoware_auto_vehicle_msgs/share/autoware_auto_vehicle_msgs/cmake)
[3.902s] -- Found autoware_vehicle_msgs: 1.11.0 (/mnt/hdd/autonomy/ws/Carla-autoware_interface/deps_ws/install/autoware_vehicle_msgs/share/autoware_vehicle_msgs/cmake)
[4.134s] -- Configuring done
[4.164s] -- Generating done
[4.181s] -- Build files have been written to: /mnt/hdd/autonomy/ws/Carla-autoware_interface/bridge_ws/build/carla_autoware_type_bridge
[4.211s] Invoked command in '/mnt/hdd/autonomy/ws/Carla-autoware_interface/bridge_ws/build/carla_autoware_type_bridge' returned '0': CMAKE_PREFIX_PATH=${CMAKE_PREFIX_PATH}:/opt/ros/humble /usr/bin/cmake /mnt/hdd/autonomy/ws/Carla-autoware_interface/bridge_ws/src/carla_autoware_type_bridge -Dautoware_auto_vehicle_msgs_DIR=/mnt/hdd/autonomy/ws/Carla-autoware_interface/msg_ws/install/autoware_auto_vehicle_msgs/share/autoware_auto_vehicle_msgs/cmake -Dautoware_auto_control_msgs_DIR=/mnt/hdd/autonomy/ws/Carla-autoware_interface/msg_ws/install/autoware_auto_control_msgs/share/autoware_auto_control_msgs/cmake -Dautoware_vehicle_msgs_DIR=/mnt/hdd/autonomy/ws/Carla-autoware_interface/deps_ws/install/autoware_vehicle_msgs/share/autoware_vehicle_msgs/cmake -Dautoware_control_msgs_DIR=/mnt/hdd/autonomy/ws/Carla-autoware_interface/deps_ws/install/autoware_control_msgs/share/autoware_control_msgs/cmake -DAMENT_CMAKE_SYMLINK_INSTALL=1 -DCMAKE_INSTALL_PREFIX=/mnt/hdd/autonomy/ws/Carla-autoware_interface/bridge_ws/install/carla_autoware_type_bridge
[4.216s] Invoking command in '/mnt/hdd/autonomy/ws/Carla-autoware_interface/bridge_ws/build/carla_autoware_type_bridge': CMAKE_PREFIX_PATH=${CMAKE_PREFIX_PATH}:/opt/ros/humble /usr/bin/cmake --build /mnt/hdd/autonomy/ws/Carla-autoware_interface/bridge_ws/build/carla_autoware_type_bridge -- -j16 -l16
[4.587s] [ 25%] Building CXX object CMakeFiles/vehicle_status_bridge_node.dir/src/vehicle_status_bridge_node.cpp.o
[28.799s] [ 50%] Linking CXX executable vehicle_status_bridge_node
[31.154s] [ 50%] Built target vehicle_status_bridge_node
[31.316s] [ 75%] Building CXX object CMakeFiles/control_cmd_bridge_node.dir/src/control_cmd_bridge_node.cpp.o
[43.026s] [100%] Linking CXX executable control_cmd_bridge_node
[43.828s] [100%] Built target control_cmd_bridge_node
[43.870s] Invoked command in '/mnt/hdd/autonomy/ws/Carla-autoware_interface/bridge_ws/build/carla_autoware_type_bridge' returned '0': CMAKE_PREFIX_PATH=${CMAKE_PREFIX_PATH}:/opt/ros/humble /usr/bin/cmake --build /mnt/hdd/autonomy/ws/Carla-autoware_interface/bridge_ws/build/carla_autoware_type_bridge -- -j16 -l16
[43.929s] Invoking command in '/mnt/hdd/autonomy/ws/Carla-autoware_interface/bridge_ws/build/carla_autoware_type_bridge': CMAKE_PREFIX_PATH=${CMAKE_PREFIX_PATH}:/opt/ros/humble /usr/bin/cmake --install /mnt/hdd/autonomy/ws/Carla-autoware_interface/bridge_ws/build/carla_autoware_type_bridge
[43.982s] -- Install configuration: ""
[43.982s] -- Execute custom install script
[43.983s] -- Symlinking: /mnt/hdd/autonomy/ws/Carla-autoware_interface/bridge_ws/install/carla_autoware_type_bridge/lib/carla_autoware_type_bridge/vehicle_status_bridge_node
[44.023s] -- Symlinking: /mnt/hdd/autonomy/ws/Carla-autoware_interface/bridge_ws/install/carla_autoware_type_bridge/lib/carla_autoware_type_bridge/control_cmd_bridge_node
[44.098s] -- Symlinking: /mnt/hdd/autonomy/ws/Carla-autoware_interface/bridge_ws/install/carla_autoware_type_bridge/share/carla_autoware_type_bridge/launch/bridges.launch.py
[44.137s] -- Symlinking: /mnt/hdd/autonomy/ws/Carla-autoware_interface/bridge_ws/install/carla_autoware_type_bridge/share/ament_index/resource_index/package_run_dependencies/carla_autoware_type_bridge
[44.216s] -- Symlinking: /mnt/hdd/autonomy/ws/Carla-autoware_interface/bridge_ws/install/carla_autoware_type_bridge/share/ament_index/resource_index/parent_prefix_path/carla_autoware_type_bridge
[44.267s] -- Symlinking: /mnt/hdd/autonomy/ws/Carla-autoware_interface/bridge_ws/install/carla_autoware_type_bridge/share/carla_autoware_type_bridge/environment/ament_prefix_path.sh
[44.333s] -- Symlinking: /mnt/hdd/autonomy/ws/Carla-autoware_interface/bridge_ws/install/carla_autoware_type_bridge/share/carla_autoware_type_bridge/environment/ament_prefix_path.dsv
[44.383s] -- Symlinking: /mnt/hdd/autonomy/ws/Carla-autoware_interface/bridge_ws/install/carla_autoware_type_bridge/share/carla_autoware_type_bridge/environment/path.sh
[44.459s] -- Symlinking: /mnt/hdd/autonomy/ws/Carla-autoware_interface/bridge_ws/install/carla_autoware_type_bridge/share/carla_autoware_type_bridge/environment/path.dsv
[44.502s] -- Symlinking: /mnt/hdd/autonomy/ws/Carla-autoware_interface/bridge_ws/install/carla_autoware_type_bridge/share/carla_autoware_type_bridge/local_setup.bash
[44.554s] -- Symlinking: /mnt/hdd/autonomy/ws/Carla-autoware_interface/bridge_ws/install/carla_autoware_type_bridge/share/carla_autoware_type_bridge/local_setup.sh
[44.602s] -- Symlinking: /mnt/hdd/autonomy/ws/Carla-autoware_interface/bridge_ws/install/carla_autoware_type_bridge/share/carla_autoware_type_bridge/local_setup.zsh
[44.665s] -- Symlinking: /mnt/hdd/autonomy/ws/Carla-autoware_interface/bridge_ws/install/carla_autoware_type_bridge/share/carla_autoware_type_bridge/local_setup.dsv
[44.728s] -- Symlinking: /mnt/hdd/autonomy/ws/Carla-autoware_interface/bridge_ws/install/carla_autoware_type_bridge/share/carla_autoware_type_bridge/package.dsv
[44.783s] -- Symlinking: /mnt/hdd/autonomy/ws/Carla-autoware_interface/bridge_ws/install/carla_autoware_type_bridge/share/ament_index/resource_index/packages/carla_autoware_type_bridge
[44.822s] -- Symlinking: /mnt/hdd/autonomy/ws/Carla-autoware_interface/bridge_ws/install/carla_autoware_type_bridge/share/carla_autoware_type_bridge/cmake/carla_autoware_type_bridgeConfig.cmake
[44.895s] -- Symlinking: /mnt/hdd/autonomy/ws/Carla-autoware_interface/bridge_ws/install/carla_autoware_type_bridge/share/carla_autoware_type_bridge/cmake/carla_autoware_type_bridgeConfig-version.cmake
[44.954s] -- Symlinking: /mnt/hdd/autonomy/ws/Carla-autoware_interface/bridge_ws/install/carla_autoware_type_bridge/share/carla_autoware_type_bridge/package.xml
[45.013s] Invoked command in '/mnt/hdd/autonomy/ws/Carla-autoware_interface/bridge_ws/build/carla_autoware_type_bridge' returned '0': CMAKE_PREFIX_PATH=${CMAKE_PREFIX_PATH}:/opt/ros/humble /usr/bin/cmake --install /mnt/hdd/autonomy/ws/Carla-autoware_interface/bridge_ws/build/carla_autoware_type_bridge
