The MPI test test_mpi for C in mode normal failed to compile with the following output:
Change Dir: /mnt/hdd/autonomy/ws/Carla-autoware_interface/deps_ws/build/autoware_utils/CMakeFiles/CMakeTmp

Run Build Command(s):/usr/bin/gmake -f Makefile cmTC_23985/fast && /usr/bin/gmake  -f CMakeFiles/cmTC_23985.dir/build.make CMakeFiles/cmTC_23985.dir/build
gmake[1]: Entering directory '/mnt/hdd/autonomy/ws/Carla-autoware_interface/deps_ws/build/autoware_utils/CMakeFiles/CMakeTmp'
Building C object CMakeFiles/cmTC_23985.dir/test_mpi.c.o
/usr/lib/ccache/gcc  -isystem /usr/lib/x86_64-linux-gnu/openmpi/include/openmpi  -o CMakeFiles/cmTC_23985.dir/test_mpi.c.o -c /usr/share/cmake-3.22/Modules/FindMPI/test_mpi.c
/usr/share/cmake-3.22/Modules/FindMPI/test_mpi.c:1:10: fatal error: mpi.h: No such file or directory
    1 | #include <mpi.h>
      |          ^~~~~~~
compilation terminated.
gmake[1]: *** [CMakeFiles/cmTC_23985.dir/build.make:78: CMakeFiles/cmTC_23985.dir/test_mpi.c.o] Error 1
gmake[1]: Leaving directory '/mnt/hdd/autonomy/ws/Carla-autoware_interface/deps_ws/build/autoware_utils/CMakeFiles/CMakeTmp'
gmake: *** [Makefile:127: cmTC_23985/fast] Error 2



The MPI test test_mpi for C in mode normal failed to compile with the following output:
Change Dir: /mnt/hdd/autonomy/ws/Carla-autoware_interface/deps_ws/build/autoware_utils/CMakeFiles/CMakeTmp

Run Build Command(s):/usr/bin/gmake -f Makefile cmTC_781f6/fast && /usr/bin/gmake  -f CMakeFiles/cmTC_781f6.dir/build.make CMakeFiles/cmTC_781f6.dir/build
gmake[1]: Entering directory '/mnt/hdd/autonomy/ws/Carla-autoware_interface/deps_ws/build/autoware_utils/CMakeFiles/CMakeTmp'
Building C object CMakeFiles/cmTC_781f6.dir/test_mpi.c.o
/usr/lib/ccache/gcc  -isystem /usr/lib/x86_64-linux-gnu/openmpi/include/openmpi  -o CMakeFiles/cmTC_781f6.dir/test_mpi.c.o -c /usr/share/cmake-3.22/Modules/FindMPI/test_mpi.c
/usr/share/cmake-3.22/Modules/FindMPI/test_mpi.c:1:10: fatal error: mpi.h: No such file or directory
    1 | #include <mpi.h>
      |          ^~~~~~~
compilation terminated.
gmake[1]: *** [CMakeFiles/cmTC_781f6.dir/build.make:78: CMakeFiles/cmTC_781f6.dir/test_mpi.c.o] Error 1
gmake[1]: Leaving directory '/mnt/hdd/autonomy/ws/Carla-autoware_interface/deps_ws/build/autoware_utils/CMakeFiles/CMakeTmp'
gmake: *** [Makefile:127: cmTC_781f6/fast] Error 2



The MPI test test_mpi for C in mode normal failed to compile with the following output:
Change Dir: /mnt/hdd/autonomy/ws/Carla-autoware_interface/deps_ws/build/autoware_utils/CMakeFiles/CMakeTmp

Run Build Command(s):/usr/bin/gmake -f Makefile cmTC_1f052/fast && /usr/bin/gmake  -f CMakeFiles/cmTC_1f052.dir/build.make CMakeFiles/cmTC_1f052.dir/build
gmake[1]: Entering directory '/mnt/hdd/autonomy/ws/Carla-autoware_interface/deps_ws/build/autoware_utils/CMakeFiles/CMakeTmp'
Building C object CMakeFiles/cmTC_1f052.dir/test_mpi.c.o
/usr/lib/ccache/gcc  -isystem /usr/lib/x86_64-linux-gnu/openmpi/include/openmpi  -o CMakeFiles/cmTC_1f052.dir/test_mpi.c.o -c /usr/share/cmake-3.22/Modules/FindMPI/test_mpi.c
/usr/share/cmake-3.22/Modules/FindMPI/test_mpi.c:1:10: fatal error: mpi.h: No such file or directory
    1 | #include <mpi.h>
      |          ^~~~~~~
compilation terminated.
gmake[1]: *** [CMakeFiles/cmTC_1f052.dir/build.make:78: CMakeFiles/cmTC_1f052.dir/test_mpi.c.o] Error 1
gmake[1]: Leaving directory '/mnt/hdd/autonomy/ws/Carla-autoware_interface/deps_ws/build/autoware_utils/CMakeFiles/CMakeTmp'
gmake: *** [Makefile:127: cmTC_1f052/fast] Error 2



The MPI test test_mpi for C in mode normal failed to compile with the following output:
Change Dir: /mnt/hdd/autonomy/ws/Carla-autoware_interface/deps_ws/build/autoware_utils/CMakeFiles/CMakeTmp

Run Build Command(s):/usr/bin/gmake -f Makefile cmTC_ba40c/fast && /usr/bin/gmake  -f CMakeFiles/cmTC_ba40c.dir/build.make CMakeFiles/cmTC_ba40c.dir/build
gmake[1]: Entering directory '/mnt/hdd/autonomy/ws/Carla-autoware_interface/deps_ws/build/autoware_utils/CMakeFiles/CMakeTmp'
Building C object CMakeFiles/cmTC_ba40c.dir/test_mpi.c.o
/usr/lib/ccache/gcc  -isystem /usr/lib/x86_64-linux-gnu/openmpi/include/openmpi  -o CMakeFiles/cmTC_ba40c.dir/test_mpi.c.o -c /usr/share/cmake-3.22/Modules/FindMPI/test_mpi.c
/usr/share/cmake-3.22/Modules/FindMPI/test_mpi.c:1:10: fatal error: mpi.h: No such file or directory
    1 | #include <mpi.h>
      |          ^~~~~~~
compilation terminated.
gmake[1]: *** [CMakeFiles/cmTC_ba40c.dir/build.make:78: CMakeFiles/cmTC_ba40c.dir/test_mpi.c.o] Error 1
gmake[1]: Leaving directory '/mnt/hdd/autonomy/ws/Carla-autoware_interface/deps_ws/build/autoware_utils/CMakeFiles/CMakeTmp'
gmake: *** [Makefile:127: cmTC_ba40c/fast] Error 2



The MPI test test_mpi for C in mode normal failed to compile with the following output:
Change Dir: /mnt/hdd/autonomy/ws/Carla-autoware_interface/deps_ws/build/autoware_utils/CMakeFiles/CMakeTmp

Run Build Command(s):/usr/bin/gmake -f Makefile cmTC_2a54b/fast && /usr/bin/gmake  -f CMakeFiles/cmTC_2a54b.dir/build.make CMakeFiles/cmTC_2a54b.dir/build
gmake[1]: Entering directory '/mnt/hdd/autonomy/ws/Carla-autoware_interface/deps_ws/build/autoware_utils/CMakeFiles/CMakeTmp'
Building C object CMakeFiles/cmTC_2a54b.dir/test_mpi.c.o
/usr/lib/ccache/gcc  -isystem /usr/lib/x86_64-linux-gnu/openmpi/include/openmpi  -o CMakeFiles/cmTC_2a54b.dir/test_mpi.c.o -c /usr/share/cmake-3.22/Modules/FindMPI/test_mpi.c
/usr/share/cmake-3.22/Modules/FindMPI/test_mpi.c:1:10: fatal error: mpi.h: No such file or directory
    1 | #include <mpi.h>
      |          ^~~~~~~
compilation terminated.
gmake[1]: *** [CMakeFiles/cmTC_2a54b.dir/build.make:78: CMakeFiles/cmTC_2a54b.dir/test_mpi.c.o] Error 1
gmake[1]: Leaving directory '/mnt/hdd/autonomy/ws/Carla-autoware_interface/deps_ws/build/autoware_utils/CMakeFiles/CMakeTmp'
gmake: *** [Makefile:127: cmTC_2a54b/fast] Error 2



