-- The C compiler identification is GNU 11.4.0
-- The CXX compiler identification is GNU 11.4.0
-- Detecting C compiler ABI info
-- Detecting C compiler ABI info - done
-- Check for working C compiler: /usr/lib/ccache/gcc - skipped
-- Detecting C compile features
-- Detecting C compile features - done
-- Detecting CXX compiler ABI info
-- Detecting CXX compiler ABI info - done
-- Check for working CXX compiler: /usr/lib/ccache/g++ - skipped
-- Detecting CXX compile features
-- Detecting CXX compile features - done
-- Found autoware_cmake: 1.1.0 (/mnt/hdd/autonomy/ws/Carla-autoware_interface/deps_ws/install/autoware_cmake/share/autoware_cmake/cmake)
-- Found Python3: /usr/bin/python3 (found version "3.10.12") found components: Interpreter 
-- Override CMake install command with custom implementation using symlinks instead of copying resources
-- Found TinyXML2: /usr/lib/x86_64-linux-gnu/libtinyxml2.so  
-- Found rosidl_generator_c: 3.1.8 (/opt/ros/humble/share/rosidl_generator_c/cmake)
-- Found rosidl_adapter: 3.1.8 (/opt/ros/humble/share/rosidl_adapter/cmake)
-- Found rosidl_generator_cpp: 3.1.8 (/opt/ros/humble/share/rosidl_generator_cpp/cmake)
-- Using all available rosidl_typesupport_c: rosidl_typesupport_fastrtps_c;rosidl_typesupport_introspection_c
-- Using all available rosidl_typesupport_cpp: rosidl_typesupport_fastrtps_cpp;rosidl_typesupport_introspection_cpp
-- Found rmw_implementation_cmake: 6.1.2 (/opt/ros/humble/share/rmw_implementation_cmake/cmake)
-- Found rmw_cyclonedds_cpp: 1.3.4 (/opt/ros/humble/share/rmw_cyclonedds_cpp/cmake)
-- Using RMW implementation 'rmw_cyclonedds_cpp' as default
-- Looking for pthread.h
-- Looking for pthread.h - found
-- Performing Test CMAKE_HAVE_LIBC_PTHREAD
-- Performing Test CMAKE_HAVE_LIBC_PTHREAD - Success
-- Found Threads: TRUE  
-- Found eigen3_cmake_module: 0.1.1 (/opt/ros/humble/share/eigen3_cmake_module/cmake)
-- Found Eigen3: TRUE (found version "3.4.0") 
-- Ensuring Eigen3 include directory is part of orocos-kdl CMake target
-- Found ament_lint_auto: 0.12.14 (/opt/ros/humble/share/ament_lint_auto/cmake)
-- Found gtest sources under '/opt/ros/humble/src/gtest_vendor': C++ tests using 'Google Test' will be built
-- Added test 'copyright' to check source files copyright and LICENSE
-- Added test 'cppcheck' to perform static code analysis on C / C++ code
-- Configured cppcheck include dirs: /mnt/hdd/autonomy/ws/Carla-autoware_interface/deps_ws/src/autoware_utils/autoware_utils_geometry/include
-- Configured cppcheck exclude dirs and/or files: 
-- Added test 'lint_cmake' to check CMake code style
-- Added test 'xmllint' to check XML markup files
-- Configuring done
-- Generating done
-- Build files have been written to: /mnt/hdd/autonomy/ws/Carla-autoware_interface/deps_ws/build/autoware_utils_geometry
[  4%] Building CXX object CMakeFiles/autoware_utils_geometry.dir/src/geometry/alt_geometry.cpp.o
[  8%] Building CXX object CMakeFiles/autoware_utils_geometry.dir/src/msg/operation.cpp.o
[ 12%] Building CXX object CMakeFiles/autoware_utils_geometry.dir/src/geometry/sat_2d.cpp.o
[ 16%] Building CXX object CMakeFiles/autoware_utils_geometry.dir/src/geometry/random_convex_polygon.cpp.o
[ 20%] Building CXX object CMakeFiles/autoware_utils_geometry.dir/src/geometry/random_concave_polygon.cpp.o
[ 25%] Building CXX object CMakeFiles/autoware_utils_geometry.dir/src/geometry/pose_deviation.cpp.o
[ 29%] Building CXX object CMakeFiles/autoware_utils_geometry.dir/src/geometry/gjk_2d.cpp.o
[ 33%] Building CXX object CMakeFiles/autoware_utils_geometry.dir/src/geometry/geometry.cpp.o
[ 37%] Building CXX object CMakeFiles/autoware_utils_geometry.dir/src/geometry/ear_clipping.cpp.o
[ 41%] Building CXX object CMakeFiles/autoware_utils_geometry.dir/src/geometry/boost_polygon_utils.cpp.o
[ 45%] Linking CXX shared library libautoware_utils_geometry.so
[ 45%] Built target autoware_utils_geometry
[ 50%] Building CXX object gtest/CMakeFiles/gtest.dir/src/gtest-all.cc.o
[ 54%] Linking CXX static library libgtest.a
[ 54%] Built target gtest
[ 58%] Building CXX object gtest/CMakeFiles/gtest_main.dir/src/gtest_main.cc.o
[ 62%] Linking CXX static library libgtest_main.a
[ 62%] Built target gtest_main
[ 66%] Building CXX object CMakeFiles/test_autoware_utils_geometry.dir/test/cases/alt_geometry.cpp.o
[ 70%] Building CXX object CMakeFiles/test_autoware_utils_geometry.dir/test/main.cpp.o
[ 75%] Building CXX object CMakeFiles/test_autoware_utils_geometry.dir/test/cases/pose_deviation.cpp.o
[ 79%] Building CXX object CMakeFiles/test_autoware_utils_geometry.dir/test/cases/path_with_lane_id_geometry.cpp.o
[ 83%] Building CXX object CMakeFiles/test_autoware_utils_geometry.dir/test/cases/msg/operation.cpp.o
[ 87%] Building CXX object CMakeFiles/test_autoware_utils_geometry.dir/test/cases/geometry.cpp.o
[ 91%] Building CXX object CMakeFiles/test_autoware_utils_geometry.dir/test/cases/boost_polygon_utils.cpp.o
[ 95%] Building CXX object CMakeFiles/test_autoware_utils_geometry.dir/test/cases/boost_geometry.cpp.o
[100%] Linking CXX executable test_autoware_utils_geometry
[100%] Built target test_autoware_utils_geometry
-- Install configuration: ""
-- Execute custom install script
-- Symlinking: /mnt/hdd/autonomy/ws/Carla-autoware_interface/deps_ws/install/autoware_utils_geometry/include/autoware_utils_geometry/alt_geometry.hpp
-- Symlinking: /mnt/hdd/autonomy/ws/Carla-autoware_interface/deps_ws/install/autoware_utils_geometry/include/autoware_utils_geometry/boost_geometry.hpp
-- Symlinking: /mnt/hdd/autonomy/ws/Carla-autoware_interface/deps_ws/install/autoware_utils_geometry/include/autoware_utils_geometry/boost_polygon_utils.hpp
-- Symlinking: /mnt/hdd/autonomy/ws/Carla-autoware_interface/deps_ws/install/autoware_utils_geometry/include/autoware_utils_geometry/ear_clipping.hpp
-- Symlinking: /mnt/hdd/autonomy/ws/Carla-autoware_interface/deps_ws/install/autoware_utils_geometry/include/autoware_utils_geometry/geometry.hpp
-- Symlinking: /mnt/hdd/autonomy/ws/Carla-autoware_interface/deps_ws/install/autoware_utils_geometry/include/autoware_utils_geometry/gjk_2d.hpp
-- Symlinking: /mnt/hdd/autonomy/ws/Carla-autoware_interface/deps_ws/install/autoware_utils_geometry/include/autoware_utils_geometry/msg/covariance.hpp
-- Symlinking: /mnt/hdd/autonomy/ws/Carla-autoware_interface/deps_ws/install/autoware_utils_geometry/include/autoware_utils_geometry/msg/operation.hpp
-- Symlinking: /mnt/hdd/autonomy/ws/Carla-autoware_interface/deps_ws/install/autoware_utils_geometry/include/autoware_utils_geometry/pose_deviation.hpp
-- Symlinking: /mnt/hdd/autonomy/ws/Carla-autoware_interface/deps_ws/install/autoware_utils_geometry/include/autoware_utils_geometry/random_concave_polygon.hpp
-- Symlinking: /mnt/hdd/autonomy/ws/Carla-autoware_interface/deps_ws/install/autoware_utils_geometry/include/autoware_utils_geometry/random_convex_polygon.hpp
-- Symlinking: /mnt/hdd/autonomy/ws/Carla-autoware_interface/deps_ws/install/autoware_utils_geometry/include/autoware_utils_geometry/sat_2d.hpp
-- Symlinking: /mnt/hdd/autonomy/ws/Carla-autoware_interface/deps_ws/install/autoware_utils_geometry/share/autoware_utils_geometry/environment/library_path.sh
-- Symlinking: /mnt/hdd/autonomy/ws/Carla-autoware_interface/deps_ws/install/autoware_utils_geometry/share/autoware_utils_geometry/environment/library_path.dsv
-- Symlinking: /mnt/hdd/autonomy/ws/Carla-autoware_interface/deps_ws/install/autoware_utils_geometry/lib/libautoware_utils_geometry.so
-- Symlinking: /mnt/hdd/autonomy/ws/Carla-autoware_interface/deps_ws/install/autoware_utils_geometry/share/ament_index/resource_index/package_run_dependencies/autoware_utils_geometry
-- Symlinking: /mnt/hdd/autonomy/ws/Carla-autoware_interface/deps_ws/install/autoware_utils_geometry/share/ament_index/resource_index/parent_prefix_path/autoware_utils_geometry
-- Symlinking: /mnt/hdd/autonomy/ws/Carla-autoware_interface/deps_ws/install/autoware_utils_geometry/share/autoware_utils_geometry/environment/ament_prefix_path.sh
-- Symlinking: /mnt/hdd/autonomy/ws/Carla-autoware_interface/deps_ws/install/autoware_utils_geometry/share/autoware_utils_geometry/environment/ament_prefix_path.dsv
-- Symlinking: /mnt/hdd/autonomy/ws/Carla-autoware_interface/deps_ws/install/autoware_utils_geometry/share/autoware_utils_geometry/environment/path.sh
-- Symlinking: /mnt/hdd/autonomy/ws/Carla-autoware_interface/deps_ws/install/autoware_utils_geometry/share/autoware_utils_geometry/environment/path.dsv
-- Symlinking: /mnt/hdd/autonomy/ws/Carla-autoware_interface/deps_ws/install/autoware_utils_geometry/share/autoware_utils_geometry/local_setup.bash
-- Symlinking: /mnt/hdd/autonomy/ws/Carla-autoware_interface/deps_ws/install/autoware_utils_geometry/share/autoware_utils_geometry/local_setup.sh
-- Symlinking: /mnt/hdd/autonomy/ws/Carla-autoware_interface/deps_ws/install/autoware_utils_geometry/share/autoware_utils_geometry/local_setup.zsh
-- Symlinking: /mnt/hdd/autonomy/ws/Carla-autoware_interface/deps_ws/install/autoware_utils_geometry/share/autoware_utils_geometry/local_setup.dsv
-- Symlinking: /mnt/hdd/autonomy/ws/Carla-autoware_interface/deps_ws/install/autoware_utils_geometry/share/autoware_utils_geometry/package.dsv
-- Symlinking: /mnt/hdd/autonomy/ws/Carla-autoware_interface/deps_ws/install/autoware_utils_geometry/share/ament_index/resource_index/packages/autoware_utils_geometry
-- Symlinking: /mnt/hdd/autonomy/ws/Carla-autoware_interface/deps_ws/install/autoware_utils_geometry/share/autoware_utils_geometry/cmake/ament_cmake_export_dependencies-extras.cmake
-- Symlinking: /mnt/hdd/autonomy/ws/Carla-autoware_interface/deps_ws/install/autoware_utils_geometry/share/autoware_utils_geometry/cmake/ament_cmake_export_include_directories-extras.cmake
-- Symlinking: /mnt/hdd/autonomy/ws/Carla-autoware_interface/deps_ws/install/autoware_utils_geometry/share/autoware_utils_geometry/cmake/ament_cmake_export_libraries-extras.cmake
-- Symlinking: /mnt/hdd/autonomy/ws/Carla-autoware_interface/deps_ws/install/autoware_utils_geometry/share/autoware_utils_geometry/cmake/autoware_utils_geometryConfig.cmake
-- Symlinking: /mnt/hdd/autonomy/ws/Carla-autoware_interface/deps_ws/install/autoware_utils_geometry/share/autoware_utils_geometry/cmake/autoware_utils_geometryConfig-version.cmake
-- Symlinking: /mnt/hdd/autonomy/ws/Carla-autoware_interface/deps_ws/install/autoware_utils_geometry/share/autoware_utils_geometry/package.xml
