[0.156s] Invoking command in '/mnt/hdd/autonomy/ws/Carla-autoware_interface/deps_ws/build/autoware_utils_geometry': AMENT_PREFIX_PATH=/mnt/hdd/autonomy/ws/Carla-autoware_interface/deps_ws/install/autoware_utils_system:/mnt/hdd/autonomy/ws/Carla-autoware_interface/deps_ws/install/autoware_utils_math:/mnt/hdd/autonomy/ws/Carla-autoware_interface/deps_ws/install/autoware_internal_planning_msgs:/mnt/hdd/autonomy/ws/Carla-autoware_interface/deps_ws/install/autoware_planning_msgs:/mnt/hdd/autonomy/ws/Carla-autoware_interface/deps_ws/install/autoware_cmake:/mnt/hdd/autonomy/ws/Carla-autoware_interface/deps_ws/install/autoware_perception_msgs:/mnt/hdd/autonomy/ws/Carla-autoware_interface/deps_ws/install/autoware_lint_common:/mnt/hdd/autonomy/ws/Carla-autoware_interface/deps_ws/install/autoware_common_msgs:${AMENT_PREFIX_PATH} CMAKE_PREFIX_PATH=/mnt/hdd/autonomy/ws/Carla-autoware_interface/deps_ws/install/autoware_utils_system:/mnt/hdd/autonomy/ws/Carla-autoware_interface/deps_ws/install/autoware_utils_math:/mnt/hdd/autonomy/ws/Carla-autoware_interface/deps_ws/install/autoware_internal_planning_msgs:/mnt/hdd/autonomy/ws/Carla-autoware_interface/deps_ws/install/autoware_planning_msgs:/mnt/hdd/autonomy/ws/Carla-autoware_interface/deps_ws/install/autoware_cmake:/mnt/hdd/autonomy/ws/Carla-autoware_interface/deps_ws/install/autoware_perception_msgs:/mnt/hdd/autonomy/ws/Carla-autoware_interface/deps_ws/install/autoware_lint_common:/mnt/hdd/autonomy/ws/Carla-autoware_interface/deps_ws/install/autoware_common_msgs:/mnt/hdd/autonomy/ws/Carla-autoware_interface/msg_ws/install/autoware_auto_msgs:/mnt/hdd/autonomy/ws/Carla-autoware_interface/msg_ws/install/autoware_auto_vehicle_msgs:/mnt/hdd/autonomy/ws/Carla-autoware_interface/msg_ws/install/autoware_auto_system_msgs:/mnt/hdd/autonomy/ws/Carla-autoware_interface/msg_ws/install/autoware_auto_planning_msgs:/mnt/hdd/autonomy/ws/Carla-autoware_interface/msg_ws/install/autoware_auto_perception_msgs:/mnt/hdd/autonomy/ws/Carla-autoware_interface/msg_ws/install/autoware_auto_mapping_msgs:/mnt/hdd/autonomy/ws/Carla-autoware_interface/msg_ws/install/autoware_auto_geometry_msgs:/mnt/hdd/autonomy/ws/Carla-autoware_interface/msg_ws/install/autoware_auto_control_msgs:/opt/ros/humble LD_LIBRARY_PATH=/mnt/hdd/autonomy/ws/Carla-autoware_interface/deps_ws/install/autoware_utils_system/lib:/mnt/hdd/autonomy/ws/Carla-autoware_interface/deps_ws/install/autoware_utils_math/lib:/mnt/hdd/autonomy/ws/Carla-autoware_interface/deps_ws/install/autoware_internal_planning_msgs/lib:/mnt/hdd/autonomy/ws/Carla-autoware_interface/deps_ws/install/autoware_planning_msgs/lib:/mnt/hdd/autonomy/ws/Carla-autoware_interface/deps_ws/install/autoware_perception_msgs/lib:/mnt/hdd/autonomy/ws/Carla-autoware_interface/deps_ws/install/autoware_common_msgs/lib:${LD_LIBRARY_PATH} PYTHONPATH=/mnt/hdd/autonomy/ws/Carla-autoware_interface/deps_ws/install/autoware_internal_planning_msgs/local/lib/python3.10/dist-packages:/mnt/hdd/autonomy/ws/Carla-autoware_interface/deps_ws/install/autoware_planning_msgs/local/lib/python3.10/dist-packages:/mnt/hdd/autonomy/ws/Carla-autoware_interface/deps_ws/install/autoware_perception_msgs/local/lib/python3.10/dist-packages:/mnt/hdd/autonomy/ws/Carla-autoware_interface/deps_ws/install/autoware_common_msgs/local/lib/python3.10/dist-packages:${PYTHONPATH} /usr/bin/cmake /mnt/hdd/autonomy/ws/Carla-autoware_interface/deps_ws/src/autoware_utils/autoware_utils_geometry -DAMENT_CMAKE_SYMLINK_INSTALL=1 -DCMAKE_INSTALL_PREFIX=/mnt/hdd/autonomy/ws/Carla-autoware_interface/deps_ws/install/autoware_utils_geometry
[0.399s] -- The C compiler identification is GNU 11.4.0
[0.575s] -- The CXX compiler identification is GNU 11.4.0
[0.626s] -- Detecting C compiler ABI info
[1.018s] -- Detecting C compiler ABI info - done
[1.027s] -- Check for working C compiler: /usr/lib/ccache/gcc - skipped
[1.027s] -- Detecting C compile features
[1.028s] -- Detecting C compile features - done
[1.030s] -- Detecting CXX compiler ABI info
[1.470s] -- Detecting CXX compiler ABI info - done
[1.481s] -- Check for working CXX compiler: /usr/lib/ccache/g++ - skipped
[1.481s] -- Detecting CXX compile features
[1.481s] -- Detecting CXX compile features - done
[1.483s] -- Found autoware_cmake: 1.1.0 (/mnt/hdd/autonomy/ws/Carla-autoware_interface/deps_ws/install/autoware_cmake/share/autoware_cmake/cmake)
[1.966s] -- Found Python3: /usr/bin/python3 (found version "3.10.12") found components: Interpreter 
[2.124s] -- Override CMake install command with custom implementation using symlinks instead of copying resources
[2.236s] -- Found TinyXML2: /usr/lib/x86_64-linux-gnu/libtinyxml2.so  
[2.466s] -- Found rosidl_generator_c: 3.1.8 (/opt/ros/humble/share/rosidl_generator_c/cmake)
[2.475s] -- Found rosidl_adapter: 3.1.8 (/opt/ros/humble/share/rosidl_adapter/cmake)
[2.490s] -- Found rosidl_generator_cpp: 3.1.8 (/opt/ros/humble/share/rosidl_generator_cpp/cmake)
[2.521s] -- Using all available rosidl_typesupport_c: rosidl_typesupport_fastrtps_c;rosidl_typesupport_introspection_c
[2.553s] -- Using all available rosidl_typesupport_cpp: rosidl_typesupport_fastrtps_cpp;rosidl_typesupport_introspection_cpp
[2.958s] -- Found rmw_implementation_cmake: 6.1.2 (/opt/ros/humble/share/rmw_implementation_cmake/cmake)
[2.971s] -- Found rmw_cyclonedds_cpp: 1.3.4 (/opt/ros/humble/share/rmw_cyclonedds_cpp/cmake)
[3.017s] -- Using RMW implementation 'rmw_cyclonedds_cpp' as default
[3.031s] -- Looking for pthread.h
[3.412s] -- Looking for pthread.h - found
[3.412s] -- Performing Test CMAKE_HAVE_LIBC_PTHREAD
[3.842s] -- Performing Test CMAKE_HAVE_LIBC_PTHREAD - Success
[3.842s] -- Found Threads: TRUE  
[4.001s] -- Found eigen3_cmake_module: 0.1.1 (/opt/ros/humble/share/eigen3_cmake_module/cmake)
[4.002s] -- Found Eigen3: TRUE (found version "3.4.0") 
[4.002s] -- Ensuring Eigen3 include directory is part of orocos-kdl CMake target
[4.006s] -- Found ament_lint_auto: 0.12.14 (/opt/ros/humble/share/ament_lint_auto/cmake)
[4.030s] -- Found gtest sources under '/opt/ros/humble/src/gtest_vendor': C++ tests using 'Google Test' will be built
[4.040s] In this package, headers install destination is set to `include` by ament_auto_package. It is recommended to install `include/autoware_utils_geometry` instead and will be the default behavior of ament_auto_package from ROS 2 Kilted Kaiju. On distributions before Kilted, ament_auto_package behaves the same way when you use USE_SCOPED_HEADER_INSTALL_DIR option.
[4.050s] -- Added test 'copyright' to check source files copyright and LICENSE
[4.050s] -- Added test 'cppcheck' to perform static code analysis on C / C++ code
[4.050s] -- Configured cppcheck include dirs: /mnt/hdd/autonomy/ws/Carla-autoware_interface/deps_ws/src/autoware_utils/autoware_utils_geometry/include
[4.050s] -- Configured cppcheck exclude dirs and/or files: 
[4.050s] -- Added test 'lint_cmake' to check CMake code style
[4.052s] -- Added test 'xmllint' to check XML markup files
[4.075s] -- Configuring done
[4.127s] -- Generating done
[4.138s] -- Build files have been written to: /mnt/hdd/autonomy/ws/Carla-autoware_interface/deps_ws/build/autoware_utils_geometry
[4.163s] Invoked command in '/mnt/hdd/autonomy/ws/Carla-autoware_interface/deps_ws/build/autoware_utils_geometry' returned '0': AMENT_PREFIX_PATH=/mnt/hdd/autonomy/ws/Carla-autoware_interface/deps_ws/install/autoware_utils_system:/mnt/hdd/autonomy/ws/Carla-autoware_interface/deps_ws/install/autoware_utils_math:/mnt/hdd/autonomy/ws/Carla-autoware_interface/deps_ws/install/autoware_internal_planning_msgs:/mnt/hdd/autonomy/ws/Carla-autoware_interface/deps_ws/install/autoware_planning_msgs:/mnt/hdd/autonomy/ws/Carla-autoware_interface/deps_ws/install/autoware_cmake:/mnt/hdd/autonomy/ws/Carla-autoware_interface/deps_ws/install/autoware_perception_msgs:/mnt/hdd/autonomy/ws/Carla-autoware_interface/deps_ws/install/autoware_lint_common:/mnt/hdd/autonomy/ws/Carla-autoware_interface/deps_ws/install/autoware_common_msgs:${AMENT_PREFIX_PATH} CMAKE_PREFIX_PATH=/mnt/hdd/autonomy/ws/Carla-autoware_interface/deps_ws/install/autoware_utils_system:/mnt/hdd/autonomy/ws/Carla-autoware_interface/deps_ws/install/autoware_utils_math:/mnt/hdd/autonomy/ws/Carla-autoware_interface/deps_ws/install/autoware_internal_planning_msgs:/mnt/hdd/autonomy/ws/Carla-autoware_interface/deps_ws/install/autoware_planning_msgs:/mnt/hdd/autonomy/ws/Carla-autoware_interface/deps_ws/install/autoware_cmake:/mnt/hdd/autonomy/ws/Carla-autoware_interface/deps_ws/install/autoware_perception_msgs:/mnt/hdd/autonomy/ws/Carla-autoware_interface/deps_ws/install/autoware_lint_common:/mnt/hdd/autonomy/ws/Carla-autoware_interface/deps_ws/install/autoware_common_msgs:/mnt/hdd/autonomy/ws/Carla-autoware_interface/msg_ws/install/autoware_auto_msgs:/mnt/hdd/autonomy/ws/Carla-autoware_interface/msg_ws/install/autoware_auto_vehicle_msgs:/mnt/hdd/autonomy/ws/Carla-autoware_interface/msg_ws/install/autoware_auto_system_msgs:/mnt/hdd/autonomy/ws/Carla-autoware_interface/msg_ws/install/autoware_auto_planning_msgs:/mnt/hdd/autonomy/ws/Carla-autoware_interface/msg_ws/install/autoware_auto_perception_msgs:/mnt/hdd/autonomy/ws/Carla-autoware_interface/msg_ws/install/autoware_auto_mapping_msgs:/mnt/hdd/autonomy/ws/Carla-autoware_interface/msg_ws/install/autoware_auto_geometry_msgs:/mnt/hdd/autonomy/ws/Carla-autoware_interface/msg_ws/install/autoware_auto_control_msgs:/opt/ros/humble LD_LIBRARY_PATH=/mnt/hdd/autonomy/ws/Carla-autoware_interface/deps_ws/install/autoware_utils_system/lib:/mnt/hdd/autonomy/ws/Carla-autoware_interface/deps_ws/install/autoware_utils_math/lib:/mnt/hdd/autonomy/ws/Carla-autoware_interface/deps_ws/install/autoware_internal_planning_msgs/lib:/mnt/hdd/autonomy/ws/Carla-autoware_interface/deps_ws/install/autoware_planning_msgs/lib:/mnt/hdd/autonomy/ws/Carla-autoware_interface/deps_ws/install/autoware_perception_msgs/lib:/mnt/hdd/autonomy/ws/Carla-autoware_interface/deps_ws/install/autoware_common_msgs/lib:${LD_LIBRARY_PATH} PYTHONPATH=/mnt/hdd/autonomy/ws/Carla-autoware_interface/deps_ws/install/autoware_internal_planning_msgs/local/lib/python3.10/dist-packages:/mnt/hdd/autonomy/ws/Carla-autoware_interface/deps_ws/install/autoware_planning_msgs/local/lib/python3.10/dist-packages:/mnt/hdd/autonomy/ws/Carla-autoware_interface/deps_ws/install/autoware_perception_msgs/local/lib/python3.10/dist-packages:/mnt/hdd/autonomy/ws/Carla-autoware_interface/deps_ws/install/autoware_common_msgs/local/lib/python3.10/dist-packages:${PYTHONPATH} /usr/bin/cmake /mnt/hdd/autonomy/ws/Carla-autoware_interface/deps_ws/src/autoware_utils/autoware_utils_geometry -DAMENT_CMAKE_SYMLINK_INSTALL=1 -DCMAKE_INSTALL_PREFIX=/mnt/hdd/autonomy/ws/Carla-autoware_interface/deps_ws/install/autoware_utils_geometry
[4.164s] Invoking command in '/mnt/hdd/autonomy/ws/Carla-autoware_interface/deps_ws/build/autoware_utils_geometry': AMENT_PREFIX_PATH=/mnt/hdd/autonomy/ws/Carla-autoware_interface/deps_ws/install/autoware_utils_system:/mnt/hdd/autonomy/ws/Carla-autoware_interface/deps_ws/install/autoware_utils_math:/mnt/hdd/autonomy/ws/Carla-autoware_interface/deps_ws/install/autoware_internal_planning_msgs:/mnt/hdd/autonomy/ws/Carla-autoware_interface/deps_ws/install/autoware_planning_msgs:/mnt/hdd/autonomy/ws/Carla-autoware_interface/deps_ws/install/autoware_cmake:/mnt/hdd/autonomy/ws/Carla-autoware_interface/deps_ws/install/autoware_perception_msgs:/mnt/hdd/autonomy/ws/Carla-autoware_interface/deps_ws/install/autoware_lint_common:/mnt/hdd/autonomy/ws/Carla-autoware_interface/deps_ws/install/autoware_common_msgs:${AMENT_PREFIX_PATH} CMAKE_PREFIX_PATH=/mnt/hdd/autonomy/ws/Carla-autoware_interface/deps_ws/install/autoware_utils_system:/mnt/hdd/autonomy/ws/Carla-autoware_interface/deps_ws/install/autoware_utils_math:/mnt/hdd/autonomy/ws/Carla-autoware_interface/deps_ws/install/autoware_internal_planning_msgs:/mnt/hdd/autonomy/ws/Carla-autoware_interface/deps_ws/install/autoware_planning_msgs:/mnt/hdd/autonomy/ws/Carla-autoware_interface/deps_ws/install/autoware_cmake:/mnt/hdd/autonomy/ws/Carla-autoware_interface/deps_ws/install/autoware_perception_msgs:/mnt/hdd/autonomy/ws/Carla-autoware_interface/deps_ws/install/autoware_lint_common:/mnt/hdd/autonomy/ws/Carla-autoware_interface/deps_ws/install/autoware_common_msgs:/mnt/hdd/autonomy/ws/Carla-autoware_interface/msg_ws/install/autoware_auto_msgs:/mnt/hdd/autonomy/ws/Carla-autoware_interface/msg_ws/install/autoware_auto_vehicle_msgs:/mnt/hdd/autonomy/ws/Carla-autoware_interface/msg_ws/install/autoware_auto_system_msgs:/mnt/hdd/autonomy/ws/Carla-autoware_interface/msg_ws/install/autoware_auto_planning_msgs:/mnt/hdd/autonomy/ws/Carla-autoware_interface/msg_ws/install/autoware_auto_perception_msgs:/mnt/hdd/autonomy/ws/Carla-autoware_interface/msg_ws/install/autoware_auto_mapping_msgs:/mnt/hdd/autonomy/ws/Carla-autoware_interface/msg_ws/install/autoware_auto_geometry_msgs:/mnt/hdd/autonomy/ws/Carla-autoware_interface/msg_ws/install/autoware_auto_control_msgs:/opt/ros/humble LD_LIBRARY_PATH=/mnt/hdd/autonomy/ws/Carla-autoware_interface/deps_ws/install/autoware_utils_system/lib:/mnt/hdd/autonomy/ws/Carla-autoware_interface/deps_ws/install/autoware_utils_math/lib:/mnt/hdd/autonomy/ws/Carla-autoware_interface/deps_ws/install/autoware_internal_planning_msgs/lib:/mnt/hdd/autonomy/ws/Carla-autoware_interface/deps_ws/install/autoware_planning_msgs/lib:/mnt/hdd/autonomy/ws/Carla-autoware_interface/deps_ws/install/autoware_perception_msgs/lib:/mnt/hdd/autonomy/ws/Carla-autoware_interface/deps_ws/install/autoware_common_msgs/lib:${LD_LIBRARY_PATH} PYTHONPATH=/mnt/hdd/autonomy/ws/Carla-autoware_interface/deps_ws/install/autoware_internal_planning_msgs/local/lib/python3.10/dist-packages:/mnt/hdd/autonomy/ws/Carla-autoware_interface/deps_ws/install/autoware_planning_msgs/local/lib/python3.10/dist-packages:/mnt/hdd/autonomy/ws/Carla-autoware_interface/deps_ws/install/autoware_perception_msgs/local/lib/python3.10/dist-packages:/mnt/hdd/autonomy/ws/Carla-autoware_interface/deps_ws/install/autoware_common_msgs/local/lib/python3.10/dist-packages:${PYTHONPATH} /usr/bin/cmake --build /mnt/hdd/autonomy/ws/Carla-autoware_interface/deps_ws/build/autoware_utils_geometry -- -j16 -l16
[4.547s] [  4%] Building CXX object CMakeFiles/autoware_utils_geometry.dir/src/geometry/alt_geometry.cpp.o
[8.259s] [  8%] Building CXX object CMakeFiles/autoware_utils_geometry.dir/src/msg/operation.cpp.o
[12.975s] [ 12%] Building CXX object CMakeFiles/autoware_utils_geometry.dir/src/geometry/sat_2d.cpp.o
[15.830s] [ 16%] Building CXX object CMakeFiles/autoware_utils_geometry.dir/src/geometry/random_convex_polygon.cpp.o
[25.461s] [ 20%] Building CXX object CMakeFiles/autoware_utils_geometry.dir/src/geometry/random_concave_polygon.cpp.o
[38.300s] [ 25%] Building CXX object CMakeFiles/autoware_utils_geometry.dir/src/geometry/pose_deviation.cpp.o
[44.877s] [ 29%] Building CXX object CMakeFiles/autoware_utils_geometry.dir/src/geometry/gjk_2d.cpp.o
[49.569s] [ 33%] Building CXX object CMakeFiles/autoware_utils_geometry.dir/src/geometry/geometry.cpp.o
[58.787s] [ 37%] Building CXX object CMakeFiles/autoware_utils_geometry.dir/src/geometry/ear_clipping.cpp.o
[62.113s] [ 41%] Building CXX object CMakeFiles/autoware_utils_geometry.dir/src/geometry/boost_polygon_utils.cpp.o
[73.234s] [ 45%] Linking CXX shared library libautoware_utils_geometry.so
[74.311s] [ 45%] Built target autoware_utils_geometry
[74.484s] [ 50%] Building CXX object gtest/CMakeFiles/gtest.dir/src/gtest-all.cc.o
[79.469s] [ 54%] Linking CXX static library libgtest.a
[79.781s] [ 54%] Built target gtest
[79.964s] [ 58%] Building CXX object gtest/CMakeFiles/gtest_main.dir/src/gtest_main.cc.o
[81.405s] [ 62%] Linking CXX static library libgtest_main.a
[81.668s] [ 62%] Built target gtest_main
[81.840s] [ 66%] Building CXX object CMakeFiles/test_autoware_utils_geometry.dir/test/cases/alt_geometry.cpp.o
[94.804s] [ 70%] Building CXX object CMakeFiles/test_autoware_utils_geometry.dir/test/main.cpp.o
[96.384s] [ 75%] Building CXX object CMakeFiles/test_autoware_utils_geometry.dir/test/cases/pose_deviation.cpp.o
[104.465s] [ 79%] Building CXX object CMakeFiles/test_autoware_utils_geometry.dir/test/cases/path_with_lane_id_geometry.cpp.o
[112.313s] [ 83%] Building CXX object CMakeFiles/test_autoware_utils_geometry.dir/test/cases/msg/operation.cpp.o
[113.978s] [ 87%] Building CXX object CMakeFiles/test_autoware_utils_geometry.dir/test/cases/geometry.cpp.o
[126.046s] [ 91%] Building CXX object CMakeFiles/test_autoware_utils_geometry.dir/test/cases/boost_polygon_utils.cpp.o
[136.809s] [ 95%] Building CXX object CMakeFiles/test_autoware_utils_geometry.dir/test/cases/boost_geometry.cpp.o
[143.190s] [100%] Linking CXX executable test_autoware_utils_geometry
[144.449s] [100%] Built target test_autoware_utils_geometry
[144.517s] Invoked command in '/mnt/hdd/autonomy/ws/Carla-autoware_interface/deps_ws/build/autoware_utils_geometry' returned '0': AMENT_PREFIX_PATH=/mnt/hdd/autonomy/ws/Carla-autoware_interface/deps_ws/install/autoware_utils_system:/mnt/hdd/autonomy/ws/Carla-autoware_interface/deps_ws/install/autoware_utils_math:/mnt/hdd/autonomy/ws/Carla-autoware_interface/deps_ws/install/autoware_internal_planning_msgs:/mnt/hdd/autonomy/ws/Carla-autoware_interface/deps_ws/install/autoware_planning_msgs:/mnt/hdd/autonomy/ws/Carla-autoware_interface/deps_ws/install/autoware_cmake:/mnt/hdd/autonomy/ws/Carla-autoware_interface/deps_ws/install/autoware_perception_msgs:/mnt/hdd/autonomy/ws/Carla-autoware_interface/deps_ws/install/autoware_lint_common:/mnt/hdd/autonomy/ws/Carla-autoware_interface/deps_ws/install/autoware_common_msgs:${AMENT_PREFIX_PATH} CMAKE_PREFIX_PATH=/mnt/hdd/autonomy/ws/Carla-autoware_interface/deps_ws/install/autoware_utils_system:/mnt/hdd/autonomy/ws/Carla-autoware_interface/deps_ws/install/autoware_utils_math:/mnt/hdd/autonomy/ws/Carla-autoware_interface/deps_ws/install/autoware_internal_planning_msgs:/mnt/hdd/autonomy/ws/Carla-autoware_interface/deps_ws/install/autoware_planning_msgs:/mnt/hdd/autonomy/ws/Carla-autoware_interface/deps_ws/install/autoware_cmake:/mnt/hdd/autonomy/ws/Carla-autoware_interface/deps_ws/install/autoware_perception_msgs:/mnt/hdd/autonomy/ws/Carla-autoware_interface/deps_ws/install/autoware_lint_common:/mnt/hdd/autonomy/ws/Carla-autoware_interface/deps_ws/install/autoware_common_msgs:/mnt/hdd/autonomy/ws/Carla-autoware_interface/msg_ws/install/autoware_auto_msgs:/mnt/hdd/autonomy/ws/Carla-autoware_interface/msg_ws/install/autoware_auto_vehicle_msgs:/mnt/hdd/autonomy/ws/Carla-autoware_interface/msg_ws/install/autoware_auto_system_msgs:/mnt/hdd/autonomy/ws/Carla-autoware_interface/msg_ws/install/autoware_auto_planning_msgs:/mnt/hdd/autonomy/ws/Carla-autoware_interface/msg_ws/install/autoware_auto_perception_msgs:/mnt/hdd/autonomy/ws/Carla-autoware_interface/msg_ws/install/autoware_auto_mapping_msgs:/mnt/hdd/autonomy/ws/Carla-autoware_interface/msg_ws/install/autoware_auto_geometry_msgs:/mnt/hdd/autonomy/ws/Carla-autoware_interface/msg_ws/install/autoware_auto_control_msgs:/opt/ros/humble LD_LIBRARY_PATH=/mnt/hdd/autonomy/ws/Carla-autoware_interface/deps_ws/install/autoware_utils_system/lib:/mnt/hdd/autonomy/ws/Carla-autoware_interface/deps_ws/install/autoware_utils_math/lib:/mnt/hdd/autonomy/ws/Carla-autoware_interface/deps_ws/install/autoware_internal_planning_msgs/lib:/mnt/hdd/autonomy/ws/Carla-autoware_interface/deps_ws/install/autoware_planning_msgs/lib:/mnt/hdd/autonomy/ws/Carla-autoware_interface/deps_ws/install/autoware_perception_msgs/lib:/mnt/hdd/autonomy/ws/Carla-autoware_interface/deps_ws/install/autoware_common_msgs/lib:${LD_LIBRARY_PATH} PYTHONPATH=/mnt/hdd/autonomy/ws/Carla-autoware_interface/deps_ws/install/autoware_internal_planning_msgs/local/lib/python3.10/dist-packages:/mnt/hdd/autonomy/ws/Carla-autoware_interface/deps_ws/install/autoware_planning_msgs/local/lib/python3.10/dist-packages:/mnt/hdd/autonomy/ws/Carla-autoware_interface/deps_ws/install/autoware_perception_msgs/local/lib/python3.10/dist-packages:/mnt/hdd/autonomy/ws/Carla-autoware_interface/deps_ws/install/autoware_common_msgs/local/lib/python3.10/dist-packages:${PYTHONPATH} /usr/bin/cmake --build /mnt/hdd/autonomy/ws/Carla-autoware_interface/deps_ws/build/autoware_utils_geometry -- -j16 -l16
[144.519s] Invoking command in '/mnt/hdd/autonomy/ws/Carla-autoware_interface/deps_ws/build/autoware_utils_geometry': AMENT_PREFIX_PATH=/mnt/hdd/autonomy/ws/Carla-autoware_interface/deps_ws/install/autoware_utils_system:/mnt/hdd/autonomy/ws/Carla-autoware_interface/deps_ws/install/autoware_utils_math:/mnt/hdd/autonomy/ws/Carla-autoware_interface/deps_ws/install/autoware_internal_planning_msgs:/mnt/hdd/autonomy/ws/Carla-autoware_interface/deps_ws/install/autoware_planning_msgs:/mnt/hdd/autonomy/ws/Carla-autoware_interface/deps_ws/install/autoware_cmake:/mnt/hdd/autonomy/ws/Carla-autoware_interface/deps_ws/install/autoware_perception_msgs:/mnt/hdd/autonomy/ws/Carla-autoware_interface/deps_ws/install/autoware_lint_common:/mnt/hdd/autonomy/ws/Carla-autoware_interface/deps_ws/install/autoware_common_msgs:${AMENT_PREFIX_PATH} CMAKE_PREFIX_PATH=/mnt/hdd/autonomy/ws/Carla-autoware_interface/deps_ws/install/autoware_utils_system:/mnt/hdd/autonomy/ws/Carla-autoware_interface/deps_ws/install/autoware_utils_math:/mnt/hdd/autonomy/ws/Carla-autoware_interface/deps_ws/install/autoware_internal_planning_msgs:/mnt/hdd/autonomy/ws/Carla-autoware_interface/deps_ws/install/autoware_planning_msgs:/mnt/hdd/autonomy/ws/Carla-autoware_interface/deps_ws/install/autoware_cmake:/mnt/hdd/autonomy/ws/Carla-autoware_interface/deps_ws/install/autoware_perception_msgs:/mnt/hdd/autonomy/ws/Carla-autoware_interface/deps_ws/install/autoware_lint_common:/mnt/hdd/autonomy/ws/Carla-autoware_interface/deps_ws/install/autoware_common_msgs:/mnt/hdd/autonomy/ws/Carla-autoware_interface/msg_ws/install/autoware_auto_msgs:/mnt/hdd/autonomy/ws/Carla-autoware_interface/msg_ws/install/autoware_auto_vehicle_msgs:/mnt/hdd/autonomy/ws/Carla-autoware_interface/msg_ws/install/autoware_auto_system_msgs:/mnt/hdd/autonomy/ws/Carla-autoware_interface/msg_ws/install/autoware_auto_planning_msgs:/mnt/hdd/autonomy/ws/Carla-autoware_interface/msg_ws/install/autoware_auto_perception_msgs:/mnt/hdd/autonomy/ws/Carla-autoware_interface/msg_ws/install/autoware_auto_mapping_msgs:/mnt/hdd/autonomy/ws/Carla-autoware_interface/msg_ws/install/autoware_auto_geometry_msgs:/mnt/hdd/autonomy/ws/Carla-autoware_interface/msg_ws/install/autoware_auto_control_msgs:/opt/ros/humble LD_LIBRARY_PATH=/mnt/hdd/autonomy/ws/Carla-autoware_interface/deps_ws/install/autoware_utils_system/lib:/mnt/hdd/autonomy/ws/Carla-autoware_interface/deps_ws/install/autoware_utils_math/lib:/mnt/hdd/autonomy/ws/Carla-autoware_interface/deps_ws/install/autoware_internal_planning_msgs/lib:/mnt/hdd/autonomy/ws/Carla-autoware_interface/deps_ws/install/autoware_planning_msgs/lib:/mnt/hdd/autonomy/ws/Carla-autoware_interface/deps_ws/install/autoware_perception_msgs/lib:/mnt/hdd/autonomy/ws/Carla-autoware_interface/deps_ws/install/autoware_common_msgs/lib:${LD_LIBRARY_PATH} PYTHONPATH=/mnt/hdd/autonomy/ws/Carla-autoware_interface/deps_ws/install/autoware_internal_planning_msgs/local/lib/python3.10/dist-packages:/mnt/hdd/autonomy/ws/Carla-autoware_interface/deps_ws/install/autoware_planning_msgs/local/lib/python3.10/dist-packages:/mnt/hdd/autonomy/ws/Carla-autoware_interface/deps_ws/install/autoware_perception_msgs/local/lib/python3.10/dist-packages:/mnt/hdd/autonomy/ws/Carla-autoware_interface/deps_ws/install/autoware_common_msgs/local/lib/python3.10/dist-packages:${PYTHONPATH} /usr/bin/cmake --install /mnt/hdd/autonomy/ws/Carla-autoware_interface/deps_ws/build/autoware_utils_geometry
[144.566s] -- Install configuration: ""
[144.568s] -- Execute custom install script
[144.570s] -- Symlinking: /mnt/hdd/autonomy/ws/Carla-autoware_interface/deps_ws/install/autoware_utils_geometry/include/autoware_utils_geometry/alt_geometry.hpp
[144.634s] -- Symlinking: /mnt/hdd/autonomy/ws/Carla-autoware_interface/deps_ws/install/autoware_utils_geometry/include/autoware_utils_geometry/boost_geometry.hpp
[144.674s] -- Symlinking: /mnt/hdd/autonomy/ws/Carla-autoware_interface/deps_ws/install/autoware_utils_geometry/include/autoware_utils_geometry/boost_polygon_utils.hpp
[144.752s] -- Symlinking: /mnt/hdd/autonomy/ws/Carla-autoware_interface/deps_ws/install/autoware_utils_geometry/include/autoware_utils_geometry/ear_clipping.hpp
[144.803s] -- Symlinking: /mnt/hdd/autonomy/ws/Carla-autoware_interface/deps_ws/install/autoware_utils_geometry/include/autoware_utils_geometry/geometry.hpp
[144.852s] -- Symlinking: /mnt/hdd/autonomy/ws/Carla-autoware_interface/deps_ws/install/autoware_utils_geometry/include/autoware_utils_geometry/gjk_2d.hpp
[144.913s] -- Symlinking: /mnt/hdd/autonomy/ws/Carla-autoware_interface/deps_ws/install/autoware_utils_geometry/include/autoware_utils_geometry/msg/covariance.hpp
[144.962s] -- Symlinking: /mnt/hdd/autonomy/ws/Carla-autoware_interface/deps_ws/install/autoware_utils_geometry/include/autoware_utils_geometry/msg/operation.hpp
[145.038s] -- Symlinking: /mnt/hdd/autonomy/ws/Carla-autoware_interface/deps_ws/install/autoware_utils_geometry/include/autoware_utils_geometry/pose_deviation.hpp
[145.107s] -- Symlinking: /mnt/hdd/autonomy/ws/Carla-autoware_interface/deps_ws/install/autoware_utils_geometry/include/autoware_utils_geometry/random_concave_polygon.hpp
[145.167s] -- Symlinking: /mnt/hdd/autonomy/ws/Carla-autoware_interface/deps_ws/install/autoware_utils_geometry/include/autoware_utils_geometry/random_convex_polygon.hpp
[145.231s] -- Symlinking: /mnt/hdd/autonomy/ws/Carla-autoware_interface/deps_ws/install/autoware_utils_geometry/include/autoware_utils_geometry/sat_2d.hpp
[145.287s] -- Symlinking: /mnt/hdd/autonomy/ws/Carla-autoware_interface/deps_ws/install/autoware_utils_geometry/share/autoware_utils_geometry/environment/library_path.sh
[145.352s] -- Symlinking: /mnt/hdd/autonomy/ws/Carla-autoware_interface/deps_ws/install/autoware_utils_geometry/share/autoware_utils_geometry/environment/library_path.dsv
[145.396s] -- Symlinking: /mnt/hdd/autonomy/ws/Carla-autoware_interface/deps_ws/install/autoware_utils_geometry/lib/libautoware_utils_geometry.so
[145.479s] -- Symlinking: /mnt/hdd/autonomy/ws/Carla-autoware_interface/deps_ws/install/autoware_utils_geometry/share/ament_index/resource_index/package_run_dependencies/autoware_utils_geometry
[145.536s] -- Symlinking: /mnt/hdd/autonomy/ws/Carla-autoware_interface/deps_ws/install/autoware_utils_geometry/share/ament_index/resource_index/parent_prefix_path/autoware_utils_geometry
[145.604s] -- Symlinking: /mnt/hdd/autonomy/ws/Carla-autoware_interface/deps_ws/install/autoware_utils_geometry/share/autoware_utils_geometry/environment/ament_prefix_path.sh
[145.656s] -- Symlinking: /mnt/hdd/autonomy/ws/Carla-autoware_interface/deps_ws/install/autoware_utils_geometry/share/autoware_utils_geometry/environment/ament_prefix_path.dsv
[145.746s] -- Symlinking: /mnt/hdd/autonomy/ws/Carla-autoware_interface/deps_ws/install/autoware_utils_geometry/share/autoware_utils_geometry/environment/path.sh
[145.808s] -- Symlinking: /mnt/hdd/autonomy/ws/Carla-autoware_interface/deps_ws/install/autoware_utils_geometry/share/autoware_utils_geometry/environment/path.dsv
[145.855s] -- Symlinking: /mnt/hdd/autonomy/ws/Carla-autoware_interface/deps_ws/install/autoware_utils_geometry/share/autoware_utils_geometry/local_setup.bash
[145.907s] -- Symlinking: /mnt/hdd/autonomy/ws/Carla-autoware_interface/deps_ws/install/autoware_utils_geometry/share/autoware_utils_geometry/local_setup.sh
[145.976s] -- Symlinking: /mnt/hdd/autonomy/ws/Carla-autoware_interface/deps_ws/install/autoware_utils_geometry/share/autoware_utils_geometry/local_setup.zsh
[146.029s] -- Symlinking: /mnt/hdd/autonomy/ws/Carla-autoware_interface/deps_ws/install/autoware_utils_geometry/share/autoware_utils_geometry/local_setup.dsv
[146.070s] -- Symlinking: /mnt/hdd/autonomy/ws/Carla-autoware_interface/deps_ws/install/autoware_utils_geometry/share/autoware_utils_geometry/package.dsv
[146.142s] -- Symlinking: /mnt/hdd/autonomy/ws/Carla-autoware_interface/deps_ws/install/autoware_utils_geometry/share/ament_index/resource_index/packages/autoware_utils_geometry
[146.195s] -- Symlinking: /mnt/hdd/autonomy/ws/Carla-autoware_interface/deps_ws/install/autoware_utils_geometry/share/autoware_utils_geometry/cmake/ament_cmake_export_dependencies-extras.cmake
[146.265s] -- Symlinking: /mnt/hdd/autonomy/ws/Carla-autoware_interface/deps_ws/install/autoware_utils_geometry/share/autoware_utils_geometry/cmake/ament_cmake_export_include_directories-extras.cmake
[146.307s] -- Symlinking: /mnt/hdd/autonomy/ws/Carla-autoware_interface/deps_ws/install/autoware_utils_geometry/share/autoware_utils_geometry/cmake/ament_cmake_export_libraries-extras.cmake
[146.355s] -- Symlinking: /mnt/hdd/autonomy/ws/Carla-autoware_interface/deps_ws/install/autoware_utils_geometry/share/autoware_utils_geometry/cmake/autoware_utils_geometryConfig.cmake
[146.411s] -- Symlinking: /mnt/hdd/autonomy/ws/Carla-autoware_interface/deps_ws/install/autoware_utils_geometry/share/autoware_utils_geometry/cmake/autoware_utils_geometryConfig-version.cmake
[146.464s] -- Symlinking: /mnt/hdd/autonomy/ws/Carla-autoware_interface/deps_ws/install/autoware_utils_geometry/share/autoware_utils_geometry/package.xml
[146.559s] Invoked command in '/mnt/hdd/autonomy/ws/Carla-autoware_interface/deps_ws/build/autoware_utils_geometry' returned '0': AMENT_PREFIX_PATH=/mnt/hdd/autonomy/ws/Carla-autoware_interface/deps_ws/install/autoware_utils_system:/mnt/hdd/autonomy/ws/Carla-autoware_interface/deps_ws/install/autoware_utils_math:/mnt/hdd/autonomy/ws/Carla-autoware_interface/deps_ws/install/autoware_internal_planning_msgs:/mnt/hdd/autonomy/ws/Carla-autoware_interface/deps_ws/install/autoware_planning_msgs:/mnt/hdd/autonomy/ws/Carla-autoware_interface/deps_ws/install/autoware_cmake:/mnt/hdd/autonomy/ws/Carla-autoware_interface/deps_ws/install/autoware_perception_msgs:/mnt/hdd/autonomy/ws/Carla-autoware_interface/deps_ws/install/autoware_lint_common:/mnt/hdd/autonomy/ws/Carla-autoware_interface/deps_ws/install/autoware_common_msgs:${AMENT_PREFIX_PATH} CMAKE_PREFIX_PATH=/mnt/hdd/autonomy/ws/Carla-autoware_interface/deps_ws/install/autoware_utils_system:/mnt/hdd/autonomy/ws/Carla-autoware_interface/deps_ws/install/autoware_utils_math:/mnt/hdd/autonomy/ws/Carla-autoware_interface/deps_ws/install/autoware_internal_planning_msgs:/mnt/hdd/autonomy/ws/Carla-autoware_interface/deps_ws/install/autoware_planning_msgs:/mnt/hdd/autonomy/ws/Carla-autoware_interface/deps_ws/install/autoware_cmake:/mnt/hdd/autonomy/ws/Carla-autoware_interface/deps_ws/install/autoware_perception_msgs:/mnt/hdd/autonomy/ws/Carla-autoware_interface/deps_ws/install/autoware_lint_common:/mnt/hdd/autonomy/ws/Carla-autoware_interface/deps_ws/install/autoware_common_msgs:/mnt/hdd/autonomy/ws/Carla-autoware_interface/msg_ws/install/autoware_auto_msgs:/mnt/hdd/autonomy/ws/Carla-autoware_interface/msg_ws/install/autoware_auto_vehicle_msgs:/mnt/hdd/autonomy/ws/Carla-autoware_interface/msg_ws/install/autoware_auto_system_msgs:/mnt/hdd/autonomy/ws/Carla-autoware_interface/msg_ws/install/autoware_auto_planning_msgs:/mnt/hdd/autonomy/ws/Carla-autoware_interface/msg_ws/install/autoware_auto_perception_msgs:/mnt/hdd/autonomy/ws/Carla-autoware_interface/msg_ws/install/autoware_auto_mapping_msgs:/mnt/hdd/autonomy/ws/Carla-autoware_interface/msg_ws/install/autoware_auto_geometry_msgs:/mnt/hdd/autonomy/ws/Carla-autoware_interface/msg_ws/install/autoware_auto_control_msgs:/opt/ros/humble LD_LIBRARY_PATH=/mnt/hdd/autonomy/ws/Carla-autoware_interface/deps_ws/install/autoware_utils_system/lib:/mnt/hdd/autonomy/ws/Carla-autoware_interface/deps_ws/install/autoware_utils_math/lib:/mnt/hdd/autonomy/ws/Carla-autoware_interface/deps_ws/install/autoware_internal_planning_msgs/lib:/mnt/hdd/autonomy/ws/Carla-autoware_interface/deps_ws/install/autoware_planning_msgs/lib:/mnt/hdd/autonomy/ws/Carla-autoware_interface/deps_ws/install/autoware_perception_msgs/lib:/mnt/hdd/autonomy/ws/Carla-autoware_interface/deps_ws/install/autoware_common_msgs/lib:${LD_LIBRARY_PATH} PYTHONPATH=/mnt/hdd/autonomy/ws/Carla-autoware_interface/deps_ws/install/autoware_internal_planning_msgs/local/lib/python3.10/dist-packages:/mnt/hdd/autonomy/ws/Carla-autoware_interface/deps_ws/install/autoware_planning_msgs/local/lib/python3.10/dist-packages:/mnt/hdd/autonomy/ws/Carla-autoware_interface/deps_ws/install/autoware_perception_msgs/local/lib/python3.10/dist-packages:/mnt/hdd/autonomy/ws/Carla-autoware_interface/deps_ws/install/autoware_common_msgs/local/lib/python3.10/dist-packages:${PYTHONPATH} /usr/bin/cmake --install /mnt/hdd/autonomy/ws/Carla-autoware_interface/deps_ws/build/autoware_utils_geometry
