The MPI test test_mpi for C in mode normal failed to compile with the following output:
Change Dir: /mnt/hdd/autonomy/ws/Carla-autoware_interface/deps_ws/build/autoware_utils_pcl/CMakeFiles/CMakeTmp

Run Build Command(s):/usr/bin/gmake -f Makefile cmTC_10a18/fast && /usr/bin/gmake  -f CMakeFiles/cmTC_10a18.dir/build.make CMakeFiles/cmTC_10a18.dir/build
gmake[1]: Entering directory '/mnt/hdd/autonomy/ws/Carla-autoware_interface/deps_ws/build/autoware_utils_pcl/CMakeFiles/CMakeTmp'
Building C object CMakeFiles/cmTC_10a18.dir/test_mpi.c.o
/usr/lib/ccache/gcc  -isystem /usr/lib/x86_64-linux-gnu/openmpi/include/openmpi  -o CMakeFiles/cmTC_10a18.dir/test_mpi.c.o -c /usr/share/cmake-3.22/Modules/FindMPI/test_mpi.c
/usr/share/cmake-3.22/Modules/FindMPI/test_mpi.c:1:10: fatal error: mpi.h: No such file or directory
    1 | #include <mpi.h>
      |          ^~~~~~~
compilation terminated.
gmake[1]: *** [CMakeFiles/cmTC_10a18.dir/build.make:78: CMakeFiles/cmTC_10a18.dir/test_mpi.c.o] Error 1
gmake[1]: Leaving directory '/mnt/hdd/autonomy/ws/Carla-autoware_interface/deps_ws/build/autoware_utils_pcl/CMakeFiles/CMakeTmp'
gmake: *** [Makefile:127: cmTC_10a18/fast] Error 2



The MPI test test_mpi for C in mode normal failed to compile with the following output:
Change Dir: /mnt/hdd/autonomy/ws/Carla-autoware_interface/deps_ws/build/autoware_utils_pcl/CMakeFiles/CMakeTmp

Run Build Command(s):/usr/bin/gmake -f Makefile cmTC_46a09/fast && /usr/bin/gmake  -f CMakeFiles/cmTC_46a09.dir/build.make CMakeFiles/cmTC_46a09.dir/build
gmake[1]: Entering directory '/mnt/hdd/autonomy/ws/Carla-autoware_interface/deps_ws/build/autoware_utils_pcl/CMakeFiles/CMakeTmp'
Building C object CMakeFiles/cmTC_46a09.dir/test_mpi.c.o
/usr/lib/ccache/gcc  -isystem /usr/lib/x86_64-linux-gnu/openmpi/include/openmpi  -o CMakeFiles/cmTC_46a09.dir/test_mpi.c.o -c /usr/share/cmake-3.22/Modules/FindMPI/test_mpi.c
/usr/share/cmake-3.22/Modules/FindMPI/test_mpi.c:1:10: fatal error: mpi.h: No such file or directory
    1 | #include <mpi.h>
      |          ^~~~~~~
compilation terminated.
gmake[1]: *** [CMakeFiles/cmTC_46a09.dir/build.make:78: CMakeFiles/cmTC_46a09.dir/test_mpi.c.o] Error 1
gmake[1]: Leaving directory '/mnt/hdd/autonomy/ws/Carla-autoware_interface/deps_ws/build/autoware_utils_pcl/CMakeFiles/CMakeTmp'
gmake: *** [Makefile:127: cmTC_46a09/fast] Error 2



The MPI test test_mpi for C in mode normal failed to compile with the following output:
Change Dir: /mnt/hdd/autonomy/ws/Carla-autoware_interface/deps_ws/build/autoware_utils_pcl/CMakeFiles/CMakeTmp

Run Build Command(s):/usr/bin/gmake -f Makefile cmTC_5c9a2/fast && /usr/bin/gmake  -f CMakeFiles/cmTC_5c9a2.dir/build.make CMakeFiles/cmTC_5c9a2.dir/build
gmake[1]: Entering directory '/mnt/hdd/autonomy/ws/Carla-autoware_interface/deps_ws/build/autoware_utils_pcl/CMakeFiles/CMakeTmp'
Building C object CMakeFiles/cmTC_5c9a2.dir/test_mpi.c.o
/usr/lib/ccache/gcc  -isystem /usr/lib/x86_64-linux-gnu/openmpi/include/openmpi  -o CMakeFiles/cmTC_5c9a2.dir/test_mpi.c.o -c /usr/share/cmake-3.22/Modules/FindMPI/test_mpi.c
/usr/share/cmake-3.22/Modules/FindMPI/test_mpi.c:1:10: fatal error: mpi.h: No such file or directory
    1 | #include <mpi.h>
      |          ^~~~~~~
compilation terminated.
gmake[1]: *** [CMakeFiles/cmTC_5c9a2.dir/build.make:78: CMakeFiles/cmTC_5c9a2.dir/test_mpi.c.o] Error 1
gmake[1]: Leaving directory '/mnt/hdd/autonomy/ws/Carla-autoware_interface/deps_ws/build/autoware_utils_pcl/CMakeFiles/CMakeTmp'
gmake: *** [Makefile:127: cmTC_5c9a2/fast] Error 2



The MPI test test_mpi for C in mode normal failed to compile with the following output:
Change Dir: /mnt/hdd/autonomy/ws/Carla-autoware_interface/deps_ws/build/autoware_utils_pcl/CMakeFiles/CMakeTmp

Run Build Command(s):/usr/bin/gmake -f Makefile cmTC_dee1f/fast && /usr/bin/gmake  -f CMakeFiles/cmTC_dee1f.dir/build.make CMakeFiles/cmTC_dee1f.dir/build
gmake[1]: Entering directory '/mnt/hdd/autonomy/ws/Carla-autoware_interface/deps_ws/build/autoware_utils_pcl/CMakeFiles/CMakeTmp'
Building C object CMakeFiles/cmTC_dee1f.dir/test_mpi.c.o
/usr/lib/ccache/gcc  -isystem /usr/lib/x86_64-linux-gnu/openmpi/include/openmpi  -o CMakeFiles/cmTC_dee1f.dir/test_mpi.c.o -c /usr/share/cmake-3.22/Modules/FindMPI/test_mpi.c
/usr/share/cmake-3.22/Modules/FindMPI/test_mpi.c:1:10: fatal error: mpi.h: No such file or directory
    1 | #include <mpi.h>
      |          ^~~~~~~
compilation terminated.
gmake[1]: *** [CMakeFiles/cmTC_dee1f.dir/build.make:78: CMakeFiles/cmTC_dee1f.dir/test_mpi.c.o] Error 1
gmake[1]: Leaving directory '/mnt/hdd/autonomy/ws/Carla-autoware_interface/deps_ws/build/autoware_utils_pcl/CMakeFiles/CMakeTmp'
gmake: *** [Makefile:127: cmTC_dee1f/fast] Error 2



The MPI test test_mpi for C in mode normal failed to compile with the following output:
Change Dir: /mnt/hdd/autonomy/ws/Carla-autoware_interface/deps_ws/build/autoware_utils_pcl/CMakeFiles/CMakeTmp

Run Build Command(s):/usr/bin/gmake -f Makefile cmTC_583f0/fast && /usr/bin/gmake  -f CMakeFiles/cmTC_583f0.dir/build.make CMakeFiles/cmTC_583f0.dir/build
gmake[1]: Entering directory '/mnt/hdd/autonomy/ws/Carla-autoware_interface/deps_ws/build/autoware_utils_pcl/CMakeFiles/CMakeTmp'
Building C object CMakeFiles/cmTC_583f0.dir/test_mpi.c.o
/usr/lib/ccache/gcc  -isystem /usr/lib/x86_64-linux-gnu/openmpi/include/openmpi  -o CMakeFiles/cmTC_583f0.dir/test_mpi.c.o -c /usr/share/cmake-3.22/Modules/FindMPI/test_mpi.c
/usr/share/cmake-3.22/Modules/FindMPI/test_mpi.c:1:10: fatal error: mpi.h: No such file or directory
    1 | #include <mpi.h>
      |          ^~~~~~~
compilation terminated.
gmake[1]: *** [CMakeFiles/cmTC_583f0.dir/build.make:78: CMakeFiles/cmTC_583f0.dir/test_mpi.c.o] Error 1
gmake[1]: Leaving directory '/mnt/hdd/autonomy/ws/Carla-autoware_interface/deps_ws/build/autoware_utils_pcl/CMakeFiles/CMakeTmp'
gmake: *** [Makefile:127: cmTC_583f0/fast] Error 2



