[0.131s] Invoking command in '/mnt/hdd/autonomy/ws/Carla-autoware_interface/deps_ws/build/autoware_utils_uuid': AMENT_PREFIX_PATH=/mnt/hdd/autonomy/ws/Carla-autoware_interface/deps_ws/install/autoware_cmake:/mnt/hdd/autonomy/ws/Carla-autoware_interface/deps_ws/install/autoware_lint_common:${AMENT_PREFIX_PATH} CMAKE_PREFIX_PATH=/mnt/hdd/autonomy/ws/Carla-autoware_interface/deps_ws/install/autoware_cmake:/mnt/hdd/autonomy/ws/Carla-autoware_interface/deps_ws/install/autoware_lint_common:/mnt/hdd/autonomy/ws/Carla-autoware_interface/msg_ws/install/autoware_auto_msgs:/mnt/hdd/autonomy/ws/Carla-autoware_interface/msg_ws/install/autoware_auto_vehicle_msgs:/mnt/hdd/autonomy/ws/Carla-autoware_interface/msg_ws/install/autoware_auto_system_msgs:/mnt/hdd/autonomy/ws/Carla-autoware_interface/msg_ws/install/autoware_auto_planning_msgs:/mnt/hdd/autonomy/ws/Carla-autoware_interface/msg_ws/install/autoware_auto_perception_msgs:/mnt/hdd/autonomy/ws/Carla-autoware_interface/msg_ws/install/autoware_auto_mapping_msgs:/mnt/hdd/autonomy/ws/Carla-autoware_interface/msg_ws/install/autoware_auto_geometry_msgs:/mnt/hdd/autonomy/ws/Carla-autoware_interface/msg_ws/install/autoware_auto_control_msgs:/opt/ros/humble /usr/bin/cmake /mnt/hdd/autonomy/ws/Carla-autoware_interface/deps_ws/src/autoware_utils/autoware_utils_uuid -DAMENT_CMAKE_SYMLINK_INSTALL=1 -DCMAKE_INSTALL_PREFIX=/mnt/hdd/autonomy/ws/Carla-autoware_interface/deps_ws/install/autoware_utils_uuid
[0.473s] -- The C compiler identification is GNU 11.4.0
[0.808s] -- The CXX compiler identification is GNU 11.4.0
[0.862s] -- Detecting C compiler ABI info
[1.500s] -- Detecting C compiler ABI info - done
[1.521s] -- Check for working C compiler: /usr/lib/ccache/gcc - skipped
[1.523s] -- Detecting C compile features
[1.523s] -- Detecting C compile features - done
[1.536s] -- Detecting CXX compiler ABI info
[2.238s] -- Detecting CXX compiler ABI info - done
[2.264s] -- Check for working CXX compiler: /usr/lib/ccache/g++ - skipped
[2.264s] -- Detecting CXX compile features
[2.264s] -- Detecting CXX compile features - done
[2.266s] -- Found autoware_cmake: 1.1.0 (/mnt/hdd/autonomy/ws/Carla-autoware_interface/deps_ws/install/autoware_cmake/share/autoware_cmake/cmake)
[2.969s] -- Found Python3: /usr/bin/python3 (found version "3.10.12") found components: Interpreter 
[3.224s] -- Override CMake install command with custom implementation using symlinks instead of copying resources
[3.420s] -- Found TinyXML2: /usr/lib/x86_64-linux-gnu/libtinyxml2.so  
[3.692s] -- Found rosidl_generator_c: 3.1.8 (/opt/ros/humble/share/rosidl_generator_c/cmake)
[3.719s] -- Found rosidl_adapter: 3.1.8 (/opt/ros/humble/share/rosidl_adapter/cmake)
[3.762s] -- Found rosidl_generator_cpp: 3.1.8 (/opt/ros/humble/share/rosidl_generator_cpp/cmake)
[3.802s] -- Using all available rosidl_typesupport_c: rosidl_typesupport_fastrtps_c;rosidl_typesupport_introspection_c
[3.848s] -- Using all available rosidl_typesupport_cpp: rosidl_typesupport_fastrtps_cpp;rosidl_typesupport_introspection_cpp
[3.880s] -- Found ament_lint_auto: 0.12.14 (/opt/ros/humble/share/ament_lint_auto/cmake)
[3.923s] -- Found gtest sources under '/opt/ros/humble/src/gtest_vendor': C++ tests using 'Google Test' will be built
[3.936s] -- Looking for pthread.h
[4.530s] -- Looking for pthread.h - found
[4.530s] -- Performing Test CMAKE_HAVE_LIBC_PTHREAD
[5.200s] -- Performing Test CMAKE_HAVE_LIBC_PTHREAD - Success
[5.200s] -- Found Threads: TRUE  
[5.212s] In this package, headers install destination is set to `include` by ament_auto_package. It is recommended to install `include/autoware_utils_uuid` instead and will be the default behavior of ament_auto_package from ROS 2 Kilted Kaiju. On distributions before Kilted, ament_auto_package behaves the same way when you use USE_SCOPED_HEADER_INSTALL_DIR option.
[5.219s] -- Added test 'copyright' to check source files copyright and LICENSE
[5.227s] -- Added test 'cppcheck' to perform static code analysis on C / C++ code
[5.227s] -- Configured cppcheck include dirs: /mnt/hdd/autonomy/ws/Carla-autoware_interface/deps_ws/src/autoware_utils/autoware_utils_uuid/include
[5.227s] -- Configured cppcheck exclude dirs and/or files: 
[5.227s] -- Added test 'lint_cmake' to check CMake code style
[5.232s] -- Added test 'xmllint' to check XML markup files
[5.242s] -- Configuring done
[5.263s] -- Generating done
[5.271s] -- Build files have been written to: /mnt/hdd/autonomy/ws/Carla-autoware_interface/deps_ws/build/autoware_utils_uuid
[5.284s] Invoked command in '/mnt/hdd/autonomy/ws/Carla-autoware_interface/deps_ws/build/autoware_utils_uuid' returned '0': AMENT_PREFIX_PATH=/mnt/hdd/autonomy/ws/Carla-autoware_interface/deps_ws/install/autoware_cmake:/mnt/hdd/autonomy/ws/Carla-autoware_interface/deps_ws/install/autoware_lint_common:${AMENT_PREFIX_PATH} CMAKE_PREFIX_PATH=/mnt/hdd/autonomy/ws/Carla-autoware_interface/deps_ws/install/autoware_cmake:/mnt/hdd/autonomy/ws/Carla-autoware_interface/deps_ws/install/autoware_lint_common:/mnt/hdd/autonomy/ws/Carla-autoware_interface/msg_ws/install/autoware_auto_msgs:/mnt/hdd/autonomy/ws/Carla-autoware_interface/msg_ws/install/autoware_auto_vehicle_msgs:/mnt/hdd/autonomy/ws/Carla-autoware_interface/msg_ws/install/autoware_auto_system_msgs:/mnt/hdd/autonomy/ws/Carla-autoware_interface/msg_ws/install/autoware_auto_planning_msgs:/mnt/hdd/autonomy/ws/Carla-autoware_interface/msg_ws/install/autoware_auto_perception_msgs:/mnt/hdd/autonomy/ws/Carla-autoware_interface/msg_ws/install/autoware_auto_mapping_msgs:/mnt/hdd/autonomy/ws/Carla-autoware_interface/msg_ws/install/autoware_auto_geometry_msgs:/mnt/hdd/autonomy/ws/Carla-autoware_interface/msg_ws/install/autoware_auto_control_msgs:/opt/ros/humble /usr/bin/cmake /mnt/hdd/autonomy/ws/Carla-autoware_interface/deps_ws/src/autoware_utils/autoware_utils_uuid -DAMENT_CMAKE_SYMLINK_INSTALL=1 -DCMAKE_INSTALL_PREFIX=/mnt/hdd/autonomy/ws/Carla-autoware_interface/deps_ws/install/autoware_utils_uuid
[5.289s] Invoking command in '/mnt/hdd/autonomy/ws/Carla-autoware_interface/deps_ws/build/autoware_utils_uuid': AMENT_PREFIX_PATH=/mnt/hdd/autonomy/ws/Carla-autoware_interface/deps_ws/install/autoware_cmake:/mnt/hdd/autonomy/ws/Carla-autoware_interface/deps_ws/install/autoware_lint_common:${AMENT_PREFIX_PATH} CMAKE_PREFIX_PATH=/mnt/hdd/autonomy/ws/Carla-autoware_interface/deps_ws/install/autoware_cmake:/mnt/hdd/autonomy/ws/Carla-autoware_interface/deps_ws/install/autoware_lint_common:/mnt/hdd/autonomy/ws/Carla-autoware_interface/msg_ws/install/autoware_auto_msgs:/mnt/hdd/autonomy/ws/Carla-autoware_interface/msg_ws/install/autoware_auto_vehicle_msgs:/mnt/hdd/autonomy/ws/Carla-autoware_interface/msg_ws/install/autoware_auto_system_msgs:/mnt/hdd/autonomy/ws/Carla-autoware_interface/msg_ws/install/autoware_auto_planning_msgs:/mnt/hdd/autonomy/ws/Carla-autoware_interface/msg_ws/install/autoware_auto_perception_msgs:/mnt/hdd/autonomy/ws/Carla-autoware_interface/msg_ws/install/autoware_auto_mapping_msgs:/mnt/hdd/autonomy/ws/Carla-autoware_interface/msg_ws/install/autoware_auto_geometry_msgs:/mnt/hdd/autonomy/ws/Carla-autoware_interface/msg_ws/install/autoware_auto_control_msgs:/opt/ros/humble /usr/bin/cmake --build /mnt/hdd/autonomy/ws/Carla-autoware_interface/deps_ws/build/autoware_utils_uuid -- -j16 -l16
[5.937s] [ 14%] Building CXX object gtest/CMakeFiles/gtest_main.dir/src/gtest_main.cc.o
[8.515s] [ 28%] Linking CXX static library libgtest_main.a
[8.971s] [ 28%] Built target gtest_main
[9.233s] [ 42%] Building CXX object gtest/CMakeFiles/gtest.dir/src/gtest-all.cc.o
[16.260s] [ 57%] Linking CXX static library libgtest.a
[16.803s] [ 57%] Built target gtest
[17.051s] [ 71%] Building CXX object CMakeFiles/test_autoware_utils_uuid.dir/test/cases/uuid_helper.cpp.o
[21.082s] [ 85%] Building CXX object CMakeFiles/test_autoware_utils_uuid.dir/test/main.cpp.o
[23.326s] [100%] Linking CXX executable test_autoware_utils_uuid
[23.981s] [100%] Built target test_autoware_utils_uuid
[24.168s] Invoked command in '/mnt/hdd/autonomy/ws/Carla-autoware_interface/deps_ws/build/autoware_utils_uuid' returned '0': AMENT_PREFIX_PATH=/mnt/hdd/autonomy/ws/Carla-autoware_interface/deps_ws/install/autoware_cmake:/mnt/hdd/autonomy/ws/Carla-autoware_interface/deps_ws/install/autoware_lint_common:${AMENT_PREFIX_PATH} CMAKE_PREFIX_PATH=/mnt/hdd/autonomy/ws/Carla-autoware_interface/deps_ws/install/autoware_cmake:/mnt/hdd/autonomy/ws/Carla-autoware_interface/deps_ws/install/autoware_lint_common:/mnt/hdd/autonomy/ws/Carla-autoware_interface/msg_ws/install/autoware_auto_msgs:/mnt/hdd/autonomy/ws/Carla-autoware_interface/msg_ws/install/autoware_auto_vehicle_msgs:/mnt/hdd/autonomy/ws/Carla-autoware_interface/msg_ws/install/autoware_auto_system_msgs:/mnt/hdd/autonomy/ws/Carla-autoware_interface/msg_ws/install/autoware_auto_planning_msgs:/mnt/hdd/autonomy/ws/Carla-autoware_interface/msg_ws/install/autoware_auto_perception_msgs:/mnt/hdd/autonomy/ws/Carla-autoware_interface/msg_ws/install/autoware_auto_mapping_msgs:/mnt/hdd/autonomy/ws/Carla-autoware_interface/msg_ws/install/autoware_auto_geometry_msgs:/mnt/hdd/autonomy/ws/Carla-autoware_interface/msg_ws/install/autoware_auto_control_msgs:/opt/ros/humble /usr/bin/cmake --build /mnt/hdd/autonomy/ws/Carla-autoware_interface/deps_ws/build/autoware_utils_uuid -- -j16 -l16
[24.168s] Invoking command in '/mnt/hdd/autonomy/ws/Carla-autoware_interface/deps_ws/build/autoware_utils_uuid': AMENT_PREFIX_PATH=/mnt/hdd/autonomy/ws/Carla-autoware_interface/deps_ws/install/autoware_cmake:/mnt/hdd/autonomy/ws/Carla-autoware_interface/deps_ws/install/autoware_lint_common:${AMENT_PREFIX_PATH} CMAKE_PREFIX_PATH=/mnt/hdd/autonomy/ws/Carla-autoware_interface/deps_ws/install/autoware_cmake:/mnt/hdd/autonomy/ws/Carla-autoware_interface/deps_ws/install/autoware_lint_common:/mnt/hdd/autonomy/ws/Carla-autoware_interface/msg_ws/install/autoware_auto_msgs:/mnt/hdd/autonomy/ws/Carla-autoware_interface/msg_ws/install/autoware_auto_vehicle_msgs:/mnt/hdd/autonomy/ws/Carla-autoware_interface/msg_ws/install/autoware_auto_system_msgs:/mnt/hdd/autonomy/ws/Carla-autoware_interface/msg_ws/install/autoware_auto_planning_msgs:/mnt/hdd/autonomy/ws/Carla-autoware_interface/msg_ws/install/autoware_auto_perception_msgs:/mnt/hdd/autonomy/ws/Carla-autoware_interface/msg_ws/install/autoware_auto_mapping_msgs:/mnt/hdd/autonomy/ws/Carla-autoware_interface/msg_ws/install/autoware_auto_geometry_msgs:/mnt/hdd/autonomy/ws/Carla-autoware_interface/msg_ws/install/autoware_auto_control_msgs:/opt/ros/humble /usr/bin/cmake --install /mnt/hdd/autonomy/ws/Carla-autoware_interface/deps_ws/build/autoware_utils_uuid
[24.269s] -- Install configuration: ""
[24.270s] -- Execute custom install script
[24.273s] -- Symlinking: /mnt/hdd/autonomy/ws/Carla-autoware_interface/deps_ws/install/autoware_utils_uuid/include/autoware_utils_uuid/uuid_helper.hpp
[24.343s] -- Symlinking: /mnt/hdd/autonomy/ws/Carla-autoware_interface/deps_ws/install/autoware_utils_uuid/share/ament_index/resource_index/package_run_dependencies/autoware_utils_uuid
[24.452s] -- Symlinking: /mnt/hdd/autonomy/ws/Carla-autoware_interface/deps_ws/install/autoware_utils_uuid/share/ament_index/resource_index/parent_prefix_path/autoware_utils_uuid
[24.527s] -- Symlinking: /mnt/hdd/autonomy/ws/Carla-autoware_interface/deps_ws/install/autoware_utils_uuid/share/autoware_utils_uuid/environment/ament_prefix_path.sh
[24.578s] -- Symlinking: /mnt/hdd/autonomy/ws/Carla-autoware_interface/deps_ws/install/autoware_utils_uuid/share/autoware_utils_uuid/environment/ament_prefix_path.dsv
[24.662s] -- Symlinking: /mnt/hdd/autonomy/ws/Carla-autoware_interface/deps_ws/install/autoware_utils_uuid/share/autoware_utils_uuid/environment/path.sh
[24.810s] -- Symlinking: /mnt/hdd/autonomy/ws/Carla-autoware_interface/deps_ws/install/autoware_utils_uuid/share/autoware_utils_uuid/environment/path.dsv
[24.953s] -- Symlinking: /mnt/hdd/autonomy/ws/Carla-autoware_interface/deps_ws/install/autoware_utils_uuid/share/autoware_utils_uuid/local_setup.bash
[25.085s] -- Symlinking: /mnt/hdd/autonomy/ws/Carla-autoware_interface/deps_ws/install/autoware_utils_uuid/share/autoware_utils_uuid/local_setup.sh
[25.229s] -- Symlinking: /mnt/hdd/autonomy/ws/Carla-autoware_interface/deps_ws/install/autoware_utils_uuid/share/autoware_utils_uuid/local_setup.zsh
[25.343s] -- Symlinking: /mnt/hdd/autonomy/ws/Carla-autoware_interface/deps_ws/install/autoware_utils_uuid/share/autoware_utils_uuid/local_setup.dsv
[25.415s] -- Symlinking: /mnt/hdd/autonomy/ws/Carla-autoware_interface/deps_ws/install/autoware_utils_uuid/share/autoware_utils_uuid/package.dsv
[25.564s] -- Symlinking: /mnt/hdd/autonomy/ws/Carla-autoware_interface/deps_ws/install/autoware_utils_uuid/share/ament_index/resource_index/packages/autoware_utils_uuid
[25.700s] -- Symlinking: /mnt/hdd/autonomy/ws/Carla-autoware_interface/deps_ws/install/autoware_utils_uuid/share/autoware_utils_uuid/cmake/ament_cmake_export_dependencies-extras.cmake
[25.751s] -- Symlinking: /mnt/hdd/autonomy/ws/Carla-autoware_interface/deps_ws/install/autoware_utils_uuid/share/autoware_utils_uuid/cmake/ament_cmake_export_include_directories-extras.cmake
[25.828s] -- Symlinking: /mnt/hdd/autonomy/ws/Carla-autoware_interface/deps_ws/install/autoware_utils_uuid/share/autoware_utils_uuid/cmake/autoware_utils_uuidConfig.cmake
[25.900s] -- Symlinking: /mnt/hdd/autonomy/ws/Carla-autoware_interface/deps_ws/install/autoware_utils_uuid/share/autoware_utils_uuid/cmake/autoware_utils_uuidConfig-version.cmake
[25.991s] -- Symlinking: /mnt/hdd/autonomy/ws/Carla-autoware_interface/deps_ws/install/autoware_utils_uuid/share/autoware_utils_uuid/package.xml
[26.198s] Invoked command in '/mnt/hdd/autonomy/ws/Carla-autoware_interface/deps_ws/build/autoware_utils_uuid' returned '0': AMENT_PREFIX_PATH=/mnt/hdd/autonomy/ws/Carla-autoware_interface/deps_ws/install/autoware_cmake:/mnt/hdd/autonomy/ws/Carla-autoware_interface/deps_ws/install/autoware_lint_common:${AMENT_PREFIX_PATH} CMAKE_PREFIX_PATH=/mnt/hdd/autonomy/ws/Carla-autoware_interface/deps_ws/install/autoware_cmake:/mnt/hdd/autonomy/ws/Carla-autoware_interface/deps_ws/install/autoware_lint_common:/mnt/hdd/autonomy/ws/Carla-autoware_interface/msg_ws/install/autoware_auto_msgs:/mnt/hdd/autonomy/ws/Carla-autoware_interface/msg_ws/install/autoware_auto_vehicle_msgs:/mnt/hdd/autonomy/ws/Carla-autoware_interface/msg_ws/install/autoware_auto_system_msgs:/mnt/hdd/autonomy/ws/Carla-autoware_interface/msg_ws/install/autoware_auto_planning_msgs:/mnt/hdd/autonomy/ws/Carla-autoware_interface/msg_ws/install/autoware_auto_perception_msgs:/mnt/hdd/autonomy/ws/Carla-autoware_interface/msg_ws/install/autoware_auto_mapping_msgs:/mnt/hdd/autonomy/ws/Carla-autoware_interface/msg_ws/install/autoware_auto_geometry_msgs:/mnt/hdd/autonomy/ws/Carla-autoware_interface/msg_ws/install/autoware_auto_control_msgs:/opt/ros/humble /usr/bin/cmake --install /mnt/hdd/autonomy/ws/Carla-autoware_interface/deps_ws/build/autoware_utils_uuid
