running develop
running egg_info
creating src/autoware_carla_interface.egg-info
writing src/autoware_carla_interface.egg-info/PKG-INFO
writing dependency_links to src/autoware_carla_interface.egg-info/dependency_links.txt
writing entry points to src/autoware_carla_interface.egg-info/entry_points.txt
writing requirements to src/autoware_carla_interface.egg-info/requires.txt
writing top-level names to src/autoware_carla_interface.egg-info/top_level.txt
writing manifest file 'src/autoware_carla_interface.egg-info/SOURCES.txt'
reading manifest file 'src/autoware_carla_interface.egg-info/SOURCES.txt'
writing manifest file 'src/autoware_carla_interface.egg-info/SOURCES.txt'
running build_ext
Creating /mnt/hdd/autonomy/ws/Carla-autoware_interface/autoware_carla_interface/install/autoware_carla_interface/lib/python3.10/site-packages/autoware-carla-interface.egg-link (link to src)
Installing autoware_carla_interface script to /mnt/hdd/autonomy/ws/Carla-autoware_interface/autoware_carla_interface/install/autoware_carla_interface/lib/autoware_carla_interface
Installing multi_camera_combiner script to /mnt/hdd/autonomy/ws/Carla-autoware_interface/autoware_carla_interface/install/autoware_carla_interface/lib/autoware_carla_interface

Installed /mnt/hdd/autonomy/ws/Carla-autoware_interface/autoware_carla_interface/build/autoware_carla_interface/src
running symlink_data
creating /mnt/hdd/autonomy/ws/Carla-autoware_interface/autoware_carla_interface/install/autoware_carla_interface/share/ament_index
creating /mnt/hdd/autonomy/ws/Carla-autoware_interface/autoware_carla_interface/install/autoware_carla_interface/share/ament_index/resource_index
creating /mnt/hdd/autonomy/ws/Carla-autoware_interface/autoware_carla_interface/install/autoware_carla_interface/share/ament_index/resource_index/packages
symbolically linking /mnt/hdd/autonomy/ws/Carla-autoware_interface/autoware_carla_interface/build/autoware_carla_interface/resource/autoware_carla_interface -> /mnt/hdd/autonomy/ws/Carla-autoware_interface/autoware_carla_interface/install/autoware_carla_interface/share/ament_index/resource_index/packages
symbolically linking /mnt/hdd/autonomy/ws/Carla-autoware_interface/autoware_carla_interface/build/autoware_carla_interface/package.xml -> /mnt/hdd/autonomy/ws/Carla-autoware_interface/autoware_carla_interface/install/autoware_carla_interface/share/autoware_carla_interface
symbolically linking /mnt/hdd/autonomy/ws/Carla-autoware_interface/autoware_carla_interface/build/autoware_carla_interface/config/raw_vehicle_cmd_converter.param.yaml -> /mnt/hdd/autonomy/ws/Carla-autoware_interface/autoware_carla_interface/install/autoware_carla_interface/share/autoware_carla_interface
creating /mnt/hdd/autonomy/ws/Carla-autoware_interface/autoware_carla_interface/install/autoware_carla_interface/share/autoware_carla_interface/config
symbolically linking /mnt/hdd/autonomy/ws/Carla-autoware_interface/autoware_carla_interface/build/autoware_carla_interface/config/sensor_mapping.yaml -> /mnt/hdd/autonomy/ws/Carla-autoware_interface/autoware_carla_interface/install/autoware_carla_interface/share/autoware_carla_interface/config
creating /mnt/hdd/autonomy/ws/Carla-autoware_interface/autoware_carla_interface/install/autoware_carla_interface/share/autoware_carla_interface/config/sensor_kits
creating /mnt/hdd/autonomy/ws/Carla-autoware_interface/autoware_carla_interface/install/autoware_carla_interface/share/autoware_carla_interface/config/sensor_kits/carla_sensor_kit_description
symbolically linking /mnt/hdd/autonomy/ws/Carla-autoware_interface/autoware_carla_interface/build/autoware_carla_interface/config/sensor_kits/carla_sensor_kit_description/sensor_kit_calibration.yaml -> /mnt/hdd/autonomy/ws/Carla-autoware_interface/autoware_carla_interface/install/autoware_carla_interface/share/autoware_carla_interface/config/sensor_kits/carla_sensor_kit_description
creating /mnt/hdd/autonomy/ws/Carla-autoware_interface/autoware_carla_interface/install/autoware_carla_interface/share/autoware_carla_interface/config/vehicle
symbolically linking /mnt/hdd/autonomy/ws/Carla-autoware_interface/autoware_carla_interface/build/autoware_carla_interface/config/vehicle/vehicle_info.param.yaml -> /mnt/hdd/autonomy/ws/Carla-autoware_interface/autoware_carla_interface/install/autoware_carla_interface/share/autoware_carla_interface/config/vehicle
symbolically linking /mnt/hdd/autonomy/ws/Carla-autoware_interface/autoware_carla_interface/build/autoware_carla_interface/config/vehicle/mirror.param.yaml -> /mnt/hdd/autonomy/ws/Carla-autoware_interface/autoware_carla_interface/install/autoware_carla_interface/share/autoware_carla_interface/config/vehicle
symbolically linking /mnt/hdd/autonomy/ws/Carla-autoware_interface/autoware_carla_interface/build/autoware_carla_interface/calibration_maps/accel_map.csv -> /mnt/hdd/autonomy/ws/Carla-autoware_interface/autoware_carla_interface/install/autoware_carla_interface/share/autoware_carla_interface
symbolically linking /mnt/hdd/autonomy/ws/Carla-autoware_interface/autoware_carla_interface/build/autoware_carla_interface/calibration_maps/steer_map.csv -> /mnt/hdd/autonomy/ws/Carla-autoware_interface/autoware_carla_interface/install/autoware_carla_interface/share/autoware_carla_interface
symbolically linking /mnt/hdd/autonomy/ws/Carla-autoware_interface/autoware_carla_interface/build/autoware_carla_interface/calibration_maps/brake_map.csv -> /mnt/hdd/autonomy/ws/Carla-autoware_interface/autoware_carla_interface/install/autoware_carla_interface/share/autoware_carla_interface
symbolically linking /mnt/hdd/autonomy/ws/Carla-autoware_interface/autoware_carla_interface/build/autoware_carla_interface/launch/autoware_carla_interface.launch.xml -> /mnt/hdd/autonomy/ws/Carla-autoware_interface/autoware_carla_interface/install/autoware_carla_interface/share/autoware_carla_interface
