[1.530s] Invoking command in '/mnt/hdd/autonomy/ws/Carla-autoware_interface/autoware_carla_interface/build/autoware_carla_interface': PYTHONPATH=/mnt/hdd/autonomy/ws/Carla-autoware_interface/autoware_carla_interface/build/autoware_carla_interface/prefix_override:/usr/lib/python3/dist-packages/colcon_core/task/python/colcon_distutils_commands:/mnt/hdd/autonomy/ws/Carla-autoware_interface/autoware_carla_interface/install/autoware_carla_interface/lib/python3.10/site-packages:${PYTHONPATH} /usr/bin/python3 -W ignore:setup.py install is deprecated -W ignore:easy_install command is deprecated setup.py develop --editable --build-directory /mnt/hdd/autonomy/ws/Carla-autoware_interface/autoware_carla_interface/build/autoware_carla_interface/build --no-deps symlink_data
[1.978s] running develop
[2.286s] running egg_info
[2.286s] creating src/autoware_carla_interface.egg-info
[2.287s] writing src/autoware_carla_interface.egg-info/PKG-INFO
[2.287s] writing dependency_links to src/autoware_carla_interface.egg-info/dependency_links.txt
[2.287s] writing entry points to src/autoware_carla_interface.egg-info/entry_points.txt
[2.287s] writing requirements to src/autoware_carla_interface.egg-info/requires.txt
[2.287s] writing top-level names to src/autoware_carla_interface.egg-info/top_level.txt
[2.288s] writing manifest file 'src/autoware_carla_interface.egg-info/SOURCES.txt'
[2.293s] reading manifest file 'src/autoware_carla_interface.egg-info/SOURCES.txt'
[2.294s] writing manifest file 'src/autoware_carla_interface.egg-info/SOURCES.txt'
[2.366s] running build_ext
[2.366s] Creating /mnt/hdd/autonomy/ws/Carla-autoware_interface/autoware_carla_interface/install/autoware_carla_interface/lib/python3.10/site-packages/autoware-carla-interface.egg-link (link to src)
[2.367s] Installing autoware_carla_interface script to /mnt/hdd/autonomy/ws/Carla-autoware_interface/autoware_carla_interface/install/autoware_carla_interface/lib/autoware_carla_interface
[2.367s] Installing multi_camera_combiner script to /mnt/hdd/autonomy/ws/Carla-autoware_interface/autoware_carla_interface/install/autoware_carla_interface/lib/autoware_carla_interface
[2.367s] 
[2.367s] Installed /mnt/hdd/autonomy/ws/Carla-autoware_interface/autoware_carla_interface/build/autoware_carla_interface/src
[2.367s] running symlink_data
[2.367s] creating /mnt/hdd/autonomy/ws/Carla-autoware_interface/autoware_carla_interface/install/autoware_carla_interface/share/ament_index
[2.367s] creating /mnt/hdd/autonomy/ws/Carla-autoware_interface/autoware_carla_interface/install/autoware_carla_interface/share/ament_index/resource_index
[2.367s] creating /mnt/hdd/autonomy/ws/Carla-autoware_interface/autoware_carla_interface/install/autoware_carla_interface/share/ament_index/resource_index/packages
[2.368s] symbolically linking /mnt/hdd/autonomy/ws/Carla-autoware_interface/autoware_carla_interface/build/autoware_carla_interface/resource/autoware_carla_interface -> /mnt/hdd/autonomy/ws/Carla-autoware_interface/autoware_carla_interface/install/autoware_carla_interface/share/ament_index/resource_index/packages
[2.368s] symbolically linking /mnt/hdd/autonomy/ws/Carla-autoware_interface/autoware_carla_interface/build/autoware_carla_interface/package.xml -> /mnt/hdd/autonomy/ws/Carla-autoware_interface/autoware_carla_interface/install/autoware_carla_interface/share/autoware_carla_interface
[2.368s] symbolically linking /mnt/hdd/autonomy/ws/Carla-autoware_interface/autoware_carla_interface/build/autoware_carla_interface/config/raw_vehicle_cmd_converter.param.yaml -> /mnt/hdd/autonomy/ws/Carla-autoware_interface/autoware_carla_interface/install/autoware_carla_interface/share/autoware_carla_interface
[2.368s] creating /mnt/hdd/autonomy/ws/Carla-autoware_interface/autoware_carla_interface/install/autoware_carla_interface/share/autoware_carla_interface/config
[2.368s] symbolically linking /mnt/hdd/autonomy/ws/Carla-autoware_interface/autoware_carla_interface/build/autoware_carla_interface/config/sensor_mapping.yaml -> /mnt/hdd/autonomy/ws/Carla-autoware_interface/autoware_carla_interface/install/autoware_carla_interface/share/autoware_carla_interface/config
[2.368s] creating /mnt/hdd/autonomy/ws/Carla-autoware_interface/autoware_carla_interface/install/autoware_carla_interface/share/autoware_carla_interface/config/sensor_kits
[2.368s] creating /mnt/hdd/autonomy/ws/Carla-autoware_interface/autoware_carla_interface/install/autoware_carla_interface/share/autoware_carla_interface/config/sensor_kits/carla_sensor_kit_description
[2.368s] symbolically linking /mnt/hdd/autonomy/ws/Carla-autoware_interface/autoware_carla_interface/build/autoware_carla_interface/config/sensor_kits/carla_sensor_kit_description/sensor_kit_calibration.yaml -> /mnt/hdd/autonomy/ws/Carla-autoware_interface/autoware_carla_interface/install/autoware_carla_interface/share/autoware_carla_interface/config/sensor_kits/carla_sensor_kit_description
[2.368s] creating /mnt/hdd/autonomy/ws/Carla-autoware_interface/autoware_carla_interface/install/autoware_carla_interface/share/autoware_carla_interface/config/vehicle
[2.368s] symbolically linking /mnt/hdd/autonomy/ws/Carla-autoware_interface/autoware_carla_interface/build/autoware_carla_interface/config/vehicle/vehicle_info.param.yaml -> /mnt/hdd/autonomy/ws/Carla-autoware_interface/autoware_carla_interface/install/autoware_carla_interface/share/autoware_carla_interface/config/vehicle
[2.368s] symbolically linking /mnt/hdd/autonomy/ws/Carla-autoware_interface/autoware_carla_interface/build/autoware_carla_interface/config/vehicle/mirror.param.yaml -> /mnt/hdd/autonomy/ws/Carla-autoware_interface/autoware_carla_interface/install/autoware_carla_interface/share/autoware_carla_interface/config/vehicle
[2.368s] symbolically linking /mnt/hdd/autonomy/ws/Carla-autoware_interface/autoware_carla_interface/build/autoware_carla_interface/calibration_maps/accel_map.csv -> /mnt/hdd/autonomy/ws/Carla-autoware_interface/autoware_carla_interface/install/autoware_carla_interface/share/autoware_carla_interface
[2.368s] symbolically linking /mnt/hdd/autonomy/ws/Carla-autoware_interface/autoware_carla_interface/build/autoware_carla_interface/calibration_maps/steer_map.csv -> /mnt/hdd/autonomy/ws/Carla-autoware_interface/autoware_carla_interface/install/autoware_carla_interface/share/autoware_carla_interface
[2.368s] symbolically linking /mnt/hdd/autonomy/ws/Carla-autoware_interface/autoware_carla_interface/build/autoware_carla_interface/calibration_maps/brake_map.csv -> /mnt/hdd/autonomy/ws/Carla-autoware_interface/autoware_carla_interface/install/autoware_carla_interface/share/autoware_carla_interface
[2.368s] symbolically linking /mnt/hdd/autonomy/ws/Carla-autoware_interface/autoware_carla_interface/build/autoware_carla_interface/launch/autoware_carla_interface.launch.xml -> /mnt/hdd/autonomy/ws/Carla-autoware_interface/autoware_carla_interface/install/autoware_carla_interface/share/autoware_carla_interface
[30.018s] Invoked command in '/mnt/hdd/autonomy/ws/Carla-autoware_interface/autoware_carla_interface/build/autoware_carla_interface' returned '0': PYTHONPATH=/mnt/hdd/autonomy/ws/Carla-autoware_interface/autoware_carla_interface/build/autoware_carla_interface/prefix_override:/usr/lib/python3/dist-packages/colcon_core/task/python/colcon_distutils_commands:/mnt/hdd/autonomy/ws/Carla-autoware_interface/autoware_carla_interface/install/autoware_carla_interface/lib/python3.10/site-packages:${PYTHONPATH} /usr/bin/python3 -W ignore:setup.py install is deprecated -W ignore:easy_install command is deprecated setup.py develop --editable --build-directory /mnt/hdd/autonomy/ws/Carla-autoware_interface/autoware_carla_interface/build/autoware_carla_interface/build --no-deps symlink_data
