[0.105s] Invoking command in '/mnt/hdd/autonomy/ws/Carla-autoware_interface/deps_ws/build/autoware_control_msgs': CMAKE_PREFIX_PATH=${CMAKE_PREFIX_PATH}:/opt/ros/humble /usr/bin/cmake /mnt/hdd/autonomy/ws/Carla-autoware_interface/deps_ws/src/autoware_msgs/autoware_control_msgs -DAMENT_CMAKE_SYMLINK_INSTALL=1 -DCMAKE_INSTALL_PREFIX=/mnt/hdd/autonomy/ws/Carla-autoware_interface/deps_ws/install/autoware_control_msgs
[0.381s] -- The C compiler identification is GNU 11.4.0
[0.549s] -- The CXX compiler identification is GNU 11.4.0
[0.597s] -- Detecting C compiler ABI info
[1.038s] -- Detecting C compiler ABI info - done
[1.050s] -- Check for working C compiler: /usr/lib/ccache/gcc - skipped
[1.050s] -- Detecting C compile features
[1.051s] -- Detecting C compile features - done
[1.057s] -- Detecting CXX compiler ABI info
[1.556s] -- Detecting CXX compiler ABI info - done
[1.570s] -- Check for working CXX compiler: /usr/lib/ccache/g++ - skipped
[1.573s] -- Detecting CXX compile features
[1.573s] -- Detecting CXX compile features - done
[1.579s] -- Found ament_cmake_auto: 1.3.12 (/opt/ros/humble/share/ament_cmake_auto/cmake)
[2.098s] -- Found Python3: /usr/bin/python3 (found version "3.10.12") found components: Interpreter 
[2.261s] -- Override CMake install command with custom implementation using symlinks instead of copying resources
[2.536s] -- Found rosidl_generator_c: 3.1.8 (/opt/ros/humble/share/rosidl_generator_c/cmake)
[2.549s] -- Found rosidl_adapter: 3.1.8 (/opt/ros/humble/share/rosidl_adapter/cmake)
[2.567s] -- Found rosidl_generator_cpp: 3.1.8 (/opt/ros/humble/share/rosidl_generator_cpp/cmake)
[2.599s] -- Using all available rosidl_typesupport_c: rosidl_typesupport_fastrtps_c;rosidl_typesupport_introspection_c
[2.623s] -- Using all available rosidl_typesupport_cpp: rosidl_typesupport_fastrtps_cpp;rosidl_typesupport_introspection_cpp
[3.162s] -- Found ament_cmake_cppcheck: 0.12.14 (/opt/ros/humble/share/ament_cmake_cppcheck/cmake)
[3.167s] -- Found ament_cmake_cpplint: 0.12.14 (/opt/ros/humble/share/ament_cmake_cpplint/cmake)
[3.168s] -- Found ament_cmake_uncrustify: 0.12.14 (/opt/ros/humble/share/ament_cmake_uncrustify/cmake)
[3.170s] -- Found ament_cmake_ros: 0.10.0 (/opt/ros/humble/share/ament_cmake_ros/cmake)
[4.181s] -- Using all available rosidl_typesupport_c: rosidl_typesupport_fastrtps_c;rosidl_typesupport_introspection_c
[4.535s] -- Using all available rosidl_typesupport_cpp: rosidl_typesupport_fastrtps_cpp;rosidl_typesupport_introspection_cpp
[4.622s] -- Found PythonInterp: /usr/bin/python3 (found suitable version "3.10.12", minimum required is "3.6") 
[4.626s] -- Found python_cmake_module: 0.10.0 (/opt/ros/humble/share/python_cmake_module/cmake)
[4.714s] -- Found PythonLibs: /usr/lib/x86_64-linux-gnu/libpython3.10.so (found suitable version "3.10.12", minimum required is "3.5") 
[4.714s] -- Using PYTHON_EXECUTABLE: /usr/bin/python3
[4.714s] -- Using PYTHON_INCLUDE_DIRS: /usr/include/python3.10
[4.714s] -- Using PYTHON_LIBRARIES: /usr/lib/x86_64-linux-gnu/libpython3.10.so
[4.812s] -- Found PythonExtra: .so  
[4.913s] -- Found ament_cmake_flake8: 0.12.14 (/opt/ros/humble/share/ament_cmake_flake8/cmake)
[4.916s] -- Found ament_cmake_pep257: 0.12.14 (/opt/ros/humble/share/ament_cmake_pep257/cmake)
[4.923s] -- Found ament_lint_auto: 0.12.14 (/opt/ros/humble/share/ament_lint_auto/cmake)
[4.976s] -- Added test 'copyright' to check source files copyright and LICENSE
[4.977s] -- Added test 'lint_cmake' to check CMake code style
[4.977s] -- Added test 'xmllint' to check XML markup files
[4.995s] -- Configuring done
[5.030s] -- Generating done
[5.045s] -- Build files have been written to: /mnt/hdd/autonomy/ws/Carla-autoware_interface/deps_ws/build/autoware_control_msgs
[5.124s] Invoked command in '/mnt/hdd/autonomy/ws/Carla-autoware_interface/deps_ws/build/autoware_control_msgs' returned '0': CMAKE_PREFIX_PATH=${CMAKE_PREFIX_PATH}:/opt/ros/humble /usr/bin/cmake /mnt/hdd/autonomy/ws/Carla-autoware_interface/deps_ws/src/autoware_msgs/autoware_control_msgs -DAMENT_CMAKE_SYMLINK_INSTALL=1 -DCMAKE_INSTALL_PREFIX=/mnt/hdd/autonomy/ws/Carla-autoware_interface/deps_ws/install/autoware_control_msgs
[5.125s] Invoking command in '/mnt/hdd/autonomy/ws/Carla-autoware_interface/deps_ws/build/autoware_control_msgs': CMAKE_PREFIX_PATH=${CMAKE_PREFIX_PATH}:/opt/ros/humble /usr/bin/cmake --build /mnt/hdd/autonomy/ws/Carla-autoware_interface/deps_ws/build/autoware_control_msgs -- -j16 -l16
[5.598s] [  1%] Generating C++ code for ROS interfaces
[8.755s] [  1%] Built target autoware_control_msgs__cpp
[9.158s] [  1%] Built target ament_cmake_python_symlink_autoware_control_msgs
[9.262s] [  3%] Generating C++ introspection for ROS interfaces
[11.517s] [  5%] Building CXX object CMakeFiles/autoware_control_msgs__rosidl_typesupport_introspection_cpp.dir/rosidl_typesupport_introspection_cpp/autoware_control_msgs/msg/detail/control__type_support.cpp.o
[12.620s] [  7%] Building CXX object CMakeFiles/autoware_control_msgs__rosidl_typesupport_introspection_cpp.dir/rosidl_typesupport_introspection_cpp/autoware_control_msgs/msg/detail/longitudinal__type_support.cpp.o
[13.468s] [  9%] Building CXX object CMakeFiles/autoware_control_msgs__rosidl_typesupport_introspection_cpp.dir/rosidl_typesupport_introspection_cpp/autoware_control_msgs/msg/detail/lateral__type_support.cpp.o
[14.288s] [ 10%] Building CXX object CMakeFiles/autoware_control_msgs__rosidl_typesupport_introspection_cpp.dir/rosidl_typesupport_introspection_cpp/autoware_control_msgs/msg/detail/control_horizon__type_support.cpp.o
[15.452s] [ 12%] Linking CXX shared library libautoware_control_msgs__rosidl_typesupport_introspection_cpp.so
[15.983s] [ 12%] Built target autoware_control_msgs__rosidl_typesupport_introspection_cpp
[16.786s] running egg_info
[16.786s] creating autoware_control_msgs.egg-info
[16.789s] writing autoware_control_msgs.egg-info/PKG-INFO
[16.789s] writing dependency_links to autoware_control_msgs.egg-info/dependency_links.txt
[16.789s] writing top-level names to autoware_control_msgs.egg-info/top_level.txt
[16.790s] writing manifest file 'autoware_control_msgs.egg-info/SOURCES.txt'
[16.793s] reading manifest file 'autoware_control_msgs.egg-info/SOURCES.txt'
[16.796s] writing manifest file 'autoware_control_msgs.egg-info/SOURCES.txt'
[16.951s] [ 12%] Built target ament_cmake_python_build_autoware_control_msgs_egg
[17.138s] [ 14%] Generating C++ type support for eProsima Fast-RTPS
[19.816s] [ 16%] Building CXX object CMakeFiles/autoware_control_msgs__rosidl_typesupport_fastrtps_cpp.dir/rosidl_typesupport_fastrtps_cpp/autoware_control_msgs/msg/detail/dds_fastrtps/control__type_support.cpp.o
[20.882s] [ 18%] Building CXX object CMakeFiles/autoware_control_msgs__rosidl_typesupport_fastrtps_cpp.dir/rosidl_typesupport_fastrtps_cpp/autoware_control_msgs/msg/detail/dds_fastrtps/longitudinal__type_support.cpp.o
[21.819s] [ 20%] Building CXX object CMakeFiles/autoware_control_msgs__rosidl_typesupport_fastrtps_cpp.dir/rosidl_typesupport_fastrtps_cpp/autoware_control_msgs/msg/detail/dds_fastrtps/lateral__type_support.cpp.o
[22.718s] [ 21%] Building CXX object CMakeFiles/autoware_control_msgs__rosidl_typesupport_fastrtps_cpp.dir/rosidl_typesupport_fastrtps_cpp/autoware_control_msgs/msg/detail/dds_fastrtps/control_horizon__type_support.cpp.o
[23.757s] [ 23%] Linking CXX shared library libautoware_control_msgs__rosidl_typesupport_fastrtps_cpp.so
[24.245s] [ 23%] Built target autoware_control_msgs__rosidl_typesupport_fastrtps_cpp
[24.421s] [ 25%] Generating C++ type support dispatch for ROS interfaces
[26.325s] [ 27%] Building CXX object CMakeFiles/autoware_control_msgs__rosidl_typesupport_cpp.dir/rosidl_typesupport_cpp/autoware_control_msgs/msg/control__type_support.cpp.o
[27.036s] [ 29%] Building CXX object CMakeFiles/autoware_control_msgs__rosidl_typesupport_cpp.dir/rosidl_typesupport_cpp/autoware_control_msgs/msg/longitudinal__type_support.cpp.o
[27.841s] [ 30%] Building CXX object CMakeFiles/autoware_control_msgs__rosidl_typesupport_cpp.dir/rosidl_typesupport_cpp/autoware_control_msgs/msg/lateral__type_support.cpp.o
[28.603s] [ 32%] Building CXX object CMakeFiles/autoware_control_msgs__rosidl_typesupport_cpp.dir/rosidl_typesupport_cpp/autoware_control_msgs/msg/control_horizon__type_support.cpp.o
[29.387s] [ 34%] Linking CXX shared library libautoware_control_msgs__rosidl_typesupport_cpp.so
[29.737s] [ 34%] Built target autoware_control_msgs__rosidl_typesupport_cpp
[29.913s] [ 36%] Generating C code for ROS interfaces
[33.587s] [ 38%] Building C object CMakeFiles/autoware_control_msgs__rosidl_generator_c.dir/rosidl_generator_c/autoware_control_msgs/msg/detail/control__functions.c.o
[33.907s] [ 40%] Building C object CMakeFiles/autoware_control_msgs__rosidl_generator_c.dir/rosidl_generator_c/autoware_control_msgs/msg/detail/longitudinal__functions.c.o
[34.238s] [ 41%] Building C object CMakeFiles/autoware_control_msgs__rosidl_generator_c.dir/rosidl_generator_c/autoware_control_msgs/msg/detail/lateral__functions.c.o
[34.508s] [ 43%] Building C object CMakeFiles/autoware_control_msgs__rosidl_generator_c.dir/rosidl_generator_c/autoware_control_msgs/msg/detail/control_horizon__functions.c.o
[34.813s] [ 45%] Linking C shared library libautoware_control_msgs__rosidl_generator_c.so
[35.200s] [ 45%] Built target autoware_control_msgs__rosidl_generator_c
[35.352s] [ 47%] Generating C type support for eProsima Fast-RTPS
[37.368s] [ 49%] Building CXX object CMakeFiles/autoware_control_msgs__rosidl_typesupport_fastrtps_c.dir/rosidl_typesupport_fastrtps_c/autoware_control_msgs/msg/detail/control__type_support_c.cpp.o
[38.395s] [ 50%] Building CXX object CMakeFiles/autoware_control_msgs__rosidl_typesupport_fastrtps_c.dir/rosidl_typesupport_fastrtps_c/autoware_control_msgs/msg/detail/longitudinal__type_support_c.cpp.o
[39.259s] [ 52%] Building CXX object CMakeFiles/autoware_control_msgs__rosidl_typesupport_fastrtps_c.dir/rosidl_typesupport_fastrtps_c/autoware_control_msgs/msg/detail/lateral__type_support_c.cpp.o
[40.239s] [ 54%] Building CXX object CMakeFiles/autoware_control_msgs__rosidl_typesupport_fastrtps_c.dir/rosidl_typesupport_fastrtps_c/autoware_control_msgs/msg/detail/control_horizon__type_support_c.cpp.o
[41.095s] [ 56%] Linking CXX shared library libautoware_control_msgs__rosidl_typesupport_fastrtps_c.so
[41.645s] [ 56%] Built target autoware_control_msgs__rosidl_typesupport_fastrtps_c
[41.751s] [ 58%] Generating C type support dispatch for ROS interfaces
[43.441s] [ 60%] Building CXX object CMakeFiles/autoware_control_msgs__rosidl_typesupport_c.dir/rosidl_typesupport_c/autoware_control_msgs/msg/control__type_support.cpp.o
[43.734s] [ 61%] Building CXX object CMakeFiles/autoware_control_msgs__rosidl_typesupport_c.dir/rosidl_typesupport_c/autoware_control_msgs/msg/longitudinal__type_support.cpp.o
[43.964s] [ 63%] Building CXX object CMakeFiles/autoware_control_msgs__rosidl_typesupport_c.dir/rosidl_typesupport_c/autoware_control_msgs/msg/lateral__type_support.cpp.o
[44.184s] [ 65%] Building CXX object CMakeFiles/autoware_control_msgs__rosidl_typesupport_c.dir/rosidl_typesupport_c/autoware_control_msgs/msg/control_horizon__type_support.cpp.o
[44.445s] [ 67%] Linking CXX shared library libautoware_control_msgs__rosidl_typesupport_c.so
[44.844s] [ 67%] Built target autoware_control_msgs__rosidl_typesupport_c
[44.937s] [ 69%] Generating C introspection for ROS interfaces
[47.265s] [ 70%] Building C object CMakeFiles/autoware_control_msgs__rosidl_typesupport_introspection_c.dir/rosidl_typesupport_introspection_c/autoware_control_msgs/msg/detail/control__type_support.c.o
[47.483s] [ 72%] Building C object CMakeFiles/autoware_control_msgs__rosidl_typesupport_introspection_c.dir/rosidl_typesupport_introspection_c/autoware_control_msgs/msg/detail/longitudinal__type_support.c.o
[47.722s] [ 74%] Building C object CMakeFiles/autoware_control_msgs__rosidl_typesupport_introspection_c.dir/rosidl_typesupport_introspection_c/autoware_control_msgs/msg/detail/lateral__type_support.c.o
[47.980s] [ 76%] Building C object CMakeFiles/autoware_control_msgs__rosidl_typesupport_introspection_c.dir/rosidl_typesupport_introspection_c/autoware_control_msgs/msg/detail/control_horizon__type_support.c.o
[48.199s] [ 78%] Linking C shared library libautoware_control_msgs__rosidl_typesupport_introspection_c.so
[48.436s] [ 78%] Built target autoware_control_msgs__rosidl_typesupport_introspection_c
[48.650s] [ 78%] Built target autoware_control_msgs
[48.824s] [ 80%] Generating Python code for ROS interfaces
[51.717s] [ 80%] Built target autoware_control_msgs__py
[51.935s] [ 81%] Building C object CMakeFiles/autoware_control_msgs__rosidl_generator_py.dir/rosidl_generator_py/autoware_control_msgs/msg/_control_s.c.o
[52.257s] [ 83%] Building C object CMakeFiles/autoware_control_msgs__rosidl_generator_py.dir/rosidl_generator_py/autoware_control_msgs/msg/_longitudinal_s.c.o
[52.580s] [ 85%] Building C object CMakeFiles/autoware_control_msgs__rosidl_generator_py.dir/rosidl_generator_py/autoware_control_msgs/msg/_lateral_s.c.o
[52.874s] [ 87%] Building C object CMakeFiles/autoware_control_msgs__rosidl_generator_py.dir/rosidl_generator_py/autoware_control_msgs/msg/_control_horizon_s.c.o
[53.204s] [ 89%] Linking C shared library rosidl_generator_py/autoware_control_msgs/libautoware_control_msgs__rosidl_generator_py.so
[53.495s] [ 89%] Built target autoware_control_msgs__rosidl_generator_py
[53.754s] [ 90%] Building C object CMakeFiles/autoware_control_msgs__rosidl_typesupport_fastrtps_c__pyext.dir/rosidl_generator_py/autoware_control_msgs/_autoware_control_msgs_s.ep.rosidl_typesupport_fastrtps_c.c.o
[54.090s] [ 92%] Linking C shared library rosidl_generator_py/autoware_control_msgs/autoware_control_msgs_s__rosidl_typesupport_fastrtps_c.cpython-310-x86_64-linux-gnu.so
[54.290s] [ 92%] Built target autoware_control_msgs__rosidl_typesupport_fastrtps_c__pyext
[54.509s] [ 94%] Building C object CMakeFiles/autoware_control_msgs__rosidl_typesupport_c__pyext.dir/rosidl_generator_py/autoware_control_msgs/_autoware_control_msgs_s.ep.rosidl_typesupport_c.c.o
[54.783s] [ 96%] Linking C shared library rosidl_generator_py/autoware_control_msgs/autoware_control_msgs_s__rosidl_typesupport_c.cpython-310-x86_64-linux-gnu.so
[55.035s] [ 96%] Built target autoware_control_msgs__rosidl_typesupport_c__pyext
[55.233s] [ 98%] Building C object CMakeFiles/autoware_control_msgs__rosidl_typesupport_introspection_c__pyext.dir/rosidl_generator_py/autoware_control_msgs/_autoware_control_msgs_s.ep.rosidl_typesupport_introspection_c.c.o
[55.528s] [100%] Linking C shared library rosidl_generator_py/autoware_control_msgs/autoware_control_msgs_s__rosidl_typesupport_introspection_c.cpython-310-x86_64-linux-gnu.so
[55.767s] [100%] Built target autoware_control_msgs__rosidl_typesupport_introspection_c__pyext
[55.844s] Invoked command in '/mnt/hdd/autonomy/ws/Carla-autoware_interface/deps_ws/build/autoware_control_msgs' returned '0': CMAKE_PREFIX_PATH=${CMAKE_PREFIX_PATH}:/opt/ros/humble /usr/bin/cmake --build /mnt/hdd/autonomy/ws/Carla-autoware_interface/deps_ws/build/autoware_control_msgs -- -j16 -l16
[55.848s] Invoking command in '/mnt/hdd/autonomy/ws/Carla-autoware_interface/deps_ws/build/autoware_control_msgs': CMAKE_PREFIX_PATH=${CMAKE_PREFIX_PATH}:/opt/ros/humble /usr/bin/cmake --install /mnt/hdd/autonomy/ws/Carla-autoware_interface/deps_ws/build/autoware_control_msgs
[55.910s] -- Install configuration: ""
[55.911s] -- Execute custom install script
[55.912s] -- Symlinking: /mnt/hdd/autonomy/ws/Carla-autoware_interface/deps_ws/install/autoware_control_msgs/share/ament_index/resource_index/rosidl_interfaces/autoware_control_msgs
[55.969s] -- Symlinking: /mnt/hdd/autonomy/ws/Carla-autoware_interface/deps_ws/install/autoware_control_msgs/include/autoware_control_msgs/autoware_control_msgs/msg/control.h
[56.055s] -- Symlinking: /mnt/hdd/autonomy/ws/Carla-autoware_interface/deps_ws/install/autoware_control_msgs/include/autoware_control_msgs/autoware_control_msgs/msg/control_horizon.h
[56.113s] -- Symlinking: /mnt/hdd/autonomy/ws/Carla-autoware_interface/deps_ws/install/autoware_control_msgs/include/autoware_control_msgs/autoware_control_msgs/msg/detail/control__functions.h
[56.209s] -- Symlinking: /mnt/hdd/autonomy/ws/Carla-autoware_interface/deps_ws/install/autoware_control_msgs/include/autoware_control_msgs/autoware_control_msgs/msg/detail/control__struct.h
[56.319s] -- Symlinking: /mnt/hdd/autonomy/ws/Carla-autoware_interface/deps_ws/install/autoware_control_msgs/include/autoware_control_msgs/autoware_control_msgs/msg/detail/control__type_support.h
[56.387s] -- Symlinking: /mnt/hdd/autonomy/ws/Carla-autoware_interface/deps_ws/install/autoware_control_msgs/include/autoware_control_msgs/autoware_control_msgs/msg/detail/control_horizon__functions.h
[56.502s] -- Symlinking: /mnt/hdd/autonomy/ws/Carla-autoware_interface/deps_ws/install/autoware_control_msgs/include/autoware_control_msgs/autoware_control_msgs/msg/detail/control_horizon__struct.h
[56.545s] -- Symlinking: /mnt/hdd/autonomy/ws/Carla-autoware_interface/deps_ws/install/autoware_control_msgs/include/autoware_control_msgs/autoware_control_msgs/msg/detail/control_horizon__type_support.h
[56.625s] -- Symlinking: /mnt/hdd/autonomy/ws/Carla-autoware_interface/deps_ws/install/autoware_control_msgs/include/autoware_control_msgs/autoware_control_msgs/msg/detail/lateral__functions.h
[56.702s] -- Symlinking: /mnt/hdd/autonomy/ws/Carla-autoware_interface/deps_ws/install/autoware_control_msgs/include/autoware_control_msgs/autoware_control_msgs/msg/detail/lateral__struct.h
[56.751s] -- Symlinking: /mnt/hdd/autonomy/ws/Carla-autoware_interface/deps_ws/install/autoware_control_msgs/include/autoware_control_msgs/autoware_control_msgs/msg/detail/lateral__type_support.h
[56.840s] -- Symlinking: /mnt/hdd/autonomy/ws/Carla-autoware_interface/deps_ws/install/autoware_control_msgs/include/autoware_control_msgs/autoware_control_msgs/msg/detail/longitudinal__functions.h
[56.899s] -- Symlinking: /mnt/hdd/autonomy/ws/Carla-autoware_interface/deps_ws/install/autoware_control_msgs/include/autoware_control_msgs/autoware_control_msgs/msg/detail/longitudinal__struct.h
[56.945s] -- Symlinking: /mnt/hdd/autonomy/ws/Carla-autoware_interface/deps_ws/install/autoware_control_msgs/include/autoware_control_msgs/autoware_control_msgs/msg/detail/longitudinal__type_support.h
[57.039s] -- Symlinking: /mnt/hdd/autonomy/ws/Carla-autoware_interface/deps_ws/install/autoware_control_msgs/include/autoware_control_msgs/autoware_control_msgs/msg/lateral.h
[57.105s] -- Symlinking: /mnt/hdd/autonomy/ws/Carla-autoware_interface/deps_ws/install/autoware_control_msgs/include/autoware_control_msgs/autoware_control_msgs/msg/longitudinal.h
[57.248s] -- Symlinking: /mnt/hdd/autonomy/ws/Carla-autoware_interface/deps_ws/install/autoware_control_msgs/include/autoware_control_msgs/autoware_control_msgs/msg/rosidl_generator_c__visibility_control.h
[57.302s] -- Symlinking: /mnt/hdd/autonomy/ws/Carla-autoware_interface/deps_ws/install/autoware_control_msgs/share/autoware_control_msgs/environment/library_path.sh
[57.336s] -- Symlinking: /mnt/hdd/autonomy/ws/Carla-autoware_interface/deps_ws/install/autoware_control_msgs/share/autoware_control_msgs/environment/library_path.dsv
[57.393s] -- Symlinking: /mnt/hdd/autonomy/ws/Carla-autoware_interface/deps_ws/install/autoware_control_msgs/include/autoware_control_msgs/autoware_control_msgs/msg/detail/control__rosidl_typesupport_fastrtps_c.h
[57.473s] -- Symlinking: /mnt/hdd/autonomy/ws/Carla-autoware_interface/deps_ws/install/autoware_control_msgs/include/autoware_control_msgs/autoware_control_msgs/msg/detail/control_horizon__rosidl_typesupport_fastrtps_c.h
[57.561s] -- Symlinking: /mnt/hdd/autonomy/ws/Carla-autoware_interface/deps_ws/install/autoware_control_msgs/include/autoware_control_msgs/autoware_control_msgs/msg/detail/lateral__rosidl_typesupport_fastrtps_c.h
[57.631s] -- Symlinking: /mnt/hdd/autonomy/ws/Carla-autoware_interface/deps_ws/install/autoware_control_msgs/include/autoware_control_msgs/autoware_control_msgs/msg/detail/longitudinal__rosidl_typesupport_fastrtps_c.h
[57.714s] -- Symlinking: /mnt/hdd/autonomy/ws/Carla-autoware_interface/deps_ws/install/autoware_control_msgs/include/autoware_control_msgs/autoware_control_msgs/msg/rosidl_typesupport_fastrtps_c__visibility_control.h
[57.798s] -- Symlinking: /mnt/hdd/autonomy/ws/Carla-autoware_interface/deps_ws/install/autoware_control_msgs/include/autoware_control_msgs/autoware_control_msgs/msg/control.hpp
[57.865s] -- Symlinking: /mnt/hdd/autonomy/ws/Carla-autoware_interface/deps_ws/install/autoware_control_msgs/include/autoware_control_msgs/autoware_control_msgs/msg/control_horizon.hpp
[57.964s] -- Symlinking: /mnt/hdd/autonomy/ws/Carla-autoware_interface/deps_ws/install/autoware_control_msgs/include/autoware_control_msgs/autoware_control_msgs/msg/detail/control__builder.hpp
[58.033s] -- Symlinking: /mnt/hdd/autonomy/ws/Carla-autoware_interface/deps_ws/install/autoware_control_msgs/include/autoware_control_msgs/autoware_control_msgs/msg/detail/control__struct.hpp
[58.110s] -- Symlinking: /mnt/hdd/autonomy/ws/Carla-autoware_interface/deps_ws/install/autoware_control_msgs/include/autoware_control_msgs/autoware_control_msgs/msg/detail/control__traits.hpp
[58.169s] -- Symlinking: /mnt/hdd/autonomy/ws/Carla-autoware_interface/deps_ws/install/autoware_control_msgs/include/autoware_control_msgs/autoware_control_msgs/msg/detail/control__type_support.hpp
[58.276s] -- Symlinking: /mnt/hdd/autonomy/ws/Carla-autoware_interface/deps_ws/install/autoware_control_msgs/include/autoware_control_msgs/autoware_control_msgs/msg/detail/control_horizon__builder.hpp
[58.361s] -- Symlinking: /mnt/hdd/autonomy/ws/Carla-autoware_interface/deps_ws/install/autoware_control_msgs/include/autoware_control_msgs/autoware_control_msgs/msg/detail/control_horizon__struct.hpp
[58.452s] -- Symlinking: /mnt/hdd/autonomy/ws/Carla-autoware_interface/deps_ws/install/autoware_control_msgs/include/autoware_control_msgs/autoware_control_msgs/msg/detail/control_horizon__traits.hpp
[58.540s] -- Symlinking: /mnt/hdd/autonomy/ws/Carla-autoware_interface/deps_ws/install/autoware_control_msgs/include/autoware_control_msgs/autoware_control_msgs/msg/detail/control_horizon__type_support.hpp
[58.660s] -- Symlinking: /mnt/hdd/autonomy/ws/Carla-autoware_interface/deps_ws/install/autoware_control_msgs/include/autoware_control_msgs/autoware_control_msgs/msg/detail/lateral__builder.hpp
[58.729s] -- Symlinking: /mnt/hdd/autonomy/ws/Carla-autoware_interface/deps_ws/install/autoware_control_msgs/include/autoware_control_msgs/autoware_control_msgs/msg/detail/lateral__struct.hpp
[58.845s] -- Symlinking: /mnt/hdd/autonomy/ws/Carla-autoware_interface/deps_ws/install/autoware_control_msgs/include/autoware_control_msgs/autoware_control_msgs/msg/detail/lateral__traits.hpp
[58.913s] -- Symlinking: /mnt/hdd/autonomy/ws/Carla-autoware_interface/deps_ws/install/autoware_control_msgs/include/autoware_control_msgs/autoware_control_msgs/msg/detail/lateral__type_support.hpp
[59.028s] -- Symlinking: /mnt/hdd/autonomy/ws/Carla-autoware_interface/deps_ws/install/autoware_control_msgs/include/autoware_control_msgs/autoware_control_msgs/msg/detail/longitudinal__builder.hpp
[59.096s] -- Symlinking: /mnt/hdd/autonomy/ws/Carla-autoware_interface/deps_ws/install/autoware_control_msgs/include/autoware_control_msgs/autoware_control_msgs/msg/detail/longitudinal__struct.hpp
[59.180s] -- Symlinking: /mnt/hdd/autonomy/ws/Carla-autoware_interface/deps_ws/install/autoware_control_msgs/include/autoware_control_msgs/autoware_control_msgs/msg/detail/longitudinal__traits.hpp
[59.279s] -- Symlinking: /mnt/hdd/autonomy/ws/Carla-autoware_interface/deps_ws/install/autoware_control_msgs/include/autoware_control_msgs/autoware_control_msgs/msg/detail/longitudinal__type_support.hpp
[59.342s] -- Symlinking: /mnt/hdd/autonomy/ws/Carla-autoware_interface/deps_ws/install/autoware_control_msgs/include/autoware_control_msgs/autoware_control_msgs/msg/lateral.hpp
[59.425s] -- Symlinking: /mnt/hdd/autonomy/ws/Carla-autoware_interface/deps_ws/install/autoware_control_msgs/include/autoware_control_msgs/autoware_control_msgs/msg/longitudinal.hpp
[59.508s] -- Symlinking: /mnt/hdd/autonomy/ws/Carla-autoware_interface/deps_ws/install/autoware_control_msgs/include/autoware_control_msgs/autoware_control_msgs/msg/rosidl_generator_cpp__visibility_control.hpp
[59.607s] -- Symlinking: /mnt/hdd/autonomy/ws/Carla-autoware_interface/deps_ws/install/autoware_control_msgs/include/autoware_control_msgs/autoware_control_msgs/msg/detail/control__rosidl_typesupport_fastrtps_cpp.hpp
[59.706s] -- Symlinking: /mnt/hdd/autonomy/ws/Carla-autoware_interface/deps_ws/install/autoware_control_msgs/include/autoware_control_msgs/autoware_control_msgs/msg/detail/control_horizon__rosidl_typesupport_fastrtps_cpp.hpp
[59.799s] -- Symlinking: /mnt/hdd/autonomy/ws/Carla-autoware_interface/deps_ws/install/autoware_control_msgs/include/autoware_control_msgs/autoware_control_msgs/msg/detail/lateral__rosidl_typesupport_fastrtps_cpp.hpp
[59.908s] -- Symlinking: /mnt/hdd/autonomy/ws/Carla-autoware_interface/deps_ws/install/autoware_control_msgs/include/autoware_control_msgs/autoware_control_msgs/msg/detail/longitudinal__rosidl_typesupport_fastrtps_cpp.hpp
[60.033s] -- Symlinking: /mnt/hdd/autonomy/ws/Carla-autoware_interface/deps_ws/install/autoware_control_msgs/include/autoware_control_msgs/autoware_control_msgs/msg/rosidl_typesupport_fastrtps_cpp__visibility_control.h
[60.101s] -- Symlinking: /mnt/hdd/autonomy/ws/Carla-autoware_interface/deps_ws/install/autoware_control_msgs/include/autoware_control_msgs/autoware_control_msgs/msg/detail/control__rosidl_typesupport_introspection_c.h
[60.149s] -- Symlinking: /mnt/hdd/autonomy/ws/Carla-autoware_interface/deps_ws/install/autoware_control_msgs/include/autoware_control_msgs/autoware_control_msgs/msg/detail/control_horizon__rosidl_typesupport_introspection_c.h
[60.290s] -- Symlinking: /mnt/hdd/autonomy/ws/Carla-autoware_interface/deps_ws/install/autoware_control_msgs/include/autoware_control_msgs/autoware_control_msgs/msg/detail/lateral__rosidl_typesupport_introspection_c.h
[60.362s] -- Symlinking: /mnt/hdd/autonomy/ws/Carla-autoware_interface/deps_ws/install/autoware_control_msgs/include/autoware_control_msgs/autoware_control_msgs/msg/detail/longitudinal__rosidl_typesupport_introspection_c.h
[60.442s] -- Symlinking: /mnt/hdd/autonomy/ws/Carla-autoware_interface/deps_ws/install/autoware_control_msgs/include/autoware_control_msgs/autoware_control_msgs/msg/rosidl_typesupport_introspection_c__visibility_control.h
[60.560s] -- Symlinking: /mnt/hdd/autonomy/ws/Carla-autoware_interface/deps_ws/install/autoware_control_msgs/include/autoware_control_msgs/autoware_control_msgs/msg/detail/control__rosidl_typesupport_introspection_cpp.hpp
[60.625s] -- Symlinking: /mnt/hdd/autonomy/ws/Carla-autoware_interface/deps_ws/install/autoware_control_msgs/include/autoware_control_msgs/autoware_control_msgs/msg/detail/control_horizon__rosidl_typesupport_introspection_cpp.hpp
[60.692s] -- Symlinking: /mnt/hdd/autonomy/ws/Carla-autoware_interface/deps_ws/install/autoware_control_msgs/include/autoware_control_msgs/autoware_control_msgs/msg/detail/lateral__rosidl_typesupport_introspection_cpp.hpp
[60.761s] -- Symlinking: /mnt/hdd/autonomy/ws/Carla-autoware_interface/deps_ws/install/autoware_control_msgs/include/autoware_control_msgs/autoware_control_msgs/msg/detail/longitudinal__rosidl_typesupport_introspection_cpp.hpp
[60.883s] -- Symlinking: /mnt/hdd/autonomy/ws/Carla-autoware_interface/deps_ws/install/autoware_control_msgs/share/autoware_control_msgs/environment/pythonpath.sh
[60.957s] -- Symlinking: /mnt/hdd/autonomy/ws/Carla-autoware_interface/deps_ws/install/autoware_control_msgs/share/autoware_control_msgs/environment/pythonpath.dsv
[61.033s] -- Symlinking: /mnt/hdd/autonomy/ws/Carla-autoware_interface/deps_ws/install/autoware_control_msgs/local/lib/python3.10/dist-packages/autoware_control_msgs-1.11.0-py3.10.egg-info/PKG-INFO
[61.093s] -- Symlinking: /mnt/hdd/autonomy/ws/Carla-autoware_interface/deps_ws/install/autoware_control_msgs/local/lib/python3.10/dist-packages/autoware_control_msgs-1.11.0-py3.10.egg-info/SOURCES.txt
[61.179s] -- Symlinking: /mnt/hdd/autonomy/ws/Carla-autoware_interface/deps_ws/install/autoware_control_msgs/local/lib/python3.10/dist-packages/autoware_control_msgs-1.11.0-py3.10.egg-info/dependency_links.txt
[61.228s] -- Symlinking: /mnt/hdd/autonomy/ws/Carla-autoware_interface/deps_ws/install/autoware_control_msgs/local/lib/python3.10/dist-packages/autoware_control_msgs-1.11.0-py3.10.egg-info/top_level.txt
[61.310s] -- Symlinking: /mnt/hdd/autonomy/ws/Carla-autoware_interface/deps_ws/install/autoware_control_msgs/local/lib/python3.10/dist-packages/autoware_control_msgs/__init__.py
[61.368s] -- Symlinking: /mnt/hdd/autonomy/ws/Carla-autoware_interface/deps_ws/install/autoware_control_msgs/local/lib/python3.10/dist-packages/autoware_control_msgs/_autoware_control_msgs_s.ep.rosidl_typesupport_c.c
[61.445s] -- Symlinking: /mnt/hdd/autonomy/ws/Carla-autoware_interface/deps_ws/install/autoware_control_msgs/local/lib/python3.10/dist-packages/autoware_control_msgs/_autoware_control_msgs_s.ep.rosidl_typesupport_fastrtps_c.c
[61.560s] -- Symlinking: /mnt/hdd/autonomy/ws/Carla-autoware_interface/deps_ws/install/autoware_control_msgs/local/lib/python3.10/dist-packages/autoware_control_msgs/_autoware_control_msgs_s.ep.rosidl_typesupport_introspection_c.c
[61.625s] -- Symlinking: /mnt/hdd/autonomy/ws/Carla-autoware_interface/deps_ws/install/autoware_control_msgs/local/lib/python3.10/dist-packages/autoware_control_msgs/autoware_control_msgs_s__rosidl_typesupport_c.cpython-310-x86_64-linux-gnu.so
[61.700s] -- Symlinking: /mnt/hdd/autonomy/ws/Carla-autoware_interface/deps_ws/install/autoware_control_msgs/local/lib/python3.10/dist-packages/autoware_control_msgs/autoware_control_msgs_s__rosidl_typesupport_fastrtps_c.cpython-310-x86_64-linux-gnu.so
[61.759s] -- Symlinking: /mnt/hdd/autonomy/ws/Carla-autoware_interface/deps_ws/install/autoware_control_msgs/local/lib/python3.10/dist-packages/autoware_control_msgs/autoware_control_msgs_s__rosidl_typesupport_introspection_c.cpython-310-x86_64-linux-gnu.so
[61.823s] -- Symlinking: /mnt/hdd/autonomy/ws/Carla-autoware_interface/deps_ws/install/autoware_control_msgs/local/lib/python3.10/dist-packages/autoware_control_msgs/libautoware_control_msgs__rosidl_generator_py.so
[61.882s] -- Symlinking: /mnt/hdd/autonomy/ws/Carla-autoware_interface/deps_ws/install/autoware_control_msgs/local/lib/python3.10/dist-packages/autoware_control_msgs/msg/__init__.py
[61.929s] -- Symlinking: /mnt/hdd/autonomy/ws/Carla-autoware_interface/deps_ws/install/autoware_control_msgs/local/lib/python3.10/dist-packages/autoware_control_msgs/msg/_control.py
[62.010s] -- Symlinking: /mnt/hdd/autonomy/ws/Carla-autoware_interface/deps_ws/install/autoware_control_msgs/local/lib/python3.10/dist-packages/autoware_control_msgs/msg/_control_horizon.py
[62.059s] -- Symlinking: /mnt/hdd/autonomy/ws/Carla-autoware_interface/deps_ws/install/autoware_control_msgs/local/lib/python3.10/dist-packages/autoware_control_msgs/msg/_control_horizon_s.c
[62.141s] -- Symlinking: /mnt/hdd/autonomy/ws/Carla-autoware_interface/deps_ws/install/autoware_control_msgs/local/lib/python3.10/dist-packages/autoware_control_msgs/msg/_control_s.c
[62.221s] -- Symlinking: /mnt/hdd/autonomy/ws/Carla-autoware_interface/deps_ws/install/autoware_control_msgs/local/lib/python3.10/dist-packages/autoware_control_msgs/msg/_lateral.py
[62.343s] -- Symlinking: /mnt/hdd/autonomy/ws/Carla-autoware_interface/deps_ws/install/autoware_control_msgs/local/lib/python3.10/dist-packages/autoware_control_msgs/msg/_lateral_s.c
[62.396s] -- Symlinking: /mnt/hdd/autonomy/ws/Carla-autoware_interface/deps_ws/install/autoware_control_msgs/local/lib/python3.10/dist-packages/autoware_control_msgs/msg/_longitudinal.py
[62.466s] -- Symlinking: /mnt/hdd/autonomy/ws/Carla-autoware_interface/deps_ws/install/autoware_control_msgs/local/lib/python3.10/dist-packages/autoware_control_msgs/msg/_longitudinal_s.c
[62.548s] -- Up-to-date symlink: /mnt/hdd/autonomy/ws/Carla-autoware_interface/deps_ws/install/autoware_control_msgs/local/lib/python3.10/dist-packages/autoware_control_msgs/autoware_control_msgs_s__rosidl_typesupport_fastrtps_c.cpython-310-x86_64-linux-gnu.so
[62.548s] -- Up-to-date symlink: /mnt/hdd/autonomy/ws/Carla-autoware_interface/deps_ws/install/autoware_control_msgs/local/lib/python3.10/dist-packages/autoware_control_msgs/autoware_control_msgs_s__rosidl_typesupport_introspection_c.cpython-310-x86_64-linux-gnu.so
[62.548s] -- Up-to-date symlink: /mnt/hdd/autonomy/ws/Carla-autoware_interface/deps_ws/install/autoware_control_msgs/local/lib/python3.10/dist-packages/autoware_control_msgs/autoware_control_msgs_s__rosidl_typesupport_c.cpython-310-x86_64-linux-gnu.so
[62.548s] -- Symlinking: /mnt/hdd/autonomy/ws/Carla-autoware_interface/deps_ws/install/autoware_control_msgs/share/autoware_control_msgs/msg/Control.idl
[62.598s] -- Symlinking: /mnt/hdd/autonomy/ws/Carla-autoware_interface/deps_ws/install/autoware_control_msgs/share/autoware_control_msgs/msg/ControlHorizon.idl
[62.650s] -- Symlinking: /mnt/hdd/autonomy/ws/Carla-autoware_interface/deps_ws/install/autoware_control_msgs/share/autoware_control_msgs/msg/Lateral.idl
[62.740s] -- Symlinking: /mnt/hdd/autonomy/ws/Carla-autoware_interface/deps_ws/install/autoware_control_msgs/share/autoware_control_msgs/msg/Longitudinal.idl
[62.797s] -- Symlinking: /mnt/hdd/autonomy/ws/Carla-autoware_interface/deps_ws/install/autoware_control_msgs/share/autoware_control_msgs/msg/Control.msg
[62.866s] -- Symlinking: /mnt/hdd/autonomy/ws/Carla-autoware_interface/deps_ws/install/autoware_control_msgs/share/autoware_control_msgs/msg/ControlHorizon.msg
[62.919s] -- Symlinking: /mnt/hdd/autonomy/ws/Carla-autoware_interface/deps_ws/install/autoware_control_msgs/share/autoware_control_msgs/msg/Lateral.msg
[62.981s] -- Symlinking: /mnt/hdd/autonomy/ws/Carla-autoware_interface/deps_ws/install/autoware_control_msgs/share/autoware_control_msgs/msg/Longitudinal.msg
[63.074s] -- Symlinking: /mnt/hdd/autonomy/ws/Carla-autoware_interface/deps_ws/install/autoware_control_msgs/share/ament_index/resource_index/package_run_dependencies/autoware_control_msgs
[63.118s] -- Symlinking: /mnt/hdd/autonomy/ws/Carla-autoware_interface/deps_ws/install/autoware_control_msgs/share/ament_index/resource_index/parent_prefix_path/autoware_control_msgs
[63.229s] -- Symlinking: /mnt/hdd/autonomy/ws/Carla-autoware_interface/deps_ws/install/autoware_control_msgs/share/autoware_control_msgs/environment/ament_prefix_path.sh
[63.349s] -- Symlinking: /mnt/hdd/autonomy/ws/Carla-autoware_interface/deps_ws/install/autoware_control_msgs/share/autoware_control_msgs/environment/ament_prefix_path.dsv
[63.452s] -- Symlinking: /mnt/hdd/autonomy/ws/Carla-autoware_interface/deps_ws/install/autoware_control_msgs/share/autoware_control_msgs/environment/path.sh
[63.507s] -- Symlinking: /mnt/hdd/autonomy/ws/Carla-autoware_interface/deps_ws/install/autoware_control_msgs/share/autoware_control_msgs/environment/path.dsv
[63.585s] -- Symlinking: /mnt/hdd/autonomy/ws/Carla-autoware_interface/deps_ws/install/autoware_control_msgs/share/autoware_control_msgs/local_setup.bash
[63.644s] -- Symlinking: /mnt/hdd/autonomy/ws/Carla-autoware_interface/deps_ws/install/autoware_control_msgs/share/autoware_control_msgs/local_setup.sh
[63.710s] -- Symlinking: /mnt/hdd/autonomy/ws/Carla-autoware_interface/deps_ws/install/autoware_control_msgs/share/autoware_control_msgs/local_setup.zsh
[63.774s] -- Symlinking: /mnt/hdd/autonomy/ws/Carla-autoware_interface/deps_ws/install/autoware_control_msgs/share/autoware_control_msgs/local_setup.dsv
[63.835s] -- Symlinking: /mnt/hdd/autonomy/ws/Carla-autoware_interface/deps_ws/install/autoware_control_msgs/share/autoware_control_msgs/package.dsv
[63.918s] -- Symlinking: /mnt/hdd/autonomy/ws/Carla-autoware_interface/deps_ws/install/autoware_control_msgs/share/ament_index/resource_index/packages/autoware_control_msgs
[63.984s] -- Symlinking: /mnt/hdd/autonomy/ws/Carla-autoware_interface/deps_ws/install/autoware_control_msgs/share/autoware_control_msgs/cmake/rosidl_cmake-extras.cmake
[64.026s] -- Symlinking: /mnt/hdd/autonomy/ws/Carla-autoware_interface/deps_ws/install/autoware_control_msgs/share/autoware_control_msgs/cmake/ament_cmake_export_dependencies-extras.cmake
[64.112s] -- Symlinking: /mnt/hdd/autonomy/ws/Carla-autoware_interface/deps_ws/install/autoware_control_msgs/share/autoware_control_msgs/cmake/ament_cmake_export_include_directories-extras.cmake
[64.167s] -- Symlinking: /mnt/hdd/autonomy/ws/Carla-autoware_interface/deps_ws/install/autoware_control_msgs/share/autoware_control_msgs/cmake/ament_cmake_export_libraries-extras.cmake
[64.251s] -- Symlinking: /mnt/hdd/autonomy/ws/Carla-autoware_interface/deps_ws/install/autoware_control_msgs/share/autoware_control_msgs/cmake/ament_cmake_export_targets-extras.cmake
[64.304s] -- Symlinking: /mnt/hdd/autonomy/ws/Carla-autoware_interface/deps_ws/install/autoware_control_msgs/share/autoware_control_msgs/cmake/rosidl_cmake_export_typesupport_targets-extras.cmake
[64.375s] -- Symlinking: /mnt/hdd/autonomy/ws/Carla-autoware_interface/deps_ws/install/autoware_control_msgs/share/autoware_control_msgs/cmake/rosidl_cmake_export_typesupport_libraries-extras.cmake
[64.461s] -- Symlinking: /mnt/hdd/autonomy/ws/Carla-autoware_interface/deps_ws/install/autoware_control_msgs/share/autoware_control_msgs/cmake/autoware_control_msgsConfig.cmake
[64.519s] -- Symlinking: /mnt/hdd/autonomy/ws/Carla-autoware_interface/deps_ws/install/autoware_control_msgs/share/autoware_control_msgs/cmake/autoware_control_msgsConfig-version.cmake
[64.614s] -- Symlinking: /mnt/hdd/autonomy/ws/Carla-autoware_interface/deps_ws/install/autoware_control_msgs/share/autoware_control_msgs/package.xml
[64.697s] -- Installing: /mnt/hdd/autonomy/ws/Carla-autoware_interface/deps_ws/install/autoware_control_msgs/lib/libautoware_control_msgs__rosidl_generator_c.so
[64.697s] -- Set runtime path of "/mnt/hdd/autonomy/ws/Carla-autoware_interface/deps_ws/install/autoware_control_msgs/lib/libautoware_control_msgs__rosidl_generator_c.so" to ""
[64.701s] -- Installing: /mnt/hdd/autonomy/ws/Carla-autoware_interface/deps_ws/install/autoware_control_msgs/lib/libautoware_control_msgs__rosidl_typesupport_fastrtps_c.so
[64.701s] -- Set runtime path of "/mnt/hdd/autonomy/ws/Carla-autoware_interface/deps_ws/install/autoware_control_msgs/lib/libautoware_control_msgs__rosidl_typesupport_fastrtps_c.so" to ""
[64.703s] -- Installing: /mnt/hdd/autonomy/ws/Carla-autoware_interface/deps_ws/install/autoware_control_msgs/lib/libautoware_control_msgs__rosidl_typesupport_fastrtps_cpp.so
[64.703s] -- Set runtime path of "/mnt/hdd/autonomy/ws/Carla-autoware_interface/deps_ws/install/autoware_control_msgs/lib/libautoware_control_msgs__rosidl_typesupport_fastrtps_cpp.so" to ""
[64.703s] -- Installing: /mnt/hdd/autonomy/ws/Carla-autoware_interface/deps_ws/install/autoware_control_msgs/lib/libautoware_control_msgs__rosidl_typesupport_introspection_c.so
[64.708s] -- Set runtime path of "/mnt/hdd/autonomy/ws/Carla-autoware_interface/deps_ws/install/autoware_control_msgs/lib/libautoware_control_msgs__rosidl_typesupport_introspection_c.so" to ""
[64.708s] -- Installing: /mnt/hdd/autonomy/ws/Carla-autoware_interface/deps_ws/install/autoware_control_msgs/lib/libautoware_control_msgs__rosidl_typesupport_c.so
[64.708s] -- Set runtime path of "/mnt/hdd/autonomy/ws/Carla-autoware_interface/deps_ws/install/autoware_control_msgs/lib/libautoware_control_msgs__rosidl_typesupport_c.so" to ""
[64.712s] -- Installing: /mnt/hdd/autonomy/ws/Carla-autoware_interface/deps_ws/install/autoware_control_msgs/lib/libautoware_control_msgs__rosidl_typesupport_introspection_cpp.so
[64.713s] -- Set runtime path of "/mnt/hdd/autonomy/ws/Carla-autoware_interface/deps_ws/install/autoware_control_msgs/lib/libautoware_control_msgs__rosidl_typesupport_introspection_cpp.so" to ""
[64.713s] -- Installing: /mnt/hdd/autonomy/ws/Carla-autoware_interface/deps_ws/install/autoware_control_msgs/lib/libautoware_control_msgs__rosidl_typesupport_cpp.so
[64.713s] -- Set runtime path of "/mnt/hdd/autonomy/ws/Carla-autoware_interface/deps_ws/install/autoware_control_msgs/lib/libautoware_control_msgs__rosidl_typesupport_cpp.so" to ""
[64.806s] Listing '/mnt/hdd/autonomy/ws/Carla-autoware_interface/deps_ws/install/autoware_control_msgs/local/lib/python3.10/dist-packages/autoware_control_msgs'...
[64.806s] Compiling '/mnt/hdd/autonomy/ws/Carla-autoware_interface/deps_ws/install/autoware_control_msgs/local/lib/python3.10/dist-packages/autoware_control_msgs/__init__.py'...
[64.806s] Listing '/mnt/hdd/autonomy/ws/Carla-autoware_interface/deps_ws/install/autoware_control_msgs/local/lib/python3.10/dist-packages/autoware_control_msgs/msg'...
[64.806s] Compiling '/mnt/hdd/autonomy/ws/Carla-autoware_interface/deps_ws/install/autoware_control_msgs/local/lib/python3.10/dist-packages/autoware_control_msgs/msg/__init__.py'...
[64.807s] Compiling '/mnt/hdd/autonomy/ws/Carla-autoware_interface/deps_ws/install/autoware_control_msgs/local/lib/python3.10/dist-packages/autoware_control_msgs/msg/_control.py'...
[64.807s] Compiling '/mnt/hdd/autonomy/ws/Carla-autoware_interface/deps_ws/install/autoware_control_msgs/local/lib/python3.10/dist-packages/autoware_control_msgs/msg/_control_horizon.py'...
[64.807s] Compiling '/mnt/hdd/autonomy/ws/Carla-autoware_interface/deps_ws/install/autoware_control_msgs/local/lib/python3.10/dist-packages/autoware_control_msgs/msg/_lateral.py'...
[64.807s] Compiling '/mnt/hdd/autonomy/ws/Carla-autoware_interface/deps_ws/install/autoware_control_msgs/local/lib/python3.10/dist-packages/autoware_control_msgs/msg/_longitudinal.py'...
[64.821s] -- Installing: /mnt/hdd/autonomy/ws/Carla-autoware_interface/deps_ws/install/autoware_control_msgs/lib/libautoware_control_msgs__rosidl_generator_py.so
[64.823s] -- Set runtime path of "/mnt/hdd/autonomy/ws/Carla-autoware_interface/deps_ws/install/autoware_control_msgs/lib/libautoware_control_msgs__rosidl_generator_py.so" to ""
[64.826s] -- Installing: /mnt/hdd/autonomy/ws/Carla-autoware_interface/deps_ws/install/autoware_control_msgs/share/autoware_control_msgs/cmake/export_autoware_control_msgs__rosidl_generator_cExport.cmake
[64.828s] -- Installing: /mnt/hdd/autonomy/ws/Carla-autoware_interface/deps_ws/install/autoware_control_msgs/share/autoware_control_msgs/cmake/export_autoware_control_msgs__rosidl_generator_cExport-noconfig.cmake
[64.828s] -- Installing: /mnt/hdd/autonomy/ws/Carla-autoware_interface/deps_ws/install/autoware_control_msgs/share/autoware_control_msgs/cmake/export_autoware_control_msgs__rosidl_typesupport_fastrtps_cExport.cmake
[64.828s] -- Installing: /mnt/hdd/autonomy/ws/Carla-autoware_interface/deps_ws/install/autoware_control_msgs/share/autoware_control_msgs/cmake/export_autoware_control_msgs__rosidl_typesupport_fastrtps_cExport-noconfig.cmake
[64.828s] -- Installing: /mnt/hdd/autonomy/ws/Carla-autoware_interface/deps_ws/install/autoware_control_msgs/share/autoware_control_msgs/cmake/export_autoware_control_msgs__rosidl_generator_cppExport.cmake
[64.828s] -- Installing: /mnt/hdd/autonomy/ws/Carla-autoware_interface/deps_ws/install/autoware_control_msgs/share/autoware_control_msgs/cmake/export_autoware_control_msgs__rosidl_typesupport_fastrtps_cppExport.cmake
[64.828s] -- Installing: /mnt/hdd/autonomy/ws/Carla-autoware_interface/deps_ws/install/autoware_control_msgs/share/autoware_control_msgs/cmake/export_autoware_control_msgs__rosidl_typesupport_fastrtps_cppExport-noconfig.cmake
[64.829s] -- Installing: /mnt/hdd/autonomy/ws/Carla-autoware_interface/deps_ws/install/autoware_control_msgs/share/autoware_control_msgs/cmake/autoware_control_msgs__rosidl_typesupport_introspection_cExport.cmake
[64.829s] -- Installing: /mnt/hdd/autonomy/ws/Carla-autoware_interface/deps_ws/install/autoware_control_msgs/share/autoware_control_msgs/cmake/autoware_control_msgs__rosidl_typesupport_introspection_cExport-noconfig.cmake
[64.830s] -- Installing: /mnt/hdd/autonomy/ws/Carla-autoware_interface/deps_ws/install/autoware_control_msgs/share/autoware_control_msgs/cmake/autoware_control_msgs__rosidl_typesupport_cExport.cmake
[64.830s] -- Installing: /mnt/hdd/autonomy/ws/Carla-autoware_interface/deps_ws/install/autoware_control_msgs/share/autoware_control_msgs/cmake/autoware_control_msgs__rosidl_typesupport_cExport-noconfig.cmake
[64.830s] -- Installing: /mnt/hdd/autonomy/ws/Carla-autoware_interface/deps_ws/install/autoware_control_msgs/share/autoware_control_msgs/cmake/autoware_control_msgs__rosidl_typesupport_introspection_cppExport.cmake
[64.830s] -- Installing: /mnt/hdd/autonomy/ws/Carla-autoware_interface/deps_ws/install/autoware_control_msgs/share/autoware_control_msgs/cmake/autoware_control_msgs__rosidl_typesupport_introspection_cppExport-noconfig.cmake
[64.830s] -- Installing: /mnt/hdd/autonomy/ws/Carla-autoware_interface/deps_ws/install/autoware_control_msgs/share/autoware_control_msgs/cmake/autoware_control_msgs__rosidl_typesupport_cppExport.cmake
[64.830s] -- Installing: /mnt/hdd/autonomy/ws/Carla-autoware_interface/deps_ws/install/autoware_control_msgs/share/autoware_control_msgs/cmake/autoware_control_msgs__rosidl_typesupport_cppExport-noconfig.cmake
[64.830s] -- Installing: /mnt/hdd/autonomy/ws/Carla-autoware_interface/deps_ws/install/autoware_control_msgs/share/autoware_control_msgs/cmake/export_autoware_control_msgs__rosidl_generator_pyExport.cmake
[64.830s] -- Installing: /mnt/hdd/autonomy/ws/Carla-autoware_interface/deps_ws/install/autoware_control_msgs/share/autoware_control_msgs/cmake/export_autoware_control_msgs__rosidl_generator_pyExport-noconfig.cmake
[64.835s] Invoked command in '/mnt/hdd/autonomy/ws/Carla-autoware_interface/deps_ws/build/autoware_control_msgs' returned '0': CMAKE_PREFIX_PATH=${CMAKE_PREFIX_PATH}:/opt/ros/humble /usr/bin/cmake --install /mnt/hdd/autonomy/ws/Carla-autoware_interface/deps_ws/build/autoware_control_msgs
