[0.110s] Invoking command in '/mnt/hdd/autonomy/ws/Carla-autoware_interface/deps_ws/build/autoware_vehicle_msgs': AMENT_PREFIX_PATH=/mnt/hdd/autonomy/ws/Carla-autoware_interface/deps_ws/install/autoware_planning_msgs:/mnt/hdd/autonomy/ws/Carla-autoware_interface/deps_ws/install/autoware_common_msgs:${AMENT_PREFIX_PATH} CMAKE_PREFIX_PATH=/mnt/hdd/autonomy/ws/Carla-autoware_interface/deps_ws/install/autoware_planning_msgs:/mnt/hdd/autonomy/ws/Carla-autoware_interface/deps_ws/install/autoware_common_msgs:/mnt/hdd/autonomy/ws/Carla-autoware_interface/msg_ws/install/autoware_auto_msgs:/mnt/hdd/autonomy/ws/Carla-autoware_interface/msg_ws/install/autoware_auto_vehicle_msgs:/mnt/hdd/autonomy/ws/Carla-autoware_interface/msg_ws/install/autoware_auto_system_msgs:/mnt/hdd/autonomy/ws/Carla-autoware_interface/msg_ws/install/autoware_auto_planning_msgs:/mnt/hdd/autonomy/ws/Carla-autoware_interface/msg_ws/install/autoware_auto_perception_msgs:/mnt/hdd/autonomy/ws/Carla-autoware_interface/msg_ws/install/autoware_auto_mapping_msgs:/mnt/hdd/autonomy/ws/Carla-autoware_interface/msg_ws/install/autoware_auto_geometry_msgs:/mnt/hdd/autonomy/ws/Carla-autoware_interface/msg_ws/install/autoware_auto_control_msgs:/opt/ros/humble LD_LIBRARY_PATH=/mnt/hdd/autonomy/ws/Carla-autoware_interface/deps_ws/install/autoware_planning_msgs/lib:/mnt/hdd/autonomy/ws/Carla-autoware_interface/deps_ws/install/autoware_common_msgs/lib:${LD_LIBRARY_PATH} PYTHONPATH=/mnt/hdd/autonomy/ws/Carla-autoware_interface/deps_ws/install/autoware_planning_msgs/local/lib/python3.10/dist-packages:/mnt/hdd/autonomy/ws/Carla-autoware_interface/deps_ws/install/autoware_common_msgs/local/lib/python3.10/dist-packages:${PYTHONPATH} /usr/bin/cmake /mnt/hdd/autonomy/ws/Carla-autoware_interface/deps_ws/src/autoware_msgs/autoware_vehicle_msgs -DAMENT_CMAKE_SYMLINK_INSTALL=1 -DCMAKE_INSTALL_PREFIX=/mnt/hdd/autonomy/ws/Carla-autoware_interface/deps_ws/install/autoware_vehicle_msgs
[0.380s] -- The C compiler identification is GNU 11.4.0
[0.595s] -- The CXX compiler identification is GNU 11.4.0
[0.643s] -- Detecting C compiler ABI info
[1.058s] -- Detecting C compiler ABI info - done
[1.073s] -- Check for working C compiler: /usr/lib/ccache/gcc - skipped
[1.074s] -- Detecting C compile features
[1.074s] -- Detecting C compile features - done
[1.078s] -- Detecting CXX compiler ABI info
[1.491s] -- Detecting CXX compiler ABI info - done
[1.502s] -- Check for working CXX compiler: /usr/lib/ccache/g++ - skipped
[1.503s] -- Detecting CXX compile features
[1.503s] -- Detecting CXX compile features - done
[1.507s] -- Found ament_cmake_auto: 1.3.12 (/opt/ros/humble/share/ament_cmake_auto/cmake)
[2.002s] -- Found Python3: /usr/bin/python3 (found version "3.10.12") found components: Interpreter 
[2.154s] -- Override CMake install command with custom implementation using symlinks instead of copying resources
[2.416s] -- Found rosidl_generator_c: 3.1.8 (/opt/ros/humble/share/rosidl_generator_c/cmake)
[2.423s] -- Found rosidl_adapter: 3.1.8 (/opt/ros/humble/share/rosidl_adapter/cmake)
[2.437s] -- Found rosidl_generator_cpp: 3.1.8 (/opt/ros/humble/share/rosidl_generator_cpp/cmake)
[2.458s] -- Using all available rosidl_typesupport_c: rosidl_typesupport_fastrtps_c;rosidl_typesupport_introspection_c
[2.490s] -- Using all available rosidl_typesupport_cpp: rosidl_typesupport_fastrtps_cpp;rosidl_typesupport_introspection_cpp
[3.315s] -- Found ament_cmake_cppcheck: 0.12.14 (/opt/ros/humble/share/ament_cmake_cppcheck/cmake)
[3.321s] -- Found ament_cmake_cpplint: 0.12.14 (/opt/ros/humble/share/ament_cmake_cpplint/cmake)
[3.324s] -- Found ament_cmake_uncrustify: 0.12.14 (/opt/ros/humble/share/ament_cmake_uncrustify/cmake)
[3.328s] -- Found ament_cmake_ros: 0.10.0 (/opt/ros/humble/share/ament_cmake_ros/cmake)
[4.416s] -- Using all available rosidl_typesupport_c: rosidl_typesupport_fastrtps_c;rosidl_typesupport_introspection_c
[4.897s] -- Using all available rosidl_typesupport_cpp: rosidl_typesupport_fastrtps_cpp;rosidl_typesupport_introspection_cpp
[4.961s] -- Found PythonInterp: /usr/bin/python3 (found suitable version "3.10.12", minimum required is "3.6") 
[4.976s] -- Found python_cmake_module: 0.10.0 (/opt/ros/humble/share/python_cmake_module/cmake)
[5.054s] -- Found PythonLibs: /usr/lib/x86_64-linux-gnu/libpython3.10.so (found suitable version "3.10.12", minimum required is "3.5") 
[5.054s] -- Using PYTHON_EXECUTABLE: /usr/bin/python3
[5.054s] -- Using PYTHON_INCLUDE_DIRS: /usr/include/python3.10
[5.054s] -- Using PYTHON_LIBRARIES: /usr/lib/x86_64-linux-gnu/libpython3.10.so
[5.125s] -- Found PythonExtra: .so  
[5.311s] -- Found ament_cmake_flake8: 0.12.14 (/opt/ros/humble/share/ament_cmake_flake8/cmake)
[5.314s] -- Found ament_cmake_pep257: 0.12.14 (/opt/ros/humble/share/ament_cmake_pep257/cmake)
[5.323s] -- Found ament_lint_auto: 0.12.14 (/opt/ros/humble/share/ament_lint_auto/cmake)
[5.346s] -- Added test 'copyright' to check source files copyright and LICENSE
[5.347s] -- Added test 'lint_cmake' to check CMake code style
[5.347s] -- Added test 'xmllint' to check XML markup files
[5.349s] -- Configuring done
[5.473s] -- Generating done
[5.496s] -- Build files have been written to: /mnt/hdd/autonomy/ws/Carla-autoware_interface/deps_ws/build/autoware_vehicle_msgs
[5.515s] Invoked command in '/mnt/hdd/autonomy/ws/Carla-autoware_interface/deps_ws/build/autoware_vehicle_msgs' returned '0': AMENT_PREFIX_PATH=/mnt/hdd/autonomy/ws/Carla-autoware_interface/deps_ws/install/autoware_planning_msgs:/mnt/hdd/autonomy/ws/Carla-autoware_interface/deps_ws/install/autoware_common_msgs:${AMENT_PREFIX_PATH} CMAKE_PREFIX_PATH=/mnt/hdd/autonomy/ws/Carla-autoware_interface/deps_ws/install/autoware_planning_msgs:/mnt/hdd/autonomy/ws/Carla-autoware_interface/deps_ws/install/autoware_common_msgs:/mnt/hdd/autonomy/ws/Carla-autoware_interface/msg_ws/install/autoware_auto_msgs:/mnt/hdd/autonomy/ws/Carla-autoware_interface/msg_ws/install/autoware_auto_vehicle_msgs:/mnt/hdd/autonomy/ws/Carla-autoware_interface/msg_ws/install/autoware_auto_system_msgs:/mnt/hdd/autonomy/ws/Carla-autoware_interface/msg_ws/install/autoware_auto_planning_msgs:/mnt/hdd/autonomy/ws/Carla-autoware_interface/msg_ws/install/autoware_auto_perception_msgs:/mnt/hdd/autonomy/ws/Carla-autoware_interface/msg_ws/install/autoware_auto_mapping_msgs:/mnt/hdd/autonomy/ws/Carla-autoware_interface/msg_ws/install/autoware_auto_geometry_msgs:/mnt/hdd/autonomy/ws/Carla-autoware_interface/msg_ws/install/autoware_auto_control_msgs:/opt/ros/humble LD_LIBRARY_PATH=/mnt/hdd/autonomy/ws/Carla-autoware_interface/deps_ws/install/autoware_planning_msgs/lib:/mnt/hdd/autonomy/ws/Carla-autoware_interface/deps_ws/install/autoware_common_msgs/lib:${LD_LIBRARY_PATH} PYTHONPATH=/mnt/hdd/autonomy/ws/Carla-autoware_interface/deps_ws/install/autoware_planning_msgs/local/lib/python3.10/dist-packages:/mnt/hdd/autonomy/ws/Carla-autoware_interface/deps_ws/install/autoware_common_msgs/local/lib/python3.10/dist-packages:${PYTHONPATH} /usr/bin/cmake /mnt/hdd/autonomy/ws/Carla-autoware_interface/deps_ws/src/autoware_msgs/autoware_vehicle_msgs -DAMENT_CMAKE_SYMLINK_INSTALL=1 -DCMAKE_INSTALL_PREFIX=/mnt/hdd/autonomy/ws/Carla-autoware_interface/deps_ws/install/autoware_vehicle_msgs
[5.516s] Invoking command in '/mnt/hdd/autonomy/ws/Carla-autoware_interface/deps_ws/build/autoware_vehicle_msgs': AMENT_PREFIX_PATH=/mnt/hdd/autonomy/ws/Carla-autoware_interface/deps_ws/install/autoware_planning_msgs:/mnt/hdd/autonomy/ws/Carla-autoware_interface/deps_ws/install/autoware_common_msgs:${AMENT_PREFIX_PATH} CMAKE_PREFIX_PATH=/mnt/hdd/autonomy/ws/Carla-autoware_interface/deps_ws/install/autoware_planning_msgs:/mnt/hdd/autonomy/ws/Carla-autoware_interface/deps_ws/install/autoware_common_msgs:/mnt/hdd/autonomy/ws/Carla-autoware_interface/msg_ws/install/autoware_auto_msgs:/mnt/hdd/autonomy/ws/Carla-autoware_interface/msg_ws/install/autoware_auto_vehicle_msgs:/mnt/hdd/autonomy/ws/Carla-autoware_interface/msg_ws/install/autoware_auto_system_msgs:/mnt/hdd/autonomy/ws/Carla-autoware_interface/msg_ws/install/autoware_auto_planning_msgs:/mnt/hdd/autonomy/ws/Carla-autoware_interface/msg_ws/install/autoware_auto_perception_msgs:/mnt/hdd/autonomy/ws/Carla-autoware_interface/msg_ws/install/autoware_auto_mapping_msgs:/mnt/hdd/autonomy/ws/Carla-autoware_interface/msg_ws/install/autoware_auto_geometry_msgs:/mnt/hdd/autonomy/ws/Carla-autoware_interface/msg_ws/install/autoware_auto_control_msgs:/opt/ros/humble LD_LIBRARY_PATH=/mnt/hdd/autonomy/ws/Carla-autoware_interface/deps_ws/install/autoware_planning_msgs/lib:/mnt/hdd/autonomy/ws/Carla-autoware_interface/deps_ws/install/autoware_common_msgs/lib:${LD_LIBRARY_PATH} PYTHONPATH=/mnt/hdd/autonomy/ws/Carla-autoware_interface/deps_ws/install/autoware_planning_msgs/local/lib/python3.10/dist-packages:/mnt/hdd/autonomy/ws/Carla-autoware_interface/deps_ws/install/autoware_common_msgs/local/lib/python3.10/dist-packages:${PYTHONPATH} /usr/bin/cmake --build /mnt/hdd/autonomy/ws/Carla-autoware_interface/deps_ws/build/autoware_vehicle_msgs -- -j16 -l16
[5.897s] [  0%] Generating C++ code for ROS interfaces
[10.599s] [  0%] Built target autoware_vehicle_msgs__cpp
[10.813s] [  0%] Built target ament_cmake_python_symlink_autoware_vehicle_msgs
[10.926s] [  1%] Generating C++ introspection for ROS interfaces
[13.656s] [  2%] Building CXX object CMakeFiles/autoware_vehicle_msgs__rosidl_typesupport_introspection_cpp.dir/rosidl_typesupport_introspection_cpp/autoware_vehicle_msgs/msg/detail/control_mode_report__type_support.cpp.o
[14.317s] [  3%] Building CXX object CMakeFiles/autoware_vehicle_msgs__rosidl_typesupport_introspection_cpp.dir/rosidl_typesupport_introspection_cpp/autoware_vehicle_msgs/srv/detail/control_mode_command__type_support.cpp.o
[15.002s] [  4%] Building CXX object CMakeFiles/autoware_vehicle_msgs__rosidl_typesupport_introspection_cpp.dir/rosidl_typesupport_introspection_cpp/autoware_vehicle_msgs/msg/detail/velocity_report__type_support.cpp.o
[15.641s] [  5%] Building CXX object CMakeFiles/autoware_vehicle_msgs__rosidl_typesupport_introspection_cpp.dir/rosidl_typesupport_introspection_cpp/autoware_vehicle_msgs/msg/detail/turn_indicators_report__type_support.cpp.o
[16.387s] [  6%] Building CXX object CMakeFiles/autoware_vehicle_msgs__rosidl_typesupport_introspection_cpp.dir/rosidl_typesupport_introspection_cpp/autoware_vehicle_msgs/msg/detail/turn_indicators_command__type_support.cpp.o
[17.049s] [  7%] Building CXX object CMakeFiles/autoware_vehicle_msgs__rosidl_typesupport_introspection_cpp.dir/rosidl_typesupport_introspection_cpp/autoware_vehicle_msgs/msg/detail/steering_report__type_support.cpp.o
[17.802s] [  8%] Building CXX object CMakeFiles/autoware_vehicle_msgs__rosidl_typesupport_introspection_cpp.dir/rosidl_typesupport_introspection_cpp/autoware_vehicle_msgs/msg/detail/hazard_lights_report__type_support.cpp.o
[18.530s] [  9%] Building CXX object CMakeFiles/autoware_vehicle_msgs__rosidl_typesupport_introspection_cpp.dir/rosidl_typesupport_introspection_cpp/autoware_vehicle_msgs/msg/detail/hazard_lights_command__type_support.cpp.o
[19.240s] [ 10%] Building CXX object CMakeFiles/autoware_vehicle_msgs__rosidl_typesupport_introspection_cpp.dir/rosidl_typesupport_introspection_cpp/autoware_vehicle_msgs/msg/detail/gear_report__type_support.cpp.o
[19.983s] [ 11%] Building CXX object CMakeFiles/autoware_vehicle_msgs__rosidl_typesupport_introspection_cpp.dir/rosidl_typesupport_introspection_cpp/autoware_vehicle_msgs/msg/detail/gear_command__type_support.cpp.o
[20.811s] [ 11%] Building CXX object CMakeFiles/autoware_vehicle_msgs__rosidl_typesupport_introspection_cpp.dir/rosidl_typesupport_introspection_cpp/autoware_vehicle_msgs/msg/detail/engage__type_support.cpp.o
[21.545s] [ 12%] Linking CXX shared library libautoware_vehicle_msgs__rosidl_typesupport_introspection_cpp.so
[21.841s] [ 12%] Built target autoware_vehicle_msgs__rosidl_typesupport_introspection_cpp
[22.495s] running egg_info
[22.499s] creating autoware_vehicle_msgs.egg-info
[22.499s] writing autoware_vehicle_msgs.egg-info/PKG-INFO
[22.499s] writing dependency_links to autoware_vehicle_msgs.egg-info/dependency_links.txt
[22.499s] writing top-level names to autoware_vehicle_msgs.egg-info/top_level.txt
[22.499s] writing manifest file 'autoware_vehicle_msgs.egg-info/SOURCES.txt'
[22.500s] reading manifest file 'autoware_vehicle_msgs.egg-info/SOURCES.txt'
[22.501s] writing manifest file 'autoware_vehicle_msgs.egg-info/SOURCES.txt'
[22.651s] [ 12%] Built target ament_cmake_python_build_autoware_vehicle_msgs_egg
[22.742s] [ 12%] Generating C++ type support for eProsima Fast-RTPS
[26.064s] [ 13%] Building CXX object CMakeFiles/autoware_vehicle_msgs__rosidl_typesupport_fastrtps_cpp.dir/rosidl_typesupport_fastrtps_cpp/autoware_vehicle_msgs/msg/detail/dds_fastrtps/control_mode_report__type_support.cpp.o
[26.789s] [ 14%] Building CXX object CMakeFiles/autoware_vehicle_msgs__rosidl_typesupport_fastrtps_cpp.dir/rosidl_typesupport_fastrtps_cpp/autoware_vehicle_msgs/srv/detail/dds_fastrtps/control_mode_command__type_support.cpp.o
[27.499s] [ 14%] Building CXX object CMakeFiles/autoware_vehicle_msgs__rosidl_typesupport_fastrtps_cpp.dir/rosidl_typesupport_fastrtps_cpp/autoware_vehicle_msgs/msg/detail/dds_fastrtps/velocity_report__type_support.cpp.o
[28.268s] [ 15%] Building CXX object CMakeFiles/autoware_vehicle_msgs__rosidl_typesupport_fastrtps_cpp.dir/rosidl_typesupport_fastrtps_cpp/autoware_vehicle_msgs/msg/detail/dds_fastrtps/turn_indicators_report__type_support.cpp.o
[28.985s] [ 16%] Building CXX object CMakeFiles/autoware_vehicle_msgs__rosidl_typesupport_fastrtps_cpp.dir/rosidl_typesupport_fastrtps_cpp/autoware_vehicle_msgs/msg/detail/dds_fastrtps/turn_indicators_command__type_support.cpp.o
[29.724s] [ 17%] Building CXX object CMakeFiles/autoware_vehicle_msgs__rosidl_typesupport_fastrtps_cpp.dir/rosidl_typesupport_fastrtps_cpp/autoware_vehicle_msgs/msg/detail/dds_fastrtps/steering_report__type_support.cpp.o
[30.417s] [ 18%] Building CXX object CMakeFiles/autoware_vehicle_msgs__rosidl_typesupport_fastrtps_cpp.dir/rosidl_typesupport_fastrtps_cpp/autoware_vehicle_msgs/msg/detail/dds_fastrtps/hazard_lights_report__type_support.cpp.o
[31.113s] [ 19%] Building CXX object CMakeFiles/autoware_vehicle_msgs__rosidl_typesupport_fastrtps_cpp.dir/rosidl_typesupport_fastrtps_cpp/autoware_vehicle_msgs/msg/detail/dds_fastrtps/hazard_lights_command__type_support.cpp.o
[31.812s] [ 20%] Building CXX object CMakeFiles/autoware_vehicle_msgs__rosidl_typesupport_fastrtps_cpp.dir/rosidl_typesupport_fastrtps_cpp/autoware_vehicle_msgs/msg/detail/dds_fastrtps/gear_report__type_support.cpp.o
[32.545s] [ 21%] Building CXX object CMakeFiles/autoware_vehicle_msgs__rosidl_typesupport_fastrtps_cpp.dir/rosidl_typesupport_fastrtps_cpp/autoware_vehicle_msgs/msg/detail/dds_fastrtps/gear_command__type_support.cpp.o
[33.234s] [ 22%] Building CXX object CMakeFiles/autoware_vehicle_msgs__rosidl_typesupport_fastrtps_cpp.dir/rosidl_typesupport_fastrtps_cpp/autoware_vehicle_msgs/msg/detail/dds_fastrtps/engage__type_support.cpp.o
[33.973s] [ 23%] Linking CXX shared library libautoware_vehicle_msgs__rosidl_typesupport_fastrtps_cpp.so
[34.314s] [ 23%] Built target autoware_vehicle_msgs__rosidl_typesupport_fastrtps_cpp
[34.398s] [ 24%] Generating C++ type support dispatch for ROS interfaces
[36.271s] [ 25%] Building CXX object CMakeFiles/autoware_vehicle_msgs__rosidl_typesupport_cpp.dir/rosidl_typesupport_cpp/autoware_vehicle_msgs/msg/control_mode_report__type_support.cpp.o
[36.850s] [ 26%] Building CXX object CMakeFiles/autoware_vehicle_msgs__rosidl_typesupport_cpp.dir/rosidl_typesupport_cpp/autoware_vehicle_msgs/srv/control_mode_command__type_support.cpp.o
[37.275s] [ 27%] Building CXX object CMakeFiles/autoware_vehicle_msgs__rosidl_typesupport_cpp.dir/rosidl_typesupport_cpp/autoware_vehicle_msgs/msg/velocity_report__type_support.cpp.o
[37.740s] [ 28%] Building CXX object CMakeFiles/autoware_vehicle_msgs__rosidl_typesupport_cpp.dir/rosidl_typesupport_cpp/autoware_vehicle_msgs/msg/turn_indicators_report__type_support.cpp.o
[38.254s] [ 28%] Building CXX object CMakeFiles/autoware_vehicle_msgs__rosidl_typesupport_cpp.dir/rosidl_typesupport_cpp/autoware_vehicle_msgs/msg/turn_indicators_command__type_support.cpp.o
[38.809s] [ 29%] Building CXX object CMakeFiles/autoware_vehicle_msgs__rosidl_typesupport_cpp.dir/rosidl_typesupport_cpp/autoware_vehicle_msgs/msg/steering_report__type_support.cpp.o
[39.399s] [ 30%] Building CXX object CMakeFiles/autoware_vehicle_msgs__rosidl_typesupport_cpp.dir/rosidl_typesupport_cpp/autoware_vehicle_msgs/msg/hazard_lights_report__type_support.cpp.o
[39.875s] [ 31%] Building CXX object CMakeFiles/autoware_vehicle_msgs__rosidl_typesupport_cpp.dir/rosidl_typesupport_cpp/autoware_vehicle_msgs/msg/hazard_lights_command__type_support.cpp.o
[40.459s] [ 32%] Building CXX object CMakeFiles/autoware_vehicle_msgs__rosidl_typesupport_cpp.dir/rosidl_typesupport_cpp/autoware_vehicle_msgs/msg/gear_report__type_support.cpp.o
[40.984s] [ 33%] Building CXX object CMakeFiles/autoware_vehicle_msgs__rosidl_typesupport_cpp.dir/rosidl_typesupport_cpp/autoware_vehicle_msgs/msg/gear_command__type_support.cpp.o
[41.484s] [ 34%] Building CXX object CMakeFiles/autoware_vehicle_msgs__rosidl_typesupport_cpp.dir/rosidl_typesupport_cpp/autoware_vehicle_msgs/msg/engage__type_support.cpp.o
[42.094s] [ 35%] Linking CXX shared library libautoware_vehicle_msgs__rosidl_typesupport_cpp.so
[42.320s] [ 35%] Built target autoware_vehicle_msgs__rosidl_typesupport_cpp
[42.393s] [ 36%] Generating C code for ROS interfaces
[47.534s] [ 37%] Building C object CMakeFiles/autoware_vehicle_msgs__rosidl_generator_c.dir/rosidl_generator_c/autoware_vehicle_msgs/msg/detail/control_mode_report__functions.c.o
[47.694s] [ 38%] Building C object CMakeFiles/autoware_vehicle_msgs__rosidl_generator_c.dir/rosidl_generator_c/autoware_vehicle_msgs/srv/detail/control_mode_command__functions.c.o
[47.923s] [ 39%] Building C object CMakeFiles/autoware_vehicle_msgs__rosidl_generator_c.dir/rosidl_generator_c/autoware_vehicle_msgs/msg/detail/velocity_report__functions.c.o
[48.102s] [ 40%] Building C object CMakeFiles/autoware_vehicle_msgs__rosidl_generator_c.dir/rosidl_generator_c/autoware_vehicle_msgs/msg/detail/turn_indicators_report__functions.c.o
[48.293s] [ 40%] Building C object CMakeFiles/autoware_vehicle_msgs__rosidl_generator_c.dir/rosidl_generator_c/autoware_vehicle_msgs/msg/detail/turn_indicators_command__functions.c.o
[48.483s] [ 41%] Building C object CMakeFiles/autoware_vehicle_msgs__rosidl_generator_c.dir/rosidl_generator_c/autoware_vehicle_msgs/msg/detail/steering_report__functions.c.o
[48.671s] [ 42%] Building C object CMakeFiles/autoware_vehicle_msgs__rosidl_generator_c.dir/rosidl_generator_c/autoware_vehicle_msgs/msg/detail/hazard_lights_report__functions.c.o
[48.857s] [ 43%] Building C object CMakeFiles/autoware_vehicle_msgs__rosidl_generator_c.dir/rosidl_generator_c/autoware_vehicle_msgs/msg/detail/hazard_lights_command__functions.c.o
[49.011s] [ 44%] Building C object CMakeFiles/autoware_vehicle_msgs__rosidl_generator_c.dir/rosidl_generator_c/autoware_vehicle_msgs/msg/detail/gear_report__functions.c.o
[49.183s] [ 45%] Building C object CMakeFiles/autoware_vehicle_msgs__rosidl_generator_c.dir/rosidl_generator_c/autoware_vehicle_msgs/msg/detail/gear_command__functions.c.o
[49.338s] [ 46%] Building C object CMakeFiles/autoware_vehicle_msgs__rosidl_generator_c.dir/rosidl_generator_c/autoware_vehicle_msgs/msg/detail/engage__functions.c.o
[49.536s] [ 47%] Linking C shared library libautoware_vehicle_msgs__rosidl_generator_c.so
[49.751s] [ 47%] Built target autoware_vehicle_msgs__rosidl_generator_c
[49.822s] [ 48%] Generating C type support for eProsima Fast-RTPS
[52.756s] [ 49%] Building CXX object CMakeFiles/autoware_vehicle_msgs__rosidl_typesupport_fastrtps_c.dir/rosidl_typesupport_fastrtps_c/autoware_vehicle_msgs/msg/detail/control_mode_report__type_support_c.cpp.o
[53.338s] [ 50%] Building CXX object CMakeFiles/autoware_vehicle_msgs__rosidl_typesupport_fastrtps_c.dir/rosidl_typesupport_fastrtps_c/autoware_vehicle_msgs/srv/detail/control_mode_command__type_support_c.cpp.o
[53.892s] [ 51%] Building CXX object CMakeFiles/autoware_vehicle_msgs__rosidl_typesupport_fastrtps_c.dir/rosidl_typesupport_fastrtps_c/autoware_vehicle_msgs/msg/detail/velocity_report__type_support_c.cpp.o
[54.463s] [ 52%] Building CXX object CMakeFiles/autoware_vehicle_msgs__rosidl_typesupport_fastrtps_c.dir/rosidl_typesupport_fastrtps_c/autoware_vehicle_msgs/msg/detail/turn_indicators_report__type_support_c.cpp.o
[55.092s] [ 53%] Building CXX object CMakeFiles/autoware_vehicle_msgs__rosidl_typesupport_fastrtps_c.dir/rosidl_typesupport_fastrtps_c/autoware_vehicle_msgs/msg/detail/turn_indicators_command__type_support_c.cpp.o
[55.702s] [ 54%] Building CXX object CMakeFiles/autoware_vehicle_msgs__rosidl_typesupport_fastrtps_c.dir/rosidl_typesupport_fastrtps_c/autoware_vehicle_msgs/msg/detail/steering_report__type_support_c.cpp.o
[56.371s] [ 55%] Building CXX object CMakeFiles/autoware_vehicle_msgs__rosidl_typesupport_fastrtps_c.dir/rosidl_typesupport_fastrtps_c/autoware_vehicle_msgs/msg/detail/hazard_lights_report__type_support_c.cpp.o
[57.020s] [ 55%] Building CXX object CMakeFiles/autoware_vehicle_msgs__rosidl_typesupport_fastrtps_c.dir/rosidl_typesupport_fastrtps_c/autoware_vehicle_msgs/msg/detail/hazard_lights_command__type_support_c.cpp.o
[57.653s] [ 56%] Building CXX object CMakeFiles/autoware_vehicle_msgs__rosidl_typesupport_fastrtps_c.dir/rosidl_typesupport_fastrtps_c/autoware_vehicle_msgs/msg/detail/gear_report__type_support_c.cpp.o
[58.209s] [ 57%] Building CXX object CMakeFiles/autoware_vehicle_msgs__rosidl_typesupport_fastrtps_c.dir/rosidl_typesupport_fastrtps_c/autoware_vehicle_msgs/msg/detail/gear_command__type_support_c.cpp.o
[58.817s] [ 58%] Building CXX object CMakeFiles/autoware_vehicle_msgs__rosidl_typesupport_fastrtps_c.dir/rosidl_typesupport_fastrtps_c/autoware_vehicle_msgs/msg/detail/engage__type_support_c.cpp.o
[59.365s] [ 59%] Linking CXX shared library libautoware_vehicle_msgs__rosidl_typesupport_fastrtps_c.so
[59.717s] [ 59%] Built target autoware_vehicle_msgs__rosidl_typesupport_fastrtps_c
[59.811s] [ 60%] Generating C type support dispatch for ROS interfaces
[61.523s] [ 61%] Building CXX object CMakeFiles/autoware_vehicle_msgs__rosidl_typesupport_c.dir/rosidl_typesupport_c/autoware_vehicle_msgs/msg/control_mode_report__type_support.cpp.o
[61.696s] [ 62%] Building CXX object CMakeFiles/autoware_vehicle_msgs__rosidl_typesupport_c.dir/rosidl_typesupport_c/autoware_vehicle_msgs/srv/control_mode_command__type_support.cpp.o
[61.837s] [ 63%] Building CXX object CMakeFiles/autoware_vehicle_msgs__rosidl_typesupport_c.dir/rosidl_typesupport_c/autoware_vehicle_msgs/msg/velocity_report__type_support.cpp.o
[61.987s] [ 64%] Building CXX object CMakeFiles/autoware_vehicle_msgs__rosidl_typesupport_c.dir/rosidl_typesupport_c/autoware_vehicle_msgs/msg/turn_indicators_report__type_support.cpp.o
[62.107s] [ 65%] Building CXX object CMakeFiles/autoware_vehicle_msgs__rosidl_typesupport_c.dir/rosidl_typesupport_c/autoware_vehicle_msgs/msg/turn_indicators_command__type_support.cpp.o
[62.242s] [ 66%] Building CXX object CMakeFiles/autoware_vehicle_msgs__rosidl_typesupport_c.dir/rosidl_typesupport_c/autoware_vehicle_msgs/msg/steering_report__type_support.cpp.o
[62.389s] [ 67%] Building CXX object CMakeFiles/autoware_vehicle_msgs__rosidl_typesupport_c.dir/rosidl_typesupport_c/autoware_vehicle_msgs/msg/hazard_lights_report__type_support.cpp.o
[62.520s] [ 68%] Building CXX object CMakeFiles/autoware_vehicle_msgs__rosidl_typesupport_c.dir/rosidl_typesupport_c/autoware_vehicle_msgs/msg/hazard_lights_command__type_support.cpp.o
[62.663s] [ 69%] Building CXX object CMakeFiles/autoware_vehicle_msgs__rosidl_typesupport_c.dir/rosidl_typesupport_c/autoware_vehicle_msgs/msg/gear_report__type_support.cpp.o
[62.797s] [ 69%] Building CXX object CMakeFiles/autoware_vehicle_msgs__rosidl_typesupport_c.dir/rosidl_typesupport_c/autoware_vehicle_msgs/msg/gear_command__type_support.cpp.o
[62.977s] [ 70%] Building CXX object CMakeFiles/autoware_vehicle_msgs__rosidl_typesupport_c.dir/rosidl_typesupport_c/autoware_vehicle_msgs/msg/engage__type_support.cpp.o
[63.133s] [ 71%] Linking CXX shared library libautoware_vehicle_msgs__rosidl_typesupport_c.so
[63.366s] [ 71%] Built target autoware_vehicle_msgs__rosidl_typesupport_c
[63.481s] [ 72%] Generating C introspection for ROS interfaces
[66.122s] [ 73%] Building C object CMakeFiles/autoware_vehicle_msgs__rosidl_typesupport_introspection_c.dir/rosidl_typesupport_introspection_c/autoware_vehicle_msgs/msg/detail/control_mode_report__type_support.c.o
[66.301s] [ 74%] Building C object CMakeFiles/autoware_vehicle_msgs__rosidl_typesupport_introspection_c.dir/rosidl_typesupport_introspection_c/autoware_vehicle_msgs/srv/detail/control_mode_command__type_support.c.o
[66.487s] [ 75%] Building C object CMakeFiles/autoware_vehicle_msgs__rosidl_typesupport_introspection_c.dir/rosidl_typesupport_introspection_c/autoware_vehicle_msgs/msg/detail/velocity_report__type_support.c.o
[66.681s] [ 76%] Building C object CMakeFiles/autoware_vehicle_msgs__rosidl_typesupport_introspection_c.dir/rosidl_typesupport_introspection_c/autoware_vehicle_msgs/msg/detail/turn_indicators_report__type_support.c.o
[66.853s] [ 77%] Building C object CMakeFiles/autoware_vehicle_msgs__rosidl_typesupport_introspection_c.dir/rosidl_typesupport_introspection_c/autoware_vehicle_msgs/msg/detail/turn_indicators_command__type_support.c.o
[67.020s] [ 77%] Building C object CMakeFiles/autoware_vehicle_msgs__rosidl_typesupport_introspection_c.dir/rosidl_typesupport_introspection_c/autoware_vehicle_msgs/msg/detail/steering_report__type_support.c.o
[67.185s] [ 78%] Building C object CMakeFiles/autoware_vehicle_msgs__rosidl_typesupport_introspection_c.dir/rosidl_typesupport_introspection_c/autoware_vehicle_msgs/msg/detail/hazard_lights_report__type_support.c.o
[67.407s] [ 79%] Building C object CMakeFiles/autoware_vehicle_msgs__rosidl_typesupport_introspection_c.dir/rosidl_typesupport_introspection_c/autoware_vehicle_msgs/msg/detail/hazard_lights_command__type_support.c.o
[67.598s] [ 80%] Building C object CMakeFiles/autoware_vehicle_msgs__rosidl_typesupport_introspection_c.dir/rosidl_typesupport_introspection_c/autoware_vehicle_msgs/msg/detail/gear_report__type_support.c.o
[67.774s] [ 81%] Building C object CMakeFiles/autoware_vehicle_msgs__rosidl_typesupport_introspection_c.dir/rosidl_typesupport_introspection_c/autoware_vehicle_msgs/msg/detail/gear_command__type_support.c.o
[67.996s] [ 82%] Building C object CMakeFiles/autoware_vehicle_msgs__rosidl_typesupport_introspection_c.dir/rosidl_typesupport_introspection_c/autoware_vehicle_msgs/msg/detail/engage__type_support.c.o
[68.161s] [ 83%] Linking C shared library libautoware_vehicle_msgs__rosidl_typesupport_introspection_c.so
[68.348s] [ 83%] Built target autoware_vehicle_msgs__rosidl_typesupport_introspection_c
[68.519s] [ 83%] Built target autoware_vehicle_msgs
[68.724s] [ 84%] Generating Python code for ROS interfaces
[72.766s] [ 84%] Built target autoware_vehicle_msgs__py
[72.914s] [ 85%] Building C object CMakeFiles/autoware_vehicle_msgs__rosidl_generator_py.dir/rosidl_generator_py/autoware_vehicle_msgs/msg/_control_mode_report_s.c.o
[73.196s] [ 86%] Building C object CMakeFiles/autoware_vehicle_msgs__rosidl_generator_py.dir/rosidl_generator_py/autoware_vehicle_msgs/srv/_control_mode_command_s.c.o
[73.495s] [ 87%] Building C object CMakeFiles/autoware_vehicle_msgs__rosidl_generator_py.dir/rosidl_generator_py/autoware_vehicle_msgs/msg/_velocity_report_s.c.o
[73.753s] [ 88%] Building C object CMakeFiles/autoware_vehicle_msgs__rosidl_generator_py.dir/rosidl_generator_py/autoware_vehicle_msgs/msg/_turn_indicators_report_s.c.o
[73.985s] [ 89%] Building C object CMakeFiles/autoware_vehicle_msgs__rosidl_generator_py.dir/rosidl_generator_py/autoware_vehicle_msgs/msg/_turn_indicators_command_s.c.o
[74.266s] [ 90%] Building C object CMakeFiles/autoware_vehicle_msgs__rosidl_generator_py.dir/rosidl_generator_py/autoware_vehicle_msgs/msg/_steering_report_s.c.o
[74.564s] [ 90%] Building C object CMakeFiles/autoware_vehicle_msgs__rosidl_generator_py.dir/rosidl_generator_py/autoware_vehicle_msgs/msg/_hazard_lights_report_s.c.o
[74.824s] [ 91%] Building C object CMakeFiles/autoware_vehicle_msgs__rosidl_generator_py.dir/rosidl_generator_py/autoware_vehicle_msgs/msg/_hazard_lights_command_s.c.o
[75.089s] [ 92%] Building C object CMakeFiles/autoware_vehicle_msgs__rosidl_generator_py.dir/rosidl_generator_py/autoware_vehicle_msgs/msg/_gear_report_s.c.o
[75.370s] [ 93%] Building C object CMakeFiles/autoware_vehicle_msgs__rosidl_generator_py.dir/rosidl_generator_py/autoware_vehicle_msgs/msg/_gear_command_s.c.o
[75.589s] [ 94%] Building C object CMakeFiles/autoware_vehicle_msgs__rosidl_generator_py.dir/rosidl_generator_py/autoware_vehicle_msgs/msg/_engage_s.c.o
[75.864s] [ 95%] Linking C shared library rosidl_generator_py/autoware_vehicle_msgs/libautoware_vehicle_msgs__rosidl_generator_py.so
[76.278s] [ 95%] Built target autoware_vehicle_msgs__rosidl_generator_py
[76.467s] [ 96%] Building C object CMakeFiles/autoware_vehicle_msgs__rosidl_typesupport_fastrtps_c__pyext.dir/rosidl_generator_py/autoware_vehicle_msgs/_autoware_vehicle_msgs_s.ep.rosidl_typesupport_fastrtps_c.c.o
[76.797s] [ 97%] Linking C shared library rosidl_generator_py/autoware_vehicle_msgs/autoware_vehicle_msgs_s__rosidl_typesupport_fastrtps_c.cpython-310-x86_64-linux-gnu.so
[77.085s] [ 97%] Built target autoware_vehicle_msgs__rosidl_typesupport_fastrtps_c__pyext
[77.274s] [ 97%] Building C object CMakeFiles/autoware_vehicle_msgs__rosidl_typesupport_c__pyext.dir/rosidl_generator_py/autoware_vehicle_msgs/_autoware_vehicle_msgs_s.ep.rosidl_typesupport_c.c.o
[77.551s] [ 98%] Linking C shared library rosidl_generator_py/autoware_vehicle_msgs/autoware_vehicle_msgs_s__rosidl_typesupport_c.cpython-310-x86_64-linux-gnu.so
[77.797s] [ 98%] Built target autoware_vehicle_msgs__rosidl_typesupport_c__pyext
[78.001s] [ 99%] Building C object CMakeFiles/autoware_vehicle_msgs__rosidl_typesupport_introspection_c__pyext.dir/rosidl_generator_py/autoware_vehicle_msgs/_autoware_vehicle_msgs_s.ep.rosidl_typesupport_introspection_c.c.o
[78.329s] [100%] Linking C shared library rosidl_generator_py/autoware_vehicle_msgs/autoware_vehicle_msgs_s__rosidl_typesupport_introspection_c.cpython-310-x86_64-linux-gnu.so
[78.523s] [100%] Built target autoware_vehicle_msgs__rosidl_typesupport_introspection_c__pyext
[78.598s] Invoked command in '/mnt/hdd/autonomy/ws/Carla-autoware_interface/deps_ws/build/autoware_vehicle_msgs' returned '0': AMENT_PREFIX_PATH=/mnt/hdd/autonomy/ws/Carla-autoware_interface/deps_ws/install/autoware_planning_msgs:/mnt/hdd/autonomy/ws/Carla-autoware_interface/deps_ws/install/autoware_common_msgs:${AMENT_PREFIX_PATH} CMAKE_PREFIX_PATH=/mnt/hdd/autonomy/ws/Carla-autoware_interface/deps_ws/install/autoware_planning_msgs:/mnt/hdd/autonomy/ws/Carla-autoware_interface/deps_ws/install/autoware_common_msgs:/mnt/hdd/autonomy/ws/Carla-autoware_interface/msg_ws/install/autoware_auto_msgs:/mnt/hdd/autonomy/ws/Carla-autoware_interface/msg_ws/install/autoware_auto_vehicle_msgs:/mnt/hdd/autonomy/ws/Carla-autoware_interface/msg_ws/install/autoware_auto_system_msgs:/mnt/hdd/autonomy/ws/Carla-autoware_interface/msg_ws/install/autoware_auto_planning_msgs:/mnt/hdd/autonomy/ws/Carla-autoware_interface/msg_ws/install/autoware_auto_perception_msgs:/mnt/hdd/autonomy/ws/Carla-autoware_interface/msg_ws/install/autoware_auto_mapping_msgs:/mnt/hdd/autonomy/ws/Carla-autoware_interface/msg_ws/install/autoware_auto_geometry_msgs:/mnt/hdd/autonomy/ws/Carla-autoware_interface/msg_ws/install/autoware_auto_control_msgs:/opt/ros/humble LD_LIBRARY_PATH=/mnt/hdd/autonomy/ws/Carla-autoware_interface/deps_ws/install/autoware_planning_msgs/lib:/mnt/hdd/autonomy/ws/Carla-autoware_interface/deps_ws/install/autoware_common_msgs/lib:${LD_LIBRARY_PATH} PYTHONPATH=/mnt/hdd/autonomy/ws/Carla-autoware_interface/deps_ws/install/autoware_planning_msgs/local/lib/python3.10/dist-packages:/mnt/hdd/autonomy/ws/Carla-autoware_interface/deps_ws/install/autoware_common_msgs/local/lib/python3.10/dist-packages:${PYTHONPATH} /usr/bin/cmake --build /mnt/hdd/autonomy/ws/Carla-autoware_interface/deps_ws/build/autoware_vehicle_msgs -- -j16 -l16
[78.604s] Invoking command in '/mnt/hdd/autonomy/ws/Carla-autoware_interface/deps_ws/build/autoware_vehicle_msgs': AMENT_PREFIX_PATH=/mnt/hdd/autonomy/ws/Carla-autoware_interface/deps_ws/install/autoware_planning_msgs:/mnt/hdd/autonomy/ws/Carla-autoware_interface/deps_ws/install/autoware_common_msgs:${AMENT_PREFIX_PATH} CMAKE_PREFIX_PATH=/mnt/hdd/autonomy/ws/Carla-autoware_interface/deps_ws/install/autoware_planning_msgs:/mnt/hdd/autonomy/ws/Carla-autoware_interface/deps_ws/install/autoware_common_msgs:/mnt/hdd/autonomy/ws/Carla-autoware_interface/msg_ws/install/autoware_auto_msgs:/mnt/hdd/autonomy/ws/Carla-autoware_interface/msg_ws/install/autoware_auto_vehicle_msgs:/mnt/hdd/autonomy/ws/Carla-autoware_interface/msg_ws/install/autoware_auto_system_msgs:/mnt/hdd/autonomy/ws/Carla-autoware_interface/msg_ws/install/autoware_auto_planning_msgs:/mnt/hdd/autonomy/ws/Carla-autoware_interface/msg_ws/install/autoware_auto_perception_msgs:/mnt/hdd/autonomy/ws/Carla-autoware_interface/msg_ws/install/autoware_auto_mapping_msgs:/mnt/hdd/autonomy/ws/Carla-autoware_interface/msg_ws/install/autoware_auto_geometry_msgs:/mnt/hdd/autonomy/ws/Carla-autoware_interface/msg_ws/install/autoware_auto_control_msgs:/opt/ros/humble LD_LIBRARY_PATH=/mnt/hdd/autonomy/ws/Carla-autoware_interface/deps_ws/install/autoware_planning_msgs/lib:/mnt/hdd/autonomy/ws/Carla-autoware_interface/deps_ws/install/autoware_common_msgs/lib:${LD_LIBRARY_PATH} PYTHONPATH=/mnt/hdd/autonomy/ws/Carla-autoware_interface/deps_ws/install/autoware_planning_msgs/local/lib/python3.10/dist-packages:/mnt/hdd/autonomy/ws/Carla-autoware_interface/deps_ws/install/autoware_common_msgs/local/lib/python3.10/dist-packages:${PYTHONPATH} /usr/bin/cmake --install /mnt/hdd/autonomy/ws/Carla-autoware_interface/deps_ws/build/autoware_vehicle_msgs
[78.647s] -- Install configuration: ""
[78.647s] -- Execute custom install script
[78.648s] -- Symlinking: /mnt/hdd/autonomy/ws/Carla-autoware_interface/deps_ws/install/autoware_vehicle_msgs/share/ament_index/resource_index/rosidl_interfaces/autoware_vehicle_msgs
[78.698s] -- Symlinking: /mnt/hdd/autonomy/ws/Carla-autoware_interface/deps_ws/install/autoware_vehicle_msgs/include/autoware_vehicle_msgs/autoware_vehicle_msgs/msg/control_mode_report.h
[78.754s] -- Symlinking: /mnt/hdd/autonomy/ws/Carla-autoware_interface/deps_ws/install/autoware_vehicle_msgs/include/autoware_vehicle_msgs/autoware_vehicle_msgs/msg/detail/control_mode_report__functions.h
[78.805s] -- Symlinking: /mnt/hdd/autonomy/ws/Carla-autoware_interface/deps_ws/install/autoware_vehicle_msgs/include/autoware_vehicle_msgs/autoware_vehicle_msgs/msg/detail/control_mode_report__struct.h
[78.875s] -- Symlinking: /mnt/hdd/autonomy/ws/Carla-autoware_interface/deps_ws/install/autoware_vehicle_msgs/include/autoware_vehicle_msgs/autoware_vehicle_msgs/msg/detail/control_mode_report__type_support.h
[78.934s] -- Symlinking: /mnt/hdd/autonomy/ws/Carla-autoware_interface/deps_ws/install/autoware_vehicle_msgs/include/autoware_vehicle_msgs/autoware_vehicle_msgs/msg/detail/engage__functions.h
[79.036s] -- Symlinking: /mnt/hdd/autonomy/ws/Carla-autoware_interface/deps_ws/install/autoware_vehicle_msgs/include/autoware_vehicle_msgs/autoware_vehicle_msgs/msg/detail/engage__struct.h
[79.101s] -- Symlinking: /mnt/hdd/autonomy/ws/Carla-autoware_interface/deps_ws/install/autoware_vehicle_msgs/include/autoware_vehicle_msgs/autoware_vehicle_msgs/msg/detail/engage__type_support.h
[79.161s] -- Symlinking: /mnt/hdd/autonomy/ws/Carla-autoware_interface/deps_ws/install/autoware_vehicle_msgs/include/autoware_vehicle_msgs/autoware_vehicle_msgs/msg/detail/gear_command__functions.h
[79.201s] -- Symlinking: /mnt/hdd/autonomy/ws/Carla-autoware_interface/deps_ws/install/autoware_vehicle_msgs/include/autoware_vehicle_msgs/autoware_vehicle_msgs/msg/detail/gear_command__struct.h
[79.298s] -- Symlinking: /mnt/hdd/autonomy/ws/Carla-autoware_interface/deps_ws/install/autoware_vehicle_msgs/include/autoware_vehicle_msgs/autoware_vehicle_msgs/msg/detail/gear_command__type_support.h
[79.344s] -- Symlinking: /mnt/hdd/autonomy/ws/Carla-autoware_interface/deps_ws/install/autoware_vehicle_msgs/include/autoware_vehicle_msgs/autoware_vehicle_msgs/msg/detail/gear_report__functions.h
[79.387s] -- Symlinking: /mnt/hdd/autonomy/ws/Carla-autoware_interface/deps_ws/install/autoware_vehicle_msgs/include/autoware_vehicle_msgs/autoware_vehicle_msgs/msg/detail/gear_report__struct.h
[79.457s] -- Symlinking: /mnt/hdd/autonomy/ws/Carla-autoware_interface/deps_ws/install/autoware_vehicle_msgs/include/autoware_vehicle_msgs/autoware_vehicle_msgs/msg/detail/gear_report__type_support.h
[79.505s] -- Symlinking: /mnt/hdd/autonomy/ws/Carla-autoware_interface/deps_ws/install/autoware_vehicle_msgs/include/autoware_vehicle_msgs/autoware_vehicle_msgs/msg/detail/hazard_lights_command__functions.h
[79.590s] -- Symlinking: /mnt/hdd/autonomy/ws/Carla-autoware_interface/deps_ws/install/autoware_vehicle_msgs/include/autoware_vehicle_msgs/autoware_vehicle_msgs/msg/detail/hazard_lights_command__struct.h
[79.648s] -- Symlinking: /mnt/hdd/autonomy/ws/Carla-autoware_interface/deps_ws/install/autoware_vehicle_msgs/include/autoware_vehicle_msgs/autoware_vehicle_msgs/msg/detail/hazard_lights_command__type_support.h
[79.681s] -- Symlinking: /mnt/hdd/autonomy/ws/Carla-autoware_interface/deps_ws/install/autoware_vehicle_msgs/include/autoware_vehicle_msgs/autoware_vehicle_msgs/msg/detail/hazard_lights_report__functions.h
[79.781s] -- Symlinking: /mnt/hdd/autonomy/ws/Carla-autoware_interface/deps_ws/install/autoware_vehicle_msgs/include/autoware_vehicle_msgs/autoware_vehicle_msgs/msg/detail/hazard_lights_report__struct.h
[79.828s] -- Symlinking: /mnt/hdd/autonomy/ws/Carla-autoware_interface/deps_ws/install/autoware_vehicle_msgs/include/autoware_vehicle_msgs/autoware_vehicle_msgs/msg/detail/hazard_lights_report__type_support.h
[79.863s] -- Symlinking: /mnt/hdd/autonomy/ws/Carla-autoware_interface/deps_ws/install/autoware_vehicle_msgs/include/autoware_vehicle_msgs/autoware_vehicle_msgs/msg/detail/steering_report__functions.h
[79.940s] -- Symlinking: /mnt/hdd/autonomy/ws/Carla-autoware_interface/deps_ws/install/autoware_vehicle_msgs/include/autoware_vehicle_msgs/autoware_vehicle_msgs/msg/detail/steering_report__struct.h
[79.994s] -- Symlinking: /mnt/hdd/autonomy/ws/Carla-autoware_interface/deps_ws/install/autoware_vehicle_msgs/include/autoware_vehicle_msgs/autoware_vehicle_msgs/msg/detail/steering_report__type_support.h
[80.053s] -- Symlinking: /mnt/hdd/autonomy/ws/Carla-autoware_interface/deps_ws/install/autoware_vehicle_msgs/include/autoware_vehicle_msgs/autoware_vehicle_msgs/msg/detail/turn_indicators_command__functions.h
[80.123s] -- Symlinking: /mnt/hdd/autonomy/ws/Carla-autoware_interface/deps_ws/install/autoware_vehicle_msgs/include/autoware_vehicle_msgs/autoware_vehicle_msgs/msg/detail/turn_indicators_command__struct.h
[80.178s] -- Symlinking: /mnt/hdd/autonomy/ws/Carla-autoware_interface/deps_ws/install/autoware_vehicle_msgs/include/autoware_vehicle_msgs/autoware_vehicle_msgs/msg/detail/turn_indicators_command__type_support.h
[80.252s] -- Symlinking: /mnt/hdd/autonomy/ws/Carla-autoware_interface/deps_ws/install/autoware_vehicle_msgs/include/autoware_vehicle_msgs/autoware_vehicle_msgs/msg/detail/turn_indicators_report__functions.h
[80.298s] -- Symlinking: /mnt/hdd/autonomy/ws/Carla-autoware_interface/deps_ws/install/autoware_vehicle_msgs/include/autoware_vehicle_msgs/autoware_vehicle_msgs/msg/detail/turn_indicators_report__struct.h
[80.367s] -- Symlinking: /mnt/hdd/autonomy/ws/Carla-autoware_interface/deps_ws/install/autoware_vehicle_msgs/include/autoware_vehicle_msgs/autoware_vehicle_msgs/msg/detail/turn_indicators_report__type_support.h
[80.421s] -- Symlinking: /mnt/hdd/autonomy/ws/Carla-autoware_interface/deps_ws/install/autoware_vehicle_msgs/include/autoware_vehicle_msgs/autoware_vehicle_msgs/msg/detail/velocity_report__functions.h
[80.458s] -- Symlinking: /mnt/hdd/autonomy/ws/Carla-autoware_interface/deps_ws/install/autoware_vehicle_msgs/include/autoware_vehicle_msgs/autoware_vehicle_msgs/msg/detail/velocity_report__struct.h
[80.535s] -- Symlinking: /mnt/hdd/autonomy/ws/Carla-autoware_interface/deps_ws/install/autoware_vehicle_msgs/include/autoware_vehicle_msgs/autoware_vehicle_msgs/msg/detail/velocity_report__type_support.h
[80.590s] -- Symlinking: /mnt/hdd/autonomy/ws/Carla-autoware_interface/deps_ws/install/autoware_vehicle_msgs/include/autoware_vehicle_msgs/autoware_vehicle_msgs/msg/engage.h
[80.655s] -- Symlinking: /mnt/hdd/autonomy/ws/Carla-autoware_interface/deps_ws/install/autoware_vehicle_msgs/include/autoware_vehicle_msgs/autoware_vehicle_msgs/msg/gear_command.h
[80.720s] -- Symlinking: /mnt/hdd/autonomy/ws/Carla-autoware_interface/deps_ws/install/autoware_vehicle_msgs/include/autoware_vehicle_msgs/autoware_vehicle_msgs/msg/gear_report.h
[80.782s] -- Symlinking: /mnt/hdd/autonomy/ws/Carla-autoware_interface/deps_ws/install/autoware_vehicle_msgs/include/autoware_vehicle_msgs/autoware_vehicle_msgs/msg/hazard_lights_command.h
[80.852s] -- Symlinking: /mnt/hdd/autonomy/ws/Carla-autoware_interface/deps_ws/install/autoware_vehicle_msgs/include/autoware_vehicle_msgs/autoware_vehicle_msgs/msg/hazard_lights_report.h
[80.898s] -- Symlinking: /mnt/hdd/autonomy/ws/Carla-autoware_interface/deps_ws/install/autoware_vehicle_msgs/include/autoware_vehicle_msgs/autoware_vehicle_msgs/msg/rosidl_generator_c__visibility_control.h
[80.957s] -- Symlinking: /mnt/hdd/autonomy/ws/Carla-autoware_interface/deps_ws/install/autoware_vehicle_msgs/include/autoware_vehicle_msgs/autoware_vehicle_msgs/msg/steering_report.h
[80.998s] -- Symlinking: /mnt/hdd/autonomy/ws/Carla-autoware_interface/deps_ws/install/autoware_vehicle_msgs/include/autoware_vehicle_msgs/autoware_vehicle_msgs/msg/turn_indicators_command.h
[81.075s] -- Symlinking: /mnt/hdd/autonomy/ws/Carla-autoware_interface/deps_ws/install/autoware_vehicle_msgs/include/autoware_vehicle_msgs/autoware_vehicle_msgs/msg/turn_indicators_report.h
[81.127s] -- Symlinking: /mnt/hdd/autonomy/ws/Carla-autoware_interface/deps_ws/install/autoware_vehicle_msgs/include/autoware_vehicle_msgs/autoware_vehicle_msgs/msg/velocity_report.h
[81.191s] -- Symlinking: /mnt/hdd/autonomy/ws/Carla-autoware_interface/deps_ws/install/autoware_vehicle_msgs/include/autoware_vehicle_msgs/autoware_vehicle_msgs/srv/control_mode_command.h
[81.245s] -- Symlinking: /mnt/hdd/autonomy/ws/Carla-autoware_interface/deps_ws/install/autoware_vehicle_msgs/include/autoware_vehicle_msgs/autoware_vehicle_msgs/srv/detail/control_mode_command__functions.h
[81.311s] -- Symlinking: /mnt/hdd/autonomy/ws/Carla-autoware_interface/deps_ws/install/autoware_vehicle_msgs/include/autoware_vehicle_msgs/autoware_vehicle_msgs/srv/detail/control_mode_command__struct.h
[81.377s] -- Symlinking: /mnt/hdd/autonomy/ws/Carla-autoware_interface/deps_ws/install/autoware_vehicle_msgs/include/autoware_vehicle_msgs/autoware_vehicle_msgs/srv/detail/control_mode_command__type_support.h
[81.428s] -- Symlinking: /mnt/hdd/autonomy/ws/Carla-autoware_interface/deps_ws/install/autoware_vehicle_msgs/share/autoware_vehicle_msgs/environment/library_path.sh
[81.512s] -- Symlinking: /mnt/hdd/autonomy/ws/Carla-autoware_interface/deps_ws/install/autoware_vehicle_msgs/share/autoware_vehicle_msgs/environment/library_path.dsv
[81.563s] -- Symlinking: /mnt/hdd/autonomy/ws/Carla-autoware_interface/deps_ws/install/autoware_vehicle_msgs/include/autoware_vehicle_msgs/autoware_vehicle_msgs/msg/detail/control_mode_report__rosidl_typesupport_fastrtps_c.h
[81.636s] -- Symlinking: /mnt/hdd/autonomy/ws/Carla-autoware_interface/deps_ws/install/autoware_vehicle_msgs/include/autoware_vehicle_msgs/autoware_vehicle_msgs/msg/detail/engage__rosidl_typesupport_fastrtps_c.h
[81.685s] -- Symlinking: /mnt/hdd/autonomy/ws/Carla-autoware_interface/deps_ws/install/autoware_vehicle_msgs/include/autoware_vehicle_msgs/autoware_vehicle_msgs/msg/detail/gear_command__rosidl_typesupport_fastrtps_c.h
[81.733s] -- Symlinking: /mnt/hdd/autonomy/ws/Carla-autoware_interface/deps_ws/install/autoware_vehicle_msgs/include/autoware_vehicle_msgs/autoware_vehicle_msgs/msg/detail/gear_report__rosidl_typesupport_fastrtps_c.h
[81.807s] -- Symlinking: /mnt/hdd/autonomy/ws/Carla-autoware_interface/deps_ws/install/autoware_vehicle_msgs/include/autoware_vehicle_msgs/autoware_vehicle_msgs/msg/detail/hazard_lights_command__rosidl_typesupport_fastrtps_c.h
[81.858s] -- Symlinking: /mnt/hdd/autonomy/ws/Carla-autoware_interface/deps_ws/install/autoware_vehicle_msgs/include/autoware_vehicle_msgs/autoware_vehicle_msgs/msg/detail/hazard_lights_report__rosidl_typesupport_fastrtps_c.h
[81.937s] -- Symlinking: /mnt/hdd/autonomy/ws/Carla-autoware_interface/deps_ws/install/autoware_vehicle_msgs/include/autoware_vehicle_msgs/autoware_vehicle_msgs/msg/detail/steering_report__rosidl_typesupport_fastrtps_c.h
[81.985s] -- Symlinking: /mnt/hdd/autonomy/ws/Carla-autoware_interface/deps_ws/install/autoware_vehicle_msgs/include/autoware_vehicle_msgs/autoware_vehicle_msgs/msg/detail/turn_indicators_command__rosidl_typesupport_fastrtps_c.h
[82.054s] -- Symlinking: /mnt/hdd/autonomy/ws/Carla-autoware_interface/deps_ws/install/autoware_vehicle_msgs/include/autoware_vehicle_msgs/autoware_vehicle_msgs/msg/detail/turn_indicators_report__rosidl_typesupport_fastrtps_c.h
[82.100s] -- Symlinking: /mnt/hdd/autonomy/ws/Carla-autoware_interface/deps_ws/install/autoware_vehicle_msgs/include/autoware_vehicle_msgs/autoware_vehicle_msgs/msg/detail/velocity_report__rosidl_typesupport_fastrtps_c.h
[82.194s] -- Symlinking: /mnt/hdd/autonomy/ws/Carla-autoware_interface/deps_ws/install/autoware_vehicle_msgs/include/autoware_vehicle_msgs/autoware_vehicle_msgs/msg/rosidl_typesupport_fastrtps_c__visibility_control.h
[82.250s] -- Symlinking: /mnt/hdd/autonomy/ws/Carla-autoware_interface/deps_ws/install/autoware_vehicle_msgs/include/autoware_vehicle_msgs/autoware_vehicle_msgs/srv/detail/control_mode_command__rosidl_typesupport_fastrtps_c.h
[82.314s] -- Symlinking: /mnt/hdd/autonomy/ws/Carla-autoware_interface/deps_ws/install/autoware_vehicle_msgs/include/autoware_vehicle_msgs/autoware_vehicle_msgs/msg/control_mode_report.hpp
[82.353s] -- Symlinking: /mnt/hdd/autonomy/ws/Carla-autoware_interface/deps_ws/install/autoware_vehicle_msgs/include/autoware_vehicle_msgs/autoware_vehicle_msgs/msg/detail/control_mode_report__builder.hpp
[82.396s] -- Symlinking: /mnt/hdd/autonomy/ws/Carla-autoware_interface/deps_ws/install/autoware_vehicle_msgs/include/autoware_vehicle_msgs/autoware_vehicle_msgs/msg/detail/control_mode_report__struct.hpp
[82.465s] -- Symlinking: /mnt/hdd/autonomy/ws/Carla-autoware_interface/deps_ws/install/autoware_vehicle_msgs/include/autoware_vehicle_msgs/autoware_vehicle_msgs/msg/detail/control_mode_report__traits.hpp
[82.515s] -- Symlinking: /mnt/hdd/autonomy/ws/Carla-autoware_interface/deps_ws/install/autoware_vehicle_msgs/include/autoware_vehicle_msgs/autoware_vehicle_msgs/msg/detail/control_mode_report__type_support.hpp
[82.590s] -- Symlinking: /mnt/hdd/autonomy/ws/Carla-autoware_interface/deps_ws/install/autoware_vehicle_msgs/include/autoware_vehicle_msgs/autoware_vehicle_msgs/msg/detail/engage__builder.hpp
[82.640s] -- Symlinking: /mnt/hdd/autonomy/ws/Carla-autoware_interface/deps_ws/install/autoware_vehicle_msgs/include/autoware_vehicle_msgs/autoware_vehicle_msgs/msg/detail/engage__struct.hpp
[82.676s] -- Symlinking: /mnt/hdd/autonomy/ws/Carla-autoware_interface/deps_ws/install/autoware_vehicle_msgs/include/autoware_vehicle_msgs/autoware_vehicle_msgs/msg/detail/engage__traits.hpp
[82.746s] -- Symlinking: /mnt/hdd/autonomy/ws/Carla-autoware_interface/deps_ws/install/autoware_vehicle_msgs/include/autoware_vehicle_msgs/autoware_vehicle_msgs/msg/detail/engage__type_support.hpp
[82.804s] -- Symlinking: /mnt/hdd/autonomy/ws/Carla-autoware_interface/deps_ws/install/autoware_vehicle_msgs/include/autoware_vehicle_msgs/autoware_vehicle_msgs/msg/detail/gear_command__builder.hpp
[82.891s] -- Symlinking: /mnt/hdd/autonomy/ws/Carla-autoware_interface/deps_ws/install/autoware_vehicle_msgs/include/autoware_vehicle_msgs/autoware_vehicle_msgs/msg/detail/gear_command__struct.hpp
[82.953s] -- Symlinking: /mnt/hdd/autonomy/ws/Carla-autoware_interface/deps_ws/install/autoware_vehicle_msgs/include/autoware_vehicle_msgs/autoware_vehicle_msgs/msg/detail/gear_command__traits.hpp
[83.033s] -- Symlinking: /mnt/hdd/autonomy/ws/Carla-autoware_interface/deps_ws/install/autoware_vehicle_msgs/include/autoware_vehicle_msgs/autoware_vehicle_msgs/msg/detail/gear_command__type_support.hpp
[83.085s] -- Symlinking: /mnt/hdd/autonomy/ws/Carla-autoware_interface/deps_ws/install/autoware_vehicle_msgs/include/autoware_vehicle_msgs/autoware_vehicle_msgs/msg/detail/gear_report__builder.hpp
[83.146s] -- Symlinking: /mnt/hdd/autonomy/ws/Carla-autoware_interface/deps_ws/install/autoware_vehicle_msgs/include/autoware_vehicle_msgs/autoware_vehicle_msgs/msg/detail/gear_report__struct.hpp
[83.219s] -- Symlinking: /mnt/hdd/autonomy/ws/Carla-autoware_interface/deps_ws/install/autoware_vehicle_msgs/include/autoware_vehicle_msgs/autoware_vehicle_msgs/msg/detail/gear_report__traits.hpp
[83.262s] -- Symlinking: /mnt/hdd/autonomy/ws/Carla-autoware_interface/deps_ws/install/autoware_vehicle_msgs/include/autoware_vehicle_msgs/autoware_vehicle_msgs/msg/detail/gear_report__type_support.hpp
[83.355s] -- Symlinking: /mnt/hdd/autonomy/ws/Carla-autoware_interface/deps_ws/install/autoware_vehicle_msgs/include/autoware_vehicle_msgs/autoware_vehicle_msgs/msg/detail/hazard_lights_command__builder.hpp
[83.426s] -- Symlinking: /mnt/hdd/autonomy/ws/Carla-autoware_interface/deps_ws/install/autoware_vehicle_msgs/include/autoware_vehicle_msgs/autoware_vehicle_msgs/msg/detail/hazard_lights_command__struct.hpp
[83.504s] -- Symlinking: /mnt/hdd/autonomy/ws/Carla-autoware_interface/deps_ws/install/autoware_vehicle_msgs/include/autoware_vehicle_msgs/autoware_vehicle_msgs/msg/detail/hazard_lights_command__traits.hpp
[83.555s] -- Symlinking: /mnt/hdd/autonomy/ws/Carla-autoware_interface/deps_ws/install/autoware_vehicle_msgs/include/autoware_vehicle_msgs/autoware_vehicle_msgs/msg/detail/hazard_lights_command__type_support.hpp
[83.626s] -- Symlinking: /mnt/hdd/autonomy/ws/Carla-autoware_interface/deps_ws/install/autoware_vehicle_msgs/include/autoware_vehicle_msgs/autoware_vehicle_msgs/msg/detail/hazard_lights_report__builder.hpp
[83.684s] -- Symlinking: /mnt/hdd/autonomy/ws/Carla-autoware_interface/deps_ws/install/autoware_vehicle_msgs/include/autoware_vehicle_msgs/autoware_vehicle_msgs/msg/detail/hazard_lights_report__struct.hpp
[83.728s] -- Symlinking: /mnt/hdd/autonomy/ws/Carla-autoware_interface/deps_ws/install/autoware_vehicle_msgs/include/autoware_vehicle_msgs/autoware_vehicle_msgs/msg/detail/hazard_lights_report__traits.hpp
[83.806s] -- Symlinking: /mnt/hdd/autonomy/ws/Carla-autoware_interface/deps_ws/install/autoware_vehicle_msgs/include/autoware_vehicle_msgs/autoware_vehicle_msgs/msg/detail/hazard_lights_report__type_support.hpp
[83.860s] -- Symlinking: /mnt/hdd/autonomy/ws/Carla-autoware_interface/deps_ws/install/autoware_vehicle_msgs/include/autoware_vehicle_msgs/autoware_vehicle_msgs/msg/detail/steering_report__builder.hpp
[83.955s] -- Symlinking: /mnt/hdd/autonomy/ws/Carla-autoware_interface/deps_ws/install/autoware_vehicle_msgs/include/autoware_vehicle_msgs/autoware_vehicle_msgs/msg/detail/steering_report__struct.hpp
[84.000s] -- Symlinking: /mnt/hdd/autonomy/ws/Carla-autoware_interface/deps_ws/install/autoware_vehicle_msgs/include/autoware_vehicle_msgs/autoware_vehicle_msgs/msg/detail/steering_report__traits.hpp
[84.079s] -- Symlinking: /mnt/hdd/autonomy/ws/Carla-autoware_interface/deps_ws/install/autoware_vehicle_msgs/include/autoware_vehicle_msgs/autoware_vehicle_msgs/msg/detail/steering_report__type_support.hpp
[84.130s] -- Symlinking: /mnt/hdd/autonomy/ws/Carla-autoware_interface/deps_ws/install/autoware_vehicle_msgs/include/autoware_vehicle_msgs/autoware_vehicle_msgs/msg/detail/turn_indicators_command__builder.hpp
[84.170s] -- Symlinking: /mnt/hdd/autonomy/ws/Carla-autoware_interface/deps_ws/install/autoware_vehicle_msgs/include/autoware_vehicle_msgs/autoware_vehicle_msgs/msg/detail/turn_indicators_command__struct.hpp
[84.244s] -- Symlinking: /mnt/hdd/autonomy/ws/Carla-autoware_interface/deps_ws/install/autoware_vehicle_msgs/include/autoware_vehicle_msgs/autoware_vehicle_msgs/msg/detail/turn_indicators_command__traits.hpp
[84.280s] -- Symlinking: /mnt/hdd/autonomy/ws/Carla-autoware_interface/deps_ws/install/autoware_vehicle_msgs/include/autoware_vehicle_msgs/autoware_vehicle_msgs/msg/detail/turn_indicators_command__type_support.hpp
[84.347s] -- Symlinking: /mnt/hdd/autonomy/ws/Carla-autoware_interface/deps_ws/install/autoware_vehicle_msgs/include/autoware_vehicle_msgs/autoware_vehicle_msgs/msg/detail/turn_indicators_report__builder.hpp
[84.414s] -- Symlinking: /mnt/hdd/autonomy/ws/Carla-autoware_interface/deps_ws/install/autoware_vehicle_msgs/include/autoware_vehicle_msgs/autoware_vehicle_msgs/msg/detail/turn_indicators_report__struct.hpp
[84.467s] -- Symlinking: /mnt/hdd/autonomy/ws/Carla-autoware_interface/deps_ws/install/autoware_vehicle_msgs/include/autoware_vehicle_msgs/autoware_vehicle_msgs/msg/detail/turn_indicators_report__traits.hpp
[84.515s] -- Symlinking: /mnt/hdd/autonomy/ws/Carla-autoware_interface/deps_ws/install/autoware_vehicle_msgs/include/autoware_vehicle_msgs/autoware_vehicle_msgs/msg/detail/turn_indicators_report__type_support.hpp
[84.575s] -- Symlinking: /mnt/hdd/autonomy/ws/Carla-autoware_interface/deps_ws/install/autoware_vehicle_msgs/include/autoware_vehicle_msgs/autoware_vehicle_msgs/msg/detail/velocity_report__builder.hpp
[84.653s] -- Symlinking: /mnt/hdd/autonomy/ws/Carla-autoware_interface/deps_ws/install/autoware_vehicle_msgs/include/autoware_vehicle_msgs/autoware_vehicle_msgs/msg/detail/velocity_report__struct.hpp
[84.705s] -- Symlinking: /mnt/hdd/autonomy/ws/Carla-autoware_interface/deps_ws/install/autoware_vehicle_msgs/include/autoware_vehicle_msgs/autoware_vehicle_msgs/msg/detail/velocity_report__traits.hpp
[84.793s] -- Symlinking: /mnt/hdd/autonomy/ws/Carla-autoware_interface/deps_ws/install/autoware_vehicle_msgs/include/autoware_vehicle_msgs/autoware_vehicle_msgs/msg/detail/velocity_report__type_support.hpp
[84.854s] -- Symlinking: /mnt/hdd/autonomy/ws/Carla-autoware_interface/deps_ws/install/autoware_vehicle_msgs/include/autoware_vehicle_msgs/autoware_vehicle_msgs/msg/engage.hpp
[84.947s] -- Symlinking: /mnt/hdd/autonomy/ws/Carla-autoware_interface/deps_ws/install/autoware_vehicle_msgs/include/autoware_vehicle_msgs/autoware_vehicle_msgs/msg/gear_command.hpp
[84.989s] -- Symlinking: /mnt/hdd/autonomy/ws/Carla-autoware_interface/deps_ws/install/autoware_vehicle_msgs/include/autoware_vehicle_msgs/autoware_vehicle_msgs/msg/gear_report.hpp
[85.077s] -- Symlinking: /mnt/hdd/autonomy/ws/Carla-autoware_interface/deps_ws/install/autoware_vehicle_msgs/include/autoware_vehicle_msgs/autoware_vehicle_msgs/msg/hazard_lights_command.hpp
[85.149s] -- Symlinking: /mnt/hdd/autonomy/ws/Carla-autoware_interface/deps_ws/install/autoware_vehicle_msgs/include/autoware_vehicle_msgs/autoware_vehicle_msgs/msg/hazard_lights_report.hpp
[85.225s] -- Symlinking: /mnt/hdd/autonomy/ws/Carla-autoware_interface/deps_ws/install/autoware_vehicle_msgs/include/autoware_vehicle_msgs/autoware_vehicle_msgs/msg/rosidl_generator_cpp__visibility_control.hpp
[85.273s] -- Symlinking: /mnt/hdd/autonomy/ws/Carla-autoware_interface/deps_ws/install/autoware_vehicle_msgs/include/autoware_vehicle_msgs/autoware_vehicle_msgs/msg/steering_report.hpp
[85.307s] -- Symlinking: /mnt/hdd/autonomy/ws/Carla-autoware_interface/deps_ws/install/autoware_vehicle_msgs/include/autoware_vehicle_msgs/autoware_vehicle_msgs/msg/turn_indicators_command.hpp
[85.389s] -- Symlinking: /mnt/hdd/autonomy/ws/Carla-autoware_interface/deps_ws/install/autoware_vehicle_msgs/include/autoware_vehicle_msgs/autoware_vehicle_msgs/msg/turn_indicators_report.hpp
[85.440s] -- Symlinking: /mnt/hdd/autonomy/ws/Carla-autoware_interface/deps_ws/install/autoware_vehicle_msgs/include/autoware_vehicle_msgs/autoware_vehicle_msgs/msg/velocity_report.hpp
[85.495s] -- Symlinking: /mnt/hdd/autonomy/ws/Carla-autoware_interface/deps_ws/install/autoware_vehicle_msgs/include/autoware_vehicle_msgs/autoware_vehicle_msgs/srv/control_mode_command.hpp
[85.567s] -- Symlinking: /mnt/hdd/autonomy/ws/Carla-autoware_interface/deps_ws/install/autoware_vehicle_msgs/include/autoware_vehicle_msgs/autoware_vehicle_msgs/srv/detail/control_mode_command__builder.hpp
[85.636s] -- Symlinking: /mnt/hdd/autonomy/ws/Carla-autoware_interface/deps_ws/install/autoware_vehicle_msgs/include/autoware_vehicle_msgs/autoware_vehicle_msgs/srv/detail/control_mode_command__struct.hpp
[85.703s] -- Symlinking: /mnt/hdd/autonomy/ws/Carla-autoware_interface/deps_ws/install/autoware_vehicle_msgs/include/autoware_vehicle_msgs/autoware_vehicle_msgs/srv/detail/control_mode_command__traits.hpp
[85.738s] -- Symlinking: /mnt/hdd/autonomy/ws/Carla-autoware_interface/deps_ws/install/autoware_vehicle_msgs/include/autoware_vehicle_msgs/autoware_vehicle_msgs/srv/detail/control_mode_command__type_support.hpp
[85.834s] -- Symlinking: /mnt/hdd/autonomy/ws/Carla-autoware_interface/deps_ws/install/autoware_vehicle_msgs/include/autoware_vehicle_msgs/autoware_vehicle_msgs/msg/detail/control_mode_report__rosidl_typesupport_fastrtps_cpp.hpp
[85.888s] -- Symlinking: /mnt/hdd/autonomy/ws/Carla-autoware_interface/deps_ws/install/autoware_vehicle_msgs/include/autoware_vehicle_msgs/autoware_vehicle_msgs/msg/detail/engage__rosidl_typesupport_fastrtps_cpp.hpp
[85.961s] -- Symlinking: /mnt/hdd/autonomy/ws/Carla-autoware_interface/deps_ws/install/autoware_vehicle_msgs/include/autoware_vehicle_msgs/autoware_vehicle_msgs/msg/detail/gear_command__rosidl_typesupport_fastrtps_cpp.hpp
[86.016s] -- Symlinking: /mnt/hdd/autonomy/ws/Carla-autoware_interface/deps_ws/install/autoware_vehicle_msgs/include/autoware_vehicle_msgs/autoware_vehicle_msgs/msg/detail/gear_report__rosidl_typesupport_fastrtps_cpp.hpp
[86.114s] -- Symlinking: /mnt/hdd/autonomy/ws/Carla-autoware_interface/deps_ws/install/autoware_vehicle_msgs/include/autoware_vehicle_msgs/autoware_vehicle_msgs/msg/detail/hazard_lights_command__rosidl_typesupport_fastrtps_cpp.hpp
[86.173s] -- Symlinking: /mnt/hdd/autonomy/ws/Carla-autoware_interface/deps_ws/install/autoware_vehicle_msgs/include/autoware_vehicle_msgs/autoware_vehicle_msgs/msg/detail/hazard_lights_report__rosidl_typesupport_fastrtps_cpp.hpp
[86.251s] -- Symlinking: /mnt/hdd/autonomy/ws/Carla-autoware_interface/deps_ws/install/autoware_vehicle_msgs/include/autoware_vehicle_msgs/autoware_vehicle_msgs/msg/detail/steering_report__rosidl_typesupport_fastrtps_cpp.hpp
[86.308s] -- Symlinking: /mnt/hdd/autonomy/ws/Carla-autoware_interface/deps_ws/install/autoware_vehicle_msgs/include/autoware_vehicle_msgs/autoware_vehicle_msgs/msg/detail/turn_indicators_command__rosidl_typesupport_fastrtps_cpp.hpp
[86.373s] -- Symlinking: /mnt/hdd/autonomy/ws/Carla-autoware_interface/deps_ws/install/autoware_vehicle_msgs/include/autoware_vehicle_msgs/autoware_vehicle_msgs/msg/detail/turn_indicators_report__rosidl_typesupport_fastrtps_cpp.hpp
[86.420s] -- Symlinking: /mnt/hdd/autonomy/ws/Carla-autoware_interface/deps_ws/install/autoware_vehicle_msgs/include/autoware_vehicle_msgs/autoware_vehicle_msgs/msg/detail/velocity_report__rosidl_typesupport_fastrtps_cpp.hpp
[86.466s] -- Symlinking: /mnt/hdd/autonomy/ws/Carla-autoware_interface/deps_ws/install/autoware_vehicle_msgs/include/autoware_vehicle_msgs/autoware_vehicle_msgs/msg/rosidl_typesupport_fastrtps_cpp__visibility_control.h
[86.539s] -- Symlinking: /mnt/hdd/autonomy/ws/Carla-autoware_interface/deps_ws/install/autoware_vehicle_msgs/include/autoware_vehicle_msgs/autoware_vehicle_msgs/srv/detail/control_mode_command__rosidl_typesupport_fastrtps_cpp.hpp
[86.613s] -- Symlinking: /mnt/hdd/autonomy/ws/Carla-autoware_interface/deps_ws/install/autoware_vehicle_msgs/include/autoware_vehicle_msgs/autoware_vehicle_msgs/msg/detail/control_mode_report__rosidl_typesupport_introspection_c.h
[86.684s] -- Symlinking: /mnt/hdd/autonomy/ws/Carla-autoware_interface/deps_ws/install/autoware_vehicle_msgs/include/autoware_vehicle_msgs/autoware_vehicle_msgs/msg/detail/engage__rosidl_typesupport_introspection_c.h
[86.757s] -- Symlinking: /mnt/hdd/autonomy/ws/Carla-autoware_interface/deps_ws/install/autoware_vehicle_msgs/include/autoware_vehicle_msgs/autoware_vehicle_msgs/msg/detail/gear_command__rosidl_typesupport_introspection_c.h
[86.806s] -- Symlinking: /mnt/hdd/autonomy/ws/Carla-autoware_interface/deps_ws/install/autoware_vehicle_msgs/include/autoware_vehicle_msgs/autoware_vehicle_msgs/msg/detail/gear_report__rosidl_typesupport_introspection_c.h
[86.889s] -- Symlinking: /mnt/hdd/autonomy/ws/Carla-autoware_interface/deps_ws/install/autoware_vehicle_msgs/include/autoware_vehicle_msgs/autoware_vehicle_msgs/msg/detail/hazard_lights_command__rosidl_typesupport_introspection_c.h
[86.958s] -- Symlinking: /mnt/hdd/autonomy/ws/Carla-autoware_interface/deps_ws/install/autoware_vehicle_msgs/include/autoware_vehicle_msgs/autoware_vehicle_msgs/msg/detail/hazard_lights_report__rosidl_typesupport_introspection_c.h
[87.019s] -- Symlinking: /mnt/hdd/autonomy/ws/Carla-autoware_interface/deps_ws/install/autoware_vehicle_msgs/include/autoware_vehicle_msgs/autoware_vehicle_msgs/msg/detail/steering_report__rosidl_typesupport_introspection_c.h
[87.069s] -- Symlinking: /mnt/hdd/autonomy/ws/Carla-autoware_interface/deps_ws/install/autoware_vehicle_msgs/include/autoware_vehicle_msgs/autoware_vehicle_msgs/msg/detail/turn_indicators_command__rosidl_typesupport_introspection_c.h
[87.146s] -- Symlinking: /mnt/hdd/autonomy/ws/Carla-autoware_interface/deps_ws/install/autoware_vehicle_msgs/include/autoware_vehicle_msgs/autoware_vehicle_msgs/msg/detail/turn_indicators_report__rosidl_typesupport_introspection_c.h
[87.189s] -- Symlinking: /mnt/hdd/autonomy/ws/Carla-autoware_interface/deps_ws/install/autoware_vehicle_msgs/include/autoware_vehicle_msgs/autoware_vehicle_msgs/msg/detail/velocity_report__rosidl_typesupport_introspection_c.h
[87.233s] -- Symlinking: /mnt/hdd/autonomy/ws/Carla-autoware_interface/deps_ws/install/autoware_vehicle_msgs/include/autoware_vehicle_msgs/autoware_vehicle_msgs/msg/rosidl_typesupport_introspection_c__visibility_control.h
[87.324s] -- Symlinking: /mnt/hdd/autonomy/ws/Carla-autoware_interface/deps_ws/install/autoware_vehicle_msgs/include/autoware_vehicle_msgs/autoware_vehicle_msgs/srv/detail/control_mode_command__rosidl_typesupport_introspection_c.h
[87.369s] -- Symlinking: /mnt/hdd/autonomy/ws/Carla-autoware_interface/deps_ws/install/autoware_vehicle_msgs/include/autoware_vehicle_msgs/autoware_vehicle_msgs/msg/detail/control_mode_report__rosidl_typesupport_introspection_cpp.hpp
[87.455s] -- Symlinking: /mnt/hdd/autonomy/ws/Carla-autoware_interface/deps_ws/install/autoware_vehicle_msgs/include/autoware_vehicle_msgs/autoware_vehicle_msgs/msg/detail/engage__rosidl_typesupport_introspection_cpp.hpp
[87.497s] -- Symlinking: /mnt/hdd/autonomy/ws/Carla-autoware_interface/deps_ws/install/autoware_vehicle_msgs/include/autoware_vehicle_msgs/autoware_vehicle_msgs/msg/detail/gear_command__rosidl_typesupport_introspection_cpp.hpp
[87.568s] -- Symlinking: /mnt/hdd/autonomy/ws/Carla-autoware_interface/deps_ws/install/autoware_vehicle_msgs/include/autoware_vehicle_msgs/autoware_vehicle_msgs/msg/detail/gear_report__rosidl_typesupport_introspection_cpp.hpp
[87.634s] -- Symlinking: /mnt/hdd/autonomy/ws/Carla-autoware_interface/deps_ws/install/autoware_vehicle_msgs/include/autoware_vehicle_msgs/autoware_vehicle_msgs/msg/detail/hazard_lights_command__rosidl_typesupport_introspection_cpp.hpp
[87.708s] -- Symlinking: /mnt/hdd/autonomy/ws/Carla-autoware_interface/deps_ws/install/autoware_vehicle_msgs/include/autoware_vehicle_msgs/autoware_vehicle_msgs/msg/detail/hazard_lights_report__rosidl_typesupport_introspection_cpp.hpp
[87.766s] -- Symlinking: /mnt/hdd/autonomy/ws/Carla-autoware_interface/deps_ws/install/autoware_vehicle_msgs/include/autoware_vehicle_msgs/autoware_vehicle_msgs/msg/detail/steering_report__rosidl_typesupport_introspection_cpp.hpp
[87.853s] -- Symlinking: /mnt/hdd/autonomy/ws/Carla-autoware_interface/deps_ws/install/autoware_vehicle_msgs/include/autoware_vehicle_msgs/autoware_vehicle_msgs/msg/detail/turn_indicators_command__rosidl_typesupport_introspection_cpp.hpp
[87.918s] -- Symlinking: /mnt/hdd/autonomy/ws/Carla-autoware_interface/deps_ws/install/autoware_vehicle_msgs/include/autoware_vehicle_msgs/autoware_vehicle_msgs/msg/detail/turn_indicators_report__rosidl_typesupport_introspection_cpp.hpp
[87.997s] -- Symlinking: /mnt/hdd/autonomy/ws/Carla-autoware_interface/deps_ws/install/autoware_vehicle_msgs/include/autoware_vehicle_msgs/autoware_vehicle_msgs/msg/detail/velocity_report__rosidl_typesupport_introspection_cpp.hpp
[88.049s] -- Symlinking: /mnt/hdd/autonomy/ws/Carla-autoware_interface/deps_ws/install/autoware_vehicle_msgs/include/autoware_vehicle_msgs/autoware_vehicle_msgs/srv/detail/control_mode_command__rosidl_typesupport_introspection_cpp.hpp
[88.133s] -- Symlinking: /mnt/hdd/autonomy/ws/Carla-autoware_interface/deps_ws/install/autoware_vehicle_msgs/share/autoware_vehicle_msgs/environment/pythonpath.sh
[88.185s] -- Symlinking: /mnt/hdd/autonomy/ws/Carla-autoware_interface/deps_ws/install/autoware_vehicle_msgs/share/autoware_vehicle_msgs/environment/pythonpath.dsv
[88.265s] -- Symlinking: /mnt/hdd/autonomy/ws/Carla-autoware_interface/deps_ws/install/autoware_vehicle_msgs/local/lib/python3.10/dist-packages/autoware_vehicle_msgs-1.11.0-py3.10.egg-info/PKG-INFO
[88.319s] -- Symlinking: /mnt/hdd/autonomy/ws/Carla-autoware_interface/deps_ws/install/autoware_vehicle_msgs/local/lib/python3.10/dist-packages/autoware_vehicle_msgs-1.11.0-py3.10.egg-info/SOURCES.txt
[88.369s] -- Symlinking: /mnt/hdd/autonomy/ws/Carla-autoware_interface/deps_ws/install/autoware_vehicle_msgs/local/lib/python3.10/dist-packages/autoware_vehicle_msgs-1.11.0-py3.10.egg-info/dependency_links.txt
[88.445s] -- Symlinking: /mnt/hdd/autonomy/ws/Carla-autoware_interface/deps_ws/install/autoware_vehicle_msgs/local/lib/python3.10/dist-packages/autoware_vehicle_msgs-1.11.0-py3.10.egg-info/top_level.txt
[88.515s] -- Symlinking: /mnt/hdd/autonomy/ws/Carla-autoware_interface/deps_ws/install/autoware_vehicle_msgs/local/lib/python3.10/dist-packages/autoware_vehicle_msgs/__init__.py
[88.567s] -- Symlinking: /mnt/hdd/autonomy/ws/Carla-autoware_interface/deps_ws/install/autoware_vehicle_msgs/local/lib/python3.10/dist-packages/autoware_vehicle_msgs/_autoware_vehicle_msgs_s.ep.rosidl_typesupport_c.c
[88.607s] -- Symlinking: /mnt/hdd/autonomy/ws/Carla-autoware_interface/deps_ws/install/autoware_vehicle_msgs/local/lib/python3.10/dist-packages/autoware_vehicle_msgs/_autoware_vehicle_msgs_s.ep.rosidl_typesupport_fastrtps_c.c
[88.684s] -- Symlinking: /mnt/hdd/autonomy/ws/Carla-autoware_interface/deps_ws/install/autoware_vehicle_msgs/local/lib/python3.10/dist-packages/autoware_vehicle_msgs/_autoware_vehicle_msgs_s.ep.rosidl_typesupport_introspection_c.c
[88.749s] -- Symlinking: /mnt/hdd/autonomy/ws/Carla-autoware_interface/deps_ws/install/autoware_vehicle_msgs/local/lib/python3.10/dist-packages/autoware_vehicle_msgs/autoware_vehicle_msgs_s__rosidl_typesupport_c.cpython-310-x86_64-linux-gnu.so
[88.788s] -- Symlinking: /mnt/hdd/autonomy/ws/Carla-autoware_interface/deps_ws/install/autoware_vehicle_msgs/local/lib/python3.10/dist-packages/autoware_vehicle_msgs/autoware_vehicle_msgs_s__rosidl_typesupport_fastrtps_c.cpython-310-x86_64-linux-gnu.so
[88.873s] -- Symlinking: /mnt/hdd/autonomy/ws/Carla-autoware_interface/deps_ws/install/autoware_vehicle_msgs/local/lib/python3.10/dist-packages/autoware_vehicle_msgs/autoware_vehicle_msgs_s__rosidl_typesupport_introspection_c.cpython-310-x86_64-linux-gnu.so
[88.927s] -- Symlinking: /mnt/hdd/autonomy/ws/Carla-autoware_interface/deps_ws/install/autoware_vehicle_msgs/local/lib/python3.10/dist-packages/autoware_vehicle_msgs/libautoware_vehicle_msgs__rosidl_generator_py.so
[88.982s] -- Symlinking: /mnt/hdd/autonomy/ws/Carla-autoware_interface/deps_ws/install/autoware_vehicle_msgs/local/lib/python3.10/dist-packages/autoware_vehicle_msgs/msg/__init__.py
[89.063s] -- Symlinking: /mnt/hdd/autonomy/ws/Carla-autoware_interface/deps_ws/install/autoware_vehicle_msgs/local/lib/python3.10/dist-packages/autoware_vehicle_msgs/msg/_control_mode_report.py
[89.127s] -- Symlinking: /mnt/hdd/autonomy/ws/Carla-autoware_interface/deps_ws/install/autoware_vehicle_msgs/local/lib/python3.10/dist-packages/autoware_vehicle_msgs/msg/_control_mode_report_s.c
[89.200s] -- Symlinking: /mnt/hdd/autonomy/ws/Carla-autoware_interface/deps_ws/install/autoware_vehicle_msgs/local/lib/python3.10/dist-packages/autoware_vehicle_msgs/msg/_engage.py
[89.259s] -- Symlinking: /mnt/hdd/autonomy/ws/Carla-autoware_interface/deps_ws/install/autoware_vehicle_msgs/local/lib/python3.10/dist-packages/autoware_vehicle_msgs/msg/_engage_s.c
[89.341s] -- Symlinking: /mnt/hdd/autonomy/ws/Carla-autoware_interface/deps_ws/install/autoware_vehicle_msgs/local/lib/python3.10/dist-packages/autoware_vehicle_msgs/msg/_gear_command.py
[89.381s] -- Symlinking: /mnt/hdd/autonomy/ws/Carla-autoware_interface/deps_ws/install/autoware_vehicle_msgs/local/lib/python3.10/dist-packages/autoware_vehicle_msgs/msg/_gear_command_s.c
[89.460s] -- Symlinking: /mnt/hdd/autonomy/ws/Carla-autoware_interface/deps_ws/install/autoware_vehicle_msgs/local/lib/python3.10/dist-packages/autoware_vehicle_msgs/msg/_gear_report.py
[89.535s] -- Symlinking: /mnt/hdd/autonomy/ws/Carla-autoware_interface/deps_ws/install/autoware_vehicle_msgs/local/lib/python3.10/dist-packages/autoware_vehicle_msgs/msg/_gear_report_s.c
[89.629s] -- Symlinking: /mnt/hdd/autonomy/ws/Carla-autoware_interface/deps_ws/install/autoware_vehicle_msgs/local/lib/python3.10/dist-packages/autoware_vehicle_msgs/msg/_hazard_lights_command.py
[89.689s] -- Symlinking: /mnt/hdd/autonomy/ws/Carla-autoware_interface/deps_ws/install/autoware_vehicle_msgs/local/lib/python3.10/dist-packages/autoware_vehicle_msgs/msg/_hazard_lights_command_s.c
[89.770s] -- Symlinking: /mnt/hdd/autonomy/ws/Carla-autoware_interface/deps_ws/install/autoware_vehicle_msgs/local/lib/python3.10/dist-packages/autoware_vehicle_msgs/msg/_hazard_lights_report.py
[89.823s] -- Symlinking: /mnt/hdd/autonomy/ws/Carla-autoware_interface/deps_ws/install/autoware_vehicle_msgs/local/lib/python3.10/dist-packages/autoware_vehicle_msgs/msg/_hazard_lights_report_s.c
[89.862s] -- Symlinking: /mnt/hdd/autonomy/ws/Carla-autoware_interface/deps_ws/install/autoware_vehicle_msgs/local/lib/python3.10/dist-packages/autoware_vehicle_msgs/msg/_steering_report.py
[89.953s] -- Symlinking: /mnt/hdd/autonomy/ws/Carla-autoware_interface/deps_ws/install/autoware_vehicle_msgs/local/lib/python3.10/dist-packages/autoware_vehicle_msgs/msg/_steering_report_s.c
[89.998s] -- Symlinking: /mnt/hdd/autonomy/ws/Carla-autoware_interface/deps_ws/install/autoware_vehicle_msgs/local/lib/python3.10/dist-packages/autoware_vehicle_msgs/msg/_turn_indicators_command.py
[90.033s] -- Symlinking: /mnt/hdd/autonomy/ws/Carla-autoware_interface/deps_ws/install/autoware_vehicle_msgs/local/lib/python3.10/dist-packages/autoware_vehicle_msgs/msg/_turn_indicators_command_s.c
[90.101s] -- Symlinking: /mnt/hdd/autonomy/ws/Carla-autoware_interface/deps_ws/install/autoware_vehicle_msgs/local/lib/python3.10/dist-packages/autoware_vehicle_msgs/msg/_turn_indicators_report.py
[90.150s] -- Symlinking: /mnt/hdd/autonomy/ws/Carla-autoware_interface/deps_ws/install/autoware_vehicle_msgs/local/lib/python3.10/dist-packages/autoware_vehicle_msgs/msg/_turn_indicators_report_s.c
[90.230s] -- Symlinking: /mnt/hdd/autonomy/ws/Carla-autoware_interface/deps_ws/install/autoware_vehicle_msgs/local/lib/python3.10/dist-packages/autoware_vehicle_msgs/msg/_velocity_report.py
[90.285s] -- Symlinking: /mnt/hdd/autonomy/ws/Carla-autoware_interface/deps_ws/install/autoware_vehicle_msgs/local/lib/python3.10/dist-packages/autoware_vehicle_msgs/msg/_velocity_report_s.c
[90.361s] -- Symlinking: /mnt/hdd/autonomy/ws/Carla-autoware_interface/deps_ws/install/autoware_vehicle_msgs/local/lib/python3.10/dist-packages/autoware_vehicle_msgs/srv/__init__.py
[90.414s] -- Symlinking: /mnt/hdd/autonomy/ws/Carla-autoware_interface/deps_ws/install/autoware_vehicle_msgs/local/lib/python3.10/dist-packages/autoware_vehicle_msgs/srv/_control_mode_command.py
[90.509s] -- Symlinking: /mnt/hdd/autonomy/ws/Carla-autoware_interface/deps_ws/install/autoware_vehicle_msgs/local/lib/python3.10/dist-packages/autoware_vehicle_msgs/srv/_control_mode_command_s.c
[90.558s] -- Up-to-date symlink: /mnt/hdd/autonomy/ws/Carla-autoware_interface/deps_ws/install/autoware_vehicle_msgs/local/lib/python3.10/dist-packages/autoware_vehicle_msgs/autoware_vehicle_msgs_s__rosidl_typesupport_fastrtps_c.cpython-310-x86_64-linux-gnu.so
[90.558s] -- Up-to-date symlink: /mnt/hdd/autonomy/ws/Carla-autoware_interface/deps_ws/install/autoware_vehicle_msgs/local/lib/python3.10/dist-packages/autoware_vehicle_msgs/autoware_vehicle_msgs_s__rosidl_typesupport_introspection_c.cpython-310-x86_64-linux-gnu.so
[90.559s] -- Up-to-date symlink: /mnt/hdd/autonomy/ws/Carla-autoware_interface/deps_ws/install/autoware_vehicle_msgs/local/lib/python3.10/dist-packages/autoware_vehicle_msgs/autoware_vehicle_msgs_s__rosidl_typesupport_c.cpython-310-x86_64-linux-gnu.so
[90.559s] -- Symlinking: /mnt/hdd/autonomy/ws/Carla-autoware_interface/deps_ws/install/autoware_vehicle_msgs/share/autoware_vehicle_msgs/msg/ControlModeReport.idl
[90.622s] -- Symlinking: /mnt/hdd/autonomy/ws/Carla-autoware_interface/deps_ws/install/autoware_vehicle_msgs/share/autoware_vehicle_msgs/msg/Engage.idl
[90.667s] -- Symlinking: /mnt/hdd/autonomy/ws/Carla-autoware_interface/deps_ws/install/autoware_vehicle_msgs/share/autoware_vehicle_msgs/msg/GearCommand.idl
[90.728s] -- Symlinking: /mnt/hdd/autonomy/ws/Carla-autoware_interface/deps_ws/install/autoware_vehicle_msgs/share/autoware_vehicle_msgs/msg/GearReport.idl
[90.795s] -- Symlinking: /mnt/hdd/autonomy/ws/Carla-autoware_interface/deps_ws/install/autoware_vehicle_msgs/share/autoware_vehicle_msgs/msg/HazardLightsCommand.idl
[90.868s] -- Symlinking: /mnt/hdd/autonomy/ws/Carla-autoware_interface/deps_ws/install/autoware_vehicle_msgs/share/autoware_vehicle_msgs/msg/HazardLightsReport.idl
[90.937s] -- Symlinking: /mnt/hdd/autonomy/ws/Carla-autoware_interface/deps_ws/install/autoware_vehicle_msgs/share/autoware_vehicle_msgs/msg/SteeringReport.idl
[90.983s] -- Symlinking: /mnt/hdd/autonomy/ws/Carla-autoware_interface/deps_ws/install/autoware_vehicle_msgs/share/autoware_vehicle_msgs/msg/TurnIndicatorsCommand.idl
[91.062s] -- Symlinking: /mnt/hdd/autonomy/ws/Carla-autoware_interface/deps_ws/install/autoware_vehicle_msgs/share/autoware_vehicle_msgs/msg/TurnIndicatorsReport.idl
[91.099s] -- Symlinking: /mnt/hdd/autonomy/ws/Carla-autoware_interface/deps_ws/install/autoware_vehicle_msgs/share/autoware_vehicle_msgs/msg/VelocityReport.idl
[91.168s] -- Symlinking: /mnt/hdd/autonomy/ws/Carla-autoware_interface/deps_ws/install/autoware_vehicle_msgs/share/autoware_vehicle_msgs/srv/ControlModeCommand.idl
[91.238s] -- Symlinking: /mnt/hdd/autonomy/ws/Carla-autoware_interface/deps_ws/install/autoware_vehicle_msgs/share/autoware_vehicle_msgs/msg/ControlModeReport.msg
[91.303s] -- Symlinking: /mnt/hdd/autonomy/ws/Carla-autoware_interface/deps_ws/install/autoware_vehicle_msgs/share/autoware_vehicle_msgs/msg/Engage.msg
[91.369s] -- Symlinking: /mnt/hdd/autonomy/ws/Carla-autoware_interface/deps_ws/install/autoware_vehicle_msgs/share/autoware_vehicle_msgs/msg/GearCommand.msg
[91.424s] -- Symlinking: /mnt/hdd/autonomy/ws/Carla-autoware_interface/deps_ws/install/autoware_vehicle_msgs/share/autoware_vehicle_msgs/msg/GearReport.msg
[91.502s] -- Symlinking: /mnt/hdd/autonomy/ws/Carla-autoware_interface/deps_ws/install/autoware_vehicle_msgs/share/autoware_vehicle_msgs/msg/HazardLightsCommand.msg
[91.541s] -- Symlinking: /mnt/hdd/autonomy/ws/Carla-autoware_interface/deps_ws/install/autoware_vehicle_msgs/share/autoware_vehicle_msgs/msg/HazardLightsReport.msg
[91.594s] -- Symlinking: /mnt/hdd/autonomy/ws/Carla-autoware_interface/deps_ws/install/autoware_vehicle_msgs/share/autoware_vehicle_msgs/msg/SteeringReport.msg
[91.673s] -- Symlinking: /mnt/hdd/autonomy/ws/Carla-autoware_interface/deps_ws/install/autoware_vehicle_msgs/share/autoware_vehicle_msgs/msg/TurnIndicatorsCommand.msg
[91.717s] -- Symlinking: /mnt/hdd/autonomy/ws/Carla-autoware_interface/deps_ws/install/autoware_vehicle_msgs/share/autoware_vehicle_msgs/msg/TurnIndicatorsReport.msg
[91.795s] -- Symlinking: /mnt/hdd/autonomy/ws/Carla-autoware_interface/deps_ws/install/autoware_vehicle_msgs/share/autoware_vehicle_msgs/msg/VelocityReport.msg
[91.856s] -- Symlinking: /mnt/hdd/autonomy/ws/Carla-autoware_interface/deps_ws/install/autoware_vehicle_msgs/share/autoware_vehicle_msgs/srv/ControlModeCommand.srv
[91.895s] -- Symlinking: /mnt/hdd/autonomy/ws/Carla-autoware_interface/deps_ws/install/autoware_vehicle_msgs/share/autoware_vehicle_msgs/srv/ControlModeCommand_Request.msg
[91.966s] -- Symlinking: /mnt/hdd/autonomy/ws/Carla-autoware_interface/deps_ws/install/autoware_vehicle_msgs/share/autoware_vehicle_msgs/srv/ControlModeCommand_Response.msg
[92.024s] -- Symlinking: /mnt/hdd/autonomy/ws/Carla-autoware_interface/deps_ws/install/autoware_vehicle_msgs/share/ament_index/resource_index/package_run_dependencies/autoware_vehicle_msgs
[92.087s] -- Symlinking: /mnt/hdd/autonomy/ws/Carla-autoware_interface/deps_ws/install/autoware_vehicle_msgs/share/ament_index/resource_index/parent_prefix_path/autoware_vehicle_msgs
[92.132s] -- Symlinking: /mnt/hdd/autonomy/ws/Carla-autoware_interface/deps_ws/install/autoware_vehicle_msgs/share/autoware_vehicle_msgs/environment/ament_prefix_path.sh
[92.202s] -- Symlinking: /mnt/hdd/autonomy/ws/Carla-autoware_interface/deps_ws/install/autoware_vehicle_msgs/share/autoware_vehicle_msgs/environment/ament_prefix_path.dsv
[92.293s] -- Symlinking: /mnt/hdd/autonomy/ws/Carla-autoware_interface/deps_ws/install/autoware_vehicle_msgs/share/autoware_vehicle_msgs/environment/path.sh
[92.350s] -- Symlinking: /mnt/hdd/autonomy/ws/Carla-autoware_interface/deps_ws/install/autoware_vehicle_msgs/share/autoware_vehicle_msgs/environment/path.dsv
[92.420s] -- Symlinking: /mnt/hdd/autonomy/ws/Carla-autoware_interface/deps_ws/install/autoware_vehicle_msgs/share/autoware_vehicle_msgs/local_setup.bash
[92.458s] -- Symlinking: /mnt/hdd/autonomy/ws/Carla-autoware_interface/deps_ws/install/autoware_vehicle_msgs/share/autoware_vehicle_msgs/local_setup.sh
[92.544s] -- Symlinking: /mnt/hdd/autonomy/ws/Carla-autoware_interface/deps_ws/install/autoware_vehicle_msgs/share/autoware_vehicle_msgs/local_setup.zsh
[92.580s] -- Symlinking: /mnt/hdd/autonomy/ws/Carla-autoware_interface/deps_ws/install/autoware_vehicle_msgs/share/autoware_vehicle_msgs/local_setup.dsv
[92.671s] -- Symlinking: /mnt/hdd/autonomy/ws/Carla-autoware_interface/deps_ws/install/autoware_vehicle_msgs/share/autoware_vehicle_msgs/package.dsv
[92.731s] -- Symlinking: /mnt/hdd/autonomy/ws/Carla-autoware_interface/deps_ws/install/autoware_vehicle_msgs/share/ament_index/resource_index/packages/autoware_vehicle_msgs
[92.792s] -- Symlinking: /mnt/hdd/autonomy/ws/Carla-autoware_interface/deps_ws/install/autoware_vehicle_msgs/share/autoware_vehicle_msgs/cmake/rosidl_cmake-extras.cmake
[92.869s] -- Symlinking: /mnt/hdd/autonomy/ws/Carla-autoware_interface/deps_ws/install/autoware_vehicle_msgs/share/autoware_vehicle_msgs/cmake/ament_cmake_export_dependencies-extras.cmake
[92.957s] -- Symlinking: /mnt/hdd/autonomy/ws/Carla-autoware_interface/deps_ws/install/autoware_vehicle_msgs/share/autoware_vehicle_msgs/cmake/ament_cmake_export_include_directories-extras.cmake
[93.015s] -- Symlinking: /mnt/hdd/autonomy/ws/Carla-autoware_interface/deps_ws/install/autoware_vehicle_msgs/share/autoware_vehicle_msgs/cmake/ament_cmake_export_libraries-extras.cmake
[93.081s] -- Symlinking: /mnt/hdd/autonomy/ws/Carla-autoware_interface/deps_ws/install/autoware_vehicle_msgs/share/autoware_vehicle_msgs/cmake/ament_cmake_export_targets-extras.cmake
[93.161s] -- Symlinking: /mnt/hdd/autonomy/ws/Carla-autoware_interface/deps_ws/install/autoware_vehicle_msgs/share/autoware_vehicle_msgs/cmake/rosidl_cmake_export_typesupport_targets-extras.cmake
[93.199s] -- Symlinking: /mnt/hdd/autonomy/ws/Carla-autoware_interface/deps_ws/install/autoware_vehicle_msgs/share/autoware_vehicle_msgs/cmake/rosidl_cmake_export_typesupport_libraries-extras.cmake
[93.265s] -- Symlinking: /mnt/hdd/autonomy/ws/Carla-autoware_interface/deps_ws/install/autoware_vehicle_msgs/share/autoware_vehicle_msgs/cmake/autoware_vehicle_msgsConfig.cmake
[93.337s] -- Symlinking: /mnt/hdd/autonomy/ws/Carla-autoware_interface/deps_ws/install/autoware_vehicle_msgs/share/autoware_vehicle_msgs/cmake/autoware_vehicle_msgsConfig-version.cmake
[93.406s] -- Symlinking: /mnt/hdd/autonomy/ws/Carla-autoware_interface/deps_ws/install/autoware_vehicle_msgs/share/autoware_vehicle_msgs/package.xml
[93.478s] -- Installing: /mnt/hdd/autonomy/ws/Carla-autoware_interface/deps_ws/install/autoware_vehicle_msgs/lib/libautoware_vehicle_msgs__rosidl_generator_c.so
[93.478s] -- Set runtime path of "/mnt/hdd/autonomy/ws/Carla-autoware_interface/deps_ws/install/autoware_vehicle_msgs/lib/libautoware_vehicle_msgs__rosidl_generator_c.so" to ""
[93.478s] -- Installing: /mnt/hdd/autonomy/ws/Carla-autoware_interface/deps_ws/install/autoware_vehicle_msgs/lib/libautoware_vehicle_msgs__rosidl_typesupport_fastrtps_c.so
[93.478s] -- Set runtime path of "/mnt/hdd/autonomy/ws/Carla-autoware_interface/deps_ws/install/autoware_vehicle_msgs/lib/libautoware_vehicle_msgs__rosidl_typesupport_fastrtps_c.so" to ""
[93.478s] -- Installing: /mnt/hdd/autonomy/ws/Carla-autoware_interface/deps_ws/install/autoware_vehicle_msgs/lib/libautoware_vehicle_msgs__rosidl_typesupport_fastrtps_cpp.so
[93.478s] -- Set runtime path of "/mnt/hdd/autonomy/ws/Carla-autoware_interface/deps_ws/install/autoware_vehicle_msgs/lib/libautoware_vehicle_msgs__rosidl_typesupport_fastrtps_cpp.so" to ""
[93.479s] -- Installing: /mnt/hdd/autonomy/ws/Carla-autoware_interface/deps_ws/install/autoware_vehicle_msgs/lib/libautoware_vehicle_msgs__rosidl_typesupport_introspection_c.so
[93.479s] -- Set runtime path of "/mnt/hdd/autonomy/ws/Carla-autoware_interface/deps_ws/install/autoware_vehicle_msgs/lib/libautoware_vehicle_msgs__rosidl_typesupport_introspection_c.so" to ""
[93.479s] -- Installing: /mnt/hdd/autonomy/ws/Carla-autoware_interface/deps_ws/install/autoware_vehicle_msgs/lib/libautoware_vehicle_msgs__rosidl_typesupport_c.so
[93.479s] -- Set runtime path of "/mnt/hdd/autonomy/ws/Carla-autoware_interface/deps_ws/install/autoware_vehicle_msgs/lib/libautoware_vehicle_msgs__rosidl_typesupport_c.so" to ""
[93.479s] -- Installing: /mnt/hdd/autonomy/ws/Carla-autoware_interface/deps_ws/install/autoware_vehicle_msgs/lib/libautoware_vehicle_msgs__rosidl_typesupport_introspection_cpp.so
[93.483s] -- Set runtime path of "/mnt/hdd/autonomy/ws/Carla-autoware_interface/deps_ws/install/autoware_vehicle_msgs/lib/libautoware_vehicle_msgs__rosidl_typesupport_introspection_cpp.so" to ""
[93.483s] -- Installing: /mnt/hdd/autonomy/ws/Carla-autoware_interface/deps_ws/install/autoware_vehicle_msgs/lib/libautoware_vehicle_msgs__rosidl_typesupport_cpp.so
[93.483s] -- Set runtime path of "/mnt/hdd/autonomy/ws/Carla-autoware_interface/deps_ws/install/autoware_vehicle_msgs/lib/libautoware_vehicle_msgs__rosidl_typesupport_cpp.so" to ""
[93.575s] Listing '/mnt/hdd/autonomy/ws/Carla-autoware_interface/deps_ws/install/autoware_vehicle_msgs/local/lib/python3.10/dist-packages/autoware_vehicle_msgs'...
[93.575s] Compiling '/mnt/hdd/autonomy/ws/Carla-autoware_interface/deps_ws/install/autoware_vehicle_msgs/local/lib/python3.10/dist-packages/autoware_vehicle_msgs/__init__.py'...
[93.575s] Listing '/mnt/hdd/autonomy/ws/Carla-autoware_interface/deps_ws/install/autoware_vehicle_msgs/local/lib/python3.10/dist-packages/autoware_vehicle_msgs/msg'...
[93.576s] Compiling '/mnt/hdd/autonomy/ws/Carla-autoware_interface/deps_ws/install/autoware_vehicle_msgs/local/lib/python3.10/dist-packages/autoware_vehicle_msgs/msg/__init__.py'...
[93.576s] Compiling '/mnt/hdd/autonomy/ws/Carla-autoware_interface/deps_ws/install/autoware_vehicle_msgs/local/lib/python3.10/dist-packages/autoware_vehicle_msgs/msg/_control_mode_report.py'...
[93.576s] Compiling '/mnt/hdd/autonomy/ws/Carla-autoware_interface/deps_ws/install/autoware_vehicle_msgs/local/lib/python3.10/dist-packages/autoware_vehicle_msgs/msg/_engage.py'...
[93.576s] Compiling '/mnt/hdd/autonomy/ws/Carla-autoware_interface/deps_ws/install/autoware_vehicle_msgs/local/lib/python3.10/dist-packages/autoware_vehicle_msgs/msg/_gear_command.py'...
[93.576s] Compiling '/mnt/hdd/autonomy/ws/Carla-autoware_interface/deps_ws/install/autoware_vehicle_msgs/local/lib/python3.10/dist-packages/autoware_vehicle_msgs/msg/_gear_report.py'...
[93.576s] Compiling '/mnt/hdd/autonomy/ws/Carla-autoware_interface/deps_ws/install/autoware_vehicle_msgs/local/lib/python3.10/dist-packages/autoware_vehicle_msgs/msg/_hazard_lights_command.py'...
[93.576s] Compiling '/mnt/hdd/autonomy/ws/Carla-autoware_interface/deps_ws/install/autoware_vehicle_msgs/local/lib/python3.10/dist-packages/autoware_vehicle_msgs/msg/_hazard_lights_report.py'...
[93.576s] Compiling '/mnt/hdd/autonomy/ws/Carla-autoware_interface/deps_ws/install/autoware_vehicle_msgs/local/lib/python3.10/dist-packages/autoware_vehicle_msgs/msg/_steering_report.py'...
[93.576s] Compiling '/mnt/hdd/autonomy/ws/Carla-autoware_interface/deps_ws/install/autoware_vehicle_msgs/local/lib/python3.10/dist-packages/autoware_vehicle_msgs/msg/_turn_indicators_command.py'...
[93.576s] Compiling '/mnt/hdd/autonomy/ws/Carla-autoware_interface/deps_ws/install/autoware_vehicle_msgs/local/lib/python3.10/dist-packages/autoware_vehicle_msgs/msg/_turn_indicators_report.py'...
[93.576s] Compiling '/mnt/hdd/autonomy/ws/Carla-autoware_interface/deps_ws/install/autoware_vehicle_msgs/local/lib/python3.10/dist-packages/autoware_vehicle_msgs/msg/_velocity_report.py'...
[93.576s] Listing '/mnt/hdd/autonomy/ws/Carla-autoware_interface/deps_ws/install/autoware_vehicle_msgs/local/lib/python3.10/dist-packages/autoware_vehicle_msgs/srv'...
[93.576s] Compiling '/mnt/hdd/autonomy/ws/Carla-autoware_interface/deps_ws/install/autoware_vehicle_msgs/local/lib/python3.10/dist-packages/autoware_vehicle_msgs/srv/__init__.py'...
[93.576s] Compiling '/mnt/hdd/autonomy/ws/Carla-autoware_interface/deps_ws/install/autoware_vehicle_msgs/local/lib/python3.10/dist-packages/autoware_vehicle_msgs/srv/_control_mode_command.py'...
[93.581s] -- Installing: /mnt/hdd/autonomy/ws/Carla-autoware_interface/deps_ws/install/autoware_vehicle_msgs/lib/libautoware_vehicle_msgs__rosidl_generator_py.so
[93.582s] -- Set runtime path of "/mnt/hdd/autonomy/ws/Carla-autoware_interface/deps_ws/install/autoware_vehicle_msgs/lib/libautoware_vehicle_msgs__rosidl_generator_py.so" to ""
[93.582s] -- Installing: /mnt/hdd/autonomy/ws/Carla-autoware_interface/deps_ws/install/autoware_vehicle_msgs/share/autoware_vehicle_msgs/cmake/export_autoware_vehicle_msgs__rosidl_generator_cExport.cmake
[93.582s] -- Installing: /mnt/hdd/autonomy/ws/Carla-autoware_interface/deps_ws/install/autoware_vehicle_msgs/share/autoware_vehicle_msgs/cmake/export_autoware_vehicle_msgs__rosidl_generator_cExport-noconfig.cmake
[93.582s] -- Installing: /mnt/hdd/autonomy/ws/Carla-autoware_interface/deps_ws/install/autoware_vehicle_msgs/share/autoware_vehicle_msgs/cmake/export_autoware_vehicle_msgs__rosidl_typesupport_fastrtps_cExport.cmake
[93.582s] -- Installing: /mnt/hdd/autonomy/ws/Carla-autoware_interface/deps_ws/install/autoware_vehicle_msgs/share/autoware_vehicle_msgs/cmake/export_autoware_vehicle_msgs__rosidl_typesupport_fastrtps_cExport-noconfig.cmake
[93.582s] -- Installing: /mnt/hdd/autonomy/ws/Carla-autoware_interface/deps_ws/install/autoware_vehicle_msgs/share/autoware_vehicle_msgs/cmake/export_autoware_vehicle_msgs__rosidl_generator_cppExport.cmake
[93.582s] -- Installing: /mnt/hdd/autonomy/ws/Carla-autoware_interface/deps_ws/install/autoware_vehicle_msgs/share/autoware_vehicle_msgs/cmake/export_autoware_vehicle_msgs__rosidl_typesupport_fastrtps_cppExport.cmake
[93.582s] -- Installing: /mnt/hdd/autonomy/ws/Carla-autoware_interface/deps_ws/install/autoware_vehicle_msgs/share/autoware_vehicle_msgs/cmake/export_autoware_vehicle_msgs__rosidl_typesupport_fastrtps_cppExport-noconfig.cmake
[93.583s] -- Installing: /mnt/hdd/autonomy/ws/Carla-autoware_interface/deps_ws/install/autoware_vehicle_msgs/share/autoware_vehicle_msgs/cmake/autoware_vehicle_msgs__rosidl_typesupport_introspection_cExport.cmake
[93.583s] -- Installing: /mnt/hdd/autonomy/ws/Carla-autoware_interface/deps_ws/install/autoware_vehicle_msgs/share/autoware_vehicle_msgs/cmake/autoware_vehicle_msgs__rosidl_typesupport_introspection_cExport-noconfig.cmake
[93.583s] -- Installing: /mnt/hdd/autonomy/ws/Carla-autoware_interface/deps_ws/install/autoware_vehicle_msgs/share/autoware_vehicle_msgs/cmake/autoware_vehicle_msgs__rosidl_typesupport_cExport.cmake
[93.583s] -- Installing: /mnt/hdd/autonomy/ws/Carla-autoware_interface/deps_ws/install/autoware_vehicle_msgs/share/autoware_vehicle_msgs/cmake/autoware_vehicle_msgs__rosidl_typesupport_cExport-noconfig.cmake
[93.583s] -- Installing: /mnt/hdd/autonomy/ws/Carla-autoware_interface/deps_ws/install/autoware_vehicle_msgs/share/autoware_vehicle_msgs/cmake/autoware_vehicle_msgs__rosidl_typesupport_introspection_cppExport.cmake
[93.583s] -- Installing: /mnt/hdd/autonomy/ws/Carla-autoware_interface/deps_ws/install/autoware_vehicle_msgs/share/autoware_vehicle_msgs/cmake/autoware_vehicle_msgs__rosidl_typesupport_introspection_cppExport-noconfig.cmake
[93.583s] -- Installing: /mnt/hdd/autonomy/ws/Carla-autoware_interface/deps_ws/install/autoware_vehicle_msgs/share/autoware_vehicle_msgs/cmake/autoware_vehicle_msgs__rosidl_typesupport_cppExport.cmake
[93.583s] -- Installing: /mnt/hdd/autonomy/ws/Carla-autoware_interface/deps_ws/install/autoware_vehicle_msgs/share/autoware_vehicle_msgs/cmake/autoware_vehicle_msgs__rosidl_typesupport_cppExport-noconfig.cmake
[93.583s] -- Installing: /mnt/hdd/autonomy/ws/Carla-autoware_interface/deps_ws/install/autoware_vehicle_msgs/share/autoware_vehicle_msgs/cmake/export_autoware_vehicle_msgs__rosidl_generator_pyExport.cmake
[93.584s] -- Installing: /mnt/hdd/autonomy/ws/Carla-autoware_interface/deps_ws/install/autoware_vehicle_msgs/share/autoware_vehicle_msgs/cmake/export_autoware_vehicle_msgs__rosidl_generator_pyExport-noconfig.cmake
[93.983s] Invoked command in '/mnt/hdd/autonomy/ws/Carla-autoware_interface/deps_ws/build/autoware_vehicle_msgs' returned '0': AMENT_PREFIX_PATH=/mnt/hdd/autonomy/ws/Carla-autoware_interface/deps_ws/install/autoware_planning_msgs:/mnt/hdd/autonomy/ws/Carla-autoware_interface/deps_ws/install/autoware_common_msgs:${AMENT_PREFIX_PATH} CMAKE_PREFIX_PATH=/mnt/hdd/autonomy/ws/Carla-autoware_interface/deps_ws/install/autoware_planning_msgs:/mnt/hdd/autonomy/ws/Carla-autoware_interface/deps_ws/install/autoware_common_msgs:/mnt/hdd/autonomy/ws/Carla-autoware_interface/msg_ws/install/autoware_auto_msgs:/mnt/hdd/autonomy/ws/Carla-autoware_interface/msg_ws/install/autoware_auto_vehicle_msgs:/mnt/hdd/autonomy/ws/Carla-autoware_interface/msg_ws/install/autoware_auto_system_msgs:/mnt/hdd/autonomy/ws/Carla-autoware_interface/msg_ws/install/autoware_auto_planning_msgs:/mnt/hdd/autonomy/ws/Carla-autoware_interface/msg_ws/install/autoware_auto_perception_msgs:/mnt/hdd/autonomy/ws/Carla-autoware_interface/msg_ws/install/autoware_auto_mapping_msgs:/mnt/hdd/autonomy/ws/Carla-autoware_interface/msg_ws/install/autoware_auto_geometry_msgs:/mnt/hdd/autonomy/ws/Carla-autoware_interface/msg_ws/install/autoware_auto_control_msgs:/opt/ros/humble LD_LIBRARY_PATH=/mnt/hdd/autonomy/ws/Carla-autoware_interface/deps_ws/install/autoware_planning_msgs/lib:/mnt/hdd/autonomy/ws/Carla-autoware_interface/deps_ws/install/autoware_common_msgs/lib:${LD_LIBRARY_PATH} PYTHONPATH=/mnt/hdd/autonomy/ws/Carla-autoware_interface/deps_ws/install/autoware_planning_msgs/local/lib/python3.10/dist-packages:/mnt/hdd/autonomy/ws/Carla-autoware_interface/deps_ws/install/autoware_common_msgs/local/lib/python3.10/dist-packages:${PYTHONPATH} /usr/bin/cmake --install /mnt/hdd/autonomy/ws/Carla-autoware_interface/deps_ws/build/autoware_vehicle_msgs
