[0.190s] Invoking command in '/mnt/hdd/autonomy/ws/Carla-autoware_interface/deps_ws/build/tier4_control_msgs': AMENT_PREFIX_PATH=/mnt/hdd/autonomy/ws/Carla-autoware_interface/deps_ws/install/autoware_common_msgs:${AMENT_PREFIX_PATH} CMAKE_PREFIX_PATH=/mnt/hdd/autonomy/ws/Carla-autoware_interface/deps_ws/install/autoware_common_msgs:/mnt/hdd/autonomy/ws/Carla-autoware_interface/msg_ws/install/autoware_auto_msgs:/mnt/hdd/autonomy/ws/Carla-autoware_interface/msg_ws/install/autoware_auto_vehicle_msgs:/mnt/hdd/autonomy/ws/Carla-autoware_interface/msg_ws/install/autoware_auto_system_msgs:/mnt/hdd/autonomy/ws/Carla-autoware_interface/msg_ws/install/autoware_auto_planning_msgs:/mnt/hdd/autonomy/ws/Carla-autoware_interface/msg_ws/install/autoware_auto_perception_msgs:/mnt/hdd/autonomy/ws/Carla-autoware_interface/msg_ws/install/autoware_auto_mapping_msgs:/mnt/hdd/autonomy/ws/Carla-autoware_interface/msg_ws/install/autoware_auto_geometry_msgs:/mnt/hdd/autonomy/ws/Carla-autoware_interface/msg_ws/install/autoware_auto_control_msgs:/opt/ros/humble LD_LIBRARY_PATH=/mnt/hdd/autonomy/ws/Carla-autoware_interface/deps_ws/install/autoware_common_msgs/lib:${LD_LIBRARY_PATH} PYTHONPATH=/mnt/hdd/autonomy/ws/Carla-autoware_interface/deps_ws/install/autoware_common_msgs/local/lib/python3.10/dist-packages:${PYTHONPATH} /usr/bin/cmake /mnt/hdd/autonomy/ws/Carla-autoware_interface/deps_ws/src/tier4_autoware_msgs/tier4_control_msgs -DAMENT_CMAKE_SYMLINK_INSTALL=1 -DCMAKE_INSTALL_PREFIX=/mnt/hdd/autonomy/ws/Carla-autoware_interface/deps_ws/install/tier4_control_msgs
[0.537s] -- The C compiler identification is GNU 11.4.0
[0.953s] -- The CXX compiler identification is GNU 11.4.0
[1.027s] -- Detecting C compiler ABI info
[1.628s] -- Detecting C compiler ABI info - done
[1.629s] -- Check for working C compiler: /usr/lib/ccache/gcc - skipped
[1.629s] -- Detecting C compile features
[1.629s] -- Detecting C compile features - done
[1.631s] -- Detecting CXX compiler ABI info
[2.332s] -- Detecting CXX compiler ABI info - done
[2.357s] -- Check for working CXX compiler: /usr/lib/ccache/g++ - skipped
[2.360s] -- Detecting CXX compile features
[2.366s] -- Detecting CXX compile features - done
[2.370s] -- Found ament_cmake_auto: 1.3.12 (/opt/ros/humble/share/ament_cmake_auto/cmake)
[3.182s] -- Found Python3: /usr/bin/python3 (found version "3.10.12") found components: Interpreter 
[3.435s] -- Override CMake install command with custom implementation using symlinks instead of copying resources
[3.809s] -- Using all available rosidl_typesupport_c: rosidl_typesupport_fastrtps_c;rosidl_typesupport_introspection_c
[3.823s] -- Found rosidl_adapter: 3.1.8 (/opt/ros/humble/share/rosidl_adapter/cmake)
[3.920s] -- Using all available rosidl_typesupport_cpp: rosidl_typesupport_fastrtps_cpp;rosidl_typesupport_introspection_cpp
[4.870s] -- Found ament_cmake_ros: 0.10.0 (/opt/ros/humble/share/ament_cmake_ros/cmake)
[5.670s] -- Using all available rosidl_typesupport_c: rosidl_typesupport_fastrtps_c;rosidl_typesupport_introspection_c
[6.732s] -- Using all available rosidl_typesupport_cpp: rosidl_typesupport_fastrtps_cpp;rosidl_typesupport_introspection_cpp
[6.848s] -- Found PythonInterp: /usr/bin/python3 (found suitable version "3.10.12", minimum required is "3.6") 
[6.853s] -- Found python_cmake_module: 0.10.0 (/opt/ros/humble/share/python_cmake_module/cmake)
[6.993s] -- Found PythonLibs: /usr/lib/x86_64-linux-gnu/libpython3.10.so (found suitable version "3.10.12", minimum required is "3.5") 
[6.994s] -- Using PYTHON_EXECUTABLE: /usr/bin/python3
[6.994s] -- Using PYTHON_INCLUDE_DIRS: /usr/include/python3.10
[6.996s] -- Using PYTHON_LIBRARIES: /usr/lib/x86_64-linux-gnu/libpython3.10.so
[7.072s] -- Found PythonExtra: .so  
[7.233s] -- Found ament_lint_auto: 0.12.14 (/opt/ros/humble/share/ament_lint_auto/cmake)
[7.278s] -- Added test 'copyright' to check source files copyright and LICENSE
[7.281s] -- Added test 'lint_cmake' to check CMake code style
[7.284s] -- Added test 'xmllint' to check XML markup files
[7.288s] -- Configuring done
[7.462s] -- Generating done
[7.492s] -- Build files have been written to: /mnt/hdd/autonomy/ws/Carla-autoware_interface/deps_ws/build/tier4_control_msgs
[7.515s] Invoked command in '/mnt/hdd/autonomy/ws/Carla-autoware_interface/deps_ws/build/tier4_control_msgs' returned '0': AMENT_PREFIX_PATH=/mnt/hdd/autonomy/ws/Carla-autoware_interface/deps_ws/install/autoware_common_msgs:${AMENT_PREFIX_PATH} CMAKE_PREFIX_PATH=/mnt/hdd/autonomy/ws/Carla-autoware_interface/deps_ws/install/autoware_common_msgs:/mnt/hdd/autonomy/ws/Carla-autoware_interface/msg_ws/install/autoware_auto_msgs:/mnt/hdd/autonomy/ws/Carla-autoware_interface/msg_ws/install/autoware_auto_vehicle_msgs:/mnt/hdd/autonomy/ws/Carla-autoware_interface/msg_ws/install/autoware_auto_system_msgs:/mnt/hdd/autonomy/ws/Carla-autoware_interface/msg_ws/install/autoware_auto_planning_msgs:/mnt/hdd/autonomy/ws/Carla-autoware_interface/msg_ws/install/autoware_auto_perception_msgs:/mnt/hdd/autonomy/ws/Carla-autoware_interface/msg_ws/install/autoware_auto_mapping_msgs:/mnt/hdd/autonomy/ws/Carla-autoware_interface/msg_ws/install/autoware_auto_geometry_msgs:/mnt/hdd/autonomy/ws/Carla-autoware_interface/msg_ws/install/autoware_auto_control_msgs:/opt/ros/humble LD_LIBRARY_PATH=/mnt/hdd/autonomy/ws/Carla-autoware_interface/deps_ws/install/autoware_common_msgs/lib:${LD_LIBRARY_PATH} PYTHONPATH=/mnt/hdd/autonomy/ws/Carla-autoware_interface/deps_ws/install/autoware_common_msgs/local/lib/python3.10/dist-packages:${PYTHONPATH} /usr/bin/cmake /mnt/hdd/autonomy/ws/Carla-autoware_interface/deps_ws/src/tier4_autoware_msgs/tier4_control_msgs -DAMENT_CMAKE_SYMLINK_INSTALL=1 -DCMAKE_INSTALL_PREFIX=/mnt/hdd/autonomy/ws/Carla-autoware_interface/deps_ws/install/tier4_control_msgs
[7.520s] Invoking command in '/mnt/hdd/autonomy/ws/Carla-autoware_interface/deps_ws/build/tier4_control_msgs': AMENT_PREFIX_PATH=/mnt/hdd/autonomy/ws/Carla-autoware_interface/deps_ws/install/autoware_common_msgs:${AMENT_PREFIX_PATH} CMAKE_PREFIX_PATH=/mnt/hdd/autonomy/ws/Carla-autoware_interface/deps_ws/install/autoware_common_msgs:/mnt/hdd/autonomy/ws/Carla-autoware_interface/msg_ws/install/autoware_auto_msgs:/mnt/hdd/autonomy/ws/Carla-autoware_interface/msg_ws/install/autoware_auto_vehicle_msgs:/mnt/hdd/autonomy/ws/Carla-autoware_interface/msg_ws/install/autoware_auto_system_msgs:/mnt/hdd/autonomy/ws/Carla-autoware_interface/msg_ws/install/autoware_auto_planning_msgs:/mnt/hdd/autonomy/ws/Carla-autoware_interface/msg_ws/install/autoware_auto_perception_msgs:/mnt/hdd/autonomy/ws/Carla-autoware_interface/msg_ws/install/autoware_auto_mapping_msgs:/mnt/hdd/autonomy/ws/Carla-autoware_interface/msg_ws/install/autoware_auto_geometry_msgs:/mnt/hdd/autonomy/ws/Carla-autoware_interface/msg_ws/install/autoware_auto_control_msgs:/opt/ros/humble LD_LIBRARY_PATH=/mnt/hdd/autonomy/ws/Carla-autoware_interface/deps_ws/install/autoware_common_msgs/lib:${LD_LIBRARY_PATH} PYTHONPATH=/mnt/hdd/autonomy/ws/Carla-autoware_interface/deps_ws/install/autoware_common_msgs/local/lib/python3.10/dist-packages:${PYTHONPATH} /usr/bin/cmake --build /mnt/hdd/autonomy/ws/Carla-autoware_interface/deps_ws/build/tier4_control_msgs -- -j16 -l16
[8.142s] [  1%] Generating C++ code for ROS interfaces
[12.761s] [  1%] Built target tier4_control_msgs__cpp
[12.931s] [  1%] Built target ament_cmake_python_symlink_tier4_control_msgs
[13.012s] [  2%] Generating C++ introspection for ROS interfaces
[15.209s] [  3%] Building CXX object CMakeFiles/tier4_control_msgs__rosidl_typesupport_introspection_cpp.dir/rosidl_typesupport_introspection_cpp/tier4_control_msgs/msg/detail/gate_mode__type_support.cpp.o
[16.032s] [  4%] Building CXX object CMakeFiles/tier4_control_msgs__rosidl_typesupport_introspection_cpp.dir/rosidl_typesupport_introspection_cpp/tier4_control_msgs/srv/detail/set_stop__type_support.cpp.o
[16.774s] [  5%] Building CXX object CMakeFiles/tier4_control_msgs__rosidl_typesupport_introspection_cpp.dir/rosidl_typesupport_introspection_cpp/tier4_control_msgs/msg/detail/is_stopped__type_support.cpp.o
[17.598s] [  6%] Building CXX object CMakeFiles/tier4_control_msgs__rosidl_typesupport_introspection_cpp.dir/rosidl_typesupport_introspection_cpp/tier4_control_msgs/srv/detail/set_pause__type_support.cpp.o
[18.413s] [  8%] Building CXX object CMakeFiles/tier4_control_msgs__rosidl_typesupport_introspection_cpp.dir/rosidl_typesupport_introspection_cpp/tier4_control_msgs/msg/detail/is_paused__type_support.cpp.o
[19.206s] [  9%] Building CXX object CMakeFiles/tier4_control_msgs__rosidl_typesupport_introspection_cpp.dir/rosidl_typesupport_introspection_cpp/tier4_control_msgs/msg/detail/is_start_requested__type_support.cpp.o
[19.955s] [ 10%] Building CXX object CMakeFiles/tier4_control_msgs__rosidl_typesupport_introspection_cpp.dir/rosidl_typesupport_introspection_cpp/tier4_control_msgs/srv/detail/external_command_select__type_support.cpp.o
[20.784s] [ 11%] Building CXX object CMakeFiles/tier4_control_msgs__rosidl_typesupport_introspection_cpp.dir/rosidl_typesupport_introspection_cpp/tier4_control_msgs/msg/detail/external_command_selector_mode__type_support.cpp.o
[21.628s] [ 12%] Linking CXX shared library libtier4_control_msgs__rosidl_typesupport_introspection_cpp.so
[21.999s] [ 12%] Built target tier4_control_msgs__rosidl_typesupport_introspection_cpp
[22.729s] running egg_info
[22.732s] creating tier4_control_msgs.egg-info
[22.732s] writing tier4_control_msgs.egg-info/PKG-INFO
[22.733s] writing dependency_links to tier4_control_msgs.egg-info/dependency_links.txt
[22.733s] writing top-level names to tier4_control_msgs.egg-info/top_level.txt
[22.733s] writing manifest file 'tier4_control_msgs.egg-info/SOURCES.txt'
[22.741s] reading manifest file 'tier4_control_msgs.egg-info/SOURCES.txt'
[22.741s] writing manifest file 'tier4_control_msgs.egg-info/SOURCES.txt'
[22.908s] [ 12%] Built target ament_cmake_python_build_tier4_control_msgs_egg
[23.012s] [ 13%] Generating C++ type support for eProsima Fast-RTPS
[25.453s] [ 14%] Building CXX object CMakeFiles/tier4_control_msgs__rosidl_typesupport_fastrtps_cpp.dir/rosidl_typesupport_fastrtps_cpp/tier4_control_msgs/msg/detail/dds_fastrtps/gate_mode__type_support.cpp.o
[26.234s] [ 16%] Building CXX object CMakeFiles/tier4_control_msgs__rosidl_typesupport_fastrtps_cpp.dir/rosidl_typesupport_fastrtps_cpp/tier4_control_msgs/srv/detail/dds_fastrtps/set_stop__type_support.cpp.o
[26.949s] [ 17%] Building CXX object CMakeFiles/tier4_control_msgs__rosidl_typesupport_fastrtps_cpp.dir/rosidl_typesupport_fastrtps_cpp/tier4_control_msgs/msg/detail/dds_fastrtps/is_stopped__type_support.cpp.o
[27.787s] [ 18%] Building CXX object CMakeFiles/tier4_control_msgs__rosidl_typesupport_fastrtps_cpp.dir/rosidl_typesupport_fastrtps_cpp/tier4_control_msgs/srv/detail/dds_fastrtps/set_pause__type_support.cpp.o
[28.511s] [ 19%] Building CXX object CMakeFiles/tier4_control_msgs__rosidl_typesupport_fastrtps_cpp.dir/rosidl_typesupport_fastrtps_cpp/tier4_control_msgs/msg/detail/dds_fastrtps/is_paused__type_support.cpp.o
[29.194s] [ 20%] Building CXX object CMakeFiles/tier4_control_msgs__rosidl_typesupport_fastrtps_cpp.dir/rosidl_typesupport_fastrtps_cpp/tier4_control_msgs/msg/detail/dds_fastrtps/is_start_requested__type_support.cpp.o
[29.985s] [ 21%] Building CXX object CMakeFiles/tier4_control_msgs__rosidl_typesupport_fastrtps_cpp.dir/rosidl_typesupport_fastrtps_cpp/tier4_control_msgs/srv/detail/dds_fastrtps/external_command_select__type_support.cpp.o
[30.743s] [ 22%] Building CXX object CMakeFiles/tier4_control_msgs__rosidl_typesupport_fastrtps_cpp.dir/rosidl_typesupport_fastrtps_cpp/tier4_control_msgs/msg/detail/dds_fastrtps/external_command_selector_mode__type_support.cpp.o
[31.465s] [ 24%] Linking CXX shared library libtier4_control_msgs__rosidl_typesupport_fastrtps_cpp.so
[31.818s] [ 24%] Built target tier4_control_msgs__rosidl_typesupport_fastrtps_cpp
[31.886s] [ 25%] Generating C++ type support dispatch for ROS interfaces
[33.062s] [ 26%] Building CXX object CMakeFiles/tier4_control_msgs__rosidl_typesupport_cpp.dir/rosidl_typesupport_cpp/tier4_control_msgs/msg/gate_mode__type_support.cpp.o
[33.594s] [ 27%] Building CXX object CMakeFiles/tier4_control_msgs__rosidl_typesupport_cpp.dir/rosidl_typesupport_cpp/tier4_control_msgs/srv/set_stop__type_support.cpp.o
[34.096s] [ 28%] Building CXX object CMakeFiles/tier4_control_msgs__rosidl_typesupport_cpp.dir/rosidl_typesupport_cpp/tier4_control_msgs/msg/is_stopped__type_support.cpp.o
[34.545s] [ 29%] Building CXX object CMakeFiles/tier4_control_msgs__rosidl_typesupport_cpp.dir/rosidl_typesupport_cpp/tier4_control_msgs/srv/set_pause__type_support.cpp.o
[35.085s] [ 31%] Building CXX object CMakeFiles/tier4_control_msgs__rosidl_typesupport_cpp.dir/rosidl_typesupport_cpp/tier4_control_msgs/msg/is_paused__type_support.cpp.o
[35.583s] [ 32%] Building CXX object CMakeFiles/tier4_control_msgs__rosidl_typesupport_cpp.dir/rosidl_typesupport_cpp/tier4_control_msgs/msg/is_start_requested__type_support.cpp.o
[36.112s] [ 33%] Building CXX object CMakeFiles/tier4_control_msgs__rosidl_typesupport_cpp.dir/rosidl_typesupport_cpp/tier4_control_msgs/srv/external_command_select__type_support.cpp.o
[36.597s] [ 34%] Building CXX object CMakeFiles/tier4_control_msgs__rosidl_typesupport_cpp.dir/rosidl_typesupport_cpp/tier4_control_msgs/msg/external_command_selector_mode__type_support.cpp.o
[37.073s] [ 35%] Linking CXX shared library libtier4_control_msgs__rosidl_typesupport_cpp.so
[37.337s] [ 35%] Built target tier4_control_msgs__rosidl_typesupport_cpp
[37.417s] [ 36%] Generating C code for ROS interfaces
[41.190s] [ 37%] Building C object CMakeFiles/tier4_control_msgs__rosidl_generator_c.dir/rosidl_generator_c/tier4_control_msgs/msg/detail/gate_mode__functions.c.o
[41.375s] [ 39%] Building C object CMakeFiles/tier4_control_msgs__rosidl_generator_c.dir/rosidl_generator_c/tier4_control_msgs/srv/detail/set_stop__functions.c.o
[41.558s] [ 40%] Building C object CMakeFiles/tier4_control_msgs__rosidl_generator_c.dir/rosidl_generator_c/tier4_control_msgs/msg/detail/is_stopped__functions.c.o
[41.791s] [ 41%] Building C object CMakeFiles/tier4_control_msgs__rosidl_generator_c.dir/rosidl_generator_c/tier4_control_msgs/srv/detail/set_pause__functions.c.o
[41.987s] [ 42%] Building C object CMakeFiles/tier4_control_msgs__rosidl_generator_c.dir/rosidl_generator_c/tier4_control_msgs/msg/detail/is_paused__functions.c.o
[42.178s] [ 43%] Building C object CMakeFiles/tier4_control_msgs__rosidl_generator_c.dir/rosidl_generator_c/tier4_control_msgs/msg/detail/is_start_requested__functions.c.o
[42.387s] [ 44%] Building C object CMakeFiles/tier4_control_msgs__rosidl_generator_c.dir/rosidl_generator_c/tier4_control_msgs/srv/detail/external_command_select__functions.c.o
[42.586s] [ 45%] Building C object CMakeFiles/tier4_control_msgs__rosidl_generator_c.dir/rosidl_generator_c/tier4_control_msgs/msg/detail/external_command_selector_mode__functions.c.o
[42.795s] [ 47%] Linking C shared library libtier4_control_msgs__rosidl_generator_c.so
[43.056s] [ 47%] Built target tier4_control_msgs__rosidl_generator_c
[43.162s] [ 48%] Generating C type support for eProsima Fast-RTPS
[45.286s] [ 49%] Building CXX object CMakeFiles/tier4_control_msgs__rosidl_typesupport_fastrtps_c.dir/rosidl_typesupport_fastrtps_c/tier4_control_msgs/msg/detail/gate_mode__type_support_c.cpp.o
[45.874s] [ 50%] Building CXX object CMakeFiles/tier4_control_msgs__rosidl_typesupport_fastrtps_c.dir/rosidl_typesupport_fastrtps_c/tier4_control_msgs/srv/detail/set_stop__type_support_c.cpp.o
[46.480s] [ 51%] Building CXX object CMakeFiles/tier4_control_msgs__rosidl_typesupport_fastrtps_c.dir/rosidl_typesupport_fastrtps_c/tier4_control_msgs/msg/detail/is_stopped__type_support_c.cpp.o
[47.154s] [ 52%] Building CXX object CMakeFiles/tier4_control_msgs__rosidl_typesupport_fastrtps_c.dir/rosidl_typesupport_fastrtps_c/tier4_control_msgs/srv/detail/set_pause__type_support_c.cpp.o
[47.790s] [ 54%] Building CXX object CMakeFiles/tier4_control_msgs__rosidl_typesupport_fastrtps_c.dir/rosidl_typesupport_fastrtps_c/tier4_control_msgs/msg/detail/is_paused__type_support_c.cpp.o
[48.364s] [ 55%] Building CXX object CMakeFiles/tier4_control_msgs__rosidl_typesupport_fastrtps_c.dir/rosidl_typesupport_fastrtps_c/tier4_control_msgs/msg/detail/is_start_requested__type_support_c.cpp.o
[48.950s] [ 56%] Building CXX object CMakeFiles/tier4_control_msgs__rosidl_typesupport_fastrtps_c.dir/rosidl_typesupport_fastrtps_c/tier4_control_msgs/srv/detail/external_command_select__type_support_c.cpp.o
[49.580s] [ 57%] Building CXX object CMakeFiles/tier4_control_msgs__rosidl_typesupport_fastrtps_c.dir/rosidl_typesupport_fastrtps_c/tier4_control_msgs/msg/detail/external_command_selector_mode__type_support_c.cpp.o
[50.134s] [ 58%] Linking CXX shared library libtier4_control_msgs__rosidl_typesupport_fastrtps_c.so
[50.447s] [ 58%] Built target tier4_control_msgs__rosidl_typesupport_fastrtps_c
[50.537s] [ 59%] Generating C type support dispatch for ROS interfaces
[51.865s] [ 60%] Building CXX object CMakeFiles/tier4_control_msgs__rosidl_typesupport_c.dir/rosidl_typesupport_c/tier4_control_msgs/msg/gate_mode__type_support.cpp.o
[52.025s] [ 62%] Building CXX object CMakeFiles/tier4_control_msgs__rosidl_typesupport_c.dir/rosidl_typesupport_c/tier4_control_msgs/srv/set_stop__type_support.cpp.o
[52.157s] [ 63%] Building CXX object CMakeFiles/tier4_control_msgs__rosidl_typesupport_c.dir/rosidl_typesupport_c/tier4_control_msgs/msg/is_stopped__type_support.cpp.o
[52.310s] [ 64%] Building CXX object CMakeFiles/tier4_control_msgs__rosidl_typesupport_c.dir/rosidl_typesupport_c/tier4_control_msgs/srv/set_pause__type_support.cpp.o
[52.452s] [ 65%] Building CXX object CMakeFiles/tier4_control_msgs__rosidl_typesupport_c.dir/rosidl_typesupport_c/tier4_control_msgs/msg/is_paused__type_support.cpp.o
[52.629s] [ 66%] Building CXX object CMakeFiles/tier4_control_msgs__rosidl_typesupport_c.dir/rosidl_typesupport_c/tier4_control_msgs/msg/is_start_requested__type_support.cpp.o
[52.781s] [ 67%] Building CXX object CMakeFiles/tier4_control_msgs__rosidl_typesupport_c.dir/rosidl_typesupport_c/tier4_control_msgs/srv/external_command_select__type_support.cpp.o
[52.996s] [ 68%] Building CXX object CMakeFiles/tier4_control_msgs__rosidl_typesupport_c.dir/rosidl_typesupport_c/tier4_control_msgs/msg/external_command_selector_mode__type_support.cpp.o
[53.162s] [ 70%] Linking CXX shared library libtier4_control_msgs__rosidl_typesupport_c.so
[53.397s] [ 70%] Built target tier4_control_msgs__rosidl_typesupport_c
[53.493s] [ 71%] Generating C introspection for ROS interfaces
[55.375s] [ 72%] Building C object CMakeFiles/tier4_control_msgs__rosidl_typesupport_introspection_c.dir/rosidl_typesupport_introspection_c/tier4_control_msgs/msg/detail/gate_mode__type_support.c.o
[55.547s] [ 73%] Building C object CMakeFiles/tier4_control_msgs__rosidl_typesupport_introspection_c.dir/rosidl_typesupport_introspection_c/tier4_control_msgs/srv/detail/set_stop__type_support.c.o
[55.723s] [ 74%] Building C object CMakeFiles/tier4_control_msgs__rosidl_typesupport_introspection_c.dir/rosidl_typesupport_introspection_c/tier4_control_msgs/msg/detail/is_stopped__type_support.c.o
[55.881s] [ 75%] Building C object CMakeFiles/tier4_control_msgs__rosidl_typesupport_introspection_c.dir/rosidl_typesupport_introspection_c/tier4_control_msgs/srv/detail/set_pause__type_support.c.o
[56.034s] [ 77%] Building C object CMakeFiles/tier4_control_msgs__rosidl_typesupport_introspection_c.dir/rosidl_typesupport_introspection_c/tier4_control_msgs/msg/detail/is_paused__type_support.c.o
[56.192s] [ 78%] Building C object CMakeFiles/tier4_control_msgs__rosidl_typesupport_introspection_c.dir/rosidl_typesupport_introspection_c/tier4_control_msgs/msg/detail/is_start_requested__type_support.c.o
[56.364s] [ 79%] Building C object CMakeFiles/tier4_control_msgs__rosidl_typesupport_introspection_c.dir/rosidl_typesupport_introspection_c/tier4_control_msgs/srv/detail/external_command_select__type_support.c.o
[56.537s] [ 80%] Building C object CMakeFiles/tier4_control_msgs__rosidl_typesupport_introspection_c.dir/rosidl_typesupport_introspection_c/tier4_control_msgs/msg/detail/external_command_selector_mode__type_support.c.o
[56.688s] [ 81%] Linking C shared library libtier4_control_msgs__rosidl_typesupport_introspection_c.so
[56.938s] [ 81%] Built target tier4_control_msgs__rosidl_typesupport_introspection_c
[57.113s] [ 81%] Built target tier4_control_msgs
[57.314s] [ 82%] Generating Python code for ROS interfaces
[60.318s] [ 82%] Built target tier4_control_msgs__py
[60.521s] [ 83%] Building C object CMakeFiles/tier4_control_msgs__rosidl_generator_py.dir/rosidl_generator_py/tier4_control_msgs/msg/_gate_mode_s.c.o
[60.765s] [ 85%] Building C object CMakeFiles/tier4_control_msgs__rosidl_generator_py.dir/rosidl_generator_py/tier4_control_msgs/srv/_set_stop_s.c.o
[61.028s] [ 86%] Building C object CMakeFiles/tier4_control_msgs__rosidl_generator_py.dir/rosidl_generator_py/tier4_control_msgs/msg/_is_stopped_s.c.o
[61.376s] [ 87%] Building C object CMakeFiles/tier4_control_msgs__rosidl_generator_py.dir/rosidl_generator_py/tier4_control_msgs/srv/_set_pause_s.c.o
[61.648s] [ 88%] Building C object CMakeFiles/tier4_control_msgs__rosidl_generator_py.dir/rosidl_generator_py/tier4_control_msgs/msg/_is_paused_s.c.o
[61.906s] [ 89%] Building C object CMakeFiles/tier4_control_msgs__rosidl_generator_py.dir/rosidl_generator_py/tier4_control_msgs/msg/_is_start_requested_s.c.o
[62.159s] [ 90%] Building C object CMakeFiles/tier4_control_msgs__rosidl_generator_py.dir/rosidl_generator_py/tier4_control_msgs/srv/_external_command_select_s.c.o
[62.458s] [ 91%] Building C object CMakeFiles/tier4_control_msgs__rosidl_generator_py.dir/rosidl_generator_py/tier4_control_msgs/msg/_external_command_selector_mode_s.c.o
[62.766s] [ 93%] Linking C shared library rosidl_generator_py/tier4_control_msgs/libtier4_control_msgs__rosidl_generator_py.so
[63.004s] [ 93%] Built target tier4_control_msgs__rosidl_generator_py
[63.210s] [ 94%] Building C object CMakeFiles/tier4_control_msgs__rosidl_typesupport_fastrtps_c__pyext.dir/rosidl_generator_py/tier4_control_msgs/_tier4_control_msgs_s.ep.rosidl_typesupport_fastrtps_c.c.o
[63.553s] [ 95%] Linking C shared library rosidl_generator_py/tier4_control_msgs/tier4_control_msgs_s__rosidl_typesupport_fastrtps_c.cpython-310-x86_64-linux-gnu.so
[63.771s] [ 95%] Built target tier4_control_msgs__rosidl_typesupport_fastrtps_c__pyext
[63.908s] [ 96%] Building C object CMakeFiles/tier4_control_msgs__rosidl_typesupport_c__pyext.dir/rosidl_generator_py/tier4_control_msgs/_tier4_control_msgs_s.ep.rosidl_typesupport_c.c.o
[64.178s] [ 97%] Linking C shared library rosidl_generator_py/tier4_control_msgs/tier4_control_msgs_s__rosidl_typesupport_c.cpython-310-x86_64-linux-gnu.so
[64.442s] [ 97%] Built target tier4_control_msgs__rosidl_typesupport_c__pyext
[64.621s] [ 98%] Building C object CMakeFiles/tier4_control_msgs__rosidl_typesupport_introspection_c__pyext.dir/rosidl_generator_py/tier4_control_msgs/_tier4_control_msgs_s.ep.rosidl_typesupport_introspection_c.c.o
[64.922s] [100%] Linking C shared library rosidl_generator_py/tier4_control_msgs/tier4_control_msgs_s__rosidl_typesupport_introspection_c.cpython-310-x86_64-linux-gnu.so
[65.121s] [100%] Built target tier4_control_msgs__rosidl_typesupport_introspection_c__pyext
[65.227s] Invoked command in '/mnt/hdd/autonomy/ws/Carla-autoware_interface/deps_ws/build/tier4_control_msgs' returned '0': AMENT_PREFIX_PATH=/mnt/hdd/autonomy/ws/Carla-autoware_interface/deps_ws/install/autoware_common_msgs:${AMENT_PREFIX_PATH} CMAKE_PREFIX_PATH=/mnt/hdd/autonomy/ws/Carla-autoware_interface/deps_ws/install/autoware_common_msgs:/mnt/hdd/autonomy/ws/Carla-autoware_interface/msg_ws/install/autoware_auto_msgs:/mnt/hdd/autonomy/ws/Carla-autoware_interface/msg_ws/install/autoware_auto_vehicle_msgs:/mnt/hdd/autonomy/ws/Carla-autoware_interface/msg_ws/install/autoware_auto_system_msgs:/mnt/hdd/autonomy/ws/Carla-autoware_interface/msg_ws/install/autoware_auto_planning_msgs:/mnt/hdd/autonomy/ws/Carla-autoware_interface/msg_ws/install/autoware_auto_perception_msgs:/mnt/hdd/autonomy/ws/Carla-autoware_interface/msg_ws/install/autoware_auto_mapping_msgs:/mnt/hdd/autonomy/ws/Carla-autoware_interface/msg_ws/install/autoware_auto_geometry_msgs:/mnt/hdd/autonomy/ws/Carla-autoware_interface/msg_ws/install/autoware_auto_control_msgs:/opt/ros/humble LD_LIBRARY_PATH=/mnt/hdd/autonomy/ws/Carla-autoware_interface/deps_ws/install/autoware_common_msgs/lib:${LD_LIBRARY_PATH} PYTHONPATH=/mnt/hdd/autonomy/ws/Carla-autoware_interface/deps_ws/install/autoware_common_msgs/local/lib/python3.10/dist-packages:${PYTHONPATH} /usr/bin/cmake --build /mnt/hdd/autonomy/ws/Carla-autoware_interface/deps_ws/build/tier4_control_msgs -- -j16 -l16
[65.233s] Invoking command in '/mnt/hdd/autonomy/ws/Carla-autoware_interface/deps_ws/build/tier4_control_msgs': AMENT_PREFIX_PATH=/mnt/hdd/autonomy/ws/Carla-autoware_interface/deps_ws/install/autoware_common_msgs:${AMENT_PREFIX_PATH} CMAKE_PREFIX_PATH=/mnt/hdd/autonomy/ws/Carla-autoware_interface/deps_ws/install/autoware_common_msgs:/mnt/hdd/autonomy/ws/Carla-autoware_interface/msg_ws/install/autoware_auto_msgs:/mnt/hdd/autonomy/ws/Carla-autoware_interface/msg_ws/install/autoware_auto_vehicle_msgs:/mnt/hdd/autonomy/ws/Carla-autoware_interface/msg_ws/install/autoware_auto_system_msgs:/mnt/hdd/autonomy/ws/Carla-autoware_interface/msg_ws/install/autoware_auto_planning_msgs:/mnt/hdd/autonomy/ws/Carla-autoware_interface/msg_ws/install/autoware_auto_perception_msgs:/mnt/hdd/autonomy/ws/Carla-autoware_interface/msg_ws/install/autoware_auto_mapping_msgs:/mnt/hdd/autonomy/ws/Carla-autoware_interface/msg_ws/install/autoware_auto_geometry_msgs:/mnt/hdd/autonomy/ws/Carla-autoware_interface/msg_ws/install/autoware_auto_control_msgs:/opt/ros/humble LD_LIBRARY_PATH=/mnt/hdd/autonomy/ws/Carla-autoware_interface/deps_ws/install/autoware_common_msgs/lib:${LD_LIBRARY_PATH} PYTHONPATH=/mnt/hdd/autonomy/ws/Carla-autoware_interface/deps_ws/install/autoware_common_msgs/local/lib/python3.10/dist-packages:${PYTHONPATH} /usr/bin/cmake --install /mnt/hdd/autonomy/ws/Carla-autoware_interface/deps_ws/build/tier4_control_msgs
[65.292s] -- Install configuration: ""
[65.293s] -- Execute custom install script
[65.294s] -- Symlinking: /mnt/hdd/autonomy/ws/Carla-autoware_interface/deps_ws/install/tier4_control_msgs/share/ament_index/resource_index/rosidl_interfaces/tier4_control_msgs
[65.382s] -- Symlinking: /mnt/hdd/autonomy/ws/Carla-autoware_interface/deps_ws/install/tier4_control_msgs/include/tier4_control_msgs/tier4_control_msgs/msg/detail/external_command_selector_mode__functions.h
[65.432s] -- Symlinking: /mnt/hdd/autonomy/ws/Carla-autoware_interface/deps_ws/install/tier4_control_msgs/include/tier4_control_msgs/tier4_control_msgs/msg/detail/external_command_selector_mode__struct.h
[65.485s] -- Symlinking: /mnt/hdd/autonomy/ws/Carla-autoware_interface/deps_ws/install/tier4_control_msgs/include/tier4_control_msgs/tier4_control_msgs/msg/detail/external_command_selector_mode__type_support.h
[65.567s] -- Symlinking: /mnt/hdd/autonomy/ws/Carla-autoware_interface/deps_ws/install/tier4_control_msgs/include/tier4_control_msgs/tier4_control_msgs/msg/detail/gate_mode__functions.h
[65.611s] -- Symlinking: /mnt/hdd/autonomy/ws/Carla-autoware_interface/deps_ws/install/tier4_control_msgs/include/tier4_control_msgs/tier4_control_msgs/msg/detail/gate_mode__struct.h
[65.699s] -- Symlinking: /mnt/hdd/autonomy/ws/Carla-autoware_interface/deps_ws/install/tier4_control_msgs/include/tier4_control_msgs/tier4_control_msgs/msg/detail/gate_mode__type_support.h
[65.749s] -- Symlinking: /mnt/hdd/autonomy/ws/Carla-autoware_interface/deps_ws/install/tier4_control_msgs/include/tier4_control_msgs/tier4_control_msgs/msg/detail/is_paused__functions.h
[65.813s] -- Symlinking: /mnt/hdd/autonomy/ws/Carla-autoware_interface/deps_ws/install/tier4_control_msgs/include/tier4_control_msgs/tier4_control_msgs/msg/detail/is_paused__struct.h
[65.893s] -- Symlinking: /mnt/hdd/autonomy/ws/Carla-autoware_interface/deps_ws/install/tier4_control_msgs/include/tier4_control_msgs/tier4_control_msgs/msg/detail/is_paused__type_support.h
[65.941s] -- Symlinking: /mnt/hdd/autonomy/ws/Carla-autoware_interface/deps_ws/install/tier4_control_msgs/include/tier4_control_msgs/tier4_control_msgs/msg/detail/is_start_requested__functions.h
[66.040s] -- Symlinking: /mnt/hdd/autonomy/ws/Carla-autoware_interface/deps_ws/install/tier4_control_msgs/include/tier4_control_msgs/tier4_control_msgs/msg/detail/is_start_requested__struct.h
[66.129s] -- Symlinking: /mnt/hdd/autonomy/ws/Carla-autoware_interface/deps_ws/install/tier4_control_msgs/include/tier4_control_msgs/tier4_control_msgs/msg/detail/is_start_requested__type_support.h
[66.221s] -- Symlinking: /mnt/hdd/autonomy/ws/Carla-autoware_interface/deps_ws/install/tier4_control_msgs/include/tier4_control_msgs/tier4_control_msgs/msg/detail/is_stopped__functions.h
[66.276s] -- Symlinking: /mnt/hdd/autonomy/ws/Carla-autoware_interface/deps_ws/install/tier4_control_msgs/include/tier4_control_msgs/tier4_control_msgs/msg/detail/is_stopped__struct.h
[66.345s] -- Symlinking: /mnt/hdd/autonomy/ws/Carla-autoware_interface/deps_ws/install/tier4_control_msgs/include/tier4_control_msgs/tier4_control_msgs/msg/detail/is_stopped__type_support.h
[66.393s] -- Symlinking: /mnt/hdd/autonomy/ws/Carla-autoware_interface/deps_ws/install/tier4_control_msgs/include/tier4_control_msgs/tier4_control_msgs/msg/external_command_selector_mode.h
[66.460s] -- Symlinking: /mnt/hdd/autonomy/ws/Carla-autoware_interface/deps_ws/install/tier4_control_msgs/include/tier4_control_msgs/tier4_control_msgs/msg/gate_mode.h
[66.505s] -- Symlinking: /mnt/hdd/autonomy/ws/Carla-autoware_interface/deps_ws/install/tier4_control_msgs/include/tier4_control_msgs/tier4_control_msgs/msg/is_paused.h
[66.572s] -- Symlinking: /mnt/hdd/autonomy/ws/Carla-autoware_interface/deps_ws/install/tier4_control_msgs/include/tier4_control_msgs/tier4_control_msgs/msg/is_start_requested.h
[66.654s] -- Symlinking: /mnt/hdd/autonomy/ws/Carla-autoware_interface/deps_ws/install/tier4_control_msgs/include/tier4_control_msgs/tier4_control_msgs/msg/is_stopped.h
[66.710s] -- Symlinking: /mnt/hdd/autonomy/ws/Carla-autoware_interface/deps_ws/install/tier4_control_msgs/include/tier4_control_msgs/tier4_control_msgs/msg/rosidl_generator_c__visibility_control.h
[66.783s] -- Symlinking: /mnt/hdd/autonomy/ws/Carla-autoware_interface/deps_ws/install/tier4_control_msgs/include/tier4_control_msgs/tier4_control_msgs/srv/detail/external_command_select__functions.h
[66.840s] -- Symlinking: /mnt/hdd/autonomy/ws/Carla-autoware_interface/deps_ws/install/tier4_control_msgs/include/tier4_control_msgs/tier4_control_msgs/srv/detail/external_command_select__struct.h
[66.915s] -- Symlinking: /mnt/hdd/autonomy/ws/Carla-autoware_interface/deps_ws/install/tier4_control_msgs/include/tier4_control_msgs/tier4_control_msgs/srv/detail/external_command_select__type_support.h
[66.979s] -- Symlinking: /mnt/hdd/autonomy/ws/Carla-autoware_interface/deps_ws/install/tier4_control_msgs/include/tier4_control_msgs/tier4_control_msgs/srv/detail/set_pause__functions.h
[67.044s] -- Symlinking: /mnt/hdd/autonomy/ws/Carla-autoware_interface/deps_ws/install/tier4_control_msgs/include/tier4_control_msgs/tier4_control_msgs/srv/detail/set_pause__struct.h
[67.138s] -- Symlinking: /mnt/hdd/autonomy/ws/Carla-autoware_interface/deps_ws/install/tier4_control_msgs/include/tier4_control_msgs/tier4_control_msgs/srv/detail/set_pause__type_support.h
[67.180s] -- Symlinking: /mnt/hdd/autonomy/ws/Carla-autoware_interface/deps_ws/install/tier4_control_msgs/include/tier4_control_msgs/tier4_control_msgs/srv/detail/set_stop__functions.h
[67.292s] -- Symlinking: /mnt/hdd/autonomy/ws/Carla-autoware_interface/deps_ws/install/tier4_control_msgs/include/tier4_control_msgs/tier4_control_msgs/srv/detail/set_stop__struct.h
[67.352s] -- Symlinking: /mnt/hdd/autonomy/ws/Carla-autoware_interface/deps_ws/install/tier4_control_msgs/include/tier4_control_msgs/tier4_control_msgs/srv/detail/set_stop__type_support.h
[67.432s] -- Symlinking: /mnt/hdd/autonomy/ws/Carla-autoware_interface/deps_ws/install/tier4_control_msgs/include/tier4_control_msgs/tier4_control_msgs/srv/external_command_select.h
[67.511s] -- Symlinking: /mnt/hdd/autonomy/ws/Carla-autoware_interface/deps_ws/install/tier4_control_msgs/include/tier4_control_msgs/tier4_control_msgs/srv/set_pause.h
[67.576s] -- Symlinking: /mnt/hdd/autonomy/ws/Carla-autoware_interface/deps_ws/install/tier4_control_msgs/include/tier4_control_msgs/tier4_control_msgs/srv/set_stop.h
[67.657s] -- Symlinking: /mnt/hdd/autonomy/ws/Carla-autoware_interface/deps_ws/install/tier4_control_msgs/share/tier4_control_msgs/environment/library_path.sh
[67.699s] -- Symlinking: /mnt/hdd/autonomy/ws/Carla-autoware_interface/deps_ws/install/tier4_control_msgs/share/tier4_control_msgs/environment/library_path.dsv
[67.763s] -- Symlinking: /mnt/hdd/autonomy/ws/Carla-autoware_interface/deps_ws/install/tier4_control_msgs/include/tier4_control_msgs/tier4_control_msgs/msg/detail/external_command_selector_mode__rosidl_typesupport_fastrtps_c.h
[67.830s] -- Symlinking: /mnt/hdd/autonomy/ws/Carla-autoware_interface/deps_ws/install/tier4_control_msgs/include/tier4_control_msgs/tier4_control_msgs/msg/detail/gate_mode__rosidl_typesupport_fastrtps_c.h
[67.900s] -- Symlinking: /mnt/hdd/autonomy/ws/Carla-autoware_interface/deps_ws/install/tier4_control_msgs/include/tier4_control_msgs/tier4_control_msgs/msg/detail/is_paused__rosidl_typesupport_fastrtps_c.h
[67.990s] -- Symlinking: /mnt/hdd/autonomy/ws/Carla-autoware_interface/deps_ws/install/tier4_control_msgs/include/tier4_control_msgs/tier4_control_msgs/msg/detail/is_start_requested__rosidl_typesupport_fastrtps_c.h
[68.077s] -- Symlinking: /mnt/hdd/autonomy/ws/Carla-autoware_interface/deps_ws/install/tier4_control_msgs/include/tier4_control_msgs/tier4_control_msgs/msg/detail/is_stopped__rosidl_typesupport_fastrtps_c.h
[68.119s] -- Symlinking: /mnt/hdd/autonomy/ws/Carla-autoware_interface/deps_ws/install/tier4_control_msgs/include/tier4_control_msgs/tier4_control_msgs/msg/rosidl_typesupport_fastrtps_c__visibility_control.h
[68.202s] -- Symlinking: /mnt/hdd/autonomy/ws/Carla-autoware_interface/deps_ws/install/tier4_control_msgs/include/tier4_control_msgs/tier4_control_msgs/srv/detail/external_command_select__rosidl_typesupport_fastrtps_c.h
[68.261s] -- Symlinking: /mnt/hdd/autonomy/ws/Carla-autoware_interface/deps_ws/install/tier4_control_msgs/include/tier4_control_msgs/tier4_control_msgs/srv/detail/set_pause__rosidl_typesupport_fastrtps_c.h
[68.300s] -- Symlinking: /mnt/hdd/autonomy/ws/Carla-autoware_interface/deps_ws/install/tier4_control_msgs/include/tier4_control_msgs/tier4_control_msgs/srv/detail/set_stop__rosidl_typesupport_fastrtps_c.h
[68.370s] -- Symlinking: /mnt/hdd/autonomy/ws/Carla-autoware_interface/deps_ws/install/tier4_control_msgs/include/tier4_control_msgs/tier4_control_msgs/msg/detail/external_command_selector_mode__rosidl_typesupport_introspection_c.h
[68.435s] -- Symlinking: /mnt/hdd/autonomy/ws/Carla-autoware_interface/deps_ws/install/tier4_control_msgs/include/tier4_control_msgs/tier4_control_msgs/msg/detail/gate_mode__rosidl_typesupport_introspection_c.h
[68.496s] -- Symlinking: /mnt/hdd/autonomy/ws/Carla-autoware_interface/deps_ws/install/tier4_control_msgs/include/tier4_control_msgs/tier4_control_msgs/msg/detail/is_paused__rosidl_typesupport_introspection_c.h
[68.590s] -- Symlinking: /mnt/hdd/autonomy/ws/Carla-autoware_interface/deps_ws/install/tier4_control_msgs/include/tier4_control_msgs/tier4_control_msgs/msg/detail/is_start_requested__rosidl_typesupport_introspection_c.h
[68.652s] -- Symlinking: /mnt/hdd/autonomy/ws/Carla-autoware_interface/deps_ws/install/tier4_control_msgs/include/tier4_control_msgs/tier4_control_msgs/msg/detail/is_stopped__rosidl_typesupport_introspection_c.h
[68.751s] -- Symlinking: /mnt/hdd/autonomy/ws/Carla-autoware_interface/deps_ws/install/tier4_control_msgs/include/tier4_control_msgs/tier4_control_msgs/msg/rosidl_typesupport_introspection_c__visibility_control.h
[68.849s] -- Symlinking: /mnt/hdd/autonomy/ws/Carla-autoware_interface/deps_ws/install/tier4_control_msgs/include/tier4_control_msgs/tier4_control_msgs/srv/detail/external_command_select__rosidl_typesupport_introspection_c.h
[68.903s] -- Symlinking: /mnt/hdd/autonomy/ws/Carla-autoware_interface/deps_ws/install/tier4_control_msgs/include/tier4_control_msgs/tier4_control_msgs/srv/detail/set_pause__rosidl_typesupport_introspection_c.h
[68.943s] -- Symlinking: /mnt/hdd/autonomy/ws/Carla-autoware_interface/deps_ws/install/tier4_control_msgs/include/tier4_control_msgs/tier4_control_msgs/srv/detail/set_stop__rosidl_typesupport_introspection_c.h
[69.013s] -- Symlinking: /mnt/hdd/autonomy/ws/Carla-autoware_interface/deps_ws/install/tier4_control_msgs/include/tier4_control_msgs/tier4_control_msgs/msg/detail/external_command_selector_mode__builder.hpp
[69.068s] -- Symlinking: /mnt/hdd/autonomy/ws/Carla-autoware_interface/deps_ws/install/tier4_control_msgs/include/tier4_control_msgs/tier4_control_msgs/msg/detail/external_command_selector_mode__struct.hpp
[69.126s] -- Symlinking: /mnt/hdd/autonomy/ws/Carla-autoware_interface/deps_ws/install/tier4_control_msgs/include/tier4_control_msgs/tier4_control_msgs/msg/detail/external_command_selector_mode__traits.hpp
[69.215s] -- Symlinking: /mnt/hdd/autonomy/ws/Carla-autoware_interface/deps_ws/install/tier4_control_msgs/include/tier4_control_msgs/tier4_control_msgs/msg/detail/external_command_selector_mode__type_support.hpp
[69.256s] -- Symlinking: /mnt/hdd/autonomy/ws/Carla-autoware_interface/deps_ws/install/tier4_control_msgs/include/tier4_control_msgs/tier4_control_msgs/msg/detail/gate_mode__builder.hpp
[69.334s] -- Symlinking: /mnt/hdd/autonomy/ws/Carla-autoware_interface/deps_ws/install/tier4_control_msgs/include/tier4_control_msgs/tier4_control_msgs/msg/detail/gate_mode__struct.hpp
[69.408s] -- Symlinking: /mnt/hdd/autonomy/ws/Carla-autoware_interface/deps_ws/install/tier4_control_msgs/include/tier4_control_msgs/tier4_control_msgs/msg/detail/gate_mode__traits.hpp
[69.462s] -- Symlinking: /mnt/hdd/autonomy/ws/Carla-autoware_interface/deps_ws/install/tier4_control_msgs/include/tier4_control_msgs/tier4_control_msgs/msg/detail/gate_mode__type_support.hpp
[69.532s] -- Symlinking: /mnt/hdd/autonomy/ws/Carla-autoware_interface/deps_ws/install/tier4_control_msgs/include/tier4_control_msgs/tier4_control_msgs/msg/detail/is_paused__builder.hpp
[69.596s] -- Symlinking: /mnt/hdd/autonomy/ws/Carla-autoware_interface/deps_ws/install/tier4_control_msgs/include/tier4_control_msgs/tier4_control_msgs/msg/detail/is_paused__struct.hpp
[69.651s] -- Symlinking: /mnt/hdd/autonomy/ws/Carla-autoware_interface/deps_ws/install/tier4_control_msgs/include/tier4_control_msgs/tier4_control_msgs/msg/detail/is_paused__traits.hpp
[69.743s] -- Symlinking: /mnt/hdd/autonomy/ws/Carla-autoware_interface/deps_ws/install/tier4_control_msgs/include/tier4_control_msgs/tier4_control_msgs/msg/detail/is_paused__type_support.hpp
[69.809s] -- Symlinking: /mnt/hdd/autonomy/ws/Carla-autoware_interface/deps_ws/install/tier4_control_msgs/include/tier4_control_msgs/tier4_control_msgs/msg/detail/is_start_requested__builder.hpp
[69.888s] -- Symlinking: /mnt/hdd/autonomy/ws/Carla-autoware_interface/deps_ws/install/tier4_control_msgs/include/tier4_control_msgs/tier4_control_msgs/msg/detail/is_start_requested__struct.hpp
[69.954s] -- Symlinking: /mnt/hdd/autonomy/ws/Carla-autoware_interface/deps_ws/install/tier4_control_msgs/include/tier4_control_msgs/tier4_control_msgs/msg/detail/is_start_requested__traits.hpp
[69.997s] -- Symlinking: /mnt/hdd/autonomy/ws/Carla-autoware_interface/deps_ws/install/tier4_control_msgs/include/tier4_control_msgs/tier4_control_msgs/msg/detail/is_start_requested__type_support.hpp
[70.086s] -- Symlinking: /mnt/hdd/autonomy/ws/Carla-autoware_interface/deps_ws/install/tier4_control_msgs/include/tier4_control_msgs/tier4_control_msgs/msg/detail/is_stopped__builder.hpp
[70.131s] -- Symlinking: /mnt/hdd/autonomy/ws/Carla-autoware_interface/deps_ws/install/tier4_control_msgs/include/tier4_control_msgs/tier4_control_msgs/msg/detail/is_stopped__struct.hpp
[70.196s] -- Symlinking: /mnt/hdd/autonomy/ws/Carla-autoware_interface/deps_ws/install/tier4_control_msgs/include/tier4_control_msgs/tier4_control_msgs/msg/detail/is_stopped__traits.hpp
[70.247s] -- Symlinking: /mnt/hdd/autonomy/ws/Carla-autoware_interface/deps_ws/install/tier4_control_msgs/include/tier4_control_msgs/tier4_control_msgs/msg/detail/is_stopped__type_support.hpp
[70.318s] -- Symlinking: /mnt/hdd/autonomy/ws/Carla-autoware_interface/deps_ws/install/tier4_control_msgs/include/tier4_control_msgs/tier4_control_msgs/msg/external_command_selector_mode.hpp
[70.399s] -- Symlinking: /mnt/hdd/autonomy/ws/Carla-autoware_interface/deps_ws/install/tier4_control_msgs/include/tier4_control_msgs/tier4_control_msgs/msg/gate_mode.hpp
[70.465s] -- Symlinking: /mnt/hdd/autonomy/ws/Carla-autoware_interface/deps_ws/install/tier4_control_msgs/include/tier4_control_msgs/tier4_control_msgs/msg/is_paused.hpp
[70.561s] -- Symlinking: /mnt/hdd/autonomy/ws/Carla-autoware_interface/deps_ws/install/tier4_control_msgs/include/tier4_control_msgs/tier4_control_msgs/msg/is_start_requested.hpp
[70.678s] -- Symlinking: /mnt/hdd/autonomy/ws/Carla-autoware_interface/deps_ws/install/tier4_control_msgs/include/tier4_control_msgs/tier4_control_msgs/msg/is_stopped.hpp
[70.746s] -- Symlinking: /mnt/hdd/autonomy/ws/Carla-autoware_interface/deps_ws/install/tier4_control_msgs/include/tier4_control_msgs/tier4_control_msgs/msg/rosidl_generator_cpp__visibility_control.hpp
[70.810s] -- Symlinking: /mnt/hdd/autonomy/ws/Carla-autoware_interface/deps_ws/install/tier4_control_msgs/include/tier4_control_msgs/tier4_control_msgs/srv/detail/external_command_select__builder.hpp
[70.905s] -- Symlinking: /mnt/hdd/autonomy/ws/Carla-autoware_interface/deps_ws/install/tier4_control_msgs/include/tier4_control_msgs/tier4_control_msgs/srv/detail/external_command_select__struct.hpp
[70.950s] -- Symlinking: /mnt/hdd/autonomy/ws/Carla-autoware_interface/deps_ws/install/tier4_control_msgs/include/tier4_control_msgs/tier4_control_msgs/srv/detail/external_command_select__traits.hpp
[71.039s] -- Symlinking: /mnt/hdd/autonomy/ws/Carla-autoware_interface/deps_ws/install/tier4_control_msgs/include/tier4_control_msgs/tier4_control_msgs/srv/detail/external_command_select__type_support.hpp
[71.086s] -- Symlinking: /mnt/hdd/autonomy/ws/Carla-autoware_interface/deps_ws/install/tier4_control_msgs/include/tier4_control_msgs/tier4_control_msgs/srv/detail/set_pause__builder.hpp
[71.168s] -- Symlinking: /mnt/hdd/autonomy/ws/Carla-autoware_interface/deps_ws/install/tier4_control_msgs/include/tier4_control_msgs/tier4_control_msgs/srv/detail/set_pause__struct.hpp
[71.236s] -- Symlinking: /mnt/hdd/autonomy/ws/Carla-autoware_interface/deps_ws/install/tier4_control_msgs/include/tier4_control_msgs/tier4_control_msgs/srv/detail/set_pause__traits.hpp
[71.273s] -- Symlinking: /mnt/hdd/autonomy/ws/Carla-autoware_interface/deps_ws/install/tier4_control_msgs/include/tier4_control_msgs/tier4_control_msgs/srv/detail/set_pause__type_support.hpp
[71.365s] -- Symlinking: /mnt/hdd/autonomy/ws/Carla-autoware_interface/deps_ws/install/tier4_control_msgs/include/tier4_control_msgs/tier4_control_msgs/srv/detail/set_stop__builder.hpp
[71.430s] -- Symlinking: /mnt/hdd/autonomy/ws/Carla-autoware_interface/deps_ws/install/tier4_control_msgs/include/tier4_control_msgs/tier4_control_msgs/srv/detail/set_stop__struct.hpp
[71.497s] -- Symlinking: /mnt/hdd/autonomy/ws/Carla-autoware_interface/deps_ws/install/tier4_control_msgs/include/tier4_control_msgs/tier4_control_msgs/srv/detail/set_stop__traits.hpp
[71.588s] -- Symlinking: /mnt/hdd/autonomy/ws/Carla-autoware_interface/deps_ws/install/tier4_control_msgs/include/tier4_control_msgs/tier4_control_msgs/srv/detail/set_stop__type_support.hpp
[71.627s] -- Symlinking: /mnt/hdd/autonomy/ws/Carla-autoware_interface/deps_ws/install/tier4_control_msgs/include/tier4_control_msgs/tier4_control_msgs/srv/external_command_select.hpp
[71.710s] -- Symlinking: /mnt/hdd/autonomy/ws/Carla-autoware_interface/deps_ws/install/tier4_control_msgs/include/tier4_control_msgs/tier4_control_msgs/srv/set_pause.hpp
[71.763s] -- Symlinking: /mnt/hdd/autonomy/ws/Carla-autoware_interface/deps_ws/install/tier4_control_msgs/include/tier4_control_msgs/tier4_control_msgs/srv/set_stop.hpp
[71.846s] -- Symlinking: /mnt/hdd/autonomy/ws/Carla-autoware_interface/deps_ws/install/tier4_control_msgs/include/tier4_control_msgs/tier4_control_msgs/msg/detail/external_command_selector_mode__rosidl_typesupport_fastrtps_cpp.hpp
[71.916s] -- Symlinking: /mnt/hdd/autonomy/ws/Carla-autoware_interface/deps_ws/install/tier4_control_msgs/include/tier4_control_msgs/tier4_control_msgs/msg/detail/gate_mode__rosidl_typesupport_fastrtps_cpp.hpp
[71.982s] -- Symlinking: /mnt/hdd/autonomy/ws/Carla-autoware_interface/deps_ws/install/tier4_control_msgs/include/tier4_control_msgs/tier4_control_msgs/msg/detail/is_paused__rosidl_typesupport_fastrtps_cpp.hpp
[72.038s] -- Symlinking: /mnt/hdd/autonomy/ws/Carla-autoware_interface/deps_ws/install/tier4_control_msgs/include/tier4_control_msgs/tier4_control_msgs/msg/detail/is_start_requested__rosidl_typesupport_fastrtps_cpp.hpp
[72.114s] -- Symlinking: /mnt/hdd/autonomy/ws/Carla-autoware_interface/deps_ws/install/tier4_control_msgs/include/tier4_control_msgs/tier4_control_msgs/msg/detail/is_stopped__rosidl_typesupport_fastrtps_cpp.hpp
[72.170s] -- Symlinking: /mnt/hdd/autonomy/ws/Carla-autoware_interface/deps_ws/install/tier4_control_msgs/include/tier4_control_msgs/tier4_control_msgs/msg/rosidl_typesupport_fastrtps_cpp__visibility_control.h
[72.207s] -- Symlinking: /mnt/hdd/autonomy/ws/Carla-autoware_interface/deps_ws/install/tier4_control_msgs/include/tier4_control_msgs/tier4_control_msgs/srv/detail/external_command_select__rosidl_typesupport_fastrtps_cpp.hpp
[72.278s] -- Symlinking: /mnt/hdd/autonomy/ws/Carla-autoware_interface/deps_ws/install/tier4_control_msgs/include/tier4_control_msgs/tier4_control_msgs/srv/detail/set_pause__rosidl_typesupport_fastrtps_cpp.hpp
[72.354s] -- Symlinking: /mnt/hdd/autonomy/ws/Carla-autoware_interface/deps_ws/install/tier4_control_msgs/include/tier4_control_msgs/tier4_control_msgs/srv/detail/set_stop__rosidl_typesupport_fastrtps_cpp.hpp
[72.420s] -- Symlinking: /mnt/hdd/autonomy/ws/Carla-autoware_interface/deps_ws/install/tier4_control_msgs/include/tier4_control_msgs/tier4_control_msgs/msg/detail/external_command_selector_mode__rosidl_typesupport_introspection_cpp.hpp
[72.484s] -- Symlinking: /mnt/hdd/autonomy/ws/Carla-autoware_interface/deps_ws/install/tier4_control_msgs/include/tier4_control_msgs/tier4_control_msgs/msg/detail/gate_mode__rosidl_typesupport_introspection_cpp.hpp
[72.565s] -- Symlinking: /mnt/hdd/autonomy/ws/Carla-autoware_interface/deps_ws/install/tier4_control_msgs/include/tier4_control_msgs/tier4_control_msgs/msg/detail/is_paused__rosidl_typesupport_introspection_cpp.hpp
[72.621s] -- Symlinking: /mnt/hdd/autonomy/ws/Carla-autoware_interface/deps_ws/install/tier4_control_msgs/include/tier4_control_msgs/tier4_control_msgs/msg/detail/is_start_requested__rosidl_typesupport_introspection_cpp.hpp
[72.714s] -- Symlinking: /mnt/hdd/autonomy/ws/Carla-autoware_interface/deps_ws/install/tier4_control_msgs/include/tier4_control_msgs/tier4_control_msgs/msg/detail/is_stopped__rosidl_typesupport_introspection_cpp.hpp
[72.768s] -- Symlinking: /mnt/hdd/autonomy/ws/Carla-autoware_interface/deps_ws/install/tier4_control_msgs/include/tier4_control_msgs/tier4_control_msgs/srv/detail/external_command_select__rosidl_typesupport_introspection_cpp.hpp
[72.832s] -- Symlinking: /mnt/hdd/autonomy/ws/Carla-autoware_interface/deps_ws/install/tier4_control_msgs/include/tier4_control_msgs/tier4_control_msgs/srv/detail/set_pause__rosidl_typesupport_introspection_cpp.hpp
[72.895s] -- Symlinking: /mnt/hdd/autonomy/ws/Carla-autoware_interface/deps_ws/install/tier4_control_msgs/include/tier4_control_msgs/tier4_control_msgs/srv/detail/set_stop__rosidl_typesupport_introspection_cpp.hpp
[72.958s] -- Symlinking: /mnt/hdd/autonomy/ws/Carla-autoware_interface/deps_ws/install/tier4_control_msgs/share/tier4_control_msgs/environment/pythonpath.sh
[73.039s] -- Symlinking: /mnt/hdd/autonomy/ws/Carla-autoware_interface/deps_ws/install/tier4_control_msgs/share/tier4_control_msgs/environment/pythonpath.dsv
[73.111s] -- Symlinking: /mnt/hdd/autonomy/ws/Carla-autoware_interface/deps_ws/install/tier4_control_msgs/local/lib/python3.10/dist-packages/tier4_control_msgs-0.1.0-py3.10.egg-info/PKG-INFO
[73.198s] -- Symlinking: /mnt/hdd/autonomy/ws/Carla-autoware_interface/deps_ws/install/tier4_control_msgs/local/lib/python3.10/dist-packages/tier4_control_msgs-0.1.0-py3.10.egg-info/SOURCES.txt
[73.301s] -- Symlinking: /mnt/hdd/autonomy/ws/Carla-autoware_interface/deps_ws/install/tier4_control_msgs/local/lib/python3.10/dist-packages/tier4_control_msgs-0.1.0-py3.10.egg-info/dependency_links.txt
[73.340s] -- Symlinking: /mnt/hdd/autonomy/ws/Carla-autoware_interface/deps_ws/install/tier4_control_msgs/local/lib/python3.10/dist-packages/tier4_control_msgs-0.1.0-py3.10.egg-info/top_level.txt
[73.415s] -- Symlinking: /mnt/hdd/autonomy/ws/Carla-autoware_interface/deps_ws/install/tier4_control_msgs/local/lib/python3.10/dist-packages/tier4_control_msgs/__init__.py
[73.507s] -- Symlinking: /mnt/hdd/autonomy/ws/Carla-autoware_interface/deps_ws/install/tier4_control_msgs/local/lib/python3.10/dist-packages/tier4_control_msgs/_tier4_control_msgs_s.ep.rosidl_typesupport_c.c
[73.542s] -- Symlinking: /mnt/hdd/autonomy/ws/Carla-autoware_interface/deps_ws/install/tier4_control_msgs/local/lib/python3.10/dist-packages/tier4_control_msgs/_tier4_control_msgs_s.ep.rosidl_typesupport_fastrtps_c.c
[73.610s] -- Symlinking: /mnt/hdd/autonomy/ws/Carla-autoware_interface/deps_ws/install/tier4_control_msgs/local/lib/python3.10/dist-packages/tier4_control_msgs/_tier4_control_msgs_s.ep.rosidl_typesupport_introspection_c.c
[73.655s] -- Symlinking: /mnt/hdd/autonomy/ws/Carla-autoware_interface/deps_ws/install/tier4_control_msgs/local/lib/python3.10/dist-packages/tier4_control_msgs/libtier4_control_msgs__rosidl_generator_py.so
[73.721s] -- Symlinking: /mnt/hdd/autonomy/ws/Carla-autoware_interface/deps_ws/install/tier4_control_msgs/local/lib/python3.10/dist-packages/tier4_control_msgs/msg/__init__.py
[73.794s] -- Symlinking: /mnt/hdd/autonomy/ws/Carla-autoware_interface/deps_ws/install/tier4_control_msgs/local/lib/python3.10/dist-packages/tier4_control_msgs/msg/_external_command_selector_mode.py
[73.857s] -- Symlinking: /mnt/hdd/autonomy/ws/Carla-autoware_interface/deps_ws/install/tier4_control_msgs/local/lib/python3.10/dist-packages/tier4_control_msgs/msg/_external_command_selector_mode_s.c
[73.943s] -- Symlinking: /mnt/hdd/autonomy/ws/Carla-autoware_interface/deps_ws/install/tier4_control_msgs/local/lib/python3.10/dist-packages/tier4_control_msgs/msg/_gate_mode.py
[73.994s] -- Symlinking: /mnt/hdd/autonomy/ws/Carla-autoware_interface/deps_ws/install/tier4_control_msgs/local/lib/python3.10/dist-packages/tier4_control_msgs/msg/_gate_mode_s.c
[74.064s] -- Symlinking: /mnt/hdd/autonomy/ws/Carla-autoware_interface/deps_ws/install/tier4_control_msgs/local/lib/python3.10/dist-packages/tier4_control_msgs/msg/_is_paused.py
[74.133s] -- Symlinking: /mnt/hdd/autonomy/ws/Carla-autoware_interface/deps_ws/install/tier4_control_msgs/local/lib/python3.10/dist-packages/tier4_control_msgs/msg/_is_paused_s.c
[74.191s] -- Symlinking: /mnt/hdd/autonomy/ws/Carla-autoware_interface/deps_ws/install/tier4_control_msgs/local/lib/python3.10/dist-packages/tier4_control_msgs/msg/_is_start_requested.py
[74.278s] -- Symlinking: /mnt/hdd/autonomy/ws/Carla-autoware_interface/deps_ws/install/tier4_control_msgs/local/lib/python3.10/dist-packages/tier4_control_msgs/msg/_is_start_requested_s.c
[74.333s] -- Symlinking: /mnt/hdd/autonomy/ws/Carla-autoware_interface/deps_ws/install/tier4_control_msgs/local/lib/python3.10/dist-packages/tier4_control_msgs/msg/_is_stopped.py
[74.403s] -- Symlinking: /mnt/hdd/autonomy/ws/Carla-autoware_interface/deps_ws/install/tier4_control_msgs/local/lib/python3.10/dist-packages/tier4_control_msgs/msg/_is_stopped_s.c
[74.463s] -- Symlinking: /mnt/hdd/autonomy/ws/Carla-autoware_interface/deps_ws/install/tier4_control_msgs/local/lib/python3.10/dist-packages/tier4_control_msgs/srv/__init__.py
[74.542s] -- Symlinking: /mnt/hdd/autonomy/ws/Carla-autoware_interface/deps_ws/install/tier4_control_msgs/local/lib/python3.10/dist-packages/tier4_control_msgs/srv/_external_command_select.py
[74.596s] -- Symlinking: /mnt/hdd/autonomy/ws/Carla-autoware_interface/deps_ws/install/tier4_control_msgs/local/lib/python3.10/dist-packages/tier4_control_msgs/srv/_external_command_select_s.c
[74.647s] -- Symlinking: /mnt/hdd/autonomy/ws/Carla-autoware_interface/deps_ws/install/tier4_control_msgs/local/lib/python3.10/dist-packages/tier4_control_msgs/srv/_set_pause.py
[74.716s] -- Symlinking: /mnt/hdd/autonomy/ws/Carla-autoware_interface/deps_ws/install/tier4_control_msgs/local/lib/python3.10/dist-packages/tier4_control_msgs/srv/_set_pause_s.c
[74.753s] -- Symlinking: /mnt/hdd/autonomy/ws/Carla-autoware_interface/deps_ws/install/tier4_control_msgs/local/lib/python3.10/dist-packages/tier4_control_msgs/srv/_set_stop.py
[74.825s] -- Symlinking: /mnt/hdd/autonomy/ws/Carla-autoware_interface/deps_ws/install/tier4_control_msgs/local/lib/python3.10/dist-packages/tier4_control_msgs/srv/_set_stop_s.c
[74.910s] -- Symlinking: /mnt/hdd/autonomy/ws/Carla-autoware_interface/deps_ws/install/tier4_control_msgs/local/lib/python3.10/dist-packages/tier4_control_msgs/tier4_control_msgs_s__rosidl_typesupport_c.cpython-310-x86_64-linux-gnu.so
[74.952s] -- Symlinking: /mnt/hdd/autonomy/ws/Carla-autoware_interface/deps_ws/install/tier4_control_msgs/local/lib/python3.10/dist-packages/tier4_control_msgs/tier4_control_msgs_s__rosidl_typesupport_fastrtps_c.cpython-310-x86_64-linux-gnu.so
[75.070s] -- Symlinking: /mnt/hdd/autonomy/ws/Carla-autoware_interface/deps_ws/install/tier4_control_msgs/local/lib/python3.10/dist-packages/tier4_control_msgs/tier4_control_msgs_s__rosidl_typesupport_introspection_c.cpython-310-x86_64-linux-gnu.so
[75.122s] -- Up-to-date symlink: /mnt/hdd/autonomy/ws/Carla-autoware_interface/deps_ws/install/tier4_control_msgs/local/lib/python3.10/dist-packages/tier4_control_msgs/tier4_control_msgs_s__rosidl_typesupport_fastrtps_c.cpython-310-x86_64-linux-gnu.so
[75.122s] -- Up-to-date symlink: /mnt/hdd/autonomy/ws/Carla-autoware_interface/deps_ws/install/tier4_control_msgs/local/lib/python3.10/dist-packages/tier4_control_msgs/tier4_control_msgs_s__rosidl_typesupport_introspection_c.cpython-310-x86_64-linux-gnu.so
[75.123s] -- Up-to-date symlink: /mnt/hdd/autonomy/ws/Carla-autoware_interface/deps_ws/install/tier4_control_msgs/local/lib/python3.10/dist-packages/tier4_control_msgs/tier4_control_msgs_s__rosidl_typesupport_c.cpython-310-x86_64-linux-gnu.so
[75.123s] -- Symlinking: /mnt/hdd/autonomy/ws/Carla-autoware_interface/deps_ws/install/tier4_control_msgs/share/tier4_control_msgs/msg/GateMode.idl
[75.209s] -- Symlinking: /mnt/hdd/autonomy/ws/Carla-autoware_interface/deps_ws/install/tier4_control_msgs/share/tier4_control_msgs/msg/ExternalCommandSelectorMode.idl
[75.263s] -- Symlinking: /mnt/hdd/autonomy/ws/Carla-autoware_interface/deps_ws/install/tier4_control_msgs/share/tier4_control_msgs/srv/ExternalCommandSelect.idl
[75.335s] -- Symlinking: /mnt/hdd/autonomy/ws/Carla-autoware_interface/deps_ws/install/tier4_control_msgs/share/tier4_control_msgs/msg/IsStartRequested.idl
[75.419s] -- Symlinking: /mnt/hdd/autonomy/ws/Carla-autoware_interface/deps_ws/install/tier4_control_msgs/share/tier4_control_msgs/msg/IsPaused.idl
[75.504s] -- Symlinking: /mnt/hdd/autonomy/ws/Carla-autoware_interface/deps_ws/install/tier4_control_msgs/share/tier4_control_msgs/srv/SetPause.idl
[75.560s] -- Symlinking: /mnt/hdd/autonomy/ws/Carla-autoware_interface/deps_ws/install/tier4_control_msgs/share/tier4_control_msgs/msg/IsStopped.idl
[75.628s] -- Symlinking: /mnt/hdd/autonomy/ws/Carla-autoware_interface/deps_ws/install/tier4_control_msgs/share/tier4_control_msgs/srv/SetStop.idl
[75.674s] -- Symlinking: /mnt/hdd/autonomy/ws/Carla-autoware_interface/deps_ws/install/tier4_control_msgs/share/tier4_control_msgs/msg/GateMode.msg
[75.717s] -- Symlinking: /mnt/hdd/autonomy/ws/Carla-autoware_interface/deps_ws/install/tier4_control_msgs/share/tier4_control_msgs/msg/ExternalCommandSelectorMode.msg
[75.803s] -- Symlinking: /mnt/hdd/autonomy/ws/Carla-autoware_interface/deps_ws/install/tier4_control_msgs/share/tier4_control_msgs/srv/ExternalCommandSelect.srv
[75.876s] -- Symlinking: /mnt/hdd/autonomy/ws/Carla-autoware_interface/deps_ws/install/tier4_control_msgs/share/tier4_control_msgs/srv/ExternalCommandSelect_Request.msg
[75.922s] -- Symlinking: /mnt/hdd/autonomy/ws/Carla-autoware_interface/deps_ws/install/tier4_control_msgs/share/tier4_control_msgs/srv/ExternalCommandSelect_Response.msg
[76.022s] -- Symlinking: /mnt/hdd/autonomy/ws/Carla-autoware_interface/deps_ws/install/tier4_control_msgs/share/tier4_control_msgs/msg/IsStartRequested.msg
[76.075s] -- Symlinking: /mnt/hdd/autonomy/ws/Carla-autoware_interface/deps_ws/install/tier4_control_msgs/share/tier4_control_msgs/msg/IsPaused.msg
[76.129s] -- Symlinking: /mnt/hdd/autonomy/ws/Carla-autoware_interface/deps_ws/install/tier4_control_msgs/share/tier4_control_msgs/srv/SetPause.srv
[76.190s] -- Symlinking: /mnt/hdd/autonomy/ws/Carla-autoware_interface/deps_ws/install/tier4_control_msgs/share/tier4_control_msgs/srv/SetPause_Request.msg
[76.261s] -- Symlinking: /mnt/hdd/autonomy/ws/Carla-autoware_interface/deps_ws/install/tier4_control_msgs/share/tier4_control_msgs/srv/SetPause_Response.msg
[76.330s] -- Symlinking: /mnt/hdd/autonomy/ws/Carla-autoware_interface/deps_ws/install/tier4_control_msgs/share/tier4_control_msgs/msg/IsStopped.msg
[76.376s] -- Symlinking: /mnt/hdd/autonomy/ws/Carla-autoware_interface/deps_ws/install/tier4_control_msgs/share/tier4_control_msgs/srv/SetStop.srv
[76.457s] -- Symlinking: /mnt/hdd/autonomy/ws/Carla-autoware_interface/deps_ws/install/tier4_control_msgs/share/tier4_control_msgs/srv/SetStop_Request.msg
[76.511s] -- Symlinking: /mnt/hdd/autonomy/ws/Carla-autoware_interface/deps_ws/install/tier4_control_msgs/share/tier4_control_msgs/srv/SetStop_Response.msg
[76.571s] -- Symlinking: /mnt/hdd/autonomy/ws/Carla-autoware_interface/deps_ws/install/tier4_control_msgs/share/ament_index/resource_index/package_run_dependencies/tier4_control_msgs
[76.618s] -- Symlinking: /mnt/hdd/autonomy/ws/Carla-autoware_interface/deps_ws/install/tier4_control_msgs/share/ament_index/resource_index/parent_prefix_path/tier4_control_msgs
[76.657s] -- Symlinking: /mnt/hdd/autonomy/ws/Carla-autoware_interface/deps_ws/install/tier4_control_msgs/share/tier4_control_msgs/environment/ament_prefix_path.sh
[76.758s] -- Symlinking: /mnt/hdd/autonomy/ws/Carla-autoware_interface/deps_ws/install/tier4_control_msgs/share/tier4_control_msgs/environment/ament_prefix_path.dsv
[76.816s] -- Symlinking: /mnt/hdd/autonomy/ws/Carla-autoware_interface/deps_ws/install/tier4_control_msgs/share/tier4_control_msgs/environment/path.sh
[76.893s] -- Symlinking: /mnt/hdd/autonomy/ws/Carla-autoware_interface/deps_ws/install/tier4_control_msgs/share/tier4_control_msgs/environment/path.dsv
[76.950s] -- Symlinking: /mnt/hdd/autonomy/ws/Carla-autoware_interface/deps_ws/install/tier4_control_msgs/share/tier4_control_msgs/local_setup.bash
[77.022s] -- Symlinking: /mnt/hdd/autonomy/ws/Carla-autoware_interface/deps_ws/install/tier4_control_msgs/share/tier4_control_msgs/local_setup.sh
[77.075s] -- Symlinking: /mnt/hdd/autonomy/ws/Carla-autoware_interface/deps_ws/install/tier4_control_msgs/share/tier4_control_msgs/local_setup.zsh
[77.134s] -- Symlinking: /mnt/hdd/autonomy/ws/Carla-autoware_interface/deps_ws/install/tier4_control_msgs/share/tier4_control_msgs/local_setup.dsv
[77.240s] -- Symlinking: /mnt/hdd/autonomy/ws/Carla-autoware_interface/deps_ws/install/tier4_control_msgs/share/tier4_control_msgs/package.dsv
[77.298s] -- Symlinking: /mnt/hdd/autonomy/ws/Carla-autoware_interface/deps_ws/install/tier4_control_msgs/share/ament_index/resource_index/packages/tier4_control_msgs
[77.374s] -- Symlinking: /mnt/hdd/autonomy/ws/Carla-autoware_interface/deps_ws/install/tier4_control_msgs/share/tier4_control_msgs/cmake/rosidl_cmake-extras.cmake
[77.435s] -- Symlinking: /mnt/hdd/autonomy/ws/Carla-autoware_interface/deps_ws/install/tier4_control_msgs/share/tier4_control_msgs/cmake/ament_cmake_export_dependencies-extras.cmake
[77.521s] -- Symlinking: /mnt/hdd/autonomy/ws/Carla-autoware_interface/deps_ws/install/tier4_control_msgs/share/tier4_control_msgs/cmake/ament_cmake_export_include_directories-extras.cmake
[77.589s] -- Symlinking: /mnt/hdd/autonomy/ws/Carla-autoware_interface/deps_ws/install/tier4_control_msgs/share/tier4_control_msgs/cmake/ament_cmake_export_libraries-extras.cmake
[77.638s] -- Symlinking: /mnt/hdd/autonomy/ws/Carla-autoware_interface/deps_ws/install/tier4_control_msgs/share/tier4_control_msgs/cmake/ament_cmake_export_targets-extras.cmake
[77.728s] -- Symlinking: /mnt/hdd/autonomy/ws/Carla-autoware_interface/deps_ws/install/tier4_control_msgs/share/tier4_control_msgs/cmake/rosidl_cmake_export_typesupport_targets-extras.cmake
[77.776s] -- Symlinking: /mnt/hdd/autonomy/ws/Carla-autoware_interface/deps_ws/install/tier4_control_msgs/share/tier4_control_msgs/cmake/rosidl_cmake_export_typesupport_libraries-extras.cmake
[77.841s] -- Symlinking: /mnt/hdd/autonomy/ws/Carla-autoware_interface/deps_ws/install/tier4_control_msgs/share/tier4_control_msgs/cmake/tier4_control_msgsConfig.cmake
[77.883s] -- Symlinking: /mnt/hdd/autonomy/ws/Carla-autoware_interface/deps_ws/install/tier4_control_msgs/share/tier4_control_msgs/cmake/tier4_control_msgsConfig-version.cmake
[77.938s] -- Symlinking: /mnt/hdd/autonomy/ws/Carla-autoware_interface/deps_ws/install/tier4_control_msgs/share/tier4_control_msgs/package.xml
[78.003s] -- Installing: /mnt/hdd/autonomy/ws/Carla-autoware_interface/deps_ws/install/tier4_control_msgs/lib/libtier4_control_msgs__rosidl_generator_c.so
[78.003s] -- Set runtime path of "/mnt/hdd/autonomy/ws/Carla-autoware_interface/deps_ws/install/tier4_control_msgs/lib/libtier4_control_msgs__rosidl_generator_c.so" to ""
[78.004s] -- Installing: /mnt/hdd/autonomy/ws/Carla-autoware_interface/deps_ws/install/tier4_control_msgs/lib/libtier4_control_msgs__rosidl_typesupport_fastrtps_c.so
[78.004s] -- Set runtime path of "/mnt/hdd/autonomy/ws/Carla-autoware_interface/deps_ws/install/tier4_control_msgs/lib/libtier4_control_msgs__rosidl_typesupport_fastrtps_c.so" to ""
[78.004s] -- Installing: /mnt/hdd/autonomy/ws/Carla-autoware_interface/deps_ws/install/tier4_control_msgs/lib/libtier4_control_msgs__rosidl_typesupport_introspection_c.so
[78.004s] -- Set runtime path of "/mnt/hdd/autonomy/ws/Carla-autoware_interface/deps_ws/install/tier4_control_msgs/lib/libtier4_control_msgs__rosidl_typesupport_introspection_c.so" to ""
[78.004s] -- Installing: /mnt/hdd/autonomy/ws/Carla-autoware_interface/deps_ws/install/tier4_control_msgs/lib/libtier4_control_msgs__rosidl_typesupport_c.so
[78.004s] -- Set runtime path of "/mnt/hdd/autonomy/ws/Carla-autoware_interface/deps_ws/install/tier4_control_msgs/lib/libtier4_control_msgs__rosidl_typesupport_c.so" to ""
[78.004s] -- Installing: /mnt/hdd/autonomy/ws/Carla-autoware_interface/deps_ws/install/tier4_control_msgs/lib/libtier4_control_msgs__rosidl_typesupport_fastrtps_cpp.so
[78.004s] -- Set runtime path of "/mnt/hdd/autonomy/ws/Carla-autoware_interface/deps_ws/install/tier4_control_msgs/lib/libtier4_control_msgs__rosidl_typesupport_fastrtps_cpp.so" to ""
[78.004s] -- Installing: /mnt/hdd/autonomy/ws/Carla-autoware_interface/deps_ws/install/tier4_control_msgs/lib/libtier4_control_msgs__rosidl_typesupport_introspection_cpp.so
[78.004s] -- Set runtime path of "/mnt/hdd/autonomy/ws/Carla-autoware_interface/deps_ws/install/tier4_control_msgs/lib/libtier4_control_msgs__rosidl_typesupport_introspection_cpp.so" to ""
[78.004s] -- Installing: /mnt/hdd/autonomy/ws/Carla-autoware_interface/deps_ws/install/tier4_control_msgs/lib/libtier4_control_msgs__rosidl_typesupport_cpp.so
[78.004s] -- Set runtime path of "/mnt/hdd/autonomy/ws/Carla-autoware_interface/deps_ws/install/tier4_control_msgs/lib/libtier4_control_msgs__rosidl_typesupport_cpp.so" to ""
[78.079s] Listing '/mnt/hdd/autonomy/ws/Carla-autoware_interface/deps_ws/install/tier4_control_msgs/local/lib/python3.10/dist-packages/tier4_control_msgs'...
[78.079s] Compiling '/mnt/hdd/autonomy/ws/Carla-autoware_interface/deps_ws/install/tier4_control_msgs/local/lib/python3.10/dist-packages/tier4_control_msgs/__init__.py'...
[78.079s] Listing '/mnt/hdd/autonomy/ws/Carla-autoware_interface/deps_ws/install/tier4_control_msgs/local/lib/python3.10/dist-packages/tier4_control_msgs/msg'...
[78.079s] Compiling '/mnt/hdd/autonomy/ws/Carla-autoware_interface/deps_ws/install/tier4_control_msgs/local/lib/python3.10/dist-packages/tier4_control_msgs/msg/__init__.py'...
[78.079s] Compiling '/mnt/hdd/autonomy/ws/Carla-autoware_interface/deps_ws/install/tier4_control_msgs/local/lib/python3.10/dist-packages/tier4_control_msgs/msg/_external_command_selector_mode.py'...
[78.079s] Compiling '/mnt/hdd/autonomy/ws/Carla-autoware_interface/deps_ws/install/tier4_control_msgs/local/lib/python3.10/dist-packages/tier4_control_msgs/msg/_gate_mode.py'...
[78.080s] Compiling '/mnt/hdd/autonomy/ws/Carla-autoware_interface/deps_ws/install/tier4_control_msgs/local/lib/python3.10/dist-packages/tier4_control_msgs/msg/_is_paused.py'...
[78.081s] Compiling '/mnt/hdd/autonomy/ws/Carla-autoware_interface/deps_ws/install/tier4_control_msgs/local/lib/python3.10/dist-packages/tier4_control_msgs/msg/_is_start_requested.py'...
[78.081s] Compiling '/mnt/hdd/autonomy/ws/Carla-autoware_interface/deps_ws/install/tier4_control_msgs/local/lib/python3.10/dist-packages/tier4_control_msgs/msg/_is_stopped.py'...
[78.081s] Listing '/mnt/hdd/autonomy/ws/Carla-autoware_interface/deps_ws/install/tier4_control_msgs/local/lib/python3.10/dist-packages/tier4_control_msgs/srv'...
[78.081s] Compiling '/mnt/hdd/autonomy/ws/Carla-autoware_interface/deps_ws/install/tier4_control_msgs/local/lib/python3.10/dist-packages/tier4_control_msgs/srv/__init__.py'...
[78.081s] Compiling '/mnt/hdd/autonomy/ws/Carla-autoware_interface/deps_ws/install/tier4_control_msgs/local/lib/python3.10/dist-packages/tier4_control_msgs/srv/_external_command_select.py'...
[78.081s] Compiling '/mnt/hdd/autonomy/ws/Carla-autoware_interface/deps_ws/install/tier4_control_msgs/local/lib/python3.10/dist-packages/tier4_control_msgs/srv/_set_pause.py'...
[78.081s] Compiling '/mnt/hdd/autonomy/ws/Carla-autoware_interface/deps_ws/install/tier4_control_msgs/local/lib/python3.10/dist-packages/tier4_control_msgs/srv/_set_stop.py'...
[78.100s] -- Installing: /mnt/hdd/autonomy/ws/Carla-autoware_interface/deps_ws/install/tier4_control_msgs/lib/libtier4_control_msgs__rosidl_generator_py.so
[78.101s] -- Set runtime path of "/mnt/hdd/autonomy/ws/Carla-autoware_interface/deps_ws/install/tier4_control_msgs/lib/libtier4_control_msgs__rosidl_generator_py.so" to ""
[78.101s] -- Installing: /mnt/hdd/autonomy/ws/Carla-autoware_interface/deps_ws/install/tier4_control_msgs/share/tier4_control_msgs/cmake/export_tier4_control_msgs__rosidl_generator_cExport.cmake
[78.101s] -- Installing: /mnt/hdd/autonomy/ws/Carla-autoware_interface/deps_ws/install/tier4_control_msgs/share/tier4_control_msgs/cmake/export_tier4_control_msgs__rosidl_generator_cExport-noconfig.cmake
[78.101s] -- Installing: /mnt/hdd/autonomy/ws/Carla-autoware_interface/deps_ws/install/tier4_control_msgs/share/tier4_control_msgs/cmake/export_tier4_control_msgs__rosidl_typesupport_fastrtps_cExport.cmake
[78.101s] -- Installing: /mnt/hdd/autonomy/ws/Carla-autoware_interface/deps_ws/install/tier4_control_msgs/share/tier4_control_msgs/cmake/export_tier4_control_msgs__rosidl_typesupport_fastrtps_cExport-noconfig.cmake
[78.101s] -- Installing: /mnt/hdd/autonomy/ws/Carla-autoware_interface/deps_ws/install/tier4_control_msgs/share/tier4_control_msgs/cmake/tier4_control_msgs__rosidl_typesupport_introspection_cExport.cmake
[78.101s] -- Installing: /mnt/hdd/autonomy/ws/Carla-autoware_interface/deps_ws/install/tier4_control_msgs/share/tier4_control_msgs/cmake/tier4_control_msgs__rosidl_typesupport_introspection_cExport-noconfig.cmake
[78.101s] -- Installing: /mnt/hdd/autonomy/ws/Carla-autoware_interface/deps_ws/install/tier4_control_msgs/share/tier4_control_msgs/cmake/tier4_control_msgs__rosidl_typesupport_cExport.cmake
[78.101s] -- Installing: /mnt/hdd/autonomy/ws/Carla-autoware_interface/deps_ws/install/tier4_control_msgs/share/tier4_control_msgs/cmake/tier4_control_msgs__rosidl_typesupport_cExport-noconfig.cmake
[78.102s] -- Installing: /mnt/hdd/autonomy/ws/Carla-autoware_interface/deps_ws/install/tier4_control_msgs/share/tier4_control_msgs/cmake/export_tier4_control_msgs__rosidl_generator_cppExport.cmake
[78.102s] -- Installing: /mnt/hdd/autonomy/ws/Carla-autoware_interface/deps_ws/install/tier4_control_msgs/share/tier4_control_msgs/cmake/export_tier4_control_msgs__rosidl_typesupport_fastrtps_cppExport.cmake
[78.102s] -- Installing: /mnt/hdd/autonomy/ws/Carla-autoware_interface/deps_ws/install/tier4_control_msgs/share/tier4_control_msgs/cmake/export_tier4_control_msgs__rosidl_typesupport_fastrtps_cppExport-noconfig.cmake
[78.102s] -- Installing: /mnt/hdd/autonomy/ws/Carla-autoware_interface/deps_ws/install/tier4_control_msgs/share/tier4_control_msgs/cmake/tier4_control_msgs__rosidl_typesupport_introspection_cppExport.cmake
[78.102s] -- Installing: /mnt/hdd/autonomy/ws/Carla-autoware_interface/deps_ws/install/tier4_control_msgs/share/tier4_control_msgs/cmake/tier4_control_msgs__rosidl_typesupport_introspection_cppExport-noconfig.cmake
[78.102s] -- Installing: /mnt/hdd/autonomy/ws/Carla-autoware_interface/deps_ws/install/tier4_control_msgs/share/tier4_control_msgs/cmake/tier4_control_msgs__rosidl_typesupport_cppExport.cmake
[78.102s] -- Installing: /mnt/hdd/autonomy/ws/Carla-autoware_interface/deps_ws/install/tier4_control_msgs/share/tier4_control_msgs/cmake/tier4_control_msgs__rosidl_typesupport_cppExport-noconfig.cmake
[78.102s] -- Installing: /mnt/hdd/autonomy/ws/Carla-autoware_interface/deps_ws/install/tier4_control_msgs/share/tier4_control_msgs/cmake/export_tier4_control_msgs__rosidl_generator_pyExport.cmake
[78.102s] -- Installing: /mnt/hdd/autonomy/ws/Carla-autoware_interface/deps_ws/install/tier4_control_msgs/share/tier4_control_msgs/cmake/export_tier4_control_msgs__rosidl_generator_pyExport-noconfig.cmake
[78.156s] Invoked command in '/mnt/hdd/autonomy/ws/Carla-autoware_interface/deps_ws/build/tier4_control_msgs' returned '0': AMENT_PREFIX_PATH=/mnt/hdd/autonomy/ws/Carla-autoware_interface/deps_ws/install/autoware_common_msgs:${AMENT_PREFIX_PATH} CMAKE_PREFIX_PATH=/mnt/hdd/autonomy/ws/Carla-autoware_interface/deps_ws/install/autoware_common_msgs:/mnt/hdd/autonomy/ws/Carla-autoware_interface/msg_ws/install/autoware_auto_msgs:/mnt/hdd/autonomy/ws/Carla-autoware_interface/msg_ws/install/autoware_auto_vehicle_msgs:/mnt/hdd/autonomy/ws/Carla-autoware_interface/msg_ws/install/autoware_auto_system_msgs:/mnt/hdd/autonomy/ws/Carla-autoware_interface/msg_ws/install/autoware_auto_planning_msgs:/mnt/hdd/autonomy/ws/Carla-autoware_interface/msg_ws/install/autoware_auto_perception_msgs:/mnt/hdd/autonomy/ws/Carla-autoware_interface/msg_ws/install/autoware_auto_mapping_msgs:/mnt/hdd/autonomy/ws/Carla-autoware_interface/msg_ws/install/autoware_auto_geometry_msgs:/mnt/hdd/autonomy/ws/Carla-autoware_interface/msg_ws/install/autoware_auto_control_msgs:/opt/ros/humble LD_LIBRARY_PATH=/mnt/hdd/autonomy/ws/Carla-autoware_interface/deps_ws/install/autoware_common_msgs/lib:${LD_LIBRARY_PATH} PYTHONPATH=/mnt/hdd/autonomy/ws/Carla-autoware_interface/deps_ws/install/autoware_common_msgs/local/lib/python3.10/dist-packages:${PYTHONPATH} /usr/bin/cmake --install /mnt/hdd/autonomy/ws/Carla-autoware_interface/deps_ws/build/tier4_control_msgs
